[0.020s] Invoking command in '/home/parallels/arduinobot_ws/build/arduinobot_bringup': CMAKE_PREFIX_PATH=${CMAKE_PREFIX_PATH}:/home/parallels/ros2_ws/install/opencv_tests:/home/parallels/ros2_ws/install/my_robot_controller:/opt/ros/humble /usr/bin/cmake /home/parallels/arduinobot_ws/src/arduinobot_bringup -DCMAKE_INSTALL_PREFIX=/home/parallels/arduinobot_ws/install/arduinobot_bringup
[0.070s] -- The C compiler identification is GNU 11.4.0
[0.127s] -- The CXX compiler identification is GNU 11.4.0
[0.132s] -- Detecting C compiler ABI info
[0.190s] -- Detecting C compiler ABI info - done
[0.196s] -- Check for working C compiler: /usr/bin/cc - skipped
[0.196s] -- Detecting C compile features
[0.197s] -- Detecting C compile features - done
[0.199s] -- Detecting CXX compiler ABI info
[0.251s] -- Detecting CXX compiler ABI info - done
[0.258s] -- Check for working CXX compiler: /usr/bin/c++ - skipped
[0.258s] -- Detecting CXX compile features
[0.259s] -- Detecting CXX compile features - done
[0.261s] -- Found ament_cmake: 1.3.10 (/opt/ros/humble/share/ament_cmake/cmake)
[0.374s] -- Found Python3: /usr/bin/python3 (found version "3.10.12") found components: Interpreter 
[0.447s] -- Found ament_lint_auto: 0.12.11 (/opt/ros/humble/share/ament_lint_auto/cmake)
[0.507s] -- Added test 'lint_cmake' to check CMake code style
[0.507s] -- Added test 'xmllint' to check XML markup files
[0.508s] -- Configuring done
[0.510s] -- Generating done
[0.511s] -- Build files have been written to: /home/parallels/arduinobot_ws/build/arduinobot_bringup
[0.693s] Invoked command in '/home/parallels/arduinobot_ws/build/arduinobot_bringup' returned '0': CMAKE_PREFIX_PATH=${CMAKE_PREFIX_PATH}:/home/parallels/ros2_ws/install/opencv_tests:/home/parallels/ros2_ws/install/my_robot_controller:/opt/ros/humble /usr/bin/cmake /home/parallels/arduinobot_ws/src/arduinobot_bringup -DCMAKE_INSTALL_PREFIX=/home/parallels/arduinobot_ws/install/arduinobot_bringup
[0.693s] Invoking command in '/home/parallels/arduinobot_ws/build/arduinobot_bringup': CMAKE_PREFIX_PATH=${CMAKE_PREFIX_PATH}:/home/parallels/ros2_ws/install/opencv_tests:/home/parallels/ros2_ws/install/my_robot_controller:/opt/ros/humble /usr/bin/cmake --build /home/parallels/arduinobot_ws/build/arduinobot_bringup -- -j6 -l6
[0.714s] Invoked command in '/home/parallels/arduinobot_ws/build/arduinobot_bringup' returned '0': CMAKE_PREFIX_PATH=${CMAKE_PREFIX_PATH}:/home/parallels/ros2_ws/install/opencv_tests:/home/parallels/ros2_ws/install/my_robot_controller:/opt/ros/humble /usr/bin/cmake --build /home/parallels/arduinobot_ws/build/arduinobot_bringup -- -j6 -l6
[0.730s] Invoking command in '/home/parallels/arduinobot_ws/build/arduinobot_bringup': CMAKE_PREFIX_PATH=${CMAKE_PREFIX_PATH}:/home/parallels/ros2_ws/install/opencv_tests:/home/parallels/ros2_ws/install/my_robot_controller:/opt/ros/humble /usr/bin/cmake --install /home/parallels/arduinobot_ws/build/arduinobot_bringup
[0.738s] -- Install configuration: ""
[0.738s] -- Installing: /home/parallels/arduinobot_ws/install/arduinobot_bringup/share/ament_index/resource_index/package_run_dependencies/arduinobot_bringup
[0.738s] -- Installing: /home/parallels/arduinobot_ws/install/arduinobot_bringup/share/ament_index/resource_index/parent_prefix_path/arduinobot_bringup
[0.739s] -- Installing: /home/parallels/arduinobot_ws/install/arduinobot_bringup/share/arduinobot_bringup/environment/ament_prefix_path.sh
[0.739s] -- Installing: /home/parallels/arduinobot_ws/install/arduinobot_bringup/share/arduinobot_bringup/environment/ament_prefix_path.dsv
[0.739s] -- Installing: /home/parallels/arduinobot_ws/install/arduinobot_bringup/share/arduinobot_bringup/environment/path.sh
[0.739s] -- Installing: /home/parallels/arduinobot_ws/install/arduinobot_bringup/share/arduinobot_bringup/environment/path.dsv
[0.739s] -- Installing: /home/parallels/arduinobot_ws/install/arduinobot_bringup/share/arduinobot_bringup/local_setup.bash
[0.739s] -- Installing: /home/parallels/arduinobot_ws/install/arduinobot_bringup/share/arduinobot_bringup/local_setup.sh
[0.739s] -- Installing: /home/parallels/arduinobot_ws/install/arduinobot_bringup/share/arduinobot_bringup/local_setup.zsh
[0.739s] -- Installing: /home/parallels/arduinobot_ws/install/arduinobot_bringup/share/arduinobot_bringup/local_setup.dsv
[0.739s] -- Installing: /home/parallels/arduinobot_ws/install/arduinobot_bringup/share/arduinobot_bringup/package.dsv
[0.739s] -- Installing: /home/parallels/arduinobot_ws/install/arduinobot_bringup/share/ament_index/resource_index/packages/arduinobot_bringup
[0.739s] -- Installing: /home/parallels/arduinobot_ws/install/arduinobot_bringup/share/arduinobot_bringup/cmake/arduinobot_bringupConfig.cmake
[0.739s] -- Installing: /home/parallels/arduinobot_ws/install/arduinobot_bringup/share/arduinobot_bringup/cmake/arduinobot_bringupConfig-version.cmake
[0.739s] -- Installing: /home/parallels/arduinobot_ws/install/arduinobot_bringup/share/arduinobot_bringup/package.xml
[0.743s] Invoked command in '/home/parallels/arduinobot_ws/build/arduinobot_bringup' returned '0': CMAKE_PREFIX_PATH=${CMAKE_PREFIX_PATH}:/home/parallels/ros2_ws/install/opencv_tests:/home/parallels/ros2_ws/install/my_robot_controller:/opt/ros/humble /usr/bin/cmake --install /home/parallels/arduinobot_ws/build/arduinobot_bringup
