[0.812s] Invoking command in '/home/parallels/arduinobot_ws/build/arduinobot_py_examples': PYTHONPATH=/home/parallels/arduinobot_ws/build/arduinobot_py_examples/prefix_override:/usr/lib/python3/dist-packages/colcon_core/task/python/colcon_distutils_commands:/home/parallels/arduinobot_ws/install/arduinobot_py_examples/lib/python3.10/site-packages:${PYTHONPATH} /usr/bin/python3 -W ignore:setup.py install is deprecated setup.py develop --editable --build-directory /home/parallels/arduinobot_ws/build/arduinobot_py_examples/build --no-deps symlink_data --force
[1.011s] running develop
[1.011s] /usr/lib/python3/dist-packages/setuptools/command/easy_install.py:158: EasyInstallDeprecationWarning: easy_install command is deprecated. Use build and pip and other standards-based tools.
[1.012s]   warnings.warn(
[1.139s] running egg_info
[1.139s] writing arduinobot_py_examples.egg-info/PKG-INFO
[1.140s] writing dependency_links to arduinobot_py_examples.egg-info/dependency_links.txt
[1.140s] writing entry points to arduinobot_py_examples.egg-info/entry_points.txt
[1.141s] writing requirements to arduinobot_py_examples.egg-info/requires.txt
[1.141s] writing top-level names to arduinobot_py_examples.egg-info/top_level.txt
[1.141s] reading manifest file 'arduinobot_py_examples.egg-info/SOURCES.txt'
[1.142s] writing manifest file 'arduinobot_py_examples.egg-info/SOURCES.txt'
[1.142s] running build_ext
[1.144s] Creating /home/parallels/arduinobot_ws/install/arduinobot_py_examples/lib/python3.10/site-packages/arduinobot-py-examples.egg-link (link to .)
[1.144s] Installing simple_parameter script to /home/parallels/arduinobot_ws/install/arduinobot_py_examples/lib/arduinobot_py_examples
[1.144s] Installing simple_publisher script to /home/parallels/arduinobot_ws/install/arduinobot_py_examples/lib/arduinobot_py_examples
[1.144s] Installing simple_subscriber script to /home/parallels/arduinobot_ws/install/arduinobot_py_examples/lib/arduinobot_py_examples
[1.144s] 
[1.144s] Installed /home/parallels/arduinobot_ws/build/arduinobot_py_examples
[1.144s] running symlink_data
[1.144s] symbolically linking /home/parallels/arduinobot_ws/build/arduinobot_py_examples/resource/arduinobot_py_examples -> /home/parallels/arduinobot_ws/install/arduinobot_py_examples/share/ament_index/resource_index/packages
[1.144s] symbolically linking /home/parallels/arduinobot_ws/build/arduinobot_py_examples/package.xml -> /home/parallels/arduinobot_ws/install/arduinobot_py_examples/share/arduinobot_py_examples
[1.164s] Invoked command in '/home/parallels/arduinobot_ws/build/arduinobot_py_examples' returned '0': PYTHONPATH=/home/parallels/arduinobot_ws/build/arduinobot_py_examples/prefix_override:/usr/lib/python3/dist-packages/colcon_core/task/python/colcon_distutils_commands:/home/parallels/arduinobot_ws/install/arduinobot_py_examples/lib/python3.10/site-packages:${PYTHONPATH} /usr/bin/python3 -W ignore:setup.py install is deprecated setup.py develop --editable --build-directory /home/parallels/arduinobot_ws/build/arduinobot_py_examples/build --no-deps symlink_data --force
