[0.017s] Invoking command in '/home/parallels/arduinobot_ws/build/arduinobot_description': CMAKE_PREFIX_PATH=${CMAKE_PREFIX_PATH}:/home/parallels/ros2_ws/install/opencv_tests:/home/parallels/ros2_ws/install/my_robot_controller:/opt/ros/humble /usr/bin/cmake --build /home/parallels/arduinobot_ws/build/arduinobot_description -- -j6 -l6
[0.045s] -- Found ament_cmake: 1.3.10 (/opt/ros/humble/share/ament_cmake/cmake)
[0.145s] -- Override CMake install command with custom implementation using symlinks instead of copying resources
[0.157s] -- Found urdf: 2.6.0 (/opt/ros/humble/share/urdf/cmake)
[0.202s] -- Found ament_lint_auto: 0.12.11 (/opt/ros/humble/share/ament_lint_auto/cmake)
[0.259s] -- Added test 'flake8' to check Python code syntax and style conventions
[0.260s] -- Added test 'lint_cmake' to check CMake code style
[0.261s] -- Added test 'pep257' to check Python code against some of the docstring style conventions in PEP 257
[0.263s] -- Added test 'xmllint' to check XML markup files
[0.264s] -- Configuring done
[0.268s] -- Generating done
[0.268s] -- Build files have been written to: /home/parallels/arduinobot_ws/build/arduinobot_description
[0.303s] Invoked command in '/home/parallels/arduinobot_ws/build/arduinobot_description' returned '0': CMAKE_PREFIX_PATH=${CMAKE_PREFIX_PATH}:/home/parallels/ros2_ws/install/opencv_tests:/home/parallels/ros2_ws/install/my_robot_controller:/opt/ros/humble /usr/bin/cmake --build /home/parallels/arduinobot_ws/build/arduinobot_description -- -j6 -l6
[0.315s] Invoking command in '/home/parallels/arduinobot_ws/build/arduinobot_description': CMAKE_PREFIX_PATH=${CMAKE_PREFIX_PATH}:/home/parallels/ros2_ws/install/opencv_tests:/home/parallels/ros2_ws/install/my_robot_controller:/opt/ros/humble /usr/bin/cmake --install /home/parallels/arduinobot_ws/build/arduinobot_description
[0.318s] -- Install configuration: ""
[0.319s] -- Execute custom install script
[0.319s] -- Up-to-date symlink: /home/parallels/arduinobot_ws/install/arduinobot_description/share/arduinobot_description/meshes/base_plate.STL
[0.319s] -- Up-to-date symlink: /home/parallels/arduinobot_ws/install/arduinobot_description/share/arduinobot_description/meshes/basement.STL
[0.319s] -- Up-to-date symlink: /home/parallels/arduinobot_ws/install/arduinobot_description/share/arduinobot_description/meshes/claw_support.STL
[0.319s] -- Up-to-date symlink: /home/parallels/arduinobot_ws/install/arduinobot_description/share/arduinobot_description/meshes/forward_drive_arm.STL
[0.319s] -- Up-to-date symlink: /home/parallels/arduinobot_ws/install/arduinobot_description/share/arduinobot_description/meshes/horizontal_arm.STL
[0.320s] -- Up-to-date symlink: /home/parallels/arduinobot_ws/install/arduinobot_description/share/arduinobot_description/meshes/left_finger.STL
[0.320s] -- Up-to-date symlink: /home/parallels/arduinobot_ws/install/arduinobot_description/share/arduinobot_description/meshes/link.STL
[0.320s] -- Up-to-date symlink: /home/parallels/arduinobot_ws/install/arduinobot_description/share/arduinobot_description/meshes/pi_camera.STL
[0.320s] -- Up-to-date symlink: /home/parallels/arduinobot_ws/install/arduinobot_description/share/arduinobot_description/meshes/plate.STL
[0.320s] -- Up-to-date symlink: /home/parallels/arduinobot_ws/install/arduinobot_description/share/arduinobot_description/meshes/right_finger.STL
[0.320s] -- Up-to-date symlink: /home/parallels/arduinobot_ws/install/arduinobot_description/share/arduinobot_description/meshes/round_plate.STL
[0.320s] -- Up-to-date symlink: /home/parallels/arduinobot_ws/install/arduinobot_description/share/arduinobot_description/meshes/servo_plate.STL
[0.320s] -- Up-to-date symlink: /home/parallels/arduinobot_ws/install/arduinobot_description/share/arduinobot_description/meshes/triangular_link.STL
[0.320s] -- Up-to-date symlink: /home/parallels/arduinobot_ws/install/arduinobot_description/share/arduinobot_description/meshes/vertical_drive_arm.STL
[0.321s] -- Up-to-date symlink: /home/parallels/arduinobot_ws/install/arduinobot_description/share/arduinobot_description/models/ground_plane/model-1_2.sdf
[0.321s] -- Up-to-date symlink: /home/parallels/arduinobot_ws/install/arduinobot_description/share/arduinobot_description/models/ground_plane/model-1_3.sdf
[0.321s] -- Up-to-date symlink: /home/parallels/arduinobot_ws/install/arduinobot_description/share/arduinobot_description/models/ground_plane/model-1_4.sdf
[0.321s] -- Up-to-date symlink: /home/parallels/arduinobot_ws/install/arduinobot_description/share/arduinobot_description/models/ground_plane/model.config
[0.321s] -- Up-to-date symlink: /home/parallels/arduinobot_ws/install/arduinobot_description/share/arduinobot_description/models/ground_plane/model.sdf
[0.321s] -- Up-to-date symlink: /home/parallels/arduinobot_ws/install/arduinobot_description/share/arduinobot_description/models/sun/model-1_2.sdf
[0.321s] -- Up-to-date symlink: /home/parallels/arduinobot_ws/install/arduinobot_description/share/arduinobot_description/models/sun/model-1_3.sdf
[0.321s] -- Up-to-date symlink: /home/parallels/arduinobot_ws/install/arduinobot_description/share/arduinobot_description/models/sun/model-1_4.sdf
[0.321s] -- Up-to-date symlink: /home/parallels/arduinobot_ws/install/arduinobot_description/share/arduinobot_description/models/sun/model.config
[0.321s] -- Up-to-date symlink: /home/parallels/arduinobot_ws/install/arduinobot_description/share/arduinobot_description/models/sun/model.sdf
[0.321s] -- Up-to-date symlink: /home/parallels/arduinobot_ws/install/arduinobot_description/share/arduinobot_description/urdf/arduinobot.urdf.xacro
[0.321s] -- Up-to-date symlink: /home/parallels/arduinobot_ws/install/arduinobot_description/share/arduinobot_description/urdf/arduinobot_gazebo.xacro
[0.322s] -- Up-to-date symlink: /home/parallels/arduinobot_ws/install/arduinobot_description/share/arduinobot_description/urdf/arduinobot_ros2_control.xacro
[0.322s] -- Up-to-date symlink: /home/parallels/arduinobot_ws/install/arduinobot_description/share/arduinobot_description/launch/display.launch.py
[0.322s] -- Up-to-date symlink: /home/parallels/arduinobot_ws/install/arduinobot_description/share/arduinobot_description/launch/gazebo.launch.py
[0.322s] -- Up-to-date symlink: /home/parallels/arduinobot_ws/install/arduinobot_description/share/arduinobot_description/rviz/display.rviz
[0.322s] -- Up-to-date symlink: /home/parallels/arduinobot_ws/install/arduinobot_description/share/ament_index/resource_index/package_run_dependencies/arduinobot_description
[0.322s] -- Up-to-date symlink: /home/parallels/arduinobot_ws/install/arduinobot_description/share/ament_index/resource_index/parent_prefix_path/arduinobot_description
[0.322s] -- Up-to-date symlink: /home/parallels/arduinobot_ws/install/arduinobot_description/share/arduinobot_description/environment/ament_prefix_path.sh
[0.322s] -- Up-to-date symlink: /home/parallels/arduinobot_ws/install/arduinobot_description/share/arduinobot_description/environment/ament_prefix_path.dsv
[0.322s] -- Up-to-date symlink: /home/parallels/arduinobot_ws/install/arduinobot_description/share/arduinobot_description/environment/path.sh
[0.323s] -- Up-to-date symlink: /home/parallels/arduinobot_ws/install/arduinobot_description/share/arduinobot_description/environment/path.dsv
[0.323s] -- Up-to-date symlink: /home/parallels/arduinobot_ws/install/arduinobot_description/share/arduinobot_description/local_setup.bash
[0.323s] -- Up-to-date symlink: /home/parallels/arduinobot_ws/install/arduinobot_description/share/arduinobot_description/local_setup.sh
[0.323s] -- Up-to-date symlink: /home/parallels/arduinobot_ws/install/arduinobot_description/share/arduinobot_description/local_setup.zsh
[0.323s] -- Up-to-date symlink: /home/parallels/arduinobot_ws/install/arduinobot_description/share/arduinobot_description/local_setup.dsv
[0.323s] -- Symlinking: /home/parallels/arduinobot_ws/install/arduinobot_description/share/arduinobot_description/package.dsv
[0.329s] -- Up-to-date symlink: /home/parallels/arduinobot_ws/install/arduinobot_description/share/ament_index/resource_index/packages/arduinobot_description
[0.329s] -- Up-to-date symlink: /home/parallels/arduinobot_ws/install/arduinobot_description/share/arduinobot_description/cmake/arduinobot_descriptionConfig.cmake
[0.329s] -- Up-to-date symlink: /home/parallels/arduinobot_ws/install/arduinobot_description/share/arduinobot_description/cmake/arduinobot_descriptionConfig-version.cmake
[0.329s] -- Up-to-date symlink: /home/parallels/arduinobot_ws/install/arduinobot_description/share/arduinobot_description/package.xml
[0.331s] Invoked command in '/home/parallels/arduinobot_ws/build/arduinobot_description' returned '0': CMAKE_PREFIX_PATH=${CMAKE_PREFIX_PATH}:/home/parallels/ros2_ws/install/opencv_tests:/home/parallels/ros2_ws/install/my_robot_controller:/opt/ros/humble /usr/bin/cmake --install /home/parallels/arduinobot_ws/build/arduinobot_description
