[0.022s] Invoking command in '/home/parallels/arduinobot_ws/build/arduinobot_firmware': CMAKE_PREFIX_PATH=${CMAKE_PREFIX_PATH}:/home/parallels/ros2_ws/install/opencv_tests:/home/parallels/ros2_ws/install/my_robot_controller:/opt/ros/humble /usr/bin/cmake --build /home/parallels/arduinobot_ws/build/arduinobot_firmware -- -j6 -l6
[0.072s] [ 50%] Built target simple_serial_transmitter
[0.079s] [ 50%] Built target ament_cmake_python_copy_arduinobot_firmware
[0.080s] [100%] Built target simple_serial_receiver
[0.251s] running egg_info
[0.251s] writing arduinobot_firmware.egg-info/PKG-INFO
[0.251s] writing dependency_links to arduinobot_firmware.egg-info/dependency_links.txt
[0.252s] writing top-level names to arduinobot_firmware.egg-info/top_level.txt
[0.253s] reading manifest file 'arduinobot_firmware.egg-info/SOURCES.txt'
[0.253s] writing manifest file 'arduinobot_firmware.egg-info/SOURCES.txt'
[0.271s] [100%] Built target ament_cmake_python_build_arduinobot_firmware_egg
[0.278s] Invoked command in '/home/parallels/arduinobot_ws/build/arduinobot_firmware' returned '0': CMAKE_PREFIX_PATH=${CMAKE_PREFIX_PATH}:/home/parallels/ros2_ws/install/opencv_tests:/home/parallels/ros2_ws/install/my_robot_controller:/opt/ros/humble /usr/bin/cmake --build /home/parallels/arduinobot_ws/build/arduinobot_firmware -- -j6 -l6
[0.297s] Invoking command in '/home/parallels/arduinobot_ws/build/arduinobot_firmware': CMAKE_PREFIX_PATH=${CMAKE_PREFIX_PATH}:/home/parallels/ros2_ws/install/opencv_tests:/home/parallels/ros2_ws/install/my_robot_controller:/opt/ros/humble /usr/bin/cmake --install /home/parallels/arduinobot_ws/build/arduinobot_firmware
[0.301s] -- Install configuration: ""
[0.301s] -- Up-to-date: /home/parallels/arduinobot_ws/install/arduinobot_firmware/share/arduinobot_firmware/environment/pythonpath.sh
[0.302s] -- Up-to-date: /home/parallels/arduinobot_ws/install/arduinobot_firmware/share/arduinobot_firmware/environment/pythonpath.dsv
[0.302s] -- Up-to-date: /home/parallels/arduinobot_ws/install/arduinobot_firmware/local/lib/python3.10/dist-packages/arduinobot_firmware-0.0.0-py3.10.egg-info
[0.303s] -- Installing: /home/parallels/arduinobot_ws/install/arduinobot_firmware/local/lib/python3.10/dist-packages/arduinobot_firmware-0.0.0-py3.10.egg-info/dependency_links.txt
[0.304s] -- Installing: /home/parallels/arduinobot_ws/install/arduinobot_firmware/local/lib/python3.10/dist-packages/arduinobot_firmware-0.0.0-py3.10.egg-info/top_level.txt
[0.305s] -- Installing: /home/parallels/arduinobot_ws/install/arduinobot_firmware/local/lib/python3.10/dist-packages/arduinobot_firmware-0.0.0-py3.10.egg-info/PKG-INFO
[0.306s] -- Installing: /home/parallels/arduinobot_ws/install/arduinobot_firmware/local/lib/python3.10/dist-packages/arduinobot_firmware-0.0.0-py3.10.egg-info/SOURCES.txt
[0.306s] -- Up-to-date: /home/parallels/arduinobot_ws/install/arduinobot_firmware/local/lib/python3.10/dist-packages/arduinobot_firmware
[0.306s] -- Up-to-date: /home/parallels/arduinobot_ws/install/arduinobot_firmware/local/lib/python3.10/dist-packages/arduinobot_firmware/simple_serial_transmitter.py
[0.306s] -- Up-to-date: /home/parallels/arduinobot_ws/install/arduinobot_firmware/local/lib/python3.10/dist-packages/arduinobot_firmware/simple_serial_receiver.py
[0.306s] -- Up-to-date: /home/parallels/arduinobot_ws/install/arduinobot_firmware/local/lib/python3.10/dist-packages/arduinobot_firmware/__init__.py
[0.330s] Listing '/home/parallels/arduinobot_ws/install/arduinobot_firmware/local/lib/python3.10/dist-packages/arduinobot_firmware'...
[0.334s] -- Up-to-date: /home/parallels/arduinobot_ws/install/arduinobot_firmware/lib/arduinobot_firmware/simple_serial_transmitter
[0.334s] -- Up-to-date: /home/parallels/arduinobot_ws/install/arduinobot_firmware/lib/arduinobot_firmware/simple_serial_receiver
[0.334s] -- Up-to-date: /home/parallels/arduinobot_ws/install/arduinobot_firmware/lib/arduinobot_firmware/simple_serial_transmitter.py
[0.335s] -- Up-to-date: /home/parallels/arduinobot_ws/install/arduinobot_firmware/lib/arduinobot_firmware/simple_serial_receiver.py
[0.335s] -- Up-to-date: /home/parallels/arduinobot_ws/install/arduinobot_firmware/share/ament_index/resource_index/package_run_dependencies/arduinobot_firmware
[0.336s] -- Up-to-date: /home/parallels/arduinobot_ws/install/arduinobot_firmware/share/ament_index/resource_index/parent_prefix_path/arduinobot_firmware
[0.336s] -- Up-to-date: /home/parallels/arduinobot_ws/install/arduinobot_firmware/share/arduinobot_firmware/environment/ament_prefix_path.sh
[0.336s] -- Up-to-date: /home/parallels/arduinobot_ws/install/arduinobot_firmware/share/arduinobot_firmware/environment/ament_prefix_path.dsv
[0.336s] -- Up-to-date: /home/parallels/arduinobot_ws/install/arduinobot_firmware/share/arduinobot_firmware/environment/path.sh
[0.336s] -- Up-to-date: /home/parallels/arduinobot_ws/install/arduinobot_firmware/share/arduinobot_firmware/environment/path.dsv
[0.336s] -- Up-to-date: /home/parallels/arduinobot_ws/install/arduinobot_firmware/share/arduinobot_firmware/local_setup.bash
[0.336s] -- Up-to-date: /home/parallels/arduinobot_ws/install/arduinobot_firmware/share/arduinobot_firmware/local_setup.sh
[0.336s] -- Up-to-date: /home/parallels/arduinobot_ws/install/arduinobot_firmware/share/arduinobot_firmware/local_setup.zsh
[0.336s] -- Up-to-date: /home/parallels/arduinobot_ws/install/arduinobot_firmware/share/arduinobot_firmware/local_setup.dsv
[0.336s] -- Installing: /home/parallels/arduinobot_ws/install/arduinobot_firmware/share/arduinobot_firmware/package.dsv
[0.336s] -- Up-to-date: /home/parallels/arduinobot_ws/install/arduinobot_firmware/share/ament_index/resource_index/packages/arduinobot_firmware
[0.336s] -- Up-to-date: /home/parallels/arduinobot_ws/install/arduinobot_firmware/share/arduinobot_firmware/cmake/arduinobot_firmwareConfig.cmake
[0.336s] -- Up-to-date: /home/parallels/arduinobot_ws/install/arduinobot_firmware/share/arduinobot_firmware/cmake/arduinobot_firmwareConfig-version.cmake
[0.336s] -- Up-to-date: /home/parallels/arduinobot_ws/install/arduinobot_firmware/share/arduinobot_firmware/package.xml
[0.337s] Invoked command in '/home/parallels/arduinobot_ws/build/arduinobot_firmware' returned '0': CMAKE_PREFIX_PATH=${CMAKE_PREFIX_PATH}:/home/parallels/ros2_ws/install/opencv_tests:/home/parallels/ros2_ws/install/my_robot_controller:/opt/ros/humble /usr/bin/cmake --install /home/parallels/arduinobot_ws/build/arduinobot_firmware
