[1.256s] Invoking command in '/home/parallels/arduinobot_ws/src/arduinobot_py_examples': AMENT_PREFIX_PATH=/home/parallels/arduinobot_ws/src/install/arduinobot_msgs:${AMENT_PREFIX_PATH} CMAKE_PREFIX_PATH=/home/parallels/arduinobot_ws/src/install/arduinobot_msgs:${CMAKE_PREFIX_PATH} LD_LIBRARY_PATH=/home/parallels/arduinobot_ws/src/install/arduinobot_msgs/lib:${LD_LIBRARY_PATH} PYTHONPATH=/home/parallels/arduinobot_ws/src/build/arduinobot_py_examples/prefix_override:/usr/lib/python3/dist-packages/colcon_core/task/python/colcon_distutils_commands:/home/parallels/arduinobot_ws/src/install/arduinobot_py_examples/lib/python3.10/site-packages:/home/parallels/arduinobot_ws/src/install/arduinobot_msgs/local/lib/python3.10/dist-packages:${PYTHONPATH} /usr/bin/python3 -W ignore:setup.py install is deprecated setup.py egg_info --egg-base ../build/arduinobot_py_examples build --build-base /home/parallels/arduinobot_ws/src/build/arduinobot_py_examples/build install --record /home/parallels/arduinobot_ws/src/build/arduinobot_py_examples/install.log --single-version-externally-managed install_data
[1.623s] running egg_info
[1.623s] creating ../build/arduinobot_py_examples/arduinobot_py_examples.egg-info
[1.624s] writing ../build/arduinobot_py_examples/arduinobot_py_examples.egg-info/PKG-INFO
[1.624s] writing dependency_links to ../build/arduinobot_py_examples/arduinobot_py_examples.egg-info/dependency_links.txt
[1.624s] writing entry points to ../build/arduinobot_py_examples/arduinobot_py_examples.egg-info/entry_points.txt
[1.624s] writing requirements to ../build/arduinobot_py_examples/arduinobot_py_examples.egg-info/requires.txt
[1.624s] writing top-level names to ../build/arduinobot_py_examples/arduinobot_py_examples.egg-info/top_level.txt
[1.624s] writing manifest file '../build/arduinobot_py_examples/arduinobot_py_examples.egg-info/SOURCES.txt'
[1.631s] reading manifest file '../build/arduinobot_py_examples/arduinobot_py_examples.egg-info/SOURCES.txt'
[1.631s] writing manifest file '../build/arduinobot_py_examples/arduinobot_py_examples.egg-info/SOURCES.txt'
[1.631s] running build
[1.632s] running build_py
[1.632s] creating /home/parallels/arduinobot_ws/src/build/arduinobot_py_examples/build
[1.632s] creating /home/parallels/arduinobot_ws/src/build/arduinobot_py_examples/build/lib
[1.632s] creating /home/parallels/arduinobot_ws/src/build/arduinobot_py_examples/build/lib/arduinobot_py_examples
[1.632s] copying arduinobot_py_examples/simple_subscriber.py -> /home/parallels/arduinobot_ws/src/build/arduinobot_py_examples/build/lib/arduinobot_py_examples
[1.633s] copying arduinobot_py_examples/simple_service_client.py -> /home/parallels/arduinobot_ws/src/build/arduinobot_py_examples/build/lib/arduinobot_py_examples
[1.635s] copying arduinobot_py_examples/simple_parameter.py -> /home/parallels/arduinobot_ws/src/build/arduinobot_py_examples/build/lib/arduinobot_py_examples
[1.636s] copying arduinobot_py_examples/simple_publisher.py -> /home/parallels/arduinobot_ws/src/build/arduinobot_py_examples/build/lib/arduinobot_py_examples
[1.639s] copying arduinobot_py_examples/__init__.py -> /home/parallels/arduinobot_ws/src/build/arduinobot_py_examples/build/lib/arduinobot_py_examples
[1.639s] copying arduinobot_py_examples/simple_service_server.py -> /home/parallels/arduinobot_ws/src/build/arduinobot_py_examples/build/lib/arduinobot_py_examples
[1.642s] running install
[1.642s] running install_lib
[1.642s] creating /home/parallels/arduinobot_ws/src/install/arduinobot_py_examples/lib/python3.10/site-packages/arduinobot_py_examples
[1.642s] copying /home/parallels/arduinobot_ws/src/build/arduinobot_py_examples/build/lib/arduinobot_py_examples/simple_subscriber.py -> /home/parallels/arduinobot_ws/src/install/arduinobot_py_examples/lib/python3.10/site-packages/arduinobot_py_examples
[1.642s] copying /home/parallels/arduinobot_ws/src/build/arduinobot_py_examples/build/lib/arduinobot_py_examples/simple_service_client.py -> /home/parallels/arduinobot_ws/src/install/arduinobot_py_examples/lib/python3.10/site-packages/arduinobot_py_examples
[1.642s] copying /home/parallels/arduinobot_ws/src/build/arduinobot_py_examples/build/lib/arduinobot_py_examples/simple_parameter.py -> /home/parallels/arduinobot_ws/src/install/arduinobot_py_examples/lib/python3.10/site-packages/arduinobot_py_examples
[1.642s] copying /home/parallels/arduinobot_ws/src/build/arduinobot_py_examples/build/lib/arduinobot_py_examples/simple_publisher.py -> /home/parallels/arduinobot_ws/src/install/arduinobot_py_examples/lib/python3.10/site-packages/arduinobot_py_examples
[1.642s] copying /home/parallels/arduinobot_ws/src/build/arduinobot_py_examples/build/lib/arduinobot_py_examples/__init__.py -> /home/parallels/arduinobot_ws/src/install/arduinobot_py_examples/lib/python3.10/site-packages/arduinobot_py_examples
[1.642s] copying /home/parallels/arduinobot_ws/src/build/arduinobot_py_examples/build/lib/arduinobot_py_examples/simple_service_server.py -> /home/parallels/arduinobot_ws/src/install/arduinobot_py_examples/lib/python3.10/site-packages/arduinobot_py_examples
[1.646s] byte-compiling /home/parallels/arduinobot_ws/src/install/arduinobot_py_examples/lib/python3.10/site-packages/arduinobot_py_examples/simple_subscriber.py to simple_subscriber.cpython-310.pyc
[1.646s] byte-compiling /home/parallels/arduinobot_ws/src/install/arduinobot_py_examples/lib/python3.10/site-packages/arduinobot_py_examples/simple_service_client.py to simple_service_client.cpython-310.pyc
[1.646s] byte-compiling /home/parallels/arduinobot_ws/src/install/arduinobot_py_examples/lib/python3.10/site-packages/arduinobot_py_examples/simple_parameter.py to simple_parameter.cpython-310.pyc
[1.647s] byte-compiling /home/parallels/arduinobot_ws/src/install/arduinobot_py_examples/lib/python3.10/site-packages/arduinobot_py_examples/simple_publisher.py to simple_publisher.cpython-310.pyc
[1.647s] byte-compiling /home/parallels/arduinobot_ws/src/install/arduinobot_py_examples/lib/python3.10/site-packages/arduinobot_py_examples/__init__.py to __init__.cpython-310.pyc
[1.647s] byte-compiling /home/parallels/arduinobot_ws/src/install/arduinobot_py_examples/lib/python3.10/site-packages/arduinobot_py_examples/simple_service_server.py to simple_service_server.cpython-310.pyc
[1.648s] running install_data
[1.648s] creating /home/parallels/arduinobot_ws/src/install/arduinobot_py_examples/share/ament_index
[1.648s] creating /home/parallels/arduinobot_ws/src/install/arduinobot_py_examples/share/ament_index/resource_index
[1.648s] creating /home/parallels/arduinobot_ws/src/install/arduinobot_py_examples/share/ament_index/resource_index/packages
[1.648s] copying resource/arduinobot_py_examples -> /home/parallels/arduinobot_ws/src/install/arduinobot_py_examples/share/ament_index/resource_index/packages
[1.648s] copying package.xml -> /home/parallels/arduinobot_ws/src/install/arduinobot_py_examples/share/arduinobot_py_examples
[1.651s] running install_egg_info
[1.653s] Copying ../build/arduinobot_py_examples/arduinobot_py_examples.egg-info to /home/parallels/arduinobot_ws/src/install/arduinobot_py_examples/lib/python3.10/site-packages/arduinobot_py_examples-0.0.0-py3.10.egg-info
[1.653s] running install_scripts
[1.679s] Installing simple_parameter script to /home/parallels/arduinobot_ws/src/install/arduinobot_py_examples/lib/arduinobot_py_examples
[1.680s] Installing simple_publisher script to /home/parallels/arduinobot_ws/src/install/arduinobot_py_examples/lib/arduinobot_py_examples
[1.680s] Installing simple_service_client script to /home/parallels/arduinobot_ws/src/install/arduinobot_py_examples/lib/arduinobot_py_examples
[1.680s] Installing simple_service_server script to /home/parallels/arduinobot_ws/src/install/arduinobot_py_examples/lib/arduinobot_py_examples
[1.680s] Installing simple_subscriber script to /home/parallels/arduinobot_ws/src/install/arduinobot_py_examples/lib/arduinobot_py_examples
[1.681s] writing list of installed files to '/home/parallels/arduinobot_ws/src/build/arduinobot_py_examples/install.log'
[1.735s] Invoked command in '/home/parallels/arduinobot_ws/src/arduinobot_py_examples' returned '0': AMENT_PREFIX_PATH=/home/parallels/arduinobot_ws/src/install/arduinobot_msgs:${AMENT_PREFIX_PATH} CMAKE_PREFIX_PATH=/home/parallels/arduinobot_ws/src/install/arduinobot_msgs:${CMAKE_PREFIX_PATH} LD_LIBRARY_PATH=/home/parallels/arduinobot_ws/src/install/arduinobot_msgs/lib:${LD_LIBRARY_PATH} PYTHONPATH=/home/parallels/arduinobot_ws/src/build/arduinobot_py_examples/prefix_override:/usr/lib/python3/dist-packages/colcon_core/task/python/colcon_distutils_commands:/home/parallels/arduinobot_ws/src/install/arduinobot_py_examples/lib/python3.10/site-packages:/home/parallels/arduinobot_ws/src/install/arduinobot_msgs/local/lib/python3.10/dist-packages:${PYTHONPATH} /usr/bin/python3 -W ignore:setup.py install is deprecated setup.py egg_info --egg-base ../build/arduinobot_py_examples build --build-base /home/parallels/arduinobot_ws/src/build/arduinobot_py_examples/build install --record /home/parallels/arduinobot_ws/src/build/arduinobot_py_examples/install.log --single-version-externally-managed install_data
