[0.039s] Invoking command in '/home/parallels/arduinobot_ws/build/arduinobot_utils': CMAKE_PREFIX_PATH=/home/parallels/arduinobot_ws/install/arduinobot_msgs:/home/parallels/arduinobot_ws/install/arduinobot_utils:/home/parallels/arduinobot_ws/install/arduinobot_cpp_examples:/home/parallels/arduinobot_ws/install/arduinobot_moveit:/home/parallels/arduinobot_ws/install/arduinobot_description:/home/parallels/arduinobot_ws/install/arduinobot_controller:/home/parallels/ros2_ws/install/vision_opencv:/home/parallels/ros2_ws/install/image_geometry:/home/parallels/ros2_ws/install/cv_bridge:/home/parallels/test_ws/install/turtlesim:/home/parallels/test_ws/install/my_package:/home/parallels/arduinobot_ws/install/arduinobot_py_examples:/home/parallels/ros2_ws/install/opencv_tests:/home/parallels/ros2_ws/install/my_robot_controller:/opt/ros/humble /usr/bin/cmake --build /home/parallels/arduinobot_ws/build/arduinobot_utils -- -j2 -l2
[0.196s] [100%] Built target angle_conversion
[0.209s] [100%] Built target ament_cmake_python_copy_arduinobot_utils
[0.643s] running egg_info
[0.644s] writing arduinobot_utils.egg-info/PKG-INFO
[0.645s] writing dependency_links to arduinobot_utils.egg-info/dependency_links.txt
[0.646s] writing top-level names to arduinobot_utils.egg-info/top_level.txt
[0.651s] reading manifest file 'arduinobot_utils.egg-info/SOURCES.txt'
[0.652s] writing manifest file 'arduinobot_utils.egg-info/SOURCES.txt'
[0.705s] [100%] Built target ament_cmake_python_build_arduinobot_utils_egg
[0.717s] Invoked command in '/home/parallels/arduinobot_ws/build/arduinobot_utils' returned '0': CMAKE_PREFIX_PATH=/home/parallels/arduinobot_ws/install/arduinobot_msgs:/home/parallels/arduinobot_ws/install/arduinobot_utils:/home/parallels/arduinobot_ws/install/arduinobot_cpp_examples:/home/parallels/arduinobot_ws/install/arduinobot_moveit:/home/parallels/arduinobot_ws/install/arduinobot_description:/home/parallels/arduinobot_ws/install/arduinobot_controller:/home/parallels/ros2_ws/install/vision_opencv:/home/parallels/ros2_ws/install/image_geometry:/home/parallels/ros2_ws/install/cv_bridge:/home/parallels/test_ws/install/turtlesim:/home/parallels/test_ws/install/my_package:/home/parallels/arduinobot_ws/install/arduinobot_py_examples:/home/parallels/ros2_ws/install/opencv_tests:/home/parallels/ros2_ws/install/my_robot_controller:/opt/ros/humble /usr/bin/cmake --build /home/parallels/arduinobot_ws/build/arduinobot_utils -- -j2 -l2
[0.743s] Invoking command in '/home/parallels/arduinobot_ws/build/arduinobot_utils': CMAKE_PREFIX_PATH=/home/parallels/arduinobot_ws/install/arduinobot_msgs:/home/parallels/arduinobot_ws/install/arduinobot_utils:/home/parallels/arduinobot_ws/install/arduinobot_cpp_examples:/home/parallels/arduinobot_ws/install/arduinobot_moveit:/home/parallels/arduinobot_ws/install/arduinobot_description:/home/parallels/arduinobot_ws/install/arduinobot_controller:/home/parallels/ros2_ws/install/vision_opencv:/home/parallels/ros2_ws/install/image_geometry:/home/parallels/ros2_ws/install/cv_bridge:/home/parallels/test_ws/install/turtlesim:/home/parallels/test_ws/install/my_package:/home/parallels/arduinobot_ws/install/arduinobot_py_examples:/home/parallels/ros2_ws/install/opencv_tests:/home/parallels/ros2_ws/install/my_robot_controller:/opt/ros/humble /usr/bin/cmake --install /home/parallels/arduinobot_ws/build/arduinobot_utils
[0.750s] -- Install configuration: ""
[0.751s] -- Up-to-date: /home/parallels/arduinobot_ws/install/arduinobot_utils/share/arduinobot_utils/environment/pythonpath.sh
[0.751s] -- Up-to-date: /home/parallels/arduinobot_ws/install/arduinobot_utils/share/arduinobot_utils/environment/pythonpath.dsv
[0.751s] -- Up-to-date: /home/parallels/arduinobot_ws/install/arduinobot_utils/local/lib/python3.10/dist-packages/arduinobot_utils-0.0.0-py3.10.egg-info
[0.751s] -- Installing: /home/parallels/arduinobot_ws/install/arduinobot_utils/local/lib/python3.10/dist-packages/arduinobot_utils-0.0.0-py3.10.egg-info/dependency_links.txt
[0.752s] -- Installing: /home/parallels/arduinobot_ws/install/arduinobot_utils/local/lib/python3.10/dist-packages/arduinobot_utils-0.0.0-py3.10.egg-info/top_level.txt
[0.752s] -- Installing: /home/parallels/arduinobot_ws/install/arduinobot_utils/local/lib/python3.10/dist-packages/arduinobot_utils-0.0.0-py3.10.egg-info/PKG-INFO
[0.752s] -- Installing: /home/parallels/arduinobot_ws/install/arduinobot_utils/local/lib/python3.10/dist-packages/arduinobot_utils-0.0.0-py3.10.egg-info/SOURCES.txt
[0.753s] -- Up-to-date: /home/parallels/arduinobot_ws/install/arduinobot_utils/local/lib/python3.10/dist-packages/arduinobot_utils
[0.753s] -- Up-to-date: /home/parallels/arduinobot_ws/install/arduinobot_utils/local/lib/python3.10/dist-packages/arduinobot_utils/angle_conversion.py
[0.753s] -- Up-to-date: /home/parallels/arduinobot_ws/install/arduinobot_utils/local/lib/python3.10/dist-packages/arduinobot_utils/__init__.py
[0.804s] Listing '/home/parallels/arduinobot_ws/install/arduinobot_utils/local/lib/python3.10/dist-packages/arduinobot_utils'...
[0.808s] -- Up-to-date: /home/parallels/arduinobot_ws/install/arduinobot_utils/lib/arduinobot_utils/angle_conversion
[0.808s] -- Up-to-date: /home/parallels/arduinobot_ws/install/arduinobot_utils/lib/arduinobot_utils/angle_conversion.py
[0.808s] -- Up-to-date: /home/parallels/arduinobot_ws/install/arduinobot_utils/share/ament_index/resource_index/package_run_dependencies/arduinobot_utils
[0.808s] -- Up-to-date: /home/parallels/arduinobot_ws/install/arduinobot_utils/share/ament_index/resource_index/parent_prefix_path/arduinobot_utils
[0.808s] -- Up-to-date: /home/parallels/arduinobot_ws/install/arduinobot_utils/share/arduinobot_utils/environment/ament_prefix_path.sh
[0.808s] -- Up-to-date: /home/parallels/arduinobot_ws/install/arduinobot_utils/share/arduinobot_utils/environment/ament_prefix_path.dsv
[0.808s] -- Up-to-date: /home/parallels/arduinobot_ws/install/arduinobot_utils/share/arduinobot_utils/environment/path.sh
[0.808s] -- Up-to-date: /home/parallels/arduinobot_ws/install/arduinobot_utils/share/arduinobot_utils/environment/path.dsv
[0.808s] -- Up-to-date: /home/parallels/arduinobot_ws/install/arduinobot_utils/share/arduinobot_utils/local_setup.bash
[0.808s] -- Up-to-date: /home/parallels/arduinobot_ws/install/arduinobot_utils/share/arduinobot_utils/local_setup.sh
[0.809s] -- Up-to-date: /home/parallels/arduinobot_ws/install/arduinobot_utils/share/arduinobot_utils/local_setup.zsh
[0.809s] -- Up-to-date: /home/parallels/arduinobot_ws/install/arduinobot_utils/share/arduinobot_utils/local_setup.dsv
[0.809s] -- Installing: /home/parallels/arduinobot_ws/install/arduinobot_utils/share/arduinobot_utils/package.dsv
[0.809s] -- Up-to-date: /home/parallels/arduinobot_ws/install/arduinobot_utils/share/ament_index/resource_index/packages/arduinobot_utils
[0.809s] -- Up-to-date: /home/parallels/arduinobot_ws/install/arduinobot_utils/share/arduinobot_utils/cmake/arduinobot_utilsConfig.cmake
[0.809s] -- Up-to-date: /home/parallels/arduinobot_ws/install/arduinobot_utils/share/arduinobot_utils/cmake/arduinobot_utilsConfig-version.cmake
[0.809s] -- Up-to-date: /home/parallels/arduinobot_ws/install/arduinobot_utils/share/arduinobot_utils/package.xml
[0.813s] Invoked command in '/home/parallels/arduinobot_ws/build/arduinobot_utils' returned '0': CMAKE_PREFIX_PATH=/home/parallels/arduinobot_ws/install/arduinobot_msgs:/home/parallels/arduinobot_ws/install/arduinobot_utils:/home/parallels/arduinobot_ws/install/arduinobot_cpp_examples:/home/parallels/arduinobot_ws/install/arduinobot_moveit:/home/parallels/arduinobot_ws/install/arduinobot_description:/home/parallels/arduinobot_ws/install/arduinobot_controller:/home/parallels/ros2_ws/install/vision_opencv:/home/parallels/ros2_ws/install/image_geometry:/home/parallels/ros2_ws/install/cv_bridge:/home/parallels/test_ws/install/turtlesim:/home/parallels/test_ws/install/my_package:/home/parallels/arduinobot_ws/install/arduinobot_py_examples:/home/parallels/ros2_ws/install/opencv_tests:/home/parallels/ros2_ws/install/my_robot_controller:/opt/ros/humble /usr/bin/cmake --install /home/parallels/arduinobot_ws/build/arduinobot_utils
