[0.026s] Invoking command in '/home/parallels/arduinobot_ws/build/arduinobot_msgs': CMAKE_PREFIX_PATH=${CMAKE_PREFIX_PATH}:/home/parallels/arduinobot_ws/install/arduinobot_py_examples:/home/parallels/ros2_ws/install/opencv_tests:/home/parallels/ros2_ws/install/my_robot_controller:/opt/ros/humble /usr/bin/cmake --build /home/parallels/arduinobot_ws/build/arduinobot_msgs -- -j4 -l4
[0.045s] -- Found ament_cmake: 1.3.9 (/opt/ros/humble/share/ament_cmake/cmake)
[0.172s] -- Found std_msgs: 4.2.4 (/opt/ros/humble/share/std_msgs/cmake)
[0.223s] -- Found rosidl_generator_c: 3.1.5 (/opt/ros/humble/share/rosidl_generator_c/cmake)
[0.231s] -- Found rosidl_adapter: 3.1.5 (/opt/ros/humble/share/rosidl_adapter/cmake)
[0.245s] -- Found rosidl_generator_cpp: 3.1.5 (/opt/ros/humble/share/rosidl_generator_cpp/cmake)
[0.272s] -- Using all available rosidl_typesupport_c: rosidl_typesupport_fastrtps_c;rosidl_typesupport_introspection_c
[0.324s] -- Using all available rosidl_typesupport_cpp: rosidl_typesupport_fastrtps_cpp;rosidl_typesupport_introspection_cpp
[0.412s] [31mCMake Error at CMakeLists.txt:11 (find_package):
[0.413s]   By not providing "Findsoridl_default_generators.cmake" in CMAKE_MODULE_PATH
[0.413s]   this project has asked CMake to find a package configuration file provided
[0.413s]   by "soridl_default_generators", but CMake did not find one.
[0.413s] -- Configuring incomplete, errors occurred!
[0.413s] See also "/home/parallels/arduinobot_ws/build/arduinobot_msgs/CMakeFiles/CMakeOutput.log".
[0.413s] 
[0.413s]   Could not find a package configuration file provided by
[0.413s]   "soridl_default_generators" with any of the following names:
[0.413s] 
[0.413s]     soridl_default_generatorsConfig.cmake
[0.413s]     soridl_default_generators-config.cmake
[0.413s] 
[0.413s]   Add the installation prefix of "soridl_default_generators" to
[0.413s]   CMAKE_PREFIX_PATH or set "soridl_default_generators_DIR" to a directory
[0.413s]   containing one of the above files.  If "soridl_default_generators" provides
[0.413s]   a separate development package or SDK, be sure it has been installed.
[0.413s] 
[0.413s] [0m
[0.416s] gmake: *** [Makefile:226: cmake_check_build_system] Error 1
[0.417s] Invoked command in '/home/parallels/arduinobot_ws/build/arduinobot_msgs' returned '2': CMAKE_PREFIX_PATH=${CMAKE_PREFIX_PATH}:/home/parallels/arduinobot_ws/install/arduinobot_py_examples:/home/parallels/ros2_ws/install/opencv_tests:/home/parallels/ros2_ws/install/my_robot_controller:/opt/ros/humble /usr/bin/cmake --build /home/parallels/arduinobot_ws/build/arduinobot_msgs -- -j4 -l4
