[0.010s] Invoking command in '/home/parallels/arduinobot_ws/build/arduinobot_description': CMAKE_PREFIX_PATH=${CMAKE_PREFIX_PATH}:/home/parallels/arduinobot_ws/install/arduinobot_py_examples:/home/parallels/ros2_ws/install/opencv_tests:/home/parallels/ros2_ws/install/my_robot_controller:/opt/ros/humble /usr/bin/cmake /home/parallels/arduinobot_ws/src/arduinobot_description -DAMENT_CMAKE_SYMLINK_INSTALL=1 -DCMAKE_INSTALL_PREFIX=/home/parallels/arduinobot_ws/install/arduinobot_description
[0.051s] -- Found ament_cmake: 1.3.9 (/opt/ros/humble/share/ament_cmake/cmake)
[0.173s] -- Override CMake install command with custom implementation using symlinks instead of copying resources
[0.217s] -- Found urdf: 2.6.0 (/opt/ros/humble/share/urdf/cmake)
[0.322s] -- Found ament_lint_auto: 0.12.11 (/opt/ros/humble/share/ament_lint_auto/cmake)
[0.397s] -- Added test 'flake8' to check Python code syntax and style conventions
[0.398s] -- Added test 'lint_cmake' to check CMake code style
[0.398s] -- Added test 'pep257' to check Python code against some of the docstring style conventions in PEP 257
[0.400s] -- Added test 'xmllint' to check XML markup files
[0.403s] -- Configuring done
[0.416s] -- Generating done
[0.419s] -- Build files have been written to: /home/parallels/arduinobot_ws/build/arduinobot_description
[0.424s] Invoked command in '/home/parallels/arduinobot_ws/build/arduinobot_description' returned '0': CMAKE_PREFIX_PATH=${CMAKE_PREFIX_PATH}:/home/parallels/arduinobot_ws/install/arduinobot_py_examples:/home/parallels/ros2_ws/install/opencv_tests:/home/parallels/ros2_ws/install/my_robot_controller:/opt/ros/humble /usr/bin/cmake /home/parallels/arduinobot_ws/src/arduinobot_description -DAMENT_CMAKE_SYMLINK_INSTALL=1 -DCMAKE_INSTALL_PREFIX=/home/parallels/arduinobot_ws/install/arduinobot_description
[0.425s] Invoking command in '/home/parallels/arduinobot_ws/build/arduinobot_description': CMAKE_PREFIX_PATH=${CMAKE_PREFIX_PATH}:/home/parallels/arduinobot_ws/install/arduinobot_py_examples:/home/parallels/ros2_ws/install/opencv_tests:/home/parallels/ros2_ws/install/my_robot_controller:/opt/ros/humble /usr/bin/cmake --build /home/parallels/arduinobot_ws/build/arduinobot_description -- -j2 -l2
[0.463s] Invoked command in '/home/parallels/arduinobot_ws/build/arduinobot_description' returned '0': CMAKE_PREFIX_PATH=${CMAKE_PREFIX_PATH}:/home/parallels/arduinobot_ws/install/arduinobot_py_examples:/home/parallels/ros2_ws/install/opencv_tests:/home/parallels/ros2_ws/install/my_robot_controller:/opt/ros/humble /usr/bin/cmake --build /home/parallels/arduinobot_ws/build/arduinobot_description -- -j2 -l2
[0.480s] Invoking command in '/home/parallels/arduinobot_ws/build/arduinobot_description': CMAKE_PREFIX_PATH=${CMAKE_PREFIX_PATH}:/home/parallels/arduinobot_ws/install/arduinobot_py_examples:/home/parallels/ros2_ws/install/opencv_tests:/home/parallels/ros2_ws/install/my_robot_controller:/opt/ros/humble /usr/bin/cmake --install /home/parallels/arduinobot_ws/build/arduinobot_description
[0.485s] -- Install configuration: ""
[0.486s] -- Execute custom install script
[0.487s] -- Symlinking: /home/parallels/arduinobot_ws/install/arduinobot_description/share/arduinobot_description/meshes/base_plate.STL
[0.493s] -- Symlinking: /home/parallels/arduinobot_ws/install/arduinobot_description/share/arduinobot_description/meshes/basement.STL
[0.499s] -- Symlinking: /home/parallels/arduinobot_ws/install/arduinobot_description/share/arduinobot_description/meshes/claw_support.STL
[0.505s] -- Symlinking: /home/parallels/arduinobot_ws/install/arduinobot_description/share/arduinobot_description/meshes/forward_drive_arm.STL
[0.510s] -- Symlinking: /home/parallels/arduinobot_ws/install/arduinobot_description/share/arduinobot_description/meshes/horizontal_arm.STL
[0.515s] -- Symlinking: /home/parallels/arduinobot_ws/install/arduinobot_description/share/arduinobot_description/meshes/left_finger.STL
[0.522s] -- Symlinking: /home/parallels/arduinobot_ws/install/arduinobot_description/share/arduinobot_description/meshes/link.STL
[0.534s] -- Symlinking: /home/parallels/arduinobot_ws/install/arduinobot_description/share/arduinobot_description/meshes/pi_camera.STL
[0.539s] -- Symlinking: /home/parallels/arduinobot_ws/install/arduinobot_description/share/arduinobot_description/meshes/plate.STL
[0.545s] -- Symlinking: /home/parallels/arduinobot_ws/install/arduinobot_description/share/arduinobot_description/meshes/right_finger.STL
[0.550s] -- Symlinking: /home/parallels/arduinobot_ws/install/arduinobot_description/share/arduinobot_description/meshes/round_plate.STL
[0.555s] -- Symlinking: /home/parallels/arduinobot_ws/install/arduinobot_description/share/arduinobot_description/meshes/servo_plate.STL
[0.561s] -- Symlinking: /home/parallels/arduinobot_ws/install/arduinobot_description/share/arduinobot_description/meshes/triangular_link.STL
[0.566s] -- Symlinking: /home/parallels/arduinobot_ws/install/arduinobot_description/share/arduinobot_description/meshes/vertical_drive_arm.STL
[0.571s] -- Symlinking: /home/parallels/arduinobot_ws/install/arduinobot_description/share/arduinobot_description/urdf/arduinobot.urdf.xacro
[0.576s] -- Symlinking: /home/parallels/arduinobot_ws/install/arduinobot_description/share/arduinobot_description/launch/display.launch.py
[0.582s] -- Symlinking: /home/parallels/arduinobot_ws/install/arduinobot_description/share/arduinobot_description/rviz/display.rviz
[0.588s] -- Symlinking: /home/parallels/arduinobot_ws/install/arduinobot_description/share/ament_index/resource_index/package_run_dependencies/arduinobot_description
[0.593s] -- Symlinking: /home/parallels/arduinobot_ws/install/arduinobot_description/share/ament_index/resource_index/parent_prefix_path/arduinobot_description
[0.602s] -- Symlinking: /home/parallels/arduinobot_ws/install/arduinobot_description/share/arduinobot_description/environment/ament_prefix_path.sh
[0.610s] -- Symlinking: /home/parallels/arduinobot_ws/install/arduinobot_description/share/arduinobot_description/environment/ament_prefix_path.dsv
[0.616s] -- Symlinking: /home/parallels/arduinobot_ws/install/arduinobot_description/share/arduinobot_description/environment/path.sh
[0.623s] -- Symlinking: /home/parallels/arduinobot_ws/install/arduinobot_description/share/arduinobot_description/environment/path.dsv
[0.629s] -- Symlinking: /home/parallels/arduinobot_ws/install/arduinobot_description/share/arduinobot_description/local_setup.bash
[0.635s] -- Symlinking: /home/parallels/arduinobot_ws/install/arduinobot_description/share/arduinobot_description/local_setup.sh
[0.640s] -- Symlinking: /home/parallels/arduinobot_ws/install/arduinobot_description/share/arduinobot_description/local_setup.zsh
[0.645s] -- Symlinking: /home/parallels/arduinobot_ws/install/arduinobot_description/share/arduinobot_description/local_setup.dsv
[0.650s] -- Symlinking: /home/parallels/arduinobot_ws/install/arduinobot_description/share/arduinobot_description/package.dsv
[0.655s] -- Symlinking: /home/parallels/arduinobot_ws/install/arduinobot_description/share/ament_index/resource_index/packages/arduinobot_description
[0.660s] -- Symlinking: /home/parallels/arduinobot_ws/install/arduinobot_description/share/arduinobot_description/cmake/arduinobot_descriptionConfig.cmake
[0.666s] -- Symlinking: /home/parallels/arduinobot_ws/install/arduinobot_description/share/arduinobot_description/cmake/arduinobot_descriptionConfig-version.cmake
[0.671s] -- Symlinking: /home/parallels/arduinobot_ws/install/arduinobot_description/share/arduinobot_description/package.xml
[0.677s] Invoked command in '/home/parallels/arduinobot_ws/build/arduinobot_description' returned '0': CMAKE_PREFIX_PATH=${CMAKE_PREFIX_PATH}:/home/parallels/arduinobot_ws/install/arduinobot_py_examples:/home/parallels/ros2_ws/install/opencv_tests:/home/parallels/ros2_ws/install/my_robot_controller:/opt/ros/humble /usr/bin/cmake --install /home/parallels/arduinobot_ws/build/arduinobot_description
