[0.009s] Invoking command in '/home/parallels/arduinobot_ws/build/arduinobot_controller': CMAKE_PREFIX_PATH=${CMAKE_PREFIX_PATH}:/home/parallels/arduinobot_ws/install/arduinobot_py_examples:/home/parallels/ros2_ws/install/opencv_tests:/home/parallels/ros2_ws/install/my_robot_controller:/opt/ros/humble /usr/bin/cmake /home/parallels/arduinobot_ws/src/arduinobot_controller -DCMAKE_INSTALL_PREFIX=/home/parallels/arduinobot_ws/install/arduinobot_controller
[0.164s] -- The C compiler identification is GNU 11.4.0
[0.295s] -- The CXX compiler identification is GNU 11.4.0
[0.313s] -- Detecting C compiler ABI info
[0.419s] -- Detecting C compiler ABI info - done
[0.430s] -- Check for working C compiler: /usr/bin/cc - skipped
[0.431s] -- Detecting C compile features
[0.433s] -- Detecting C compile features - done
[0.438s] -- Detecting CXX compiler ABI info
[0.546s] -- Detecting CXX compiler ABI info - done
[0.577s] -- Check for working CXX compiler: /usr/bin/c++ - skipped
[0.578s] -- Detecting CXX compile features
[0.582s] -- Detecting CXX compile features - done
[0.590s] -- Found ament_cmake: 1.3.9 (/opt/ros/humble/share/ament_cmake/cmake)
[0.824s] -- Found Python3: /usr/bin/python3 (found version "3.10.12") found components: Interpreter 
[1.008s] -- Found ament_lint_auto: 0.12.11 (/opt/ros/humble/share/ament_lint_auto/cmake)
[1.114s] -- Added test 'lint_cmake' to check CMake code style
[1.118s] -- Added test 'xmllint' to check XML markup files
[1.123s] -- Configuring done
[1.125s] -- Generating done
[1.126s] -- Build files have been written to: /home/parallels/arduinobot_ws/build/arduinobot_controller
[1.137s] Invoked command in '/home/parallels/arduinobot_ws/build/arduinobot_controller' returned '0': CMAKE_PREFIX_PATH=${CMAKE_PREFIX_PATH}:/home/parallels/arduinobot_ws/install/arduinobot_py_examples:/home/parallels/ros2_ws/install/opencv_tests:/home/parallels/ros2_ws/install/my_robot_controller:/opt/ros/humble /usr/bin/cmake /home/parallels/arduinobot_ws/src/arduinobot_controller -DCMAKE_INSTALL_PREFIX=/home/parallels/arduinobot_ws/install/arduinobot_controller
[1.137s] Invoking command in '/home/parallels/arduinobot_ws/build/arduinobot_controller': CMAKE_PREFIX_PATH=${CMAKE_PREFIX_PATH}:/home/parallels/arduinobot_ws/install/arduinobot_py_examples:/home/parallels/ros2_ws/install/opencv_tests:/home/parallels/ros2_ws/install/my_robot_controller:/opt/ros/humble /usr/bin/cmake --build /home/parallels/arduinobot_ws/build/arduinobot_controller -- -j2 -l2
[1.200s] Invoked command in '/home/parallels/arduinobot_ws/build/arduinobot_controller' returned '0': CMAKE_PREFIX_PATH=${CMAKE_PREFIX_PATH}:/home/parallels/arduinobot_ws/install/arduinobot_py_examples:/home/parallels/ros2_ws/install/opencv_tests:/home/parallels/ros2_ws/install/my_robot_controller:/opt/ros/humble /usr/bin/cmake --build /home/parallels/arduinobot_ws/build/arduinobot_controller -- -j2 -l2
[1.217s] Invoking command in '/home/parallels/arduinobot_ws/build/arduinobot_controller': CMAKE_PREFIX_PATH=${CMAKE_PREFIX_PATH}:/home/parallels/arduinobot_ws/install/arduinobot_py_examples:/home/parallels/ros2_ws/install/opencv_tests:/home/parallels/ros2_ws/install/my_robot_controller:/opt/ros/humble /usr/bin/cmake --install /home/parallels/arduinobot_ws/build/arduinobot_controller
[1.239s] -- Install configuration: ""
[1.240s] -- Installing: /home/parallels/arduinobot_ws/install/arduinobot_controller/share/ament_index/resource_index/package_run_dependencies/arduinobot_controller
[1.242s] -- Installing: /home/parallels/arduinobot_ws/install/arduinobot_controller/share/ament_index/resource_index/parent_prefix_path/arduinobot_controller
[1.243s] -- Installing: /home/parallels/arduinobot_ws/install/arduinobot_controller/share/arduinobot_controller/environment/ament_prefix_path.sh
[1.243s] -- Installing: /home/parallels/arduinobot_ws/install/arduinobot_controller/share/arduinobot_controller/environment/ament_prefix_path.dsv
[1.244s] -- Installing: /home/parallels/arduinobot_ws/install/arduinobot_controller/share/arduinobot_controller/environment/path.sh
[1.244s] -- Installing: /home/parallels/arduinobot_ws/install/arduinobot_controller/share/arduinobot_controller/environment/path.dsv
[1.244s] -- Installing: /home/parallels/arduinobot_ws/install/arduinobot_controller/share/arduinobot_controller/local_setup.bash
[1.245s] -- Installing: /home/parallels/arduinobot_ws/install/arduinobot_controller/share/arduinobot_controller/local_setup.sh
[1.245s] -- Installing: /home/parallels/arduinobot_ws/install/arduinobot_controller/share/arduinobot_controller/local_setup.zsh
[1.249s] -- Installing: /home/parallels/arduinobot_ws/install/arduinobot_controller/share/arduinobot_controller/local_setup.dsv
[1.249s] -- Installing: /home/parallels/arduinobot_ws/install/arduinobot_controller/share/arduinobot_controller/package.dsv
[1.250s] -- Installing: /home/parallels/arduinobot_ws/install/arduinobot_controller/share/ament_index/resource_index/packages/arduinobot_controller
[1.250s] -- Installing: /home/parallels/arduinobot_ws/install/arduinobot_controller/share/arduinobot_controller/cmake/arduinobot_controllerConfig.cmake
[1.252s] -- Installing: /home/parallels/arduinobot_ws/install/arduinobot_controller/share/arduinobot_controller/cmake/arduinobot_controllerConfig-version.cmake
[1.252s] -- Installing: /home/parallels/arduinobot_ws/install/arduinobot_controller/share/arduinobot_controller/package.xml
[1.259s] Invoked command in '/home/parallels/arduinobot_ws/build/arduinobot_controller' returned '0': CMAKE_PREFIX_PATH=${CMAKE_PREFIX_PATH}:/home/parallels/arduinobot_ws/install/arduinobot_py_examples:/home/parallels/ros2_ws/install/opencv_tests:/home/parallels/ros2_ws/install/my_robot_controller:/opt/ros/humble /usr/bin/cmake --install /home/parallels/arduinobot_ws/build/arduinobot_controller
