[0.015s] Invoking command in '/home/parallels/arduinobot_ws/build/arduinobot_utils': CMAKE_PREFIX_PATH=/home/parallels/arduinobot_ws/install/arduinobot_msgs:/home/parallels/arduinobot_ws/install/arduinobot_controller:/home/parallels/arduinobot_ws/install/arduinobot_utils:/home/parallels/arduinobot_ws/install/arduinobot_cpp_examples:/home/parallels/arduinobot_ws/install/arduinobot_moveit:/home/parallels/arduinobot_ws/install/arduinobot_description:/home/parallels/ros2_ws/install/vision_opencv:/home/parallels/ros2_ws/install/image_geometry:/home/parallels/ros2_ws/install/cv_bridge:/home/parallels/test_ws/install/turtlesim:/home/parallels/test_ws/install/my_package:/home/parallels/arduinobot_ws/install/arduinobot_py_examples:/home/parallels/ros2_ws/install/opencv_tests:/home/parallels/ros2_ws/install/my_robot_controller:/opt/ros/humble /usr/bin/cmake --build /home/parallels/arduinobot_ws/build/arduinobot_utils -- -j2 -l2
[0.093s] [100%] Built target angle_conversion
[0.108s] [100%] Built target ament_cmake_python_copy_arduinobot_utils
[0.462s] running egg_info
[0.463s] writing arduinobot_utils.egg-info/PKG-INFO
[0.464s] writing dependency_links to arduinobot_utils.egg-info/dependency_links.txt
[0.465s] writing top-level names to arduinobot_utils.egg-info/top_level.txt
[0.472s] reading manifest file 'arduinobot_utils.egg-info/SOURCES.txt'
[0.474s] writing manifest file 'arduinobot_utils.egg-info/SOURCES.txt'
[0.528s] [100%] Built target ament_cmake_python_build_arduinobot_utils_egg
[0.558s] Invoked command in '/home/parallels/arduinobot_ws/build/arduinobot_utils' returned '0': CMAKE_PREFIX_PATH=/home/parallels/arduinobot_ws/install/arduinobot_msgs:/home/parallels/arduinobot_ws/install/arduinobot_controller:/home/parallels/arduinobot_ws/install/arduinobot_utils:/home/parallels/arduinobot_ws/install/arduinobot_cpp_examples:/home/parallels/arduinobot_ws/install/arduinobot_moveit:/home/parallels/arduinobot_ws/install/arduinobot_description:/home/parallels/ros2_ws/install/vision_opencv:/home/parallels/ros2_ws/install/image_geometry:/home/parallels/ros2_ws/install/cv_bridge:/home/parallels/test_ws/install/turtlesim:/home/parallels/test_ws/install/my_package:/home/parallels/arduinobot_ws/install/arduinobot_py_examples:/home/parallels/ros2_ws/install/opencv_tests:/home/parallels/ros2_ws/install/my_robot_controller:/opt/ros/humble /usr/bin/cmake --build /home/parallels/arduinobot_ws/build/arduinobot_utils -- -j2 -l2
[0.650s] Invoking command in '/home/parallels/arduinobot_ws/build/arduinobot_utils': CMAKE_PREFIX_PATH=/home/parallels/arduinobot_ws/install/arduinobot_msgs:/home/parallels/arduinobot_ws/install/arduinobot_controller:/home/parallels/arduinobot_ws/install/arduinobot_utils:/home/parallels/arduinobot_ws/install/arduinobot_cpp_examples:/home/parallels/arduinobot_ws/install/arduinobot_moveit:/home/parallels/arduinobot_ws/install/arduinobot_description:/home/parallels/ros2_ws/install/vision_opencv:/home/parallels/ros2_ws/install/image_geometry:/home/parallels/ros2_ws/install/cv_bridge:/home/parallels/test_ws/install/turtlesim:/home/parallels/test_ws/install/my_package:/home/parallels/arduinobot_ws/install/arduinobot_py_examples:/home/parallels/ros2_ws/install/opencv_tests:/home/parallels/ros2_ws/install/my_robot_controller:/opt/ros/humble /usr/bin/cmake --install /home/parallels/arduinobot_ws/build/arduinobot_utils
[0.661s] -- Install configuration: ""
[0.661s] -- Up-to-date: /home/parallels/arduinobot_ws/install/arduinobot_utils/share/arduinobot_utils/environment/pythonpath.sh
[0.662s] -- Up-to-date: /home/parallels/arduinobot_ws/install/arduinobot_utils/share/arduinobot_utils/environment/pythonpath.dsv
[0.662s] -- Up-to-date: /home/parallels/arduinobot_ws/install/arduinobot_utils/local/lib/python3.10/dist-packages/arduinobot_utils-0.0.0-py3.10.egg-info
[0.662s] -- Installing: /home/parallels/arduinobot_ws/install/arduinobot_utils/local/lib/python3.10/dist-packages/arduinobot_utils-0.0.0-py3.10.egg-info/dependency_links.txt
[0.662s] -- Installing: /home/parallels/arduinobot_ws/install/arduinobot_utils/local/lib/python3.10/dist-packages/arduinobot_utils-0.0.0-py3.10.egg-info/top_level.txt
[0.662s] -- Installing: /home/parallels/arduinobot_ws/install/arduinobot_utils/local/lib/python3.10/dist-packages/arduinobot_utils-0.0.0-py3.10.egg-info/PKG-INFO
[0.665s] -- Installing: /home/parallels/arduinobot_ws/install/arduinobot_utils/local/lib/python3.10/dist-packages/arduinobot_utils-0.0.0-py3.10.egg-info/SOURCES.txt
[0.666s] -- Up-to-date: /home/parallels/arduinobot_ws/install/arduinobot_utils/local/lib/python3.10/dist-packages/arduinobot_utils
[0.666s] -- Up-to-date: /home/parallels/arduinobot_ws/install/arduinobot_utils/local/lib/python3.10/dist-packages/arduinobot_utils/angle_conversion.py
[0.666s] -- Up-to-date: /home/parallels/arduinobot_ws/install/arduinobot_utils/local/lib/python3.10/dist-packages/arduinobot_utils/__init__.py
[0.713s] Listing '/home/parallels/arduinobot_ws/install/arduinobot_utils/local/lib/python3.10/dist-packages/arduinobot_utils'...
[0.720s] -- Up-to-date: /home/parallels/arduinobot_ws/install/arduinobot_utils/lib/arduinobot_utils/angle_conversion
[0.720s] -- Up-to-date: /home/parallels/arduinobot_ws/install/arduinobot_utils/lib/arduinobot_utils/angle_conversion.py
[0.720s] -- Up-to-date: /home/parallels/arduinobot_ws/install/arduinobot_utils/share/ament_index/resource_index/package_run_dependencies/arduinobot_utils
[0.720s] -- Up-to-date: /home/parallels/arduinobot_ws/install/arduinobot_utils/share/ament_index/resource_index/parent_prefix_path/arduinobot_utils
[0.720s] -- Up-to-date: /home/parallels/arduinobot_ws/install/arduinobot_utils/share/arduinobot_utils/environment/ament_prefix_path.sh
[0.720s] -- Up-to-date: /home/parallels/arduinobot_ws/install/arduinobot_utils/share/arduinobot_utils/environment/ament_prefix_path.dsv
[0.720s] -- Up-to-date: /home/parallels/arduinobot_ws/install/arduinobot_utils/share/arduinobot_utils/environment/path.sh
[0.723s] -- Up-to-date: /home/parallels/arduinobot_ws/install/arduinobot_utils/share/arduinobot_utils/environment/path.dsv
[0.723s] -- Up-to-date: /home/parallels/arduinobot_ws/install/arduinobot_utils/share/arduinobot_utils/local_setup.bash
[0.723s] -- Up-to-date: /home/parallels/arduinobot_ws/install/arduinobot_utils/share/arduinobot_utils/local_setup.sh
[0.723s] -- Up-to-date: /home/parallels/arduinobot_ws/install/arduinobot_utils/share/arduinobot_utils/local_setup.zsh
[0.723s] -- Up-to-date: /home/parallels/arduinobot_ws/install/arduinobot_utils/share/arduinobot_utils/local_setup.dsv
[0.723s] -- Installing: /home/parallels/arduinobot_ws/install/arduinobot_utils/share/arduinobot_utils/package.dsv
[0.726s] -- Up-to-date: /home/parallels/arduinobot_ws/install/arduinobot_utils/share/ament_index/resource_index/packages/arduinobot_utils
[0.726s] -- Up-to-date: /home/parallels/arduinobot_ws/install/arduinobot_utils/share/arduinobot_utils/cmake/arduinobot_utilsConfig.cmake
[0.726s] -- Up-to-date: /home/parallels/arduinobot_ws/install/arduinobot_utils/share/arduinobot_utils/cmake/arduinobot_utilsConfig-version.cmake
[0.727s] -- Up-to-date: /home/parallels/arduinobot_ws/install/arduinobot_utils/share/arduinobot_utils/package.xml
[0.731s] Invoked command in '/home/parallels/arduinobot_ws/build/arduinobot_utils' returned '0': CMAKE_PREFIX_PATH=/home/parallels/arduinobot_ws/install/arduinobot_msgs:/home/parallels/arduinobot_ws/install/arduinobot_controller:/home/parallels/arduinobot_ws/install/arduinobot_utils:/home/parallels/arduinobot_ws/install/arduinobot_cpp_examples:/home/parallels/arduinobot_ws/install/arduinobot_moveit:/home/parallels/arduinobot_ws/install/arduinobot_description:/home/parallels/ros2_ws/install/vision_opencv:/home/parallels/ros2_ws/install/image_geometry:/home/parallels/ros2_ws/install/cv_bridge:/home/parallels/test_ws/install/turtlesim:/home/parallels/test_ws/install/my_package:/home/parallels/arduinobot_ws/install/arduinobot_py_examples:/home/parallels/ros2_ws/install/opencv_tests:/home/parallels/ros2_ws/install/my_robot_controller:/opt/ros/humble /usr/bin/cmake --install /home/parallels/arduinobot_ws/build/arduinobot_utils
