[0.024s] Invoking command in '/home/parallels/arduinobot_ws/build/arduinobot_bringup': CMAKE_PREFIX_PATH=${CMAKE_PREFIX_PATH}:/home/parallels/arduinobot_ws/install/arduinobot_py_examples:/home/parallels/ros2_ws/install/opencv_tests:/home/parallels/ros2_ws/install/my_robot_controller:/opt/ros/humble /usr/bin/cmake /home/parallels/arduinobot_ws/src/arduinobot_bringup -DCMAKE_INSTALL_PREFIX=/home/parallels/arduinobot_ws/install/arduinobot_bringup
[0.042s] -- Found ament_cmake: 1.3.10 (/opt/ros/humble/share/ament_cmake/cmake)
[0.139s] -- Override CMake install command with custom implementation using symlinks instead of copying resources
[0.141s] -- Found ament_lint_auto: 0.12.11 (/opt/ros/humble/share/ament_lint_auto/cmake)
[0.210s] -- Added test 'flake8' to check Python code syntax and style conventions
[0.211s] -- Added test 'lint_cmake' to check CMake code style
[0.212s] -- Added test 'pep257' to check Python code against some of the docstring style conventions in PEP 257
[0.213s] -- Added test 'xmllint' to check XML markup files
[0.215s] -- Configuring done
[0.224s] -- Generating done
[0.228s] -- Build files have been written to: /home/parallels/arduinobot_ws/build/arduinobot_bringup
[0.235s] Invoked command in '/home/parallels/arduinobot_ws/build/arduinobot_bringup' returned '0': CMAKE_PREFIX_PATH=${CMAKE_PREFIX_PATH}:/home/parallels/arduinobot_ws/install/arduinobot_py_examples:/home/parallels/ros2_ws/install/opencv_tests:/home/parallels/ros2_ws/install/my_robot_controller:/opt/ros/humble /usr/bin/cmake /home/parallels/arduinobot_ws/src/arduinobot_bringup -DCMAKE_INSTALL_PREFIX=/home/parallels/arduinobot_ws/install/arduinobot_bringup
[0.238s] Invoking command in '/home/parallels/arduinobot_ws/build/arduinobot_bringup': CMAKE_PREFIX_PATH=${CMAKE_PREFIX_PATH}:/home/parallels/arduinobot_ws/install/arduinobot_py_examples:/home/parallels/ros2_ws/install/opencv_tests:/home/parallels/ros2_ws/install/my_robot_controller:/opt/ros/humble /usr/bin/cmake --build /home/parallels/arduinobot_ws/build/arduinobot_bringup -- -j6 -l6
[0.278s] Invoked command in '/home/parallels/arduinobot_ws/build/arduinobot_bringup' returned '0': CMAKE_PREFIX_PATH=${CMAKE_PREFIX_PATH}:/home/parallels/arduinobot_ws/install/arduinobot_py_examples:/home/parallels/ros2_ws/install/opencv_tests:/home/parallels/ros2_ws/install/my_robot_controller:/opt/ros/humble /usr/bin/cmake --build /home/parallels/arduinobot_ws/build/arduinobot_bringup -- -j6 -l6
[0.299s] Invoking command in '/home/parallels/arduinobot_ws/build/arduinobot_bringup': CMAKE_PREFIX_PATH=${CMAKE_PREFIX_PATH}:/home/parallels/arduinobot_ws/install/arduinobot_py_examples:/home/parallels/ros2_ws/install/opencv_tests:/home/parallels/ros2_ws/install/my_robot_controller:/opt/ros/humble /usr/bin/cmake --install /home/parallels/arduinobot_ws/build/arduinobot_bringup
[0.305s] -- Install configuration: ""
[0.306s] -- Execute custom install script
[0.306s] -- Up-to-date symlink: /home/parallels/arduinobot_ws/install/arduinobot_bringup/share/arduinobot_bringup/launch/real_robot.launch.py
[0.307s] -- Up-to-date symlink: /home/parallels/arduinobot_ws/install/arduinobot_bringup/share/arduinobot_bringup/launch/simulated_robot.launch.py
[0.307s] -- Up-to-date symlink: /home/parallels/arduinobot_ws/install/arduinobot_bringup/share/ament_index/resource_index/package_run_dependencies/arduinobot_bringup
[0.308s] -- Up-to-date symlink: /home/parallels/arduinobot_ws/install/arduinobot_bringup/share/ament_index/resource_index/parent_prefix_path/arduinobot_bringup
[0.308s] -- Up-to-date symlink: /home/parallels/arduinobot_ws/install/arduinobot_bringup/share/arduinobot_bringup/environment/ament_prefix_path.sh
[0.309s] -- Up-to-date symlink: /home/parallels/arduinobot_ws/install/arduinobot_bringup/share/arduinobot_bringup/environment/ament_prefix_path.dsv
[0.309s] -- Up-to-date symlink: /home/parallels/arduinobot_ws/install/arduinobot_bringup/share/arduinobot_bringup/environment/path.sh
[0.310s] -- Up-to-date symlink: /home/parallels/arduinobot_ws/install/arduinobot_bringup/share/arduinobot_bringup/environment/path.dsv
[0.310s] -- Up-to-date symlink: /home/parallels/arduinobot_ws/install/arduinobot_bringup/share/arduinobot_bringup/local_setup.bash
[0.311s] -- Up-to-date symlink: /home/parallels/arduinobot_ws/install/arduinobot_bringup/share/arduinobot_bringup/local_setup.sh
[0.311s] -- Up-to-date symlink: /home/parallels/arduinobot_ws/install/arduinobot_bringup/share/arduinobot_bringup/local_setup.zsh
[0.314s] -- Up-to-date symlink: /home/parallels/arduinobot_ws/install/arduinobot_bringup/share/arduinobot_bringup/local_setup.dsv
[0.314s] -- Symlinking: /home/parallels/arduinobot_ws/install/arduinobot_bringup/share/arduinobot_bringup/package.dsv
[0.331s] -- Up-to-date symlink: /home/parallels/arduinobot_ws/install/arduinobot_bringup/share/ament_index/resource_index/packages/arduinobot_bringup
[0.331s] -- Up-to-date symlink: /home/parallels/arduinobot_ws/install/arduinobot_bringup/share/arduinobot_bringup/cmake/arduinobot_bringupConfig.cmake
[0.331s] -- Up-to-date symlink: /home/parallels/arduinobot_ws/install/arduinobot_bringup/share/arduinobot_bringup/cmake/arduinobot_bringupConfig-version.cmake
[0.331s] -- Up-to-date symlink: /home/parallels/arduinobot_ws/install/arduinobot_bringup/share/arduinobot_bringup/package.xml
[0.344s] Invoked command in '/home/parallels/arduinobot_ws/build/arduinobot_bringup' returned '0': CMAKE_PREFIX_PATH=${CMAKE_PREFIX_PATH}:/home/parallels/arduinobot_ws/install/arduinobot_py_examples:/home/parallels/ros2_ws/install/opencv_tests:/home/parallels/ros2_ws/install/my_robot_controller:/opt/ros/humble /usr/bin/cmake --install /home/parallels/arduinobot_ws/build/arduinobot_bringup
