[0.037s] Invoking command in '/home/parallels/arduinobot_ws/src/build/arduinobot_cpp_examples': AMENT_PREFIX_PATH=/home/parallels/arduinobot_ws/src/install/arduinobot_msgs:${AMENT_PREFIX_PATH} CMAKE_PREFIX_PATH=/home/parallels/arduinobot_ws/src/install/arduinobot_msgs:/home/parallels/ros2_ws/install/vision_opencv:/home/parallels/ros2_ws/install/image_geometry:/home/parallels/ros2_ws/install/cv_bridge:/home/parallels/test_ws/install/turtlesim:/home/parallels/test_ws/install/my_package:/home/parallels/ros2_ws/install/opencv_tests:/home/parallels/ros2_ws/install/my_robot_controller:/opt/ros/humble LD_LIBRARY_PATH=/home/parallels/arduinobot_ws/src/install/arduinobot_msgs/lib:${LD_LIBRARY_PATH} PYTHONPATH=/home/parallels/arduinobot_ws/src/install/arduinobot_msgs/local/lib/python3.10/dist-packages:${PYTHONPATH} /usr/bin/cmake /home/parallels/arduinobot_ws/src/arduinobot_cpp_examples -DCMAKE_INSTALL_PREFIX=/home/parallels/arduinobot_ws/src/install/arduinobot_cpp_examples
[0.218s] -- The C compiler identification is GNU 11.4.0
[0.310s] -- The CXX compiler identification is GNU 11.4.0
[0.318s] -- Detecting C compiler ABI info
[0.399s] -- Detecting C compiler ABI info - done
[0.415s] -- Check for working C compiler: /usr/bin/cc - skipped
[0.415s] -- Detecting C compile features
[0.415s] -- Detecting C compile features - done
[0.422s] -- Detecting CXX compiler ABI info
[0.610s] -- Detecting CXX compiler ABI info - done
[0.643s] -- Check for working CXX compiler: /usr/bin/c++ - skipped
[0.644s] -- Detecting CXX compile features
[0.646s] -- Detecting CXX compile features - done
[0.657s] -- Found ament_cmake: 1.3.9 (/opt/ros/humble/share/ament_cmake/cmake)
[0.895s] -- Found Python3: /usr/bin/python3 (found version "3.10.12") found components: Interpreter 
[1.045s] -- Found rclcpp: 16.0.9 (/opt/ros/humble/share/rclcpp/cmake)
[1.156s] -- Found rosidl_generator_c: 3.1.5 (/opt/ros/humble/share/rosidl_generator_c/cmake)
[1.166s] -- Found rosidl_adapter: 3.1.5 (/opt/ros/humble/share/rosidl_adapter/cmake)
[1.186s] -- Found rosidl_generator_cpp: 3.1.5 (/opt/ros/humble/share/rosidl_generator_cpp/cmake)
[1.225s] -- Using all available rosidl_typesupport_c: rosidl_typesupport_fastrtps_c;rosidl_typesupport_introspection_c
[1.277s] -- Using all available rosidl_typesupport_cpp: rosidl_typesupport_fastrtps_cpp;rosidl_typesupport_introspection_cpp
[1.450s] -- Found rmw_implementation_cmake: 6.1.2 (/opt/ros/humble/share/rmw_implementation_cmake/cmake)
[1.456s] -- Found rmw_fastrtps_cpp: 6.2.6 (/opt/ros/humble/share/rmw_fastrtps_cpp/cmake)
[1.704s] -- Found OpenSSL: /usr/lib/aarch64-linux-gnu/libcrypto.so (found version "3.0.2")  
[1.766s] -- Found FastRTPS: /opt/ros/humble/include  
[1.823s] -- Using RMW implementation 'rmw_fastrtps_cpp' as default
[1.846s] -- Looking for pthread.h
[1.922s] -- Looking for pthread.h - found
[1.922s] -- Performing Test CMAKE_HAVE_LIBC_PTHREAD
[2.000s] -- Performing Test CMAKE_HAVE_LIBC_PTHREAD - Success
[2.001s] -- Found Threads: TRUE  
[2.223s] -- Found arduinobot_msgs: 0.0.0 (/home/parallels/arduinobot_ws/src/install/arduinobot_msgs/share/arduinobot_msgs/cmake)
[2.244s] -- Found ament_lint_auto: 0.12.11 (/opt/ros/humble/share/ament_lint_auto/cmake)
[2.334s] -- Added test 'cppcheck' to perform static code analysis on C / C++ code
[2.335s] -- Configured cppcheck include dirs: 
[2.335s] -- Configured cppcheck exclude dirs and/or files: 
[2.335s] -- Added test 'lint_cmake' to check CMake code style
[2.338s] -- Added test 'uncrustify' to check C / C++ code style
[2.338s] -- Configured uncrustify additional arguments: 
[2.339s] -- Added test 'xmllint' to check XML markup files
[2.340s] -- Configuring done
[2.361s] -- Generating done
[2.362s] -- Build files have been written to: /home/parallels/arduinobot_ws/src/build/arduinobot_cpp_examples
[2.372s] Invoked command in '/home/parallels/arduinobot_ws/src/build/arduinobot_cpp_examples' returned '0': AMENT_PREFIX_PATH=/home/parallels/arduinobot_ws/src/install/arduinobot_msgs:${AMENT_PREFIX_PATH} CMAKE_PREFIX_PATH=/home/parallels/arduinobot_ws/src/install/arduinobot_msgs:/home/parallels/ros2_ws/install/vision_opencv:/home/parallels/ros2_ws/install/image_geometry:/home/parallels/ros2_ws/install/cv_bridge:/home/parallels/test_ws/install/turtlesim:/home/parallels/test_ws/install/my_package:/home/parallels/ros2_ws/install/opencv_tests:/home/parallels/ros2_ws/install/my_robot_controller:/opt/ros/humble LD_LIBRARY_PATH=/home/parallels/arduinobot_ws/src/install/arduinobot_msgs/lib:${LD_LIBRARY_PATH} PYTHONPATH=/home/parallels/arduinobot_ws/src/install/arduinobot_msgs/local/lib/python3.10/dist-packages:${PYTHONPATH} /usr/bin/cmake /home/parallels/arduinobot_ws/src/arduinobot_cpp_examples -DCMAKE_INSTALL_PREFIX=/home/parallels/arduinobot_ws/src/install/arduinobot_cpp_examples
[2.372s] Invoking command in '/home/parallels/arduinobot_ws/src/build/arduinobot_cpp_examples': AMENT_PREFIX_PATH=/home/parallels/arduinobot_ws/src/install/arduinobot_msgs:${AMENT_PREFIX_PATH} CMAKE_PREFIX_PATH=/home/parallels/arduinobot_ws/src/install/arduinobot_msgs:/home/parallels/ros2_ws/install/vision_opencv:/home/parallels/ros2_ws/install/image_geometry:/home/parallels/ros2_ws/install/cv_bridge:/home/parallels/test_ws/install/turtlesim:/home/parallels/test_ws/install/my_package:/home/parallels/ros2_ws/install/opencv_tests:/home/parallels/ros2_ws/install/my_robot_controller:/opt/ros/humble LD_LIBRARY_PATH=/home/parallels/arduinobot_ws/src/install/arduinobot_msgs/lib:${LD_LIBRARY_PATH} PYTHONPATH=/home/parallels/arduinobot_ws/src/install/arduinobot_msgs/local/lib/python3.10/dist-packages:${PYTHONPATH} /usr/bin/cmake --build /home/parallels/arduinobot_ws/src/build/arduinobot_cpp_examples -- -j2 -l2
[2.432s] [ 10%] [32mBuilding CXX object CMakeFiles/simple_publisher.dir/src/simple_publisher.cpp.o[0m
[2.432s] [ 20%] [32mBuilding CXX object CMakeFiles/simple_subscriber.dir/src/simple_subscriber.cpp.o[0m
[6.080s] [ 30%] [32m[1mLinking CXX executable simple_publisher[0m
[6.326s] [ 30%] Built target simple_publisher
[6.343s] [ 40%] [32mBuilding CXX object CMakeFiles/simple_parameter.dir/src/simple_parameter.cpp.o[0m
[8.328s] [ 50%] [32m[1mLinking CXX executable simple_parameter[0m
[8.406s] [ 50%] Built target simple_parameter
[8.419s] [ 60%] [32mBuilding CXX object CMakeFiles/simple_service_server.dir/src/simple_service_server.cpp.o[0m
[8.819s] [ 70%] [32m[1mLinking CXX executable simple_subscriber[0m
[9.114s] [ 70%] Built target simple_subscriber
[9.125s] [ 80%] [32mBuilding CXX object CMakeFiles/simple_service_client.dir/src/simple_service_client.cpp.o[0m
[10.791s] [ 90%] [32m[1mLinking CXX executable simple_service_server[0m
[10.908s] [ 90%] Built target simple_service_server
[11.329s] [100%] [32m[1mLinking CXX executable simple_service_client[0m
[11.432s] [100%] Built target simple_service_client
[11.471s] Invoked command in '/home/parallels/arduinobot_ws/src/build/arduinobot_cpp_examples' returned '0': AMENT_PREFIX_PATH=/home/parallels/arduinobot_ws/src/install/arduinobot_msgs:${AMENT_PREFIX_PATH} CMAKE_PREFIX_PATH=/home/parallels/arduinobot_ws/src/install/arduinobot_msgs:/home/parallels/ros2_ws/install/vision_opencv:/home/parallels/ros2_ws/install/image_geometry:/home/parallels/ros2_ws/install/cv_bridge:/home/parallels/test_ws/install/turtlesim:/home/parallels/test_ws/install/my_package:/home/parallels/ros2_ws/install/opencv_tests:/home/parallels/ros2_ws/install/my_robot_controller:/opt/ros/humble LD_LIBRARY_PATH=/home/parallels/arduinobot_ws/src/install/arduinobot_msgs/lib:${LD_LIBRARY_PATH} PYTHONPATH=/home/parallels/arduinobot_ws/src/install/arduinobot_msgs/local/lib/python3.10/dist-packages:${PYTHONPATH} /usr/bin/cmake --build /home/parallels/arduinobot_ws/src/build/arduinobot_cpp_examples -- -j2 -l2
[11.510s] Invoking command in '/home/parallels/arduinobot_ws/src/build/arduinobot_cpp_examples': AMENT_PREFIX_PATH=/home/parallels/arduinobot_ws/src/install/arduinobot_msgs:${AMENT_PREFIX_PATH} CMAKE_PREFIX_PATH=/home/parallels/arduinobot_ws/src/install/arduinobot_msgs:/home/parallels/ros2_ws/install/vision_opencv:/home/parallels/ros2_ws/install/image_geometry:/home/parallels/ros2_ws/install/cv_bridge:/home/parallels/test_ws/install/turtlesim:/home/parallels/test_ws/install/my_package:/home/parallels/ros2_ws/install/opencv_tests:/home/parallels/ros2_ws/install/my_robot_controller:/opt/ros/humble LD_LIBRARY_PATH=/home/parallels/arduinobot_ws/src/install/arduinobot_msgs/lib:${LD_LIBRARY_PATH} PYTHONPATH=/home/parallels/arduinobot_ws/src/install/arduinobot_msgs/local/lib/python3.10/dist-packages:${PYTHONPATH} /usr/bin/cmake --install /home/parallels/arduinobot_ws/src/build/arduinobot_cpp_examples
[11.515s] -- Install configuration: ""
[11.515s] -- Installing: /home/parallels/arduinobot_ws/src/install/arduinobot_cpp_examples/lib/arduinobot_cpp_examples/simple_publisher
[11.516s] -- Set runtime path of "/home/parallels/arduinobot_ws/src/install/arduinobot_cpp_examples/lib/arduinobot_cpp_examples/simple_publisher" to ""
[11.516s] -- Installing: /home/parallels/arduinobot_ws/src/install/arduinobot_cpp_examples/lib/arduinobot_cpp_examples/simple_subscriber
[11.519s] -- Set runtime path of "/home/parallels/arduinobot_ws/src/install/arduinobot_cpp_examples/lib/arduinobot_cpp_examples/simple_subscriber" to ""
[11.519s] -- Installing: /home/parallels/arduinobot_ws/src/install/arduinobot_cpp_examples/lib/arduinobot_cpp_examples/simple_parameter
[11.519s] -- Set runtime path of "/home/parallels/arduinobot_ws/src/install/arduinobot_cpp_examples/lib/arduinobot_cpp_examples/simple_parameter" to ""
[11.519s] -- Installing: /home/parallels/arduinobot_ws/src/install/arduinobot_cpp_examples/lib/arduinobot_cpp_examples/simple_service_server
[11.520s] -- Set runtime path of "/home/parallels/arduinobot_ws/src/install/arduinobot_cpp_examples/lib/arduinobot_cpp_examples/simple_service_server" to ""
[11.520s] -- Installing: /home/parallels/arduinobot_ws/src/install/arduinobot_cpp_examples/lib/arduinobot_cpp_examples/simple_service_client
[11.520s] -- Set runtime path of "/home/parallels/arduinobot_ws/src/install/arduinobot_cpp_examples/lib/arduinobot_cpp_examples/simple_service_client" to ""
[11.520s] -- Installing: /home/parallels/arduinobot_ws/src/install/arduinobot_cpp_examples/share/ament_index/resource_index/package_run_dependencies/arduinobot_cpp_examples
[11.521s] -- Installing: /home/parallels/arduinobot_ws/src/install/arduinobot_cpp_examples/share/ament_index/resource_index/parent_prefix_path/arduinobot_cpp_examples
[11.522s] -- Installing: /home/parallels/arduinobot_ws/src/install/arduinobot_cpp_examples/share/arduinobot_cpp_examples/environment/ament_prefix_path.sh
[11.522s] -- Installing: /home/parallels/arduinobot_ws/src/install/arduinobot_cpp_examples/share/arduinobot_cpp_examples/environment/ament_prefix_path.dsv
[11.522s] -- Installing: /home/parallels/arduinobot_ws/src/install/arduinobot_cpp_examples/share/arduinobot_cpp_examples/environment/path.sh
[11.522s] -- Installing: /home/parallels/arduinobot_ws/src/install/arduinobot_cpp_examples/share/arduinobot_cpp_examples/environment/path.dsv
[11.522s] -- Installing: /home/parallels/arduinobot_ws/src/install/arduinobot_cpp_examples/share/arduinobot_cpp_examples/local_setup.bash
[11.522s] -- Installing: /home/parallels/arduinobot_ws/src/install/arduinobot_cpp_examples/share/arduinobot_cpp_examples/local_setup.sh
[11.522s] -- Installing: /home/parallels/arduinobot_ws/src/install/arduinobot_cpp_examples/share/arduinobot_cpp_examples/local_setup.zsh
[11.522s] -- Installing: /home/parallels/arduinobot_ws/src/install/arduinobot_cpp_examples/share/arduinobot_cpp_examples/local_setup.dsv
[11.522s] -- Installing: /home/parallels/arduinobot_ws/src/install/arduinobot_cpp_examples/share/arduinobot_cpp_examples/package.dsv
[11.523s] -- Installing: /home/parallels/arduinobot_ws/src/install/arduinobot_cpp_examples/share/ament_index/resource_index/packages/arduinobot_cpp_examples
[11.523s] -- Installing: /home/parallels/arduinobot_ws/src/install/arduinobot_cpp_examples/share/arduinobot_cpp_examples/cmake/arduinobot_cpp_examplesConfig.cmake
[11.523s] -- Installing: /home/parallels/arduinobot_ws/src/install/arduinobot_cpp_examples/share/arduinobot_cpp_examples/cmake/arduinobot_cpp_examplesConfig-version.cmake
[11.523s] -- Installing: /home/parallels/arduinobot_ws/src/install/arduinobot_cpp_examples/share/arduinobot_cpp_examples/package.xml
[11.532s] Invoked command in '/home/parallels/arduinobot_ws/src/build/arduinobot_cpp_examples' returned '0': AMENT_PREFIX_PATH=/home/parallels/arduinobot_ws/src/install/arduinobot_msgs:${AMENT_PREFIX_PATH} CMAKE_PREFIX_PATH=/home/parallels/arduinobot_ws/src/install/arduinobot_msgs:/home/parallels/ros2_ws/install/vision_opencv:/home/parallels/ros2_ws/install/image_geometry:/home/parallels/ros2_ws/install/cv_bridge:/home/parallels/test_ws/install/turtlesim:/home/parallels/test_ws/install/my_package:/home/parallels/ros2_ws/install/opencv_tests:/home/parallels/ros2_ws/install/my_robot_controller:/opt/ros/humble LD_LIBRARY_PATH=/home/parallels/arduinobot_ws/src/install/arduinobot_msgs/lib:${LD_LIBRARY_PATH} PYTHONPATH=/home/parallels/arduinobot_ws/src/install/arduinobot_msgs/local/lib/python3.10/dist-packages:${PYTHONPATH} /usr/bin/cmake --install /home/parallels/arduinobot_ws/src/build/arduinobot_cpp_examples
