[0.071s] DEBUG:colcon:Command line arguments: ['/usr/bin/colcon', 'build']
[0.071s] DEBUG:colcon:Parsed command line arguments: Namespace(log_base=None, log_level=None, verb_name='build', build_base='build', install_base='install', merge_install=False, symlink_install=False, test_result_base=None, continue_on_error=False, executor='parallel', parallel_workers=4, event_handlers=None, ignore_user_meta=False, metas=['./colcon.meta'], base_paths=['.'], packages_ignore=None, packages_ignore_regex=None, paths=None, packages_up_to=None, packages_up_to_regex=None, packages_above=None, packages_above_and_dependencies=None, packages_above_depth=None, packages_select_by_dep=None, packages_skip_by_dep=None, packages_skip_up_to=None, packages_select_build_failed=False, packages_skip_build_finished=False, packages_select_test_failures=False, packages_skip_test_passed=False, packages_select=None, packages_skip=None, packages_select_regex=None, packages_skip_regex=None, packages_start=None, packages_end=None, allow_overriding=[], cmake_args=None, cmake_target=None, cmake_target_skip_unavailable=False, cmake_clean_cache=False, cmake_clean_first=False, cmake_force_configure=False, ament_cmake_args=None, catkin_cmake_args=None, catkin_skip_building_tests=False, mixin_files=None, mixin=None, verb_parser=<colcon_mixin.mixin.mixin_argument.MixinArgumentDecorator object at 0xffffbb3732e0>, verb_extension=<colcon_core.verb.build.BuildVerb object at 0xffffbb372ce0>, main=<bound method BuildVerb.main of <colcon_core.verb.build.BuildVerb object at 0xffffbb372ce0>>, mixin_verb=('build',))
[0.181s] Level 1:colcon.colcon_core.package_discovery:discover_packages(colcon_meta) check parameters
[0.181s] Level 1:colcon.colcon_core.package_discovery:discover_packages(recursive) check parameters
[0.181s] Level 1:colcon.colcon_core.package_discovery:discover_packages(ignore) check parameters
[0.181s] Level 1:colcon.colcon_core.package_discovery:discover_packages(path) check parameters
[0.181s] Level 1:colcon.colcon_core.package_discovery:discover_packages(colcon_meta) discover
[0.181s] Level 1:colcon.colcon_core.package_discovery:discover_packages(recursive) discover
[0.181s] INFO:colcon.colcon_core.package_discovery:Crawling recursively for packages in '/home/parallels/arduinobot_ws'
[0.181s] Level 1:colcon.colcon_core.package_identification:_identify(.) by extensions ['ignore', 'ignore_ament_install']
[0.181s] Level 1:colcon.colcon_core.package_identification:_identify(.) by extension 'ignore'
[0.181s] Level 1:colcon.colcon_core.package_identification:_identify(.) by extension 'ignore_ament_install'
[0.181s] Level 1:colcon.colcon_core.package_identification:_identify(.) by extensions ['colcon_pkg']
[0.181s] Level 1:colcon.colcon_core.package_identification:_identify(.) by extension 'colcon_pkg'
[0.181s] Level 1:colcon.colcon_core.package_identification:_identify(.) by extensions ['colcon_meta']
[0.181s] Level 1:colcon.colcon_core.package_identification:_identify(.) by extension 'colcon_meta'
[0.181s] Level 1:colcon.colcon_core.package_identification:_identify(.) by extensions ['ros']
[0.181s] Level 1:colcon.colcon_core.package_identification:_identify(.) by extension 'ros'
[0.189s] Level 1:colcon.colcon_core.package_identification:_identify(.) by extensions ['cmake', 'python']
[0.189s] Level 1:colcon.colcon_core.package_identification:_identify(.) by extension 'cmake'
[0.189s] Level 1:colcon.colcon_core.package_identification:_identify(.) by extension 'python'
[0.189s] Level 1:colcon.colcon_core.package_identification:_identify(.) by extensions ['python_setup_py']
[0.189s] Level 1:colcon.colcon_core.package_identification:_identify(.) by extension 'python_setup_py'
[0.189s] Level 1:colcon.colcon_core.package_identification:_identify(build) by extensions ['ignore', 'ignore_ament_install']
[0.189s] Level 1:colcon.colcon_core.package_identification:_identify(build) by extension 'ignore'
[0.189s] Level 1:colcon.colcon_core.package_identification:_identify(build) ignored
[0.189s] Level 1:colcon.colcon_core.package_identification:_identify(install) by extensions ['ignore', 'ignore_ament_install']
[0.189s] Level 1:colcon.colcon_core.package_identification:_identify(install) by extension 'ignore'
[0.189s] Level 1:colcon.colcon_core.package_identification:_identify(install) ignored
[0.189s] Level 1:colcon.colcon_core.package_identification:_identify(log) by extensions ['ignore', 'ignore_ament_install']
[0.189s] Level 1:colcon.colcon_core.package_identification:_identify(log) by extension 'ignore'
[0.189s] Level 1:colcon.colcon_core.package_identification:_identify(log) ignored
[0.189s] Level 1:colcon.colcon_core.package_identification:_identify(src) by extensions ['ignore', 'ignore_ament_install']
[0.189s] Level 1:colcon.colcon_core.package_identification:_identify(src) by extension 'ignore'
[0.189s] Level 1:colcon.colcon_core.package_identification:_identify(src) by extension 'ignore_ament_install'
[0.189s] Level 1:colcon.colcon_core.package_identification:_identify(src) by extensions ['colcon_pkg']
[0.189s] Level 1:colcon.colcon_core.package_identification:_identify(src) by extension 'colcon_pkg'
[0.189s] Level 1:colcon.colcon_core.package_identification:_identify(src) by extensions ['colcon_meta']
[0.189s] Level 1:colcon.colcon_core.package_identification:_identify(src) by extension 'colcon_meta'
[0.189s] Level 1:colcon.colcon_core.package_identification:_identify(src) by extensions ['ros']
[0.189s] Level 1:colcon.colcon_core.package_identification:_identify(src) by extension 'ros'
[0.189s] Level 1:colcon.colcon_core.package_identification:_identify(src) by extensions ['cmake', 'python']
[0.190s] Level 1:colcon.colcon_core.package_identification:_identify(src) by extension 'cmake'
[0.190s] Level 1:colcon.colcon_core.package_identification:_identify(src) by extension 'python'
[0.190s] Level 1:colcon.colcon_core.package_identification:_identify(src) by extensions ['python_setup_py']
[0.190s] Level 1:colcon.colcon_core.package_identification:_identify(src) by extension 'python_setup_py'
[0.190s] Level 1:colcon.colcon_core.package_identification:_identify(src/arduinobot_cpp_examples) by extensions ['ignore', 'ignore_ament_install']
[0.190s] Level 1:colcon.colcon_core.package_identification:_identify(src/arduinobot_cpp_examples) by extension 'ignore'
[0.190s] Level 1:colcon.colcon_core.package_identification:_identify(src/arduinobot_cpp_examples) by extension 'ignore_ament_install'
[0.190s] Level 1:colcon.colcon_core.package_identification:_identify(src/arduinobot_cpp_examples) by extensions ['colcon_pkg']
[0.190s] Level 1:colcon.colcon_core.package_identification:_identify(src/arduinobot_cpp_examples) by extension 'colcon_pkg'
[0.190s] Level 1:colcon.colcon_core.package_identification:_identify(src/arduinobot_cpp_examples) by extensions ['colcon_meta']
[0.190s] Level 1:colcon.colcon_core.package_identification:_identify(src/arduinobot_cpp_examples) by extension 'colcon_meta'
[0.190s] Level 1:colcon.colcon_core.package_identification:_identify(src/arduinobot_cpp_examples) by extensions ['ros']
[0.190s] Level 1:colcon.colcon_core.package_identification:_identify(src/arduinobot_cpp_examples) by extension 'ros'
[0.192s] DEBUG:colcon.colcon_core.package_identification:Package 'src/arduinobot_cpp_examples' with type 'ros.ament_cmake' and name 'arduinobot_cpp_examples'
[0.192s] Level 1:colcon.colcon_core.package_identification:_identify(src/arduinobot_description) by extensions ['ignore', 'ignore_ament_install']
[0.192s] Level 1:colcon.colcon_core.package_identification:_identify(src/arduinobot_description) by extension 'ignore'
[0.192s] Level 1:colcon.colcon_core.package_identification:_identify(src/arduinobot_description) by extension 'ignore_ament_install'
[0.192s] Level 1:colcon.colcon_core.package_identification:_identify(src/arduinobot_description) by extensions ['colcon_pkg']
[0.192s] Level 1:colcon.colcon_core.package_identification:_identify(src/arduinobot_description) by extension 'colcon_pkg'
[0.192s] Level 1:colcon.colcon_core.package_identification:_identify(src/arduinobot_description) by extensions ['colcon_meta']
[0.192s] Level 1:colcon.colcon_core.package_identification:_identify(src/arduinobot_description) by extension 'colcon_meta'
[0.192s] Level 1:colcon.colcon_core.package_identification:_identify(src/arduinobot_description) by extensions ['ros']
[0.192s] Level 1:colcon.colcon_core.package_identification:_identify(src/arduinobot_description) by extension 'ros'
[0.193s] DEBUG:colcon.colcon_core.package_identification:Package 'src/arduinobot_description' with type 'ros.ament_cmake' and name 'arduinobot_description'
[0.193s] Level 1:colcon.colcon_core.package_identification:_identify(src/arduinobot_msgs) by extensions ['ignore', 'ignore_ament_install']
[0.193s] Level 1:colcon.colcon_core.package_identification:_identify(src/arduinobot_msgs) by extension 'ignore'
[0.193s] Level 1:colcon.colcon_core.package_identification:_identify(src/arduinobot_msgs) by extension 'ignore_ament_install'
[0.193s] Level 1:colcon.colcon_core.package_identification:_identify(src/arduinobot_msgs) by extensions ['colcon_pkg']
[0.193s] Level 1:colcon.colcon_core.package_identification:_identify(src/arduinobot_msgs) by extension 'colcon_pkg'
[0.193s] Level 1:colcon.colcon_core.package_identification:_identify(src/arduinobot_msgs) by extensions ['colcon_meta']
[0.193s] Level 1:colcon.colcon_core.package_identification:_identify(src/arduinobot_msgs) by extension 'colcon_meta'
[0.193s] Level 1:colcon.colcon_core.package_identification:_identify(src/arduinobot_msgs) by extensions ['ros']
[0.193s] Level 1:colcon.colcon_core.package_identification:_identify(src/arduinobot_msgs) by extension 'ros'
[0.193s] DEBUG:colcon.colcon_core.package_identification:Package 'src/arduinobot_msgs' with type 'ros.ament_cmake' and name 'arduinobot_msgs'
[0.193s] Level 1:colcon.colcon_core.package_identification:_identify(src/arduinobot_py_examples) by extensions ['ignore', 'ignore_ament_install']
[0.193s] Level 1:colcon.colcon_core.package_identification:_identify(src/arduinobot_py_examples) by extension 'ignore'
[0.193s] Level 1:colcon.colcon_core.package_identification:_identify(src/arduinobot_py_examples) by extension 'ignore_ament_install'
[0.193s] Level 1:colcon.colcon_core.package_identification:_identify(src/arduinobot_py_examples) by extensions ['colcon_pkg']
[0.193s] Level 1:colcon.colcon_core.package_identification:_identify(src/arduinobot_py_examples) by extension 'colcon_pkg'
[0.193s] Level 1:colcon.colcon_core.package_identification:_identify(src/arduinobot_py_examples) by extensions ['colcon_meta']
[0.193s] Level 1:colcon.colcon_core.package_identification:_identify(src/arduinobot_py_examples) by extension 'colcon_meta'
[0.194s] Level 1:colcon.colcon_core.package_identification:_identify(src/arduinobot_py_examples) by extensions ['ros']
[0.194s] Level 1:colcon.colcon_core.package_identification:_identify(src/arduinobot_py_examples) by extension 'ros'
[0.194s] DEBUG:colcon.colcon_core.package_identification:Package 'src/arduinobot_py_examples' with type 'ros.ament_python' and name 'arduinobot_py_examples'
[0.194s] Level 1:colcon.colcon_core.package_discovery:discover_packages(recursive) using defaults
[0.194s] Level 1:colcon.colcon_core.package_discovery:discover_packages(ignore) discover
[0.194s] Level 1:colcon.colcon_core.package_discovery:discover_packages(ignore) using defaults
[0.194s] Level 1:colcon.colcon_core.package_discovery:discover_packages(path) discover
[0.194s] Level 1:colcon.colcon_core.package_discovery:discover_packages(path) using defaults
[0.214s] Level 1:colcon.colcon_core.package_discovery:discover_packages(prefix_path) check parameters
[0.214s] Level 1:colcon.colcon_core.package_discovery:discover_packages(prefix_path) discover
[0.215s] DEBUG:colcon.colcon_installed_package_information.package_discovery:Found 6 installed packages in /home/parallels/ros2_ws/install
[0.216s] DEBUG:colcon.colcon_installed_package_information.package_discovery:Found 2 installed packages in /home/parallels/test_ws/install
[0.217s] DEBUG:colcon.colcon_installed_package_information.package_discovery:Found 366 installed packages in /opt/ros/humble
[0.218s] Level 1:colcon.colcon_core.package_discovery:discover_packages(prefix_path) using defaults
[0.250s] Level 5:colcon.colcon_core.verb:set package 'arduinobot_description' build argument 'cmake_args' from command line to 'None'
[0.250s] Level 5:colcon.colcon_core.verb:set package 'arduinobot_description' build argument 'cmake_target' from command line to 'None'
[0.250s] Level 5:colcon.colcon_core.verb:set package 'arduinobot_description' build argument 'cmake_target_skip_unavailable' from command line to 'False'
[0.250s] Level 5:colcon.colcon_core.verb:set package 'arduinobot_description' build argument 'cmake_clean_cache' from command line to 'False'
[0.250s] Level 5:colcon.colcon_core.verb:set package 'arduinobot_description' build argument 'cmake_clean_first' from command line to 'False'
[0.250s] Level 5:colcon.colcon_core.verb:set package 'arduinobot_description' build argument 'cmake_force_configure' from command line to 'False'
[0.250s] Level 5:colcon.colcon_core.verb:set package 'arduinobot_description' build argument 'ament_cmake_args' from command line to 'None'
[0.250s] Level 5:colcon.colcon_core.verb:set package 'arduinobot_description' build argument 'catkin_cmake_args' from command line to 'None'
[0.250s] Level 5:colcon.colcon_core.verb:set package 'arduinobot_description' build argument 'catkin_skip_building_tests' from command line to 'False'
[0.250s] DEBUG:colcon.colcon_core.verb:Building package 'arduinobot_description' with the following arguments: {'ament_cmake_args': None, 'build_base': '/home/parallels/arduinobot_ws/build/arduinobot_description', 'catkin_cmake_args': None, 'catkin_skip_building_tests': False, 'cmake_args': None, 'cmake_clean_cache': False, 'cmake_clean_first': False, 'cmake_force_configure': False, 'cmake_target': None, 'cmake_target_skip_unavailable': False, 'install_base': '/home/parallels/arduinobot_ws/install/arduinobot_description', 'merge_install': False, 'path': '/home/parallels/arduinobot_ws/src/arduinobot_description', 'symlink_install': False, 'test_result_base': None}
[0.250s] Level 5:colcon.colcon_core.verb:set package 'arduinobot_msgs' build argument 'cmake_args' from command line to 'None'
[0.250s] Level 5:colcon.colcon_core.verb:set package 'arduinobot_msgs' build argument 'cmake_target' from command line to 'None'
[0.250s] Level 5:colcon.colcon_core.verb:set package 'arduinobot_msgs' build argument 'cmake_target_skip_unavailable' from command line to 'False'
[0.250s] Level 5:colcon.colcon_core.verb:set package 'arduinobot_msgs' build argument 'cmake_clean_cache' from command line to 'False'
[0.250s] Level 5:colcon.colcon_core.verb:set package 'arduinobot_msgs' build argument 'cmake_clean_first' from command line to 'False'
[0.250s] Level 5:colcon.colcon_core.verb:set package 'arduinobot_msgs' build argument 'cmake_force_configure' from command line to 'False'
[0.250s] Level 5:colcon.colcon_core.verb:set package 'arduinobot_msgs' build argument 'ament_cmake_args' from command line to 'None'
[0.250s] Level 5:colcon.colcon_core.verb:set package 'arduinobot_msgs' build argument 'catkin_cmake_args' from command line to 'None'
[0.250s] Level 5:colcon.colcon_core.verb:set package 'arduinobot_msgs' build argument 'catkin_skip_building_tests' from command line to 'False'
[0.250s] DEBUG:colcon.colcon_core.verb:Building package 'arduinobot_msgs' with the following arguments: {'ament_cmake_args': None, 'build_base': '/home/parallels/arduinobot_ws/build/arduinobot_msgs', 'catkin_cmake_args': None, 'catkin_skip_building_tests': False, 'cmake_args': None, 'cmake_clean_cache': False, 'cmake_clean_first': False, 'cmake_force_configure': False, 'cmake_target': None, 'cmake_target_skip_unavailable': False, 'install_base': '/home/parallels/arduinobot_ws/install/arduinobot_msgs', 'merge_install': False, 'path': '/home/parallels/arduinobot_ws/src/arduinobot_msgs', 'symlink_install': False, 'test_result_base': None}
[0.250s] Level 5:colcon.colcon_core.verb:set package 'arduinobot_cpp_examples' build argument 'cmake_args' from command line to 'None'
[0.250s] Level 5:colcon.colcon_core.verb:set package 'arduinobot_cpp_examples' build argument 'cmake_target' from command line to 'None'
[0.250s] Level 5:colcon.colcon_core.verb:set package 'arduinobot_cpp_examples' build argument 'cmake_target_skip_unavailable' from command line to 'False'
[0.250s] Level 5:colcon.colcon_core.verb:set package 'arduinobot_cpp_examples' build argument 'cmake_clean_cache' from command line to 'False'
[0.250s] Level 5:colcon.colcon_core.verb:set package 'arduinobot_cpp_examples' build argument 'cmake_clean_first' from command line to 'False'
[0.250s] Level 5:colcon.colcon_core.verb:set package 'arduinobot_cpp_examples' build argument 'cmake_force_configure' from command line to 'False'
[0.250s] Level 5:colcon.colcon_core.verb:set package 'arduinobot_cpp_examples' build argument 'ament_cmake_args' from command line to 'None'
[0.250s] Level 5:colcon.colcon_core.verb:set package 'arduinobot_cpp_examples' build argument 'catkin_cmake_args' from command line to 'None'
[0.250s] Level 5:colcon.colcon_core.verb:set package 'arduinobot_cpp_examples' build argument 'catkin_skip_building_tests' from command line to 'False'
[0.251s] DEBUG:colcon.colcon_core.verb:Building package 'arduinobot_cpp_examples' with the following arguments: {'ament_cmake_args': None, 'build_base': '/home/parallels/arduinobot_ws/build/arduinobot_cpp_examples', 'catkin_cmake_args': None, 'catkin_skip_building_tests': False, 'cmake_args': None, 'cmake_clean_cache': False, 'cmake_clean_first': False, 'cmake_force_configure': False, 'cmake_target': None, 'cmake_target_skip_unavailable': False, 'install_base': '/home/parallels/arduinobot_ws/install/arduinobot_cpp_examples', 'merge_install': False, 'path': '/home/parallels/arduinobot_ws/src/arduinobot_cpp_examples', 'symlink_install': False, 'test_result_base': None}
[0.251s] Level 5:colcon.colcon_core.verb:set package 'arduinobot_py_examples' build argument 'cmake_args' from command line to 'None'
[0.251s] Level 5:colcon.colcon_core.verb:set package 'arduinobot_py_examples' build argument 'cmake_target' from command line to 'None'
[0.251s] Level 5:colcon.colcon_core.verb:set package 'arduinobot_py_examples' build argument 'cmake_target_skip_unavailable' from command line to 'False'
[0.251s] Level 5:colcon.colcon_core.verb:set package 'arduinobot_py_examples' build argument 'cmake_clean_cache' from command line to 'False'
[0.251s] Level 5:colcon.colcon_core.verb:set package 'arduinobot_py_examples' build argument 'cmake_clean_first' from command line to 'False'
[0.251s] Level 5:colcon.colcon_core.verb:set package 'arduinobot_py_examples' build argument 'cmake_force_configure' from command line to 'False'
[0.251s] Level 5:colcon.colcon_core.verb:set package 'arduinobot_py_examples' build argument 'ament_cmake_args' from command line to 'None'
[0.251s] Level 5:colcon.colcon_core.verb:set package 'arduinobot_py_examples' build argument 'catkin_cmake_args' from command line to 'None'
[0.251s] Level 5:colcon.colcon_core.verb:set package 'arduinobot_py_examples' build argument 'catkin_skip_building_tests' from command line to 'False'
[0.251s] DEBUG:colcon.colcon_core.verb:Building package 'arduinobot_py_examples' with the following arguments: {'ament_cmake_args': None, 'build_base': '/home/parallels/arduinobot_ws/build/arduinobot_py_examples', 'catkin_cmake_args': None, 'catkin_skip_building_tests': False, 'cmake_args': None, 'cmake_clean_cache': False, 'cmake_clean_first': False, 'cmake_force_configure': False, 'cmake_target': None, 'cmake_target_skip_unavailable': False, 'install_base': '/home/parallels/arduinobot_ws/install/arduinobot_py_examples', 'merge_install': False, 'path': '/home/parallels/arduinobot_ws/src/arduinobot_py_examples', 'symlink_install': False, 'test_result_base': None}
[0.251s] INFO:colcon.colcon_core.executor:Executing jobs using 'parallel' executor
[0.252s] DEBUG:colcon.colcon_parallel_executor.executor.parallel:run_until_complete
[0.252s] INFO:colcon.colcon_ros.task.ament_cmake.build:Building ROS package in '/home/parallels/arduinobot_ws/src/arduinobot_msgs' with build type 'ament_cmake'
[0.252s] INFO:colcon.colcon_cmake.task.cmake.build:Building CMake package in '/home/parallels/arduinobot_ws/src/arduinobot_msgs'
[0.253s] INFO:colcon.colcon_core.plugin_system:Skipping extension 'colcon_core.shell.bat': Not used on non-Windows systems
[0.253s] INFO:colcon.colcon_core.shell:Skip shell extension 'powershell' for command environment: Not usable outside of PowerShell
[0.253s] DEBUG:colcon.colcon_core.shell:Skip shell extension 'dsv' for command environment
[0.256s] INFO:colcon.colcon_ros.task.ament_cmake.build:Building ROS package in '/home/parallels/arduinobot_ws/src/arduinobot_description' with build type 'ament_cmake'
[0.256s] INFO:colcon.colcon_cmake.task.cmake.build:Building CMake package in '/home/parallels/arduinobot_ws/src/arduinobot_description'
[0.257s] INFO:colcon.colcon_core.shell:Skip shell extension 'powershell' for command environment: Not usable outside of PowerShell
[0.257s] DEBUG:colcon.colcon_core.shell:Skip shell extension 'dsv' for command environment
[0.262s] DEBUG:colcon.colcon_core.event_handler.log_command:Invoking command in '/home/parallels/arduinobot_ws/build/arduinobot_msgs': CMAKE_PREFIX_PATH=${CMAKE_PREFIX_PATH}:/home/parallels/ros2_ws/install/opencv_tests:/home/parallels/ros2_ws/install/my_robot_controller:/opt/ros/humble /usr/bin/cmake --build /home/parallels/arduinobot_ws/build/arduinobot_msgs -- -j4 -l4
[0.270s] DEBUG:colcon.colcon_core.event_handler.log_command:Invoking command in '/home/parallels/arduinobot_ws/build/arduinobot_description': CMAKE_PREFIX_PATH=${CMAKE_PREFIX_PATH}:/home/parallels/ros2_ws/install/opencv_tests:/home/parallels/ros2_ws/install/my_robot_controller:/opt/ros/humble /usr/bin/cmake --build /home/parallels/arduinobot_ws/build/arduinobot_description -- -j4 -l4
[0.313s] DEBUG:colcon.colcon_core.event_handler.log_command:Invoked command in '/home/parallels/arduinobot_ws/build/arduinobot_description' returned '0': CMAKE_PREFIX_PATH=${CMAKE_PREFIX_PATH}:/home/parallels/ros2_ws/install/opencv_tests:/home/parallels/ros2_ws/install/my_robot_controller:/opt/ros/humble /usr/bin/cmake --build /home/parallels/arduinobot_ws/build/arduinobot_description -- -j4 -l4
[0.357s] DEBUG:colcon.colcon_core.event_handler.log_command:Invoking command in '/home/parallels/arduinobot_ws/build/arduinobot_description': CMAKE_PREFIX_PATH=${CMAKE_PREFIX_PATH}:/home/parallels/ros2_ws/install/opencv_tests:/home/parallels/ros2_ws/install/my_robot_controller:/opt/ros/humble /usr/bin/cmake --install /home/parallels/arduinobot_ws/build/arduinobot_description
[0.397s] Level 1:colcon.colcon_core.environment:create_environment_scripts_only(arduinobot_description)
[0.400s] DEBUG:colcon.colcon_core.event_handler.log_command:Invoked command in '/home/parallels/arduinobot_ws/build/arduinobot_description' returned '0': CMAKE_PREFIX_PATH=${CMAKE_PREFIX_PATH}:/home/parallels/ros2_ws/install/opencv_tests:/home/parallels/ros2_ws/install/my_robot_controller:/opt/ros/humble /usr/bin/cmake --install /home/parallels/arduinobot_ws/build/arduinobot_description
[0.401s] Level 1:colcon.colcon_core.environment:checking '/home/parallels/arduinobot_ws/install/arduinobot_description' for CMake module files
[0.401s] Level 1:colcon.colcon_core.environment:checking '/home/parallels/arduinobot_ws/install/arduinobot_description' for CMake config files
[0.402s] Level 1:colcon.colcon_core.shell:create_environment_hook('arduinobot_description', 'cmake_prefix_path')
[0.402s] INFO:colcon.colcon_core.shell:Creating environment hook '/home/parallels/arduinobot_ws/install/arduinobot_description/share/arduinobot_description/hook/cmake_prefix_path.ps1'
[0.402s] INFO:colcon.colcon_core.shell:Creating environment descriptor '/home/parallels/arduinobot_ws/install/arduinobot_description/share/arduinobot_description/hook/cmake_prefix_path.dsv'
[0.403s] INFO:colcon.colcon_core.shell:Creating environment hook '/home/parallels/arduinobot_ws/install/arduinobot_description/share/arduinobot_description/hook/cmake_prefix_path.sh'
[0.404s] Level 1:colcon.colcon_core.environment:checking '/home/parallels/arduinobot_ws/install/arduinobot_description/bin'
[0.404s] Level 1:colcon.colcon_core.environment:checking '/home/parallels/arduinobot_ws/install/arduinobot_description/lib/pkgconfig/arduinobot_description.pc'
[0.404s] Level 1:colcon.colcon_core.environment:checking '/home/parallels/arduinobot_ws/install/arduinobot_description/lib/python3.10/site-packages'
[0.404s] Level 1:colcon.colcon_core.environment:checking '/home/parallels/arduinobot_ws/install/arduinobot_description/bin'
[0.404s] INFO:colcon.colcon_core.shell:Creating package script '/home/parallels/arduinobot_ws/install/arduinobot_description/share/arduinobot_description/package.ps1'
[0.405s] INFO:colcon.colcon_core.shell:Creating package descriptor '/home/parallels/arduinobot_ws/install/arduinobot_description/share/arduinobot_description/package.dsv'
[0.407s] INFO:colcon.colcon_core.shell:Creating package script '/home/parallels/arduinobot_ws/install/arduinobot_description/share/arduinobot_description/package.sh'
[0.408s] INFO:colcon.colcon_core.shell:Creating package script '/home/parallels/arduinobot_ws/install/arduinobot_description/share/arduinobot_description/package.bash'
[0.408s] INFO:colcon.colcon_core.shell:Creating package script '/home/parallels/arduinobot_ws/install/arduinobot_description/share/arduinobot_description/package.zsh'
[0.410s] Level 1:colcon.colcon_core.environment:create_file_with_runtime_dependencies(/home/parallels/arduinobot_ws/install/arduinobot_description/share/colcon-core/packages/arduinobot_description)
[0.425s] Level 1:colcon.colcon_core.environment:create_environment_scripts_only(arduinobot_description)
[0.425s] Level 1:colcon.colcon_core.environment:checking '/home/parallels/arduinobot_ws/install/arduinobot_description' for CMake module files
[0.426s] Level 1:colcon.colcon_core.environment:checking '/home/parallels/arduinobot_ws/install/arduinobot_description' for CMake config files
[0.427s] Level 1:colcon.colcon_core.shell:create_environment_hook('arduinobot_description', 'cmake_prefix_path')
[0.427s] INFO:colcon.colcon_core.shell:Creating environment hook '/home/parallels/arduinobot_ws/install/arduinobot_description/share/arduinobot_description/hook/cmake_prefix_path.ps1'
[0.428s] INFO:colcon.colcon_core.shell:Creating environment descriptor '/home/parallels/arduinobot_ws/install/arduinobot_description/share/arduinobot_description/hook/cmake_prefix_path.dsv'
[0.429s] INFO:colcon.colcon_core.shell:Creating environment hook '/home/parallels/arduinobot_ws/install/arduinobot_description/share/arduinobot_description/hook/cmake_prefix_path.sh'
[0.429s] Level 1:colcon.colcon_core.environment:checking '/home/parallels/arduinobot_ws/install/arduinobot_description/bin'
[0.429s] Level 1:colcon.colcon_core.environment:checking '/home/parallels/arduinobot_ws/install/arduinobot_description/lib/pkgconfig/arduinobot_description.pc'
[0.430s] Level 1:colcon.colcon_core.environment:checking '/home/parallels/arduinobot_ws/install/arduinobot_description/lib/python3.10/site-packages'
[0.430s] Level 1:colcon.colcon_core.environment:checking '/home/parallels/arduinobot_ws/install/arduinobot_description/bin'
[0.431s] INFO:colcon.colcon_core.shell:Creating package script '/home/parallels/arduinobot_ws/install/arduinobot_description/share/arduinobot_description/package.ps1'
[0.431s] INFO:colcon.colcon_core.shell:Creating package descriptor '/home/parallels/arduinobot_ws/install/arduinobot_description/share/arduinobot_description/package.dsv'
[0.432s] INFO:colcon.colcon_core.shell:Creating package script '/home/parallels/arduinobot_ws/install/arduinobot_description/share/arduinobot_description/package.sh'
[0.433s] INFO:colcon.colcon_core.shell:Creating package script '/home/parallels/arduinobot_ws/install/arduinobot_description/share/arduinobot_description/package.bash'
[0.433s] INFO:colcon.colcon_core.shell:Creating package script '/home/parallels/arduinobot_ws/install/arduinobot_description/share/arduinobot_description/package.zsh'
[0.434s] Level 1:colcon.colcon_core.environment:create_file_with_runtime_dependencies(/home/parallels/arduinobot_ws/install/arduinobot_description/share/colcon-core/packages/arduinobot_description)
[0.558s] DEBUG:colcon.colcon_core.event_handler.log_command:Invoked command in '/home/parallels/arduinobot_ws/build/arduinobot_msgs' returned '0': CMAKE_PREFIX_PATH=${CMAKE_PREFIX_PATH}:/home/parallels/ros2_ws/install/opencv_tests:/home/parallels/ros2_ws/install/my_robot_controller:/opt/ros/humble /usr/bin/cmake --build /home/parallels/arduinobot_ws/build/arduinobot_msgs -- -j4 -l4
[0.595s] DEBUG:colcon.colcon_core.event_handler.log_command:Invoking command in '/home/parallels/arduinobot_ws/build/arduinobot_msgs': CMAKE_PREFIX_PATH=${CMAKE_PREFIX_PATH}:/home/parallels/ros2_ws/install/opencv_tests:/home/parallels/ros2_ws/install/my_robot_controller:/opt/ros/humble /usr/bin/cmake --install /home/parallels/arduinobot_ws/build/arduinobot_msgs
[0.637s] Level 1:colcon.colcon_core.environment:create_environment_scripts_only(arduinobot_msgs)
[0.637s] Level 1:colcon.colcon_core.environment:checking '/home/parallels/arduinobot_ws/install/arduinobot_msgs' for CMake module files
[0.637s] DEBUG:colcon.colcon_core.event_handler.log_command:Invoked command in '/home/parallels/arduinobot_ws/build/arduinobot_msgs' returned '0': CMAKE_PREFIX_PATH=${CMAKE_PREFIX_PATH}:/home/parallels/ros2_ws/install/opencv_tests:/home/parallels/ros2_ws/install/my_robot_controller:/opt/ros/humble /usr/bin/cmake --install /home/parallels/arduinobot_ws/build/arduinobot_msgs
[0.637s] Level 1:colcon.colcon_core.environment:checking '/home/parallels/arduinobot_ws/install/arduinobot_msgs' for CMake config files
[0.638s] Level 1:colcon.colcon_core.shell:create_environment_hook('arduinobot_msgs', 'cmake_prefix_path')
[0.638s] INFO:colcon.colcon_core.shell:Creating environment hook '/home/parallels/arduinobot_ws/install/arduinobot_msgs/share/arduinobot_msgs/hook/cmake_prefix_path.ps1'
[0.638s] INFO:colcon.colcon_core.shell:Creating environment descriptor '/home/parallels/arduinobot_ws/install/arduinobot_msgs/share/arduinobot_msgs/hook/cmake_prefix_path.dsv'
[0.638s] INFO:colcon.colcon_core.shell:Creating environment hook '/home/parallels/arduinobot_ws/install/arduinobot_msgs/share/arduinobot_msgs/hook/cmake_prefix_path.sh'
[0.639s] Level 1:colcon.colcon_core.environment:checking '/home/parallels/arduinobot_ws/install/arduinobot_msgs/lib'
[0.639s] Level 1:colcon.colcon_core.shell:create_environment_hook('arduinobot_msgs', 'ld_library_path_lib')
[0.639s] INFO:colcon.colcon_core.shell:Creating environment hook '/home/parallels/arduinobot_ws/install/arduinobot_msgs/share/arduinobot_msgs/hook/ld_library_path_lib.ps1'
[0.639s] INFO:colcon.colcon_core.shell:Creating environment descriptor '/home/parallels/arduinobot_ws/install/arduinobot_msgs/share/arduinobot_msgs/hook/ld_library_path_lib.dsv'
[0.639s] INFO:colcon.colcon_core.shell:Creating environment hook '/home/parallels/arduinobot_ws/install/arduinobot_msgs/share/arduinobot_msgs/hook/ld_library_path_lib.sh'
[0.640s] Level 1:colcon.colcon_core.environment:checking '/home/parallels/arduinobot_ws/install/arduinobot_msgs/bin'
[0.640s] Level 1:colcon.colcon_core.environment:checking '/home/parallels/arduinobot_ws/install/arduinobot_msgs/lib/pkgconfig/arduinobot_msgs.pc'
[0.640s] Level 1:colcon.colcon_core.environment:checking '/home/parallels/arduinobot_ws/install/arduinobot_msgs/lib/python3.10/site-packages'
[0.640s] Level 1:colcon.colcon_core.environment:checking '/home/parallels/arduinobot_ws/install/arduinobot_msgs/bin'
[0.640s] INFO:colcon.colcon_core.shell:Creating package script '/home/parallels/arduinobot_ws/install/arduinobot_msgs/share/arduinobot_msgs/package.ps1'
[0.640s] INFO:colcon.colcon_core.shell:Creating package descriptor '/home/parallels/arduinobot_ws/install/arduinobot_msgs/share/arduinobot_msgs/package.dsv'
[0.641s] INFO:colcon.colcon_core.shell:Creating package script '/home/parallels/arduinobot_ws/install/arduinobot_msgs/share/arduinobot_msgs/package.sh'
[0.641s] INFO:colcon.colcon_core.shell:Creating package script '/home/parallels/arduinobot_ws/install/arduinobot_msgs/share/arduinobot_msgs/package.bash'
[0.641s] INFO:colcon.colcon_core.shell:Creating package script '/home/parallels/arduinobot_ws/install/arduinobot_msgs/share/arduinobot_msgs/package.zsh'
[0.641s] Level 1:colcon.colcon_core.environment:create_file_with_runtime_dependencies(/home/parallels/arduinobot_ws/install/arduinobot_msgs/share/colcon-core/packages/arduinobot_msgs)
[0.686s] Level 1:colcon.colcon_core.environment:create_environment_scripts_only(arduinobot_msgs)
[0.686s] Level 1:colcon.colcon_core.environment:checking '/home/parallels/arduinobot_ws/install/arduinobot_msgs' for CMake module files
[0.686s] Level 1:colcon.colcon_core.environment:checking '/home/parallels/arduinobot_ws/install/arduinobot_msgs' for CMake config files
[0.687s] Level 1:colcon.colcon_core.shell:create_environment_hook('arduinobot_msgs', 'cmake_prefix_path')
[0.687s] INFO:colcon.colcon_core.shell:Creating environment hook '/home/parallels/arduinobot_ws/install/arduinobot_msgs/share/arduinobot_msgs/hook/cmake_prefix_path.ps1'
[0.687s] INFO:colcon.colcon_core.shell:Creating environment descriptor '/home/parallels/arduinobot_ws/install/arduinobot_msgs/share/arduinobot_msgs/hook/cmake_prefix_path.dsv'
[0.687s] INFO:colcon.colcon_core.shell:Creating environment hook '/home/parallels/arduinobot_ws/install/arduinobot_msgs/share/arduinobot_msgs/hook/cmake_prefix_path.sh'
[0.688s] Level 1:colcon.colcon_core.environment:checking '/home/parallels/arduinobot_ws/install/arduinobot_msgs/lib'
[0.688s] Level 1:colcon.colcon_core.shell:create_environment_hook('arduinobot_msgs', 'ld_library_path_lib')
[0.688s] INFO:colcon.colcon_core.shell:Creating environment hook '/home/parallels/arduinobot_ws/install/arduinobot_msgs/share/arduinobot_msgs/hook/ld_library_path_lib.ps1'
[0.688s] INFO:colcon.colcon_core.shell:Creating environment descriptor '/home/parallels/arduinobot_ws/install/arduinobot_msgs/share/arduinobot_msgs/hook/ld_library_path_lib.dsv'
[0.688s] INFO:colcon.colcon_core.shell:Creating environment hook '/home/parallels/arduinobot_ws/install/arduinobot_msgs/share/arduinobot_msgs/hook/ld_library_path_lib.sh'
[0.688s] Level 1:colcon.colcon_core.environment:checking '/home/parallels/arduinobot_ws/install/arduinobot_msgs/bin'
[0.688s] Level 1:colcon.colcon_core.environment:checking '/home/parallels/arduinobot_ws/install/arduinobot_msgs/lib/pkgconfig/arduinobot_msgs.pc'
[0.688s] Level 1:colcon.colcon_core.environment:checking '/home/parallels/arduinobot_ws/install/arduinobot_msgs/lib/python3.10/site-packages'
[0.689s] Level 1:colcon.colcon_core.environment:checking '/home/parallels/arduinobot_ws/install/arduinobot_msgs/bin'
[0.689s] INFO:colcon.colcon_core.shell:Creating package script '/home/parallels/arduinobot_ws/install/arduinobot_msgs/share/arduinobot_msgs/package.ps1'
[0.689s] INFO:colcon.colcon_core.shell:Creating package descriptor '/home/parallels/arduinobot_ws/install/arduinobot_msgs/share/arduinobot_msgs/package.dsv'
[0.689s] INFO:colcon.colcon_core.shell:Creating package script '/home/parallels/arduinobot_ws/install/arduinobot_msgs/share/arduinobot_msgs/package.sh'
[0.690s] INFO:colcon.colcon_core.shell:Creating package script '/home/parallels/arduinobot_ws/install/arduinobot_msgs/share/arduinobot_msgs/package.bash'
[0.690s] INFO:colcon.colcon_core.shell:Creating package script '/home/parallels/arduinobot_ws/install/arduinobot_msgs/share/arduinobot_msgs/package.zsh'
[0.690s] Level 1:colcon.colcon_core.environment:create_file_with_runtime_dependencies(/home/parallels/arduinobot_ws/install/arduinobot_msgs/share/colcon-core/packages/arduinobot_msgs)
[0.690s] INFO:colcon.colcon_ros.task.ament_cmake.build:Building ROS package in '/home/parallels/arduinobot_ws/src/arduinobot_cpp_examples' with build type 'ament_cmake'
[0.690s] INFO:colcon.colcon_cmake.task.cmake.build:Building CMake package in '/home/parallels/arduinobot_ws/src/arduinobot_cpp_examples'
[0.691s] INFO:colcon.colcon_core.shell:Skip shell extension 'powershell' for command environment: Not usable outside of PowerShell
[0.691s] DEBUG:colcon.colcon_core.shell:Skip shell extension 'dsv' for command environment
[0.694s] INFO:colcon.colcon_ros.task.ament_python.build:Building ROS package in '/home/parallels/arduinobot_ws/src/arduinobot_py_examples' with build type 'ament_python'
[0.694s] Level 1:colcon.colcon_core.shell:create_environment_hook('arduinobot_py_examples', 'ament_prefix_path')
[0.694s] INFO:colcon.colcon_core.shell:Creating environment hook '/home/parallels/arduinobot_ws/install/arduinobot_py_examples/share/arduinobot_py_examples/hook/ament_prefix_path.ps1'
[0.695s] INFO:colcon.colcon_core.shell:Creating environment descriptor '/home/parallels/arduinobot_ws/install/arduinobot_py_examples/share/arduinobot_py_examples/hook/ament_prefix_path.dsv'
[0.695s] INFO:colcon.colcon_core.shell:Creating environment hook '/home/parallels/arduinobot_ws/install/arduinobot_py_examples/share/arduinobot_py_examples/hook/ament_prefix_path.sh'
[0.696s] INFO:colcon.colcon_core.shell:Skip shell extension 'powershell' for command environment: Not usable outside of PowerShell
[0.696s] DEBUG:colcon.colcon_core.shell:Skip shell extension 'dsv' for command environment
[0.706s] DEBUG:colcon.colcon_core.event_handler.log_command:Invoking command in '/home/parallels/arduinobot_ws/build/arduinobot_cpp_examples': AMENT_PREFIX_PATH=/home/parallels/arduinobot_ws/install/arduinobot_msgs:${AMENT_PREFIX_PATH} CMAKE_PREFIX_PATH=/home/parallels/arduinobot_ws/install/arduinobot_msgs:/home/parallels/ros2_ws/install/vision_opencv:/home/parallels/ros2_ws/install/image_geometry:/home/parallels/ros2_ws/install/cv_bridge:/home/parallels/test_ws/install/turtlesim:/home/parallels/test_ws/install/my_package:/home/parallels/ros2_ws/install/opencv_tests:/home/parallels/ros2_ws/install/my_robot_controller:/opt/ros/humble LD_LIBRARY_PATH=/home/parallels/arduinobot_ws/install/arduinobot_msgs/lib:${LD_LIBRARY_PATH} PYTHONPATH=/home/parallels/arduinobot_ws/install/arduinobot_msgs/local/lib/python3.10/dist-packages:${PYTHONPATH} /usr/bin/cmake --build /home/parallels/arduinobot_ws/build/arduinobot_cpp_examples -- -j4 -l4
[0.957s] INFO:colcon.colcon_core.task.python.build:Building Python package in '/home/parallels/arduinobot_ws/src/arduinobot_py_examples'
[0.957s] INFO:colcon.colcon_core.shell:Skip shell extension 'powershell' for command environment: Not usable outside of PowerShell
[0.957s] DEBUG:colcon.colcon_core.shell:Skip shell extension 'dsv' for command environment
[1.258s] DEBUG:colcon.colcon_core.event_handler.log_command:Invoking command in '/home/parallels/arduinobot_ws/src/arduinobot_py_examples': AMENT_PREFIX_PATH=/home/parallels/arduinobot_ws/install/arduinobot_msgs:${AMENT_PREFIX_PATH} CMAKE_PREFIX_PATH=/home/parallels/arduinobot_ws/install/arduinobot_msgs:${CMAKE_PREFIX_PATH} LD_LIBRARY_PATH=/home/parallels/arduinobot_ws/install/arduinobot_msgs/lib:${LD_LIBRARY_PATH} PYTHONPATH=/home/parallels/arduinobot_ws/build/arduinobot_py_examples/prefix_override:/usr/lib/python3/dist-packages/colcon_core/task/python/colcon_distutils_commands:/home/parallels/arduinobot_ws/install/arduinobot_py_examples/lib/python3.10/site-packages:/home/parallels/arduinobot_ws/install/arduinobot_msgs/local/lib/python3.10/dist-packages:${PYTHONPATH} /usr/bin/python3 -W ignore:setup.py install is deprecated setup.py egg_info --egg-base ../../build/arduinobot_py_examples build --build-base /home/parallels/arduinobot_ws/build/arduinobot_py_examples/build install --record /home/parallels/arduinobot_ws/build/arduinobot_py_examples/install.log --single-version-externally-managed install_data
[1.517s] Level 1:colcon.colcon_core.environment:checking '/home/parallels/arduinobot_ws/install/arduinobot_py_examples' for CMake module files
[1.518s] Level 1:colcon.colcon_core.environment:checking '/home/parallels/arduinobot_ws/install/arduinobot_py_examples' for CMake config files
[1.518s] Level 1:colcon.colcon_core.environment:checking '/home/parallels/arduinobot_ws/install/arduinobot_py_examples/lib'
[1.518s] Level 1:colcon.colcon_core.environment:checking '/home/parallels/arduinobot_ws/install/arduinobot_py_examples/bin'
[1.518s] Level 1:colcon.colcon_core.environment:checking '/home/parallels/arduinobot_ws/install/arduinobot_py_examples/lib/pkgconfig/arduinobot_py_examples.pc'
[1.518s] Level 1:colcon.colcon_core.environment:checking '/home/parallels/arduinobot_ws/install/arduinobot_py_examples/lib/python3.10/site-packages'
[1.519s] Level 1:colcon.colcon_core.shell:create_environment_hook('arduinobot_py_examples', 'pythonpath')
[1.519s] INFO:colcon.colcon_core.shell:Creating environment hook '/home/parallels/arduinobot_ws/install/arduinobot_py_examples/share/arduinobot_py_examples/hook/pythonpath.ps1'
[1.519s] INFO:colcon.colcon_core.shell:Creating environment descriptor '/home/parallels/arduinobot_ws/install/arduinobot_py_examples/share/arduinobot_py_examples/hook/pythonpath.dsv'
[1.519s] DEBUG:colcon.colcon_core.event_handler.log_command:Invoked command in '/home/parallels/arduinobot_ws/src/arduinobot_py_examples' returned '0': AMENT_PREFIX_PATH=/home/parallels/arduinobot_ws/install/arduinobot_msgs:${AMENT_PREFIX_PATH} CMAKE_PREFIX_PATH=/home/parallels/arduinobot_ws/install/arduinobot_msgs:${CMAKE_PREFIX_PATH} LD_LIBRARY_PATH=/home/parallels/arduinobot_ws/install/arduinobot_msgs/lib:${LD_LIBRARY_PATH} PYTHONPATH=/home/parallels/arduinobot_ws/build/arduinobot_py_examples/prefix_override:/usr/lib/python3/dist-packages/colcon_core/task/python/colcon_distutils_commands:/home/parallels/arduinobot_ws/install/arduinobot_py_examples/lib/python3.10/site-packages:/home/parallels/arduinobot_ws/install/arduinobot_msgs/local/lib/python3.10/dist-packages:${PYTHONPATH} /usr/bin/python3 -W ignore:setup.py install is deprecated setup.py egg_info --egg-base ../../build/arduinobot_py_examples build --build-base /home/parallels/arduinobot_ws/build/arduinobot_py_examples/build install --record /home/parallels/arduinobot_ws/build/arduinobot_py_examples/install.log --single-version-externally-managed install_data
[1.520s] INFO:colcon.colcon_core.shell:Creating environment hook '/home/parallels/arduinobot_ws/install/arduinobot_py_examples/share/arduinobot_py_examples/hook/pythonpath.sh'
[1.520s] Level 1:colcon.colcon_core.environment:checking '/home/parallels/arduinobot_ws/install/arduinobot_py_examples/bin'
[1.520s] Level 1:colcon.colcon_core.environment:create_environment_scripts_only(arduinobot_py_examples)
[1.520s] INFO:colcon.colcon_core.shell:Creating package script '/home/parallels/arduinobot_ws/install/arduinobot_py_examples/share/arduinobot_py_examples/package.ps1'
[1.521s] INFO:colcon.colcon_core.shell:Creating package descriptor '/home/parallels/arduinobot_ws/install/arduinobot_py_examples/share/arduinobot_py_examples/package.dsv'
[1.521s] INFO:colcon.colcon_core.shell:Creating package script '/home/parallels/arduinobot_ws/install/arduinobot_py_examples/share/arduinobot_py_examples/package.sh'
[1.522s] INFO:colcon.colcon_core.shell:Creating package script '/home/parallels/arduinobot_ws/install/arduinobot_py_examples/share/arduinobot_py_examples/package.bash'
[1.522s] INFO:colcon.colcon_core.shell:Creating package script '/home/parallels/arduinobot_ws/install/arduinobot_py_examples/share/arduinobot_py_examples/package.zsh'
[1.522s] Level 1:colcon.colcon_core.environment:create_file_with_runtime_dependencies(/home/parallels/arduinobot_ws/install/arduinobot_py_examples/share/colcon-core/packages/arduinobot_py_examples)
[2.870s] DEBUG:colcon.colcon_core.event_handler.log_command:Invoked command in '/home/parallels/arduinobot_ws/build/arduinobot_cpp_examples' returned '2': AMENT_PREFIX_PATH=/home/parallels/arduinobot_ws/install/arduinobot_msgs:${AMENT_PREFIX_PATH} CMAKE_PREFIX_PATH=/home/parallels/arduinobot_ws/install/arduinobot_msgs:/home/parallels/ros2_ws/install/vision_opencv:/home/parallels/ros2_ws/install/image_geometry:/home/parallels/ros2_ws/install/cv_bridge:/home/parallels/test_ws/install/turtlesim:/home/parallels/test_ws/install/my_package:/home/parallels/ros2_ws/install/opencv_tests:/home/parallels/ros2_ws/install/my_robot_controller:/opt/ros/humble LD_LIBRARY_PATH=/home/parallels/arduinobot_ws/install/arduinobot_msgs/lib:${LD_LIBRARY_PATH} PYTHONPATH=/home/parallels/arduinobot_ws/install/arduinobot_msgs/local/lib/python3.10/dist-packages:${PYTHONPATH} /usr/bin/cmake --build /home/parallels/arduinobot_ws/build/arduinobot_cpp_examples -- -j4 -l4
[2.889s] Level 1:colcon.colcon_core.environment:create_environment_scripts_only(arduinobot_cpp_examples)
[2.889s] Level 1:colcon.colcon_core.environment:checking '/home/parallels/arduinobot_ws/install/arduinobot_cpp_examples' for CMake module files
[2.890s] Level 1:colcon.colcon_core.environment:checking '/home/parallels/arduinobot_ws/install/arduinobot_cpp_examples' for CMake config files
[2.890s] Level 1:colcon.colcon_core.shell:create_environment_hook('arduinobot_cpp_examples', 'cmake_prefix_path')
[2.890s] INFO:colcon.colcon_core.shell:Creating environment hook '/home/parallels/arduinobot_ws/install/arduinobot_cpp_examples/share/arduinobot_cpp_examples/hook/cmake_prefix_path.ps1'
[2.891s] INFO:colcon.colcon_core.shell:Creating environment descriptor '/home/parallels/arduinobot_ws/install/arduinobot_cpp_examples/share/arduinobot_cpp_examples/hook/cmake_prefix_path.dsv'
[2.891s] INFO:colcon.colcon_core.shell:Creating environment hook '/home/parallels/arduinobot_ws/install/arduinobot_cpp_examples/share/arduinobot_cpp_examples/hook/cmake_prefix_path.sh'
[2.892s] Level 1:colcon.colcon_core.environment:checking '/home/parallels/arduinobot_ws/install/arduinobot_cpp_examples/lib'
[2.892s] Level 1:colcon.colcon_core.environment:checking '/home/parallels/arduinobot_ws/install/arduinobot_cpp_examples/bin'
[2.892s] Level 1:colcon.colcon_core.environment:checking '/home/parallels/arduinobot_ws/install/arduinobot_cpp_examples/lib/pkgconfig/arduinobot_cpp_examples.pc'
[2.892s] Level 1:colcon.colcon_core.environment:checking '/home/parallels/arduinobot_ws/install/arduinobot_cpp_examples/lib/python3.10/site-packages'
[2.892s] Level 1:colcon.colcon_core.environment:checking '/home/parallels/arduinobot_ws/install/arduinobot_cpp_examples/bin'
[2.893s] INFO:colcon.colcon_core.shell:Creating package script '/home/parallels/arduinobot_ws/install/arduinobot_cpp_examples/share/arduinobot_cpp_examples/package.ps1'
[2.893s] INFO:colcon.colcon_core.shell:Creating package descriptor '/home/parallels/arduinobot_ws/install/arduinobot_cpp_examples/share/arduinobot_cpp_examples/package.dsv'
[2.894s] INFO:colcon.colcon_core.shell:Creating package script '/home/parallels/arduinobot_ws/install/arduinobot_cpp_examples/share/arduinobot_cpp_examples/package.sh'
[2.894s] INFO:colcon.colcon_core.shell:Creating package script '/home/parallels/arduinobot_ws/install/arduinobot_cpp_examples/share/arduinobot_cpp_examples/package.bash'
[2.895s] INFO:colcon.colcon_core.shell:Creating package script '/home/parallels/arduinobot_ws/install/arduinobot_cpp_examples/share/arduinobot_cpp_examples/package.zsh'
[2.895s] Level 1:colcon.colcon_core.environment:create_file_with_runtime_dependencies(/home/parallels/arduinobot_ws/install/arduinobot_cpp_examples/share/colcon-core/packages/arduinobot_cpp_examples)
[2.895s] DEBUG:colcon.colcon_parallel_executor.executor.parallel:closing loop
[2.895s] DEBUG:colcon.colcon_parallel_executor.executor.parallel:loop closed
[2.896s] DEBUG:colcon.colcon_parallel_executor.executor.parallel:run_until_complete finished with '2'
[2.896s] DEBUG:colcon.colcon_core.event_reactor:joining thread
[2.899s] INFO:colcon.colcon_core.plugin_system:Skipping extension 'colcon_notification.desktop_notification.terminal_notifier': Not used on non-Darwin systems
[2.899s] INFO:colcon.colcon_core.plugin_system:Skipping extension 'colcon_notification.desktop_notification.win32': Not used on non-Windows systems
[2.899s] INFO:colcon.colcon_notification.desktop_notification:Sending desktop notification using 'notify2'
[2.908s] DEBUG:colcon.colcon_core.event_reactor:joined thread
[2.908s] INFO:colcon.colcon_core.shell:Creating prefix script '/home/parallels/arduinobot_ws/install/local_setup.ps1'
[2.910s] INFO:colcon.colcon_core.shell:Creating prefix util module '/home/parallels/arduinobot_ws/install/_local_setup_util_ps1.py'
[2.911s] INFO:colcon.colcon_core.shell:Creating prefix chain script '/home/parallels/arduinobot_ws/install/setup.ps1'
[2.912s] INFO:colcon.colcon_core.shell:Creating prefix script '/home/parallels/arduinobot_ws/install/local_setup.sh'
[2.912s] INFO:colcon.colcon_core.shell:Creating prefix util module '/home/parallels/arduinobot_ws/install/_local_setup_util_sh.py'
[2.912s] INFO:colcon.colcon_core.shell:Creating prefix chain script '/home/parallels/arduinobot_ws/install/setup.sh'
[2.913s] INFO:colcon.colcon_core.shell:Creating prefix script '/home/parallels/arduinobot_ws/install/local_setup.bash'
[2.914s] INFO:colcon.colcon_core.shell:Creating prefix chain script '/home/parallels/arduinobot_ws/install/setup.bash'
[2.914s] INFO:colcon.colcon_core.shell:Creating prefix script '/home/parallels/arduinobot_ws/install/local_setup.zsh'
[2.915s] INFO:colcon.colcon_core.shell:Creating prefix chain script '/home/parallels/arduinobot_ws/install/setup.zsh'
