[0.021s] Invoking command in '/home/parallels/arduinobot_ws/build/arduinobot_controller': CMAKE_PREFIX_PATH=${CMAKE_PREFIX_PATH}:/home/parallels/ros2_ws/install/opencv_tests:/home/parallels/ros2_ws/install/my_robot_controller:/opt/ros/humble /usr/bin/cmake --build /home/parallels/arduinobot_ws/build/arduinobot_controller -- -j6 -l6
[0.041s] -- Found ament_cmake: 1.3.10 (/opt/ros/humble/share/ament_cmake/cmake)
[0.157s] -- Found hardware_interface: 2.42.0 (/opt/ros/humble/share/hardware_interface/cmake)
[0.184s] -- Found rosidl_generator_c: 3.1.5 (/opt/ros/humble/share/rosidl_generator_c/cmake)
[0.188s] -- Found rosidl_adapter: 3.1.5 (/opt/ros/humble/share/rosidl_adapter/cmake)
[0.192s] -- Found rosidl_generator_cpp: 3.1.5 (/opt/ros/humble/share/rosidl_generator_cpp/cmake)
[0.201s] -- Using all available rosidl_typesupport_c: rosidl_typesupport_fastrtps_c;rosidl_typesupport_introspection_c
[0.212s] -- Using all available rosidl_typesupport_cpp: rosidl_typesupport_fastrtps_cpp;rosidl_typesupport_introspection_cpp
[0.377s] -- Found rmw_implementation_cmake: 6.1.2 (/opt/ros/humble/share/rmw_implementation_cmake/cmake)
[0.378s] -- Found rmw_fastrtps_cpp: 6.2.7 (/opt/ros/humble/share/rmw_fastrtps_cpp/cmake)
[0.399s] -- Found TinyXML2 via Config file: TinyXML2_DIR-NOTFOUND
[0.407s] -- Found TinyXML2 via Config file: TinyXML2_DIR-NOTFOUND
[0.425s] -- Found TinyXML2 via Config file: TinyXML2_DIR-NOTFOUND
[0.429s] -- Found TinyXML2 via Config file: TinyXML2_DIR-NOTFOUND
[0.438s] -- Using RMW implementation 'rmw_fastrtps_cpp' as default
[0.490s] -- Configuring incomplete, errors occurred!
[0.490s] See also "/home/parallels/arduinobot_ws/build/arduinobot_controller/CMakeFiles/CMakeOutput.log".
[0.491s] [31mCMake Error at CMakeLists.txt:56 (ament_export_directories):
[0.491s]   Unknown CMake command "ament_export_directories".
[0.491s] 
[0.491s] [0m
[0.495s] gmake: *** [Makefile:226: cmake_check_build_system] Error 1
[0.497s] Invoked command in '/home/parallels/arduinobot_ws/build/arduinobot_controller' returned '2': CMAKE_PREFIX_PATH=${CMAKE_PREFIX_PATH}:/home/parallels/ros2_ws/install/opencv_tests:/home/parallels/ros2_ws/install/my_robot_controller:/opt/ros/humble /usr/bin/cmake --build /home/parallels/arduinobot_ws/build/arduinobot_controller -- -j6 -l6
