[0.012s] Invoking command in '/home/parallels/arduinobot_ws/build/arduinobot_cpp_examples': AMENT_PREFIX_PATH=/home/parallels/arduinobot_ws/install/arduinobot_msgs:${AMENT_PREFIX_PATH} CMAKE_PREFIX_PATH=/home/parallels/arduinobot_ws/install/arduinobot_msgs:/home/parallels/ros2_ws/install/vision_opencv:/home/parallels/ros2_ws/install/image_geometry:/home/parallels/ros2_ws/install/cv_bridge:/home/parallels/test_ws/install/turtlesim:/home/parallels/test_ws/install/my_package:/home/parallels/ros2_ws/install/opencv_tests:/home/parallels/ros2_ws/install/my_robot_controller:/opt/ros/humble LD_LIBRARY_PATH=/home/parallels/arduinobot_ws/install/arduinobot_msgs/lib:${LD_LIBRARY_PATH} PYTHONPATH=/home/parallels/arduinobot_ws/install/arduinobot_msgs/local/lib/python3.10/dist-packages:${PYTHONPATH} /usr/bin/cmake --build /home/parallels/arduinobot_ws/build/arduinobot_cpp_examples -- -j6 -l6
[0.192s] -- Found ament_cmake: 1.3.10 (/opt/ros/humble/share/ament_cmake/cmake)
[0.192s] -- Override CMake install command with custom implementation using symlinks instead of copying resources
[0.192s] -- Found rclcpp: 16.0.10 (/opt/ros/humble/share/rclcpp/cmake)
[0.192s] -- Found rosidl_generator_c: 3.1.5 (/opt/ros/humble/share/rosidl_generator_c/cmake)
[0.192s] -- Found rosidl_adapter: 3.1.5 (/opt/ros/humble/share/rosidl_adapter/cmake)
[0.192s] -- Found rosidl_generator_cpp: 3.1.5 (/opt/ros/humble/share/rosidl_generator_cpp/cmake)
[0.192s] -- Using all available rosidl_typesupport_c: rosidl_typesupport_fastrtps_c;rosidl_typesupport_introspection_c
[0.192s] -- Using all available rosidl_typesupport_cpp: rosidl_typesupport_fastrtps_cpp;rosidl_typesupport_introspection_cpp
[0.224s] -- Found rmw_implementation_cmake: 6.1.2 (/opt/ros/humble/share/rmw_implementation_cmake/cmake)
[0.227s] -- Found rmw_fastrtps_cpp: 6.2.7 (/opt/ros/humble/share/rmw_fastrtps_cpp/cmake)
[0.335s] -- Using RMW implementation 'rmw_fastrtps_cpp' as default
[0.392s] -- Found arduinobot_msgs: 0.0.0 (/home/parallels/arduinobot_ws/install/arduinobot_msgs/share/arduinobot_msgs/cmake)
[0.426s] -- Found rclcpp_components: 16.0.10 (/opt/ros/humble/share/rclcpp_components/cmake)
[0.449s] -- Found rclcpp_action: 16.0.10 (/opt/ros/humble/share/rclcpp_action/cmake)
[0.458s] -- Found moveit_ros_planning_interface: 2.5.5 (/opt/ros/humble/share/moveit_ros_planning_interface/cmake)
[0.472s] -- Found Boost: /usr/lib/aarch64-linux-gnu/cmake/Boost-1.74.0/BoostConfig.cmake (found version "1.74.0") found components: date_time filesystem program_options system thread 
[0.626s] -- Found Boost: /usr/lib/aarch64-linux-gnu/cmake/Boost-1.74.0/BoostConfig.cmake (found version "1.74.0") found components: chrono date_time filesystem iostreams program_options regex serialization system thread 
[0.635s] -- Found parameter_traits: 0.3.8 (/opt/ros/humble/share/parameter_traits/cmake)
[0.642s] -- Found rclcpp_lifecycle: 16.0.10 (/opt/ros/humble/share/rclcpp_lifecycle/cmake)
[0.666s] -- Found Boost: /usr/lib/aarch64-linux-gnu/cmake/Boost-1.74.0/BoostConfig.cmake (found version "1.74.0") found components: filesystem 
[0.699s] -- library: /usr/lib/aarch64-linux-gnu/libcurl.so
[0.730s] -- Ensuring Eigen3 include directory is part of orocos-kdl CMake target
[0.829s] -- Found Boost: /usr/lib/aarch64-linux-gnu/cmake/Boost-1.74.0/BoostConfig.cmake (found version "1.74.0") found components: system filesystem date_time program_options thread chrono 
[0.860s] -- Found Boost: /usr/lib/aarch64-linux-gnu/cmake/Boost-1.74.0/BoostConfig.cmake (found version "1.74.0") found components: thread system filesystem regex date_time program_options 
[0.881s] -- Found Boost: /usr/lib/aarch64-linux-gnu/cmake/Boost-1.74.0/BoostConfig.cmake (found version "1.74.0") found components: system filesystem date_time program_options thread 
[0.925s] -- Found ament_lint_auto: 0.12.11 (/opt/ros/humble/share/ament_lint_auto/cmake)
[0.979s] -- Added test 'cppcheck' to perform static code analysis on C / C++ code
[0.979s] -- Configured cppcheck include dirs: $<BUILD_INTERFACE:/home/parallels/arduinobot_ws/src/arduinobot_cpp_examples/include>
[0.979s] -- Configured cppcheck exclude dirs and/or files: 
[0.980s] -- Added test 'lint_cmake' to check CMake code style
[0.981s] -- Added test 'uncrustify' to check C / C++ code style
[0.981s] -- Configured uncrustify additional arguments: 
[0.981s] -- Added test 'xmllint' to check XML markup files
[0.982s] -- Configuring done
[1.047s] -- Generating done
[1.049s] -- Build files have been written to: /home/parallels/arduinobot_ws/build/arduinobot_cpp_examples
[1.070s] [35m[1mConsolidate compiler generated dependencies of target simple_subscriber[0m
[1.070s] [35m[1mConsolidate compiler generated dependencies of target simple_publisher[0m
[1.073s] [35m[1mConsolidate compiler generated dependencies of target simple_moveit_interface[0m
[1.079s] [35m[1mConsolidate compiler generated dependencies of target simple_parameter[0m
[1.082s] [35m[1mConsolidate compiler generated dependencies of target simple_service_client[0m
[1.083s] [35m[1mConsolidate compiler generated dependencies of target simple_service_server[0m
[1.095s] [  5%] [32mBuilding CXX object CMakeFiles/simple_service_server.dir/src/simple_service_server.cpp.o[0m
[1.096s] [ 10%] [32mBuilding CXX object CMakeFiles/simple_service_client.dir/src/simple_service_client.cpp.o[0m
[1.101s] [ 20%] Built target simple_subscriber
[1.104s] [ 30%] Built target simple_parameter
[1.120s] [ 40%] Built target simple_moveit_interface
[1.120s] [35m[1mConsolidate compiler generated dependencies of target simple_action_server[0m
[1.121s] [35m[1mConsolidate compiler generated dependencies of target simple_action_client[0m
[1.126s] [ 50%] Built target simple_publisher
[1.136s] [35m[1mConsolidate compiler generated dependencies of target simple_action_server_node[0m
[1.152s] [ 55%] [32mBuilding CXX object CMakeFiles/simple_action_server.dir/src/simple_action_server.cpp.o[0m
[1.159s] [ 65%] Built target simple_action_server_node
[1.163s] [ 70%] [32mBuilding CXX object CMakeFiles/simple_action_client.dir/src/simple_action_client.cpp.o[0m
[1.165s] [35m[1mConsolidate compiler generated dependencies of target simple_action_client_node[0m
[1.220s] [ 80%] Built target simple_action_client_node
[3.393s] [01m[K/home/parallels/arduinobot_ws/src/arduinobot_cpp_examples/src/simple_action_server.cpp:[m[K In member function ‘[01m[Krclcpp_action::GoalResponse arduinobot_cpp_examples::SimpleActionServer::goalCallback(rclcpp_action::GoalUUID, std::shared_ptr<const arduinobot_msgs::action::Fibonacci_Goal_<std::allocator<void> > >)[m[K’:
[3.393s] [01m[K/home/parallels/arduinobot_ws/src/arduinobot_cpp_examples/src/simple_action_server.cpp:30:76:[m[K [01;35m[Kwarning: [m[Kunused parameter ‘[01m[Kuuid[m[K’ [[01;35m[K]8;;https://gcc.gnu.org/onlinedocs/gcc/Warning-Options.html#index-Wunused-parameter-Wunused-parameter]8;;[m[K]
[3.393s]    30 |     rclcpp_action::GoalResponse goalCallback([01;35m[Kconst rclcpp_action::GoalUUID uuid[m[K, std::shared_ptr<const arduinobot_msgs::action::Fibonacci::Goal> goal)
[3.393s]       |                                              [01;35m[K~~~~~~~~~~~~~~~~~~~~~~~~~~~~~~^~~~[m[K
[3.407s] [01m[K/home/parallels/arduinobot_ws/src/arduinobot_cpp_examples/src/simple_action_server.cpp:[m[K In member function ‘[01m[Krclcpp_action::CancelResponse arduinobot_cpp_examples::SimpleActionServer::cancelCallback(std::shared_ptr<rclcpp_action::ServerGoalHandle<arduinobot_msgs::action::Fibonacci> >)[m[K’:
[3.407s] [01m[K/home/parallels/arduinobot_ws/src/arduinobot_cpp_examples/src/simple_action_server.cpp:78:141:[m[K [01;35m[Kwarning: [m[Kunused parameter ‘[01m[Kgoal_handle[m[K’ [[01;35m[K]8;;https://gcc.gnu.org/onlinedocs/gcc/Warning-Options.html#index-Wunused-parameter-Wunused-parameter]8;;[m[K]
[3.407s]    78 |     rclcpp_action::CancelResponse cancelCallback([01;35m[Kconst std::shared_ptr<rclcpp_action::ServerGoalHandle<arduinobot_msgs::action::Fibonacci>> goal_handle[m[K)
[3.407s]       |                                                  [01;35m[K~~~~~~~~~~~~~~~~~~~~~~~~~~~~~~~~~~~~~~~~~~~~~~~~~~~~~~~~~~~~~~~~~~~~~~~~~~~~~~~~~~~~~~~~~~~^~~~~~~~~~~[m[K
[4.069s] [ 85%] [32m[1mLinking CXX executable simple_service_server[0m
[4.174s] [ 90%] [32m[1mLinking CXX executable simple_service_client[0m
[4.198s] [ 90%] Built target simple_service_server
[4.287s] [ 90%] Built target simple_service_client
[4.587s] [ 95%] [32m[1mLinking CXX shared library libsimple_action_server.so[0m
[4.708s] [ 95%] Built target simple_action_server
[4.760s] [100%] [32m[1mLinking CXX shared library libsimple_action_client.so[0m
[4.890s] [100%] Built target simple_action_client
[4.896s] Invoked command in '/home/parallels/arduinobot_ws/build/arduinobot_cpp_examples' returned '0': AMENT_PREFIX_PATH=/home/parallels/arduinobot_ws/install/arduinobot_msgs:${AMENT_PREFIX_PATH} CMAKE_PREFIX_PATH=/home/parallels/arduinobot_ws/install/arduinobot_msgs:/home/parallels/ros2_ws/install/vision_opencv:/home/parallels/ros2_ws/install/image_geometry:/home/parallels/ros2_ws/install/cv_bridge:/home/parallels/test_ws/install/turtlesim:/home/parallels/test_ws/install/my_package:/home/parallels/ros2_ws/install/opencv_tests:/home/parallels/ros2_ws/install/my_robot_controller:/opt/ros/humble LD_LIBRARY_PATH=/home/parallels/arduinobot_ws/install/arduinobot_msgs/lib:${LD_LIBRARY_PATH} PYTHONPATH=/home/parallels/arduinobot_ws/install/arduinobot_msgs/local/lib/python3.10/dist-packages:${PYTHONPATH} /usr/bin/cmake --build /home/parallels/arduinobot_ws/build/arduinobot_cpp_examples -- -j6 -l6
[4.927s] Invoking command in '/home/parallels/arduinobot_ws/build/arduinobot_cpp_examples': AMENT_PREFIX_PATH=/home/parallels/arduinobot_ws/install/arduinobot_msgs:${AMENT_PREFIX_PATH} CMAKE_PREFIX_PATH=/home/parallels/arduinobot_ws/install/arduinobot_msgs:/home/parallels/ros2_ws/install/vision_opencv:/home/parallels/ros2_ws/install/image_geometry:/home/parallels/ros2_ws/install/cv_bridge:/home/parallels/test_ws/install/turtlesim:/home/parallels/test_ws/install/my_package:/home/parallels/ros2_ws/install/opencv_tests:/home/parallels/ros2_ws/install/my_robot_controller:/opt/ros/humble LD_LIBRARY_PATH=/home/parallels/arduinobot_ws/install/arduinobot_msgs/lib:${LD_LIBRARY_PATH} PYTHONPATH=/home/parallels/arduinobot_ws/install/arduinobot_msgs/local/lib/python3.10/dist-packages:${PYTHONPATH} /usr/bin/cmake --install /home/parallels/arduinobot_ws/build/arduinobot_cpp_examples
[4.931s] -- Install configuration: ""
[4.931s] -- Execute custom install script
[4.931s] -- Up-to-date symlink: /home/parallels/arduinobot_ws/install/arduinobot_cpp_examples/lib/arduinobot_cpp_examples/simple_action_server_node
[4.932s] -- Up-to-date symlink: /home/parallels/arduinobot_ws/install/arduinobot_cpp_examples/lib/arduinobot_cpp_examples/simple_action_client_node
[4.932s] -- Up-to-date symlink: /home/parallels/arduinobot_ws/install/arduinobot_cpp_examples/lib/arduinobot_cpp_examples/simple_publisher
[4.932s] -- Up-to-date symlink: /home/parallels/arduinobot_ws/install/arduinobot_cpp_examples/lib/arduinobot_cpp_examples/simple_subscriber
[4.932s] -- Up-to-date symlink: /home/parallels/arduinobot_ws/install/arduinobot_cpp_examples/lib/arduinobot_cpp_examples/simple_parameter
[4.932s] -- Up-to-date symlink: /home/parallels/arduinobot_ws/install/arduinobot_cpp_examples/lib/arduinobot_cpp_examples/simple_service_server
[4.932s] -- Up-to-date symlink: /home/parallels/arduinobot_ws/install/arduinobot_cpp_examples/lib/arduinobot_cpp_examples/simple_service_client
[4.932s] -- Up-to-date symlink: /home/parallels/arduinobot_ws/install/arduinobot_cpp_examples/lib/arduinobot_cpp_examples/simple_moveit_interface
[4.932s] -- Up-to-date symlink: /home/parallels/arduinobot_ws/install/arduinobot_cpp_examples/lib/libsimple_action_client.so
[4.933s] -- Up-to-date symlink: /home/parallels/arduinobot_ws/install/arduinobot_cpp_examples/lib/libsimple_action_server.so
[4.933s] -- Up-to-date symlink: /home/parallels/arduinobot_ws/install/arduinobot_cpp_examples/share/ament_index/resource_index/package_run_dependencies/arduinobot_cpp_examples
[4.933s] -- Up-to-date symlink: /home/parallels/arduinobot_ws/install/arduinobot_cpp_examples/share/ament_index/resource_index/parent_prefix_path/arduinobot_cpp_examples
[4.933s] -- Up-to-date symlink: /home/parallels/arduinobot_ws/install/arduinobot_cpp_examples/share/arduinobot_cpp_examples/environment/ament_prefix_path.sh
[4.933s] -- Up-to-date symlink: /home/parallels/arduinobot_ws/install/arduinobot_cpp_examples/share/arduinobot_cpp_examples/environment/ament_prefix_path.dsv
[4.933s] -- Up-to-date symlink: /home/parallels/arduinobot_ws/install/arduinobot_cpp_examples/share/arduinobot_cpp_examples/environment/path.sh
[4.933s] -- Up-to-date symlink: /home/parallels/arduinobot_ws/install/arduinobot_cpp_examples/share/arduinobot_cpp_examples/environment/path.dsv
[4.933s] -- Up-to-date symlink: /home/parallels/arduinobot_ws/install/arduinobot_cpp_examples/share/arduinobot_cpp_examples/local_setup.bash
[4.933s] -- Up-to-date symlink: /home/parallels/arduinobot_ws/install/arduinobot_cpp_examples/share/arduinobot_cpp_examples/local_setup.sh
[4.933s] -- Up-to-date symlink: /home/parallels/arduinobot_ws/install/arduinobot_cpp_examples/share/arduinobot_cpp_examples/local_setup.zsh
[4.934s] -- Up-to-date symlink: /home/parallels/arduinobot_ws/install/arduinobot_cpp_examples/share/arduinobot_cpp_examples/local_setup.dsv
[4.934s] -- Symlinking: /home/parallels/arduinobot_ws/install/arduinobot_cpp_examples/share/arduinobot_cpp_examples/package.dsv
[4.939s] -- Up-to-date symlink: /home/parallels/arduinobot_ws/install/arduinobot_cpp_examples/share/ament_index/resource_index/packages/arduinobot_cpp_examples
[4.939s] -- Up-to-date symlink: /home/parallels/arduinobot_ws/install/arduinobot_cpp_examples/share/ament_index/resource_index/rclcpp_components/arduinobot_cpp_examples
[4.939s] -- Up-to-date symlink: /home/parallels/arduinobot_ws/install/arduinobot_cpp_examples/share/arduinobot_cpp_examples/cmake/arduinobot_cpp_examplesConfig.cmake
[4.939s] -- Up-to-date symlink: /home/parallels/arduinobot_ws/install/arduinobot_cpp_examples/share/arduinobot_cpp_examples/cmake/arduinobot_cpp_examplesConfig-version.cmake
[4.939s] -- Up-to-date symlink: /home/parallels/arduinobot_ws/install/arduinobot_cpp_examples/share/arduinobot_cpp_examples/package.xml
[4.941s] Invoked command in '/home/parallels/arduinobot_ws/build/arduinobot_cpp_examples' returned '0': AMENT_PREFIX_PATH=/home/parallels/arduinobot_ws/install/arduinobot_msgs:${AMENT_PREFIX_PATH} CMAKE_PREFIX_PATH=/home/parallels/arduinobot_ws/install/arduinobot_msgs:/home/parallels/ros2_ws/install/vision_opencv:/home/parallels/ros2_ws/install/image_geometry:/home/parallels/ros2_ws/install/cv_bridge:/home/parallels/test_ws/install/turtlesim:/home/parallels/test_ws/install/my_package:/home/parallels/ros2_ws/install/opencv_tests:/home/parallels/ros2_ws/install/my_robot_controller:/opt/ros/humble LD_LIBRARY_PATH=/home/parallels/arduinobot_ws/install/arduinobot_msgs/lib:${LD_LIBRARY_PATH} PYTHONPATH=/home/parallels/arduinobot_ws/install/arduinobot_msgs/local/lib/python3.10/dist-packages:${PYTHONPATH} /usr/bin/cmake --install /home/parallels/arduinobot_ws/build/arduinobot_cpp_examples
