[0.025s] Invoking command in '/home/parallels/arduinobot_ws/build/arduinobot_cpp_examples': CMAKE_PREFIX_PATH=${CMAKE_PREFIX_PATH}:/home/parallels/ros2_ws/install/opencv_tests:/home/parallels/ros2_ws/install/my_robot_controller:/opt/ros/humble /usr/bin/cmake --build /home/parallels/arduinobot_ws/build/arduinobot_cpp_examples -- -j2 -l2
[0.116s] -- Found ament_cmake: 1.3.9 (/opt/ros/humble/share/ament_cmake/cmake)
[0.314s] -- Found rclcpp: 16.0.9 (/opt/ros/humble/share/rclcpp/cmake)
[0.383s] -- Found rosidl_generator_c: 3.1.5 (/opt/ros/humble/share/rosidl_generator_c/cmake)
[0.391s] -- Found rosidl_adapter: 3.1.5 (/opt/ros/humble/share/rosidl_adapter/cmake)
[0.402s] -- Found rosidl_generator_cpp: 3.1.5 (/opt/ros/humble/share/rosidl_generator_cpp/cmake)
[0.422s] -- Using all available rosidl_typesupport_c: rosidl_typesupport_fastrtps_c;rosidl_typesupport_introspection_c
[0.450s] -- Using all available rosidl_typesupport_cpp: rosidl_typesupport_fastrtps_cpp;rosidl_typesupport_introspection_cpp
[0.537s] -- Found rmw_implementation_cmake: 6.1.2 (/opt/ros/humble/share/rmw_implementation_cmake/cmake)
[0.543s] -- Found rmw_fastrtps_cpp: 6.2.6 (/opt/ros/humble/share/rmw_fastrtps_cpp/cmake)
[0.676s] -- Found OpenSSL: /usr/lib/aarch64-linux-gnu/libcrypto.so (found version "3.0.2")  
[0.713s] -- Found FastRTPS: /opt/ros/humble/include  
[0.771s] -- Using RMW implementation 'rmw_fastrtps_cpp' as default
[0.787s] -- Looking for pthread.h
[0.921s] -- Looking for pthread.h - found
[0.922s] -- Performing Test CMAKE_HAVE_LIBC_PTHREAD
[0.993s] -- Performing Test CMAKE_HAVE_LIBC_PTHREAD - Success
[0.993s] -- Found Threads: TRUE  
[1.235s] [31mCMake Error at /opt/ros/humble/share/ament_cmake_target_dependencies/cmake/ament_target_dependencies.cmake:77 (message):
[1.235s]   ament_target_dependencies() the passed package name 'stdmsgs' was not found
[1.235s]   before
[1.236s] Call Stack (most recent call first):
[1.236s]   CMakeLists.txt:17 (ament_target_dependencies)
[1.236s] 
[1.237s] [0m
[1.237s] -- Configuring incomplete, errors occurred!
[1.237s] See also "/home/parallels/arduinobot_ws/build/arduinobot_cpp_examples/CMakeFiles/CMakeOutput.log".
[1.244s] gmake: *** [Makefile:226: cmake_check_build_system] Error 1
[1.244s] Invoked command in '/home/parallels/arduinobot_ws/build/arduinobot_cpp_examples' returned '2': CMAKE_PREFIX_PATH=${CMAKE_PREFIX_PATH}:/home/parallels/ros2_ws/install/opencv_tests:/home/parallels/ros2_ws/install/my_robot_controller:/opt/ros/humble /usr/bin/cmake --build /home/parallels/arduinobot_ws/build/arduinobot_cpp_examples -- -j2 -l2
