[0.004s] Invoking command in '/home/parallels/arduinobot_ws/src/build/arduinobot_utils': CMAKE_PREFIX_PATH=${CMAKE_PREFIX_PATH}:/home/parallels/ros2_ws/install/opencv_tests:/home/parallels/ros2_ws/install/my_robot_controller:/opt/ros/humble /usr/bin/cmake /home/parallels/arduinobot_ws/src/arduinobot_utils -DCMAKE_INSTALL_PREFIX=/home/parallels/arduinobot_ws/src/install/arduinobot_utils
[0.060s] -- The C compiler identification is GNU 11.4.0
[0.097s] -- The CXX compiler identification is GNU 11.4.0
[0.103s] -- Detecting C compiler ABI info
[0.176s] -- Detecting C compiler ABI info - done
[0.183s] -- Check for working C compiler: /usr/bin/cc - skipped
[0.183s] -- Detecting C compile features
[0.184s] -- Detecting C compile features - done
[0.186s] -- Detecting CXX compiler ABI info
[0.265s] -- Detecting CXX compiler ABI info - done
[0.270s] -- Check for working CXX compiler: /usr/bin/c++ - skipped
[0.270s] -- Detecting CXX compile features
[0.271s] -- Detecting CXX compile features - done
[0.273s] -- Found ament_cmake: 1.3.9 (/opt/ros/humble/share/ament_cmake/cmake)
[0.386s] -- Found Python3: /usr/bin/python3 (found version "3.10.12") found components: Interpreter 
[0.457s] -- Found ament_lint_auto: 0.12.11 (/opt/ros/humble/share/ament_lint_auto/cmake)
[0.518s] -- Added test 'lint_cmake' to check CMake code style
[0.519s] -- Added test 'xmllint' to check XML markup files
[0.520s] -- Configuring done
[0.522s] -- Generating done
[0.523s] -- Build files have been written to: /home/parallels/arduinobot_ws/src/build/arduinobot_utils
[0.527s] Invoked command in '/home/parallels/arduinobot_ws/src/build/arduinobot_utils' returned '0': CMAKE_PREFIX_PATH=${CMAKE_PREFIX_PATH}:/home/parallels/ros2_ws/install/opencv_tests:/home/parallels/ros2_ws/install/my_robot_controller:/opt/ros/humble /usr/bin/cmake /home/parallels/arduinobot_ws/src/arduinobot_utils -DCMAKE_INSTALL_PREFIX=/home/parallels/arduinobot_ws/src/install/arduinobot_utils
[0.527s] Invoking command in '/home/parallels/arduinobot_ws/src/build/arduinobot_utils': CMAKE_PREFIX_PATH=${CMAKE_PREFIX_PATH}:/home/parallels/ros2_ws/install/opencv_tests:/home/parallels/ros2_ws/install/my_robot_controller:/opt/ros/humble /usr/bin/cmake --build /home/parallels/arduinobot_ws/src/build/arduinobot_utils -- -j2 -l2
[0.567s] Invoked command in '/home/parallels/arduinobot_ws/src/build/arduinobot_utils' returned '0': CMAKE_PREFIX_PATH=${CMAKE_PREFIX_PATH}:/home/parallels/ros2_ws/install/opencv_tests:/home/parallels/ros2_ws/install/my_robot_controller:/opt/ros/humble /usr/bin/cmake --build /home/parallels/arduinobot_ws/src/build/arduinobot_utils -- -j2 -l2
[0.583s] Invoking command in '/home/parallels/arduinobot_ws/src/build/arduinobot_utils': CMAKE_PREFIX_PATH=${CMAKE_PREFIX_PATH}:/home/parallels/ros2_ws/install/opencv_tests:/home/parallels/ros2_ws/install/my_robot_controller:/opt/ros/humble /usr/bin/cmake --install /home/parallels/arduinobot_ws/src/build/arduinobot_utils
[0.588s] -- Install configuration: ""
[0.588s] -- Installing: /home/parallels/arduinobot_ws/src/install/arduinobot_utils/share/ament_index/resource_index/package_run_dependencies/arduinobot_utils
[0.588s] -- Installing: /home/parallels/arduinobot_ws/src/install/arduinobot_utils/share/ament_index/resource_index/parent_prefix_path/arduinobot_utils
[0.588s] -- Installing: /home/parallels/arduinobot_ws/src/install/arduinobot_utils/share/arduinobot_utils/environment/ament_prefix_path.sh
[0.589s] -- Installing: /home/parallels/arduinobot_ws/src/install/arduinobot_utils/share/arduinobot_utils/environment/ament_prefix_path.dsv
[0.589s] -- Installing: /home/parallels/arduinobot_ws/src/install/arduinobot_utils/share/arduinobot_utils/environment/path.sh
[0.589s] -- Installing: /home/parallels/arduinobot_ws/src/install/arduinobot_utils/share/arduinobot_utils/environment/path.dsv
[0.589s] -- Installing: /home/parallels/arduinobot_ws/src/install/arduinobot_utils/share/arduinobot_utils/local_setup.bash
[0.589s] -- Installing: /home/parallels/arduinobot_ws/src/install/arduinobot_utils/share/arduinobot_utils/local_setup.sh
[0.589s] -- Installing: /home/parallels/arduinobot_ws/src/install/arduinobot_utils/share/arduinobot_utils/local_setup.zsh
[0.589s] -- Installing: /home/parallels/arduinobot_ws/src/install/arduinobot_utils/share/arduinobot_utils/local_setup.dsv
[0.590s] -- Installing: /home/parallels/arduinobot_ws/src/install/arduinobot_utils/share/arduinobot_utils/package.dsv
[0.590s] -- Installing: /home/parallels/arduinobot_ws/src/install/arduinobot_utils/share/ament_index/resource_index/packages/arduinobot_utils
[0.590s] -- Installing: /home/parallels/arduinobot_ws/src/install/arduinobot_utils/share/arduinobot_utils/cmake/arduinobot_utilsConfig.cmake
[0.590s] -- Installing: /home/parallels/arduinobot_ws/src/install/arduinobot_utils/share/arduinobot_utils/cmake/arduinobot_utilsConfig-version.cmake
[0.590s] -- Installing: /home/parallels/arduinobot_ws/src/install/arduinobot_utils/share/arduinobot_utils/package.xml
[0.591s] Invoked command in '/home/parallels/arduinobot_ws/src/build/arduinobot_utils' returned '0': CMAKE_PREFIX_PATH=${CMAKE_PREFIX_PATH}:/home/parallels/ros2_ws/install/opencv_tests:/home/parallels/ros2_ws/install/my_robot_controller:/opt/ros/humble /usr/bin/cmake --install /home/parallels/arduinobot_ws/src/build/arduinobot_utils
