[0.466s] Invoking command in '/home/parallels/arduinobot_ws/src/arduinobot_py_examples': AMENT_PREFIX_PATH=/home/parallels/arduinobot_ws/install/arduinobot_msgs:${AMENT_PREFIX_PATH} CMAKE_PREFIX_PATH=/home/parallels/arduinobot_ws/install/arduinobot_msgs:${CMAKE_PREFIX_PATH} LD_LIBRARY_PATH=/home/parallels/arduinobot_ws/install/arduinobot_msgs/lib:${LD_LIBRARY_PATH} PYTHONPATH=/home/parallels/arduinobot_ws/build/arduinobot_py_examples/prefix_override:/usr/lib/python3/dist-packages/colcon_core/task/python/colcon_distutils_commands:/home/parallels/arduinobot_ws/install/arduinobot_py_examples/lib/python3.10/site-packages:/home/parallels/arduinobot_ws/install/arduinobot_msgs/local/lib/python3.10/dist-packages:${PYTHONPATH} /usr/bin/python3 -W ignore:setup.py install is deprecated setup.py egg_info --egg-base ../../build/arduinobot_py_examples build --build-base /home/parallels/arduinobot_ws/build/arduinobot_py_examples/build install --record /home/parallels/arduinobot_ws/build/arduinobot_py_examples/install.log --single-version-externally-managed install_data
[0.631s] running egg_info
[0.631s] writing ../../build/arduinobot_py_examples/arduinobot_py_examples.egg-info/PKG-INFO
[0.631s] writing dependency_links to ../../build/arduinobot_py_examples/arduinobot_py_examples.egg-info/dependency_links.txt
[0.631s] writing entry points to ../../build/arduinobot_py_examples/arduinobot_py_examples.egg-info/entry_points.txt
[0.632s] writing requirements to ../../build/arduinobot_py_examples/arduinobot_py_examples.egg-info/requires.txt
[0.632s] writing top-level names to ../../build/arduinobot_py_examples/arduinobot_py_examples.egg-info/top_level.txt
[0.633s] reading manifest file '../../build/arduinobot_py_examples/arduinobot_py_examples.egg-info/SOURCES.txt'
[0.634s] writing manifest file '../../build/arduinobot_py_examples/arduinobot_py_examples.egg-info/SOURCES.txt'
[0.634s] running build
[0.634s] running build_py
[0.635s] running install
[0.635s] running install_lib
[0.636s] running install_data
[0.636s] running install_egg_info
[0.637s] removing '/home/parallels/arduinobot_ws/install/arduinobot_py_examples/lib/python3.10/site-packages/arduinobot_py_examples-0.0.0-py3.10.egg-info' (and everything under it)
[0.637s] Copying ../../build/arduinobot_py_examples/arduinobot_py_examples.egg-info to /home/parallels/arduinobot_ws/install/arduinobot_py_examples/lib/python3.10/site-packages/arduinobot_py_examples-0.0.0-py3.10.egg-info
[0.638s] running install_scripts
[0.653s] Installing simple_action_client script to /home/parallels/arduinobot_ws/install/arduinobot_py_examples/lib/arduinobot_py_examples
[0.653s] Installing simple_action_server script to /home/parallels/arduinobot_ws/install/arduinobot_py_examples/lib/arduinobot_py_examples
[0.653s] Installing simple_parameter script to /home/parallels/arduinobot_ws/install/arduinobot_py_examples/lib/arduinobot_py_examples
[0.653s] Installing simple_publisher script to /home/parallels/arduinobot_ws/install/arduinobot_py_examples/lib/arduinobot_py_examples
[0.653s] Installing simple_service_client script to /home/parallels/arduinobot_ws/install/arduinobot_py_examples/lib/arduinobot_py_examples
[0.653s] Installing simple_service_server script to /home/parallels/arduinobot_ws/install/arduinobot_py_examples/lib/arduinobot_py_examples
[0.653s] Installing simple_subscriber script to /home/parallels/arduinobot_ws/install/arduinobot_py_examples/lib/arduinobot_py_examples
[0.653s] writing list of installed files to '/home/parallels/arduinobot_ws/build/arduinobot_py_examples/install.log'
[0.673s] Invoked command in '/home/parallels/arduinobot_ws/src/arduinobot_py_examples' returned '0': AMENT_PREFIX_PATH=/home/parallels/arduinobot_ws/install/arduinobot_msgs:${AMENT_PREFIX_PATH} CMAKE_PREFIX_PATH=/home/parallels/arduinobot_ws/install/arduinobot_msgs:${CMAKE_PREFIX_PATH} LD_LIBRARY_PATH=/home/parallels/arduinobot_ws/install/arduinobot_msgs/lib:${LD_LIBRARY_PATH} PYTHONPATH=/home/parallels/arduinobot_ws/build/arduinobot_py_examples/prefix_override:/usr/lib/python3/dist-packages/colcon_core/task/python/colcon_distutils_commands:/home/parallels/arduinobot_ws/install/arduinobot_py_examples/lib/python3.10/site-packages:/home/parallels/arduinobot_ws/install/arduinobot_msgs/local/lib/python3.10/dist-packages:${PYTHONPATH} /usr/bin/python3 -W ignore:setup.py install is deprecated setup.py egg_info --egg-base ../../build/arduinobot_py_examples build --build-base /home/parallels/arduinobot_ws/build/arduinobot_py_examples/build install --record /home/parallels/arduinobot_ws/build/arduinobot_py_examples/install.log --single-version-externally-managed install_data
