[0.209s] Invoking command in '/home/parallels/arduinobot_ws/build/arduinobot_remote': CMAKE_PREFIX_PATH=/home/parallels/arduinobot_ws/install/arduinobot_msgs:/home/parallels/arduinobot_ws/install/arduinobot_utils:/home/parallels/arduinobot_ws/install/arduinobot_remote:/home/parallels/arduinobot_ws/install/arduinobot_cpp_examples:/home/parallels/arduinobot_ws/install/arduinobot_moveit:/home/parallels/arduinobot_ws/install/arduinobot_firmware:/home/parallels/arduinobot_ws/install/arduinobot_description:/home/parallels/arduinobot_ws/install/arduinobot_controller:/home/parallels/arduinobot_ws/install/arduinobot_bringup:/home/parallels/ros2_ws/install/vision_opencv:/home/parallels/ros2_ws/install/image_geometry:/home/parallels/ros2_ws/install/cv_bridge:/home/parallels/test_ws/install/turtlesim:/home/parallels/test_ws/install/my_package:/home/parallels/arduinobot_ws/install/arduinobot_py_examples:/home/parallels/ros2_ws/install/opencv_tests:/home/parallels/ros2_ws/install/my_robot_controller:/opt/ros/humble LD_LIBRARY_PATH=/home/parallels/arduinobot_ws/install/arduinobot_msgs/lib:/home/parallels/arduinobot_ws/install/arduinobot_remote/lib:/home/parallels/arduinobot_ws/install/arduinobot_cpp_examples/lib:/home/parallels/arduinobot_ws/install/arduinobot_controller/lib:/home/parallels/ros2_ws/install/image_geometry/lib:/home/parallels/ros2_ws/install/cv_bridge/lib:/home/parallels/test_ws/install/turtlesim/lib:/opt/ros/humble/opt/rviz_ogre_vendor/lib:/opt/ros/humble/lib/aarch64-linux-gnu:/opt/ros/humble/lib /usr/bin/cmake --build /home/parallels/arduinobot_ws/build/arduinobot_remote -- -j6 -l6
[0.269s] [100%] Built target task_server
[0.269s] [ 75%] Built target task_server_node
[0.274s] [100%] Built target ament_cmake_python_copy_arduinobot_remote
[0.470s] running egg_info
[0.470s] writing arduinobot_remote.egg-info/PKG-INFO
[0.470s] writing dependency_links to arduinobot_remote.egg-info/dependency_links.txt
[0.470s] writing top-level names to arduinobot_remote.egg-info/top_level.txt
[0.470s] reading manifest file 'arduinobot_remote.egg-info/SOURCES.txt'
[0.470s] writing manifest file 'arduinobot_remote.egg-info/SOURCES.txt'
[0.491s] [100%] Built target ament_cmake_python_build_arduinobot_remote_egg
[0.499s] Invoked command in '/home/parallels/arduinobot_ws/build/arduinobot_remote' returned '0': CMAKE_PREFIX_PATH=/home/parallels/arduinobot_ws/install/arduinobot_msgs:/home/parallels/arduinobot_ws/install/arduinobot_utils:/home/parallels/arduinobot_ws/install/arduinobot_remote:/home/parallels/arduinobot_ws/install/arduinobot_cpp_examples:/home/parallels/arduinobot_ws/install/arduinobot_moveit:/home/parallels/arduinobot_ws/install/arduinobot_firmware:/home/parallels/arduinobot_ws/install/arduinobot_description:/home/parallels/arduinobot_ws/install/arduinobot_controller:/home/parallels/arduinobot_ws/install/arduinobot_bringup:/home/parallels/ros2_ws/install/vision_opencv:/home/parallels/ros2_ws/install/image_geometry:/home/parallels/ros2_ws/install/cv_bridge:/home/parallels/test_ws/install/turtlesim:/home/parallels/test_ws/install/my_package:/home/parallels/arduinobot_ws/install/arduinobot_py_examples:/home/parallels/ros2_ws/install/opencv_tests:/home/parallels/ros2_ws/install/my_robot_controller:/opt/ros/humble LD_LIBRARY_PATH=/home/parallels/arduinobot_ws/install/arduinobot_msgs/lib:/home/parallels/arduinobot_ws/install/arduinobot_remote/lib:/home/parallels/arduinobot_ws/install/arduinobot_cpp_examples/lib:/home/parallels/arduinobot_ws/install/arduinobot_controller/lib:/home/parallels/ros2_ws/install/image_geometry/lib:/home/parallels/ros2_ws/install/cv_bridge/lib:/home/parallels/test_ws/install/turtlesim/lib:/opt/ros/humble/opt/rviz_ogre_vendor/lib:/opt/ros/humble/lib/aarch64-linux-gnu:/opt/ros/humble/lib /usr/bin/cmake --build /home/parallels/arduinobot_ws/build/arduinobot_remote -- -j6 -l6
[0.520s] Invoking command in '/home/parallels/arduinobot_ws/build/arduinobot_remote': CMAKE_PREFIX_PATH=/home/parallels/arduinobot_ws/install/arduinobot_msgs:/home/parallels/arduinobot_ws/install/arduinobot_utils:/home/parallels/arduinobot_ws/install/arduinobot_remote:/home/parallels/arduinobot_ws/install/arduinobot_cpp_examples:/home/parallels/arduinobot_ws/install/arduinobot_moveit:/home/parallels/arduinobot_ws/install/arduinobot_firmware:/home/parallels/arduinobot_ws/install/arduinobot_description:/home/parallels/arduinobot_ws/install/arduinobot_controller:/home/parallels/arduinobot_ws/install/arduinobot_bringup:/home/parallels/ros2_ws/install/vision_opencv:/home/parallels/ros2_ws/install/image_geometry:/home/parallels/ros2_ws/install/cv_bridge:/home/parallels/test_ws/install/turtlesim:/home/parallels/test_ws/install/my_package:/home/parallels/arduinobot_ws/install/arduinobot_py_examples:/home/parallels/ros2_ws/install/opencv_tests:/home/parallels/ros2_ws/install/my_robot_controller:/opt/ros/humble LD_LIBRARY_PATH=/home/parallels/arduinobot_ws/install/arduinobot_msgs/lib:/home/parallels/arduinobot_ws/install/arduinobot_remote/lib:/home/parallels/arduinobot_ws/install/arduinobot_cpp_examples/lib:/home/parallels/arduinobot_ws/install/arduinobot_controller/lib:/home/parallels/ros2_ws/install/image_geometry/lib:/home/parallels/ros2_ws/install/cv_bridge/lib:/home/parallels/test_ws/install/turtlesim/lib:/opt/ros/humble/opt/rviz_ogre_vendor/lib:/opt/ros/humble/lib/aarch64-linux-gnu:/opt/ros/humble/lib /usr/bin/cmake --install /home/parallels/arduinobot_ws/build/arduinobot_remote
[0.525s] -- Install configuration: ""
[0.525s] -- Up-to-date: /home/parallels/arduinobot_ws/install/arduinobot_remote/lib/arduinobot_remote/task_server_node
[0.526s] -- Up-to-date: /home/parallels/arduinobot_ws/install/arduinobot_remote/share/arduinobot_remote/environment/pythonpath.sh
[0.526s] -- Up-to-date: /home/parallels/arduinobot_ws/install/arduinobot_remote/share/arduinobot_remote/environment/pythonpath.dsv
[0.526s] -- Up-to-date: /home/parallels/arduinobot_ws/install/arduinobot_remote/local/lib/python3.10/dist-packages/arduinobot_remote-0.0.0-py3.10.egg-info
[0.526s] -- Installing: /home/parallels/arduinobot_ws/install/arduinobot_remote/local/lib/python3.10/dist-packages/arduinobot_remote-0.0.0-py3.10.egg-info/dependency_links.txt
[0.526s] -- Installing: /home/parallels/arduinobot_ws/install/arduinobot_remote/local/lib/python3.10/dist-packages/arduinobot_remote-0.0.0-py3.10.egg-info/top_level.txt
[0.526s] -- Installing: /home/parallels/arduinobot_ws/install/arduinobot_remote/local/lib/python3.10/dist-packages/arduinobot_remote-0.0.0-py3.10.egg-info/PKG-INFO
[0.526s] -- Installing: /home/parallels/arduinobot_ws/install/arduinobot_remote/local/lib/python3.10/dist-packages/arduinobot_remote-0.0.0-py3.10.egg-info/SOURCES.txt
[0.526s] -- Up-to-date: /home/parallels/arduinobot_ws/install/arduinobot_remote/local/lib/python3.10/dist-packages/arduinobot_remote
[0.527s] -- Up-to-date: /home/parallels/arduinobot_ws/install/arduinobot_remote/local/lib/python3.10/dist-packages/arduinobot_remote/alexa_interface.py
[0.527s] -- Up-to-date: /home/parallels/arduinobot_ws/install/arduinobot_remote/local/lib/python3.10/dist-packages/arduinobot_remote/__init__.py
[0.555s] Listing '/home/parallels/arduinobot_ws/install/arduinobot_remote/local/lib/python3.10/dist-packages/arduinobot_remote'...
[0.555s] -- Up-to-date: /home/parallels/arduinobot_ws/install/arduinobot_remote/share/arduinobot_remote/launch
[0.555s] -- Up-to-date: /home/parallels/arduinobot_ws/install/arduinobot_remote/share/arduinobot_remote/launch/remote_interface.launch.py
[0.555s] -- Up-to-date: /home/parallels/arduinobot_ws/install/arduinobot_remote/lib/libtask_server.so
[0.555s] -- Up-to-date: /home/parallels/arduinobot_ws/install/arduinobot_remote/lib/arduinobot_remote/alexa_interface.py
[0.555s] -- Up-to-date: /home/parallels/arduinobot_ws/install/arduinobot_remote/share/ament_index/resource_index/package_run_dependencies/arduinobot_remote
[0.555s] -- Up-to-date: /home/parallels/arduinobot_ws/install/arduinobot_remote/share/ament_index/resource_index/parent_prefix_path/arduinobot_remote
[0.555s] -- Up-to-date: /home/parallels/arduinobot_ws/install/arduinobot_remote/share/arduinobot_remote/environment/ament_prefix_path.sh
[0.555s] -- Up-to-date: /home/parallels/arduinobot_ws/install/arduinobot_remote/share/arduinobot_remote/environment/ament_prefix_path.dsv
[0.555s] -- Up-to-date: /home/parallels/arduinobot_ws/install/arduinobot_remote/share/arduinobot_remote/environment/path.sh
[0.555s] -- Up-to-date: /home/parallels/arduinobot_ws/install/arduinobot_remote/share/arduinobot_remote/environment/path.dsv
[0.555s] -- Up-to-date: /home/parallels/arduinobot_ws/install/arduinobot_remote/share/arduinobot_remote/local_setup.bash
[0.555s] -- Up-to-date: /home/parallels/arduinobot_ws/install/arduinobot_remote/share/arduinobot_remote/local_setup.sh
[0.555s] -- Up-to-date: /home/parallels/arduinobot_ws/install/arduinobot_remote/share/arduinobot_remote/local_setup.zsh
[0.555s] -- Up-to-date: /home/parallels/arduinobot_ws/install/arduinobot_remote/share/arduinobot_remote/local_setup.dsv
[0.555s] -- Installing: /home/parallels/arduinobot_ws/install/arduinobot_remote/share/arduinobot_remote/package.dsv
[0.555s] -- Up-to-date: /home/parallels/arduinobot_ws/install/arduinobot_remote/share/ament_index/resource_index/packages/arduinobot_remote
[0.555s] -- Up-to-date: /home/parallels/arduinobot_ws/install/arduinobot_remote/share/ament_index/resource_index/rclcpp_components/arduinobot_remote
[0.556s] -- Up-to-date: /home/parallels/arduinobot_ws/install/arduinobot_remote/share/arduinobot_remote/cmake/arduinobot_remoteConfig.cmake
[0.556s] -- Up-to-date: /home/parallels/arduinobot_ws/install/arduinobot_remote/share/arduinobot_remote/cmake/arduinobot_remoteConfig-version.cmake
[0.556s] -- Up-to-date: /home/parallels/arduinobot_ws/install/arduinobot_remote/share/arduinobot_remote/package.xml
[0.557s] Invoked command in '/home/parallels/arduinobot_ws/build/arduinobot_remote' returned '0': CMAKE_PREFIX_PATH=/home/parallels/arduinobot_ws/install/arduinobot_msgs:/home/parallels/arduinobot_ws/install/arduinobot_utils:/home/parallels/arduinobot_ws/install/arduinobot_remote:/home/parallels/arduinobot_ws/install/arduinobot_cpp_examples:/home/parallels/arduinobot_ws/install/arduinobot_moveit:/home/parallels/arduinobot_ws/install/arduinobot_firmware:/home/parallels/arduinobot_ws/install/arduinobot_description:/home/parallels/arduinobot_ws/install/arduinobot_controller:/home/parallels/arduinobot_ws/install/arduinobot_bringup:/home/parallels/ros2_ws/install/vision_opencv:/home/parallels/ros2_ws/install/image_geometry:/home/parallels/ros2_ws/install/cv_bridge:/home/parallels/test_ws/install/turtlesim:/home/parallels/test_ws/install/my_package:/home/parallels/arduinobot_ws/install/arduinobot_py_examples:/home/parallels/ros2_ws/install/opencv_tests:/home/parallels/ros2_ws/install/my_robot_controller:/opt/ros/humble LD_LIBRARY_PATH=/home/parallels/arduinobot_ws/install/arduinobot_msgs/lib:/home/parallels/arduinobot_ws/install/arduinobot_remote/lib:/home/parallels/arduinobot_ws/install/arduinobot_cpp_examples/lib:/home/parallels/arduinobot_ws/install/arduinobot_controller/lib:/home/parallels/ros2_ws/install/image_geometry/lib:/home/parallels/ros2_ws/install/cv_bridge/lib:/home/parallels/test_ws/install/turtlesim/lib:/opt/ros/humble/opt/rviz_ogre_vendor/lib:/opt/ros/humble/lib/aarch64-linux-gnu:/opt/ros/humble/lib /usr/bin/cmake --install /home/parallels/arduinobot_ws/build/arduinobot_remote
