[0.007s] Invoking command in '/home/parallels/arduinobot_ws/src/build/arduinobot_description': CMAKE_PREFIX_PATH=${CMAKE_PREFIX_PATH}:/home/parallels/ros2_ws/install/opencv_tests:/home/parallels/ros2_ws/install/my_robot_controller:/opt/ros/humble /usr/bin/cmake /home/parallels/arduinobot_ws/src/arduinobot_description -DCMAKE_INSTALL_PREFIX=/home/parallels/arduinobot_ws/src/install/arduinobot_description
[0.097s] -- The C compiler identification is GNU 11.4.0
[0.171s] -- The CXX compiler identification is GNU 11.4.0
[0.182s] -- Detecting C compiler ABI info
[0.230s] -- Detecting C compiler ABI info - done
[0.237s] -- Check for working C compiler: /usr/bin/cc - skipped
[0.237s] -- Detecting C compile features
[0.238s] -- Detecting C compile features - done
[0.241s] -- Detecting CXX compiler ABI info
[0.297s] -- Detecting CXX compiler ABI info - done
[0.298s] -- Check for working CXX compiler: /usr/bin/c++ - skipped
[0.298s] -- Detecting CXX compile features
[0.298s] -- Detecting CXX compile features - done
[0.303s] -- Found ament_cmake: 1.3.9 (/opt/ros/humble/share/ament_cmake/cmake)
[0.433s] -- Found Python3: /usr/bin/python3 (found version "3.10.12") found components: Interpreter 
[0.523s] -- Found urdf: 2.6.0 (/opt/ros/humble/share/urdf/cmake)
[0.594s] -- Found ament_lint_auto: 0.12.11 (/opt/ros/humble/share/ament_lint_auto/cmake)
[0.662s] -- Added test 'flake8' to check Python code syntax and style conventions
[0.663s] -- Added test 'lint_cmake' to check CMake code style
[0.664s] -- Added test 'pep257' to check Python code against some of the docstring style conventions in PEP 257
[0.666s] -- Added test 'xmllint' to check XML markup files
[0.667s] -- Configuring done
[0.669s] -- Generating done
[0.670s] -- Build files have been written to: /home/parallels/arduinobot_ws/src/build/arduinobot_description
[0.675s] Invoked command in '/home/parallels/arduinobot_ws/src/build/arduinobot_description' returned '0': CMAKE_PREFIX_PATH=${CMAKE_PREFIX_PATH}:/home/parallels/ros2_ws/install/opencv_tests:/home/parallels/ros2_ws/install/my_robot_controller:/opt/ros/humble /usr/bin/cmake /home/parallels/arduinobot_ws/src/arduinobot_description -DCMAKE_INSTALL_PREFIX=/home/parallels/arduinobot_ws/src/install/arduinobot_description
[0.675s] Invoking command in '/home/parallels/arduinobot_ws/src/build/arduinobot_description': CMAKE_PREFIX_PATH=${CMAKE_PREFIX_PATH}:/home/parallels/ros2_ws/install/opencv_tests:/home/parallels/ros2_ws/install/my_robot_controller:/opt/ros/humble /usr/bin/cmake --build /home/parallels/arduinobot_ws/src/build/arduinobot_description -- -j2 -l2
[0.706s] Invoked command in '/home/parallels/arduinobot_ws/src/build/arduinobot_description' returned '0': CMAKE_PREFIX_PATH=${CMAKE_PREFIX_PATH}:/home/parallels/ros2_ws/install/opencv_tests:/home/parallels/ros2_ws/install/my_robot_controller:/opt/ros/humble /usr/bin/cmake --build /home/parallels/arduinobot_ws/src/build/arduinobot_description -- -j2 -l2
[0.730s] Invoking command in '/home/parallels/arduinobot_ws/src/build/arduinobot_description': CMAKE_PREFIX_PATH=${CMAKE_PREFIX_PATH}:/home/parallels/ros2_ws/install/opencv_tests:/home/parallels/ros2_ws/install/my_robot_controller:/opt/ros/humble /usr/bin/cmake --install /home/parallels/arduinobot_ws/src/build/arduinobot_description
[0.734s] -- Install configuration: ""
[0.735s] -- Installing: /home/parallels/arduinobot_ws/src/install/arduinobot_description/share/arduinobot_description/meshes
[0.735s] -- Installing: /home/parallels/arduinobot_ws/src/install/arduinobot_description/share/arduinobot_description/meshes/forward_drive_arm.STL
[0.738s] -- Installing: /home/parallels/arduinobot_ws/src/install/arduinobot_description/share/arduinobot_description/meshes/vertical_drive_arm.STL
[0.740s] -- Installing: /home/parallels/arduinobot_ws/src/install/arduinobot_description/share/arduinobot_description/meshes/plate.STL
[0.742s] -- Installing: /home/parallels/arduinobot_ws/src/install/arduinobot_description/share/arduinobot_description/meshes/pi_camera.STL
[0.743s] -- Installing: /home/parallels/arduinobot_ws/src/install/arduinobot_description/share/arduinobot_description/meshes/link.STL
[0.744s] -- Installing: /home/parallels/arduinobot_ws/src/install/arduinobot_description/share/arduinobot_description/meshes/base_plate.STL
[0.747s] -- Installing: /home/parallels/arduinobot_ws/src/install/arduinobot_description/share/arduinobot_description/meshes/triangular_link.STL
[0.749s] -- Installing: /home/parallels/arduinobot_ws/src/install/arduinobot_description/share/arduinobot_description/meshes/basement.STL
[0.751s] -- Installing: /home/parallels/arduinobot_ws/src/install/arduinobot_description/share/arduinobot_description/meshes/round_plate.STL
[0.753s] -- Installing: /home/parallels/arduinobot_ws/src/install/arduinobot_description/share/arduinobot_description/meshes/servo_plate.STL
[0.755s] -- Installing: /home/parallels/arduinobot_ws/src/install/arduinobot_description/share/arduinobot_description/meshes/left_finger.STL
[0.756s] -- Installing: /home/parallels/arduinobot_ws/src/install/arduinobot_description/share/arduinobot_description/meshes/right_finger.STL
[0.757s] -- Installing: /home/parallels/arduinobot_ws/src/install/arduinobot_description/share/arduinobot_description/meshes/claw_support.STL
[0.759s] -- Installing: /home/parallels/arduinobot_ws/src/install/arduinobot_description/share/arduinobot_description/meshes/horizontal_arm.STL
[0.761s] -- Installing: /home/parallels/arduinobot_ws/src/install/arduinobot_description/share/arduinobot_description/models
[0.761s] -- Installing: /home/parallels/arduinobot_ws/src/install/arduinobot_description/share/arduinobot_description/models/sun
[0.761s] -- Installing: /home/parallels/arduinobot_ws/src/install/arduinobot_description/share/arduinobot_description/models/sun/model.config
[0.762s] -- Installing: /home/parallels/arduinobot_ws/src/install/arduinobot_description/share/arduinobot_description/models/sun/model-1_2.sdf
[0.762s] -- Installing: /home/parallels/arduinobot_ws/src/install/arduinobot_description/share/arduinobot_description/models/sun/model-1_3.sdf
[0.762s] -- Installing: /home/parallels/arduinobot_ws/src/install/arduinobot_description/share/arduinobot_description/models/sun/model-1_4.sdf
[0.762s] -- Installing: /home/parallels/arduinobot_ws/src/install/arduinobot_description/share/arduinobot_description/models/sun/model.sdf
[0.763s] -- Installing: /home/parallels/arduinobot_ws/src/install/arduinobot_description/share/arduinobot_description/models/ground_plane
[0.763s] -- Installing: /home/parallels/arduinobot_ws/src/install/arduinobot_description/share/arduinobot_description/models/ground_plane/model.config
[0.763s] -- Installing: /home/parallels/arduinobot_ws/src/install/arduinobot_description/share/arduinobot_description/models/ground_plane/model-1_2.sdf
[0.763s] -- Installing: /home/parallels/arduinobot_ws/src/install/arduinobot_description/share/arduinobot_description/models/ground_plane/model-1_3.sdf
[0.763s] -- Installing: /home/parallels/arduinobot_ws/src/install/arduinobot_description/share/arduinobot_description/models/ground_plane/model-1_4.sdf
[0.763s] -- Installing: /home/parallels/arduinobot_ws/src/install/arduinobot_description/share/arduinobot_description/models/ground_plane/model.sdf
[0.764s] -- Installing: /home/parallels/arduinobot_ws/src/install/arduinobot_description/share/arduinobot_description/urdf
[0.764s] -- Installing: /home/parallels/arduinobot_ws/src/install/arduinobot_description/share/arduinobot_description/urdf/arduinobot.urdf.xacro
[0.764s] -- Installing: /home/parallels/arduinobot_ws/src/install/arduinobot_description/share/arduinobot_description/launch
[0.764s] -- Installing: /home/parallels/arduinobot_ws/src/install/arduinobot_description/share/arduinobot_description/launch/display.launch.py
[0.764s] -- Installing: /home/parallels/arduinobot_ws/src/install/arduinobot_description/share/arduinobot_description/launch/gazebo.launch.py
[0.765s] -- Installing: /home/parallels/arduinobot_ws/src/install/arduinobot_description/share/arduinobot_description/rviz
[0.765s] -- Installing: /home/parallels/arduinobot_ws/src/install/arduinobot_description/share/arduinobot_description/rviz/display.rviz
[0.765s] -- Installing: /home/parallels/arduinobot_ws/src/install/arduinobot_description/share/ament_index/resource_index/package_run_dependencies/arduinobot_description
[0.765s] -- Installing: /home/parallels/arduinobot_ws/src/install/arduinobot_description/share/ament_index/resource_index/parent_prefix_path/arduinobot_description
[0.766s] -- Installing: /home/parallels/arduinobot_ws/src/install/arduinobot_description/share/arduinobot_description/environment/ament_prefix_path.sh
[0.766s] -- Installing: /home/parallels/arduinobot_ws/src/install/arduinobot_description/share/arduinobot_description/environment/ament_prefix_path.dsv
[0.766s] -- Installing: /home/parallels/arduinobot_ws/src/install/arduinobot_description/share/arduinobot_description/environment/path.sh
[0.766s] -- Installing: /home/parallels/arduinobot_ws/src/install/arduinobot_description/share/arduinobot_description/environment/path.dsv
[0.766s] -- Installing: /home/parallels/arduinobot_ws/src/install/arduinobot_description/share/arduinobot_description/local_setup.bash
[0.767s] -- Installing: /home/parallels/arduinobot_ws/src/install/arduinobot_description/share/arduinobot_description/local_setup.sh
[0.767s] -- Installing: /home/parallels/arduinobot_ws/src/install/arduinobot_description/share/arduinobot_description/local_setup.zsh
[0.767s] -- Installing: /home/parallels/arduinobot_ws/src/install/arduinobot_description/share/arduinobot_description/local_setup.dsv
[0.767s] -- Installing: /home/parallels/arduinobot_ws/src/install/arduinobot_description/share/arduinobot_description/package.dsv
[0.767s] -- Installing: /home/parallels/arduinobot_ws/src/install/arduinobot_description/share/ament_index/resource_index/packages/arduinobot_description
[0.768s] -- Installing: /home/parallels/arduinobot_ws/src/install/arduinobot_description/share/arduinobot_description/cmake/arduinobot_descriptionConfig.cmake
[0.768s] -- Installing: /home/parallels/arduinobot_ws/src/install/arduinobot_description/share/arduinobot_description/cmake/arduinobot_descriptionConfig-version.cmake
[0.768s] -- Installing: /home/parallels/arduinobot_ws/src/install/arduinobot_description/share/arduinobot_description/package.xml
[0.769s] Invoked command in '/home/parallels/arduinobot_ws/src/build/arduinobot_description' returned '0': CMAKE_PREFIX_PATH=${CMAKE_PREFIX_PATH}:/home/parallels/ros2_ws/install/opencv_tests:/home/parallels/ros2_ws/install/my_robot_controller:/opt/ros/humble /usr/bin/cmake --install /home/parallels/arduinobot_ws/src/build/arduinobot_description
