[0.022s] Invoking command in '/home/parallels/arduinobot_ws/build/arduinobot_remote': CMAKE_PREFIX_PATH=${CMAKE_PREFIX_PATH}:/home/parallels/ros2_ws/install/opencv_tests:/home/parallels/ros2_ws/install/my_robot_controller:/opt/ros/humble /usr/bin/cmake /home/parallels/arduinobot_ws/src/arduinobot_remote -DCMAKE_INSTALL_PREFIX=/home/parallels/arduinobot_ws/install/arduinobot_remote
[0.125s] -- The C compiler identification is GNU 11.4.0
[0.203s] -- The CXX compiler identification is GNU 11.4.0
[0.213s] -- Detecting C compiler ABI info
[0.257s] -- Detecting C compiler ABI info - done
[0.264s] -- Check for working C compiler: /usr/bin/cc - skipped
[0.264s] -- Detecting C compile features
[0.265s] -- Detecting C compile features - done
[0.268s] -- Detecting CXX compiler ABI info
[0.320s] -- Detecting CXX compiler ABI info - done
[0.327s] -- Check for working CXX compiler: /usr/bin/c++ - skipped
[0.327s] -- Detecting CXX compile features
[0.327s] -- Detecting CXX compile features - done
[0.331s] -- Found ament_cmake: 1.3.10 (/opt/ros/humble/share/ament_cmake/cmake)
[0.450s] -- Found Python3: /usr/bin/python3 (found version "3.10.12") found components: Interpreter 
[0.541s] -- Found ament_lint_auto: 0.12.11 (/opt/ros/humble/share/ament_lint_auto/cmake)
[0.620s] -- Added test 'lint_cmake' to check CMake code style
[0.621s] -- Added test 'xmllint' to check XML markup files
[0.624s] -- Configuring done
[0.627s] -- Generating done
[0.630s] -- Build files have been written to: /home/parallels/arduinobot_ws/build/arduinobot_remote
[0.708s] Invoked command in '/home/parallels/arduinobot_ws/build/arduinobot_remote' returned '0': CMAKE_PREFIX_PATH=${CMAKE_PREFIX_PATH}:/home/parallels/ros2_ws/install/opencv_tests:/home/parallels/ros2_ws/install/my_robot_controller:/opt/ros/humble /usr/bin/cmake /home/parallels/arduinobot_ws/src/arduinobot_remote -DCMAKE_INSTALL_PREFIX=/home/parallels/arduinobot_ws/install/arduinobot_remote
[0.709s] Invoking command in '/home/parallels/arduinobot_ws/build/arduinobot_remote': CMAKE_PREFIX_PATH=${CMAKE_PREFIX_PATH}:/home/parallels/ros2_ws/install/opencv_tests:/home/parallels/ros2_ws/install/my_robot_controller:/opt/ros/humble /usr/bin/cmake --build /home/parallels/arduinobot_ws/build/arduinobot_remote -- -j6 -l6
[0.731s] Invoked command in '/home/parallels/arduinobot_ws/build/arduinobot_remote' returned '0': CMAKE_PREFIX_PATH=${CMAKE_PREFIX_PATH}:/home/parallels/ros2_ws/install/opencv_tests:/home/parallels/ros2_ws/install/my_robot_controller:/opt/ros/humble /usr/bin/cmake --build /home/parallels/arduinobot_ws/build/arduinobot_remote -- -j6 -l6
[0.748s] Invoking command in '/home/parallels/arduinobot_ws/build/arduinobot_remote': CMAKE_PREFIX_PATH=${CMAKE_PREFIX_PATH}:/home/parallels/ros2_ws/install/opencv_tests:/home/parallels/ros2_ws/install/my_robot_controller:/opt/ros/humble /usr/bin/cmake --install /home/parallels/arduinobot_ws/build/arduinobot_remote
[0.752s] -- Install configuration: ""
[0.752s] -- Installing: /home/parallels/arduinobot_ws/install/arduinobot_remote/share/ament_index/resource_index/package_run_dependencies/arduinobot_remote
[0.752s] -- Installing: /home/parallels/arduinobot_ws/install/arduinobot_remote/share/ament_index/resource_index/parent_prefix_path/arduinobot_remote
[0.753s] -- Installing: /home/parallels/arduinobot_ws/install/arduinobot_remote/share/arduinobot_remote/environment/ament_prefix_path.sh
[0.753s] -- Installing: /home/parallels/arduinobot_ws/install/arduinobot_remote/share/arduinobot_remote/environment/ament_prefix_path.dsv
[0.753s] -- Installing: /home/parallels/arduinobot_ws/install/arduinobot_remote/share/arduinobot_remote/environment/path.sh
[0.753s] -- Installing: /home/parallels/arduinobot_ws/install/arduinobot_remote/share/arduinobot_remote/environment/path.dsv
[0.753s] -- Installing: /home/parallels/arduinobot_ws/install/arduinobot_remote/share/arduinobot_remote/local_setup.bash
[0.753s] -- Installing: /home/parallels/arduinobot_ws/install/arduinobot_remote/share/arduinobot_remote/local_setup.sh
[0.753s] -- Installing: /home/parallels/arduinobot_ws/install/arduinobot_remote/share/arduinobot_remote/local_setup.zsh
[0.753s] -- Installing: /home/parallels/arduinobot_ws/install/arduinobot_remote/share/arduinobot_remote/local_setup.dsv
[0.753s] -- Installing: /home/parallels/arduinobot_ws/install/arduinobot_remote/share/arduinobot_remote/package.dsv
[0.753s] -- Installing: /home/parallels/arduinobot_ws/install/arduinobot_remote/share/ament_index/resource_index/packages/arduinobot_remote
[0.753s] -- Installing: /home/parallels/arduinobot_ws/install/arduinobot_remote/share/arduinobot_remote/cmake/arduinobot_remoteConfig.cmake
[0.754s] -- Installing: /home/parallels/arduinobot_ws/install/arduinobot_remote/share/arduinobot_remote/cmake/arduinobot_remoteConfig-version.cmake
[0.754s] -- Installing: /home/parallels/arduinobot_ws/install/arduinobot_remote/share/arduinobot_remote/package.xml
[0.756s] Invoked command in '/home/parallels/arduinobot_ws/build/arduinobot_remote' returned '0': CMAKE_PREFIX_PATH=${CMAKE_PREFIX_PATH}:/home/parallels/ros2_ws/install/opencv_tests:/home/parallels/ros2_ws/install/my_robot_controller:/opt/ros/humble /usr/bin/cmake --install /home/parallels/arduinobot_ws/build/arduinobot_remote
