-- Found ament_cmake: 1.3.10 (/opt/ros/humble/share/ament_cmake/cmake)
-- Override CMake install command with custom implementation using symlinks instead of copying resources
-- Found ament_lint_auto: 0.12.11 (/opt/ros/humble/share/ament_lint_auto/cmake)
-- Added test 'flake8' to check Python code syntax and style conventions
-- Added test 'lint_cmake' to check CMake code style
-- Added test 'pep257' to check Python code against some of the docstring style conventions in PEP 257
-- Added test 'xmllint' to check XML markup files
-- Configuring done
-- Generating done
-- Build files have been written to: /home/parallels/arduinobot_ws/build/arduinobot_bringup
-- Install configuration: ""
-- Execute custom install script
-- Symlinking: /home/parallels/arduinobot_ws/install/arduinobot_bringup/share/arduinobot_bringup/launch/real_robot.launch.py
-- Symlinking: /home/parallels/arduinobot_ws/install/arduinobot_bringup/share/arduinobot_bringup/launch/simulated_robot.launch.py
-- Symlinking: /home/parallels/arduinobot_ws/install/arduinobot_bringup/share/ament_index/resource_index/package_run_dependencies/arduinobot_bringup
-- Symlinking: /home/parallels/arduinobot_ws/install/arduinobot_bringup/share/ament_index/resource_index/parent_prefix_path/arduinobot_bringup
-- Symlinking: /home/parallels/arduinobot_ws/install/arduinobot_bringup/share/arduinobot_bringup/environment/ament_prefix_path.sh
-- Symlinking: /home/parallels/arduinobot_ws/install/arduinobot_bringup/share/arduinobot_bringup/environment/ament_prefix_path.dsv
-- Symlinking: /home/parallels/arduinobot_ws/install/arduinobot_bringup/share/arduinobot_bringup/environment/path.sh
-- Symlinking: /home/parallels/arduinobot_ws/install/arduinobot_bringup/share/arduinobot_bringup/environment/path.dsv
-- Symlinking: /home/parallels/arduinobot_ws/install/arduinobot_bringup/share/arduinobot_bringup/local_setup.bash
-- Symlinking: /home/parallels/arduinobot_ws/install/arduinobot_bringup/share/arduinobot_bringup/local_setup.sh
-- Symlinking: /home/parallels/arduinobot_ws/install/arduinobot_bringup/share/arduinobot_bringup/local_setup.zsh
-- Symlinking: /home/parallels/arduinobot_ws/install/arduinobot_bringup/share/arduinobot_bringup/local_setup.dsv
-- Symlinking: /home/parallels/arduinobot_ws/install/arduinobot_bringup/share/arduinobot_bringup/package.dsv
-- Symlinking: /home/parallels/arduinobot_ws/install/arduinobot_bringup/share/ament_index/resource_index/packages/arduinobot_bringup
-- Symlinking: /home/parallels/arduinobot_ws/install/arduinobot_bringup/share/arduinobot_bringup/cmake/arduinobot_bringupConfig.cmake
-- Symlinking: /home/parallels/arduinobot_ws/install/arduinobot_bringup/share/arduinobot_bringup/cmake/arduinobot_bringupConfig-version.cmake
-- Symlinking: /home/parallels/arduinobot_ws/install/arduinobot_bringup/share/arduinobot_bringup/package.xml
