-- Found ament_cmake: 1.3.10 (/opt/ros/humble/share/ament_cmake/cmake)
-- Override CMake install command with custom implementation using symlinks instead of copying resources
-- Found rclcpp: 16.0.10 (/opt/ros/humble/share/rclcpp/cmake)
-- Found rosidl_generator_c: 3.1.5 (/opt/ros/humble/share/rosidl_generator_c/cmake)
-- Found rosidl_adapter: 3.1.5 (/opt/ros/humble/share/rosidl_adapter/cmake)
-- Found rosidl_generator_cpp: 3.1.5 (/opt/ros/humble/share/rosidl_generator_cpp/cmake)
-- Using all available rosidl_typesupport_c: rosidl_typesupport_fastrtps_c;rosidl_typesupport_introspection_c
-- Using all available rosidl_typesupport_cpp: rosidl_typesupport_fastrtps_cpp;rosidl_typesupport_introspection_cpp
-- Found rmw_implementation_cmake: 6.1.2 (/opt/ros/humble/share/rmw_implementation_cmake/cmake)
-- Found rmw_fastrtps_cpp: 6.2.7 (/opt/ros/humble/share/rmw_fastrtps_cpp/cmake)
-- Using RMW implementation 'rmw_fastrtps_cpp' as default
-- Found arduinobot_msgs: 0.0.0 (/home/parallels/arduinobot_ws/install/arduinobot_msgs/share/arduinobot_msgs/cmake)
-- Found rclcpp_components: 16.0.10 (/opt/ros/humble/share/rclcpp_components/cmake)
-- Found rclcpp_action: 16.0.10 (/opt/ros/humble/share/rclcpp_action/cmake)
-- Found ament_lint_auto: 0.12.11 (/opt/ros/humble/share/ament_lint_auto/cmake)
-- Added test 'cppcheck' to perform static code analysis on C / C++ code
-- Configured cppcheck include dirs: $<BUILD_INTERFACE:/home/parallels/arduinobot_ws/src/arduinobot_cpp_examples/include>
-- Configured cppcheck exclude dirs and/or files: 
-- Added test 'lint_cmake' to check CMake code style
-- Added test 'uncrustify' to check C / C++ code style
-- Configured uncrustify additional arguments: 
-- Added test 'xmllint' to check XML markup files
-- Configuring done
-- Generating done
-- Build files have been written to: /home/parallels/arduinobot_ws/build/arduinobot_cpp_examples
[35m[1mConsolidate compiler generated dependencies of target simple_publisher[0m
[35m[1mConsolidate compiler generated dependencies of target simple_service_server[0m
[35m[1mConsolidate compiler generated dependencies of target simple_subscriber[0m
[35m[1mConsolidate compiler generated dependencies of target simple_parameter[0m
[35m[1mConsolidate compiler generated dependencies of target simple_service_client[0m
[ 14%] Built target simple_subscriber
[ 28%] Built target simple_service_server
[ 42%] Built target simple_publisher
[ 50%] [32mBuilding CXX object CMakeFiles/simple_action_server.dir/src/simple_action_server.cpp.o[0m
[ 64%] Built target simple_parameter
[ 71%] [32mBuilding CXX object CMakeFiles/simple_action_server_node.dir/rclcpp_components/node_main_simple_action_server_node.cpp.o[0m
[ 85%] Built target simple_service_client
[01m[K/home/parallels/arduinobot_ws/src/arduinobot_cpp_examples/src/simple_action_server.cpp:27:27:[m[K [01;31m[Kerror: [m[Kwrong number of template arguments (0, should be 1)
   27 |     rclcpp_action::Server<[01;31m[K>[m[K::SharedPtr action_server_;
      |                           [01;31m[K^[m[K
In file included from [01m[K/opt/ros/humble/include/rclcpp_action/rclcpp_action/server.hpp:35[m[K,
                 from [01m[K/opt/ros/humble/include/rclcpp_action/rclcpp_action/create_server.hpp:29[m[K,
                 from [01m[K/opt/ros/humble/include/rclcpp_action/rclcpp_action/rclcpp_action.hpp:39[m[K,
                 from [01m[K/home/parallels/arduinobot_ws/src/arduinobot_cpp_examples/src/simple_action_server.cpp:2[m[K:
[01m[K/opt/ros/humble/include/rclcpp_action/rclcpp_action/server_goal_handle.hpp:121:7:[m[K [01;36m[Knote: [m[Kprovided for ‘[01m[Ktemplate<class ActionT> class rclcpp_action::Server[m[K’
  121 | class [01;36m[KServer[m[K;
      |       [01;36m[K^~~~~~[m[K
[01m[K/home/parallels/arduinobot_ws/src/arduinobot_cpp_examples/src/simple_action_server.cpp:27:30:[m[K [01;31m[Kerror: [m[Kexpected ‘[01m[K;[m[K’ at end of member declaration
   27 |     rclcpp_action::Server<>::[01;31m[KSharedPtr[m[K action_server_;
      |                              [01;31m[K^~~~~~~~~[m[K
      |                                       [32m[K;[m[K
[01m[K/home/parallels/arduinobot_ws/src/arduinobot_cpp_examples/src/simple_action_server.cpp:27:40:[m[K [01;31m[Kerror: [m[K‘[01m[Kaction_server_[m[K’ does not name a type; did you mean ‘[01m[Krcl_action_server_t[m[K’?
   27 |     rclcpp_action::Server<>::SharedPtr [01;31m[Kaction_server_[m[K;
      |                                        [01;31m[K^~~~~~~~~~~~~~[m[K
      |                                        [32m[Krcl_action_server_t[m[K
[01m[K/home/parallels/arduinobot_ws/src/arduinobot_cpp_examples/src/simple_action_server.cpp:[m[K In constructor ‘[01m[Karduinobot_cpp_examples::SimpleActionServer::SimpleActionServer(const rclcpp::NodeOptions&)[m[K’:
[01m[K/home/parallels/arduinobot_ws/src/arduinobot_cpp_examples/src/simple_action_server.cpp:17:9:[m[K [01;31m[Kerror: [m[K‘[01m[Kaction_server_[m[K’ was not declared in this scope; did you mean ‘[01m[Krcl_action_server_t[m[K’?
   17 |         [01;31m[Kaction_server_[m[K = rclcpp_action::create_server<arduinobot_msgs::action::Fibonacci>(
      |         [01;31m[K^~~~~~~~~~~~~~[m[K
      |         [32m[Krcl_action_server_t[m[K
[01m[K/home/parallels/arduinobot_ws/src/arduinobot_cpp_examples/src/simple_action_server.cpp:18:83:[m[K [01;31m[Kerror: [m[K‘[01m[K_1[m[K’ was not declared in this scope; did you mean ‘[01m[Kstd::placeholders::_1[m[K’?
   18 |             this, "fibonacci", std::bind(&SimpleActionServer::goalCallback, this, [01;31m[K_1[m[K,_2),
      |                                                                                   [01;31m[K^~[m[K
      |                                                                                   [32m[Kstd::placeholders::_1[m[K
In file included from [01m[K/usr/include/c++/11/pstl/glue_algorithm_defs.h:13[m[K,
                 from [01m[K/usr/include/c++/11/algorithm:74[m[K,
                 from [01m[K/opt/ros/humble/include/rclcpp/rclcpp/executor.hpp:18[m[K,
                 from [01m[K/opt/ros/humble/include/rclcpp/rclcpp/executors/multi_threaded_executor.hpp:25[m[K,
                 from [01m[K/opt/ros/humble/include/rclcpp/rclcpp/executors.hpp:21[m[K,
                 from [01m[K/opt/ros/humble/include/rclcpp/rclcpp/rclcpp.hpp:155[m[K,
                 from [01m[K/home/parallels/arduinobot_ws/src/arduinobot_cpp_examples/src/simple_action_server.cpp:1[m[K:
[01m[K/usr/include/c++/11/functional:225:34:[m[K [01;36m[Knote: [m[K‘[01m[Kstd::placeholders::_1[m[K’ declared here
  225 |     extern const _Placeholder<1> [01;36m[K_1[m[K;
      |                                  [01;36m[K^~[m[K
[01m[K/home/parallels/arduinobot_ws/src/arduinobot_cpp_examples/src/simple_action_server.cpp:18:86:[m[K [01;31m[Kerror: [m[K‘[01m[K_2[m[K’ was not declared in this scope; did you mean ‘[01m[Kstd::placeholders::_2[m[K’?
   18 |             this, "fibonacci", std::bind(&SimpleActionServer::goalCallback, this, _1,[01;31m[K_2[m[K),
      |                                                                                      [01;31m[K^~[m[K
      |                                                                                      [32m[Kstd::placeholders::_2[m[K
In file included from [01m[K/usr/include/c++/11/pstl/glue_algorithm_defs.h:13[m[K,
                 from [01m[K/usr/include/c++/11/algorithm:74[m[K,
                 from [01m[K/opt/ros/humble/include/rclcpp/rclcpp/executor.hpp:18[m[K,
                 from [01m[K/opt/ros/humble/include/rclcpp/rclcpp/executors/multi_threaded_executor.hpp:25[m[K,
                 from [01m[K/opt/ros/humble/include/rclcpp/rclcpp/executors.hpp:21[m[K,
                 from [01m[K/opt/ros/humble/include/rclcpp/rclcpp/rclcpp.hpp:155[m[K,
                 from [01m[K/home/parallels/arduinobot_ws/src/arduinobot_cpp_examples/src/simple_action_server.cpp:1[m[K:
[01m[K/usr/include/c++/11/functional:226:34:[m[K [01;36m[Knote: [m[K‘[01m[Kstd::placeholders::_2[m[K’ declared here
  226 |     extern const _Placeholder<2> [01;36m[K_2[m[K;
      |                                  [01;36m[K^~[m[K
In file included from [01m[K/opt/ros/humble/include/rclcpp/rclcpp/client.hpp:40[m[K,
                 from [01m[K/opt/ros/humble/include/rclcpp/rclcpp/callback_group.hpp:24[m[K,
                 from [01m[K/opt/ros/humble/include/rclcpp/rclcpp/any_executable.hpp:20[m[K,
                 from [01m[K/opt/ros/humble/include/rclcpp/rclcpp/memory_strategy.hpp:25[m[K,
                 from [01m[K/opt/ros/humble/include/rclcpp/rclcpp/memory_strategies.hpp:18[m[K,
                 from [01m[K/opt/ros/humble/include/rclcpp/rclcpp/executor_options.hpp:20[m[K,
                 from [01m[K/opt/ros/humble/include/rclcpp/rclcpp/executor.hpp:37[m[K,
                 from [01m[K/opt/ros/humble/include/rclcpp/rclcpp/executors/multi_threaded_executor.hpp:25[m[K,
                 from [01m[K/opt/ros/humble/include/rclcpp/rclcpp/executors.hpp:21[m[K,
                 from [01m[K/opt/ros/humble/include/rclcpp/rclcpp/rclcpp.hpp:155[m[K,
                 from [01m[K/home/parallels/arduinobot_ws/src/arduinobot_cpp_examples/src/simple_action_server.cpp:1[m[K:
[01m[K/home/parallels/arduinobot_ws/src/arduinobot_cpp_examples/src/simple_action_server.cpp:23:21:[m[K [01;31m[Kerror: [m[K‘[01m[Krlcpp[m[K’ was not declared in this scope; did you mean ‘[01m[Krclcpp[m[K’?
   23 |         RCLCPP_INFO([01;31m[Krlcpp[m[K::get_logger("rclcpp"), "Starting the Action Server");
      |                     [01;31m[K^~~~~[m[K
[01m[K/home/parallels/arduinobot_ws/src/arduinobot_cpp_examples/src/simple_action_server.cpp:23:21:[m[K [01;31m[Kerror: [m[K‘[01m[Krlcpp[m[K’ is not a class, namespace, or enumeration
[01m[K/home/parallels/arduinobot_ws/src/arduinobot_cpp_examples/src/simple_action_server.cpp:23:9:[m[K [01;31m[Kerror: [m[Ktemplate argument 1 is invalid
   23 |         [01;31m[KRCLCPP_INFO[m[K(rlcpp::get_logger("rclcpp"), "Starting the Action Server");
      |         [01;31m[K^~~~~~~~~~~[m[K
[01m[K/home/parallels/arduinobot_ws/src/arduinobot_cpp_examples/src/simple_action_server.cpp:23:9:[m[K [01;31m[Kerror: [m[Ktemplate argument 1 is invalid
   23 |         [01;31m[KRCLCPP_INFO[m[K(rlcpp::get_logger("rclcpp"), "Starting the Action Server");
      |         [01;31m[K^~~~~~~~~~~[m[K
[01m[K/home/parallels/arduinobot_ws/src/arduinobot_cpp_examples/src/simple_action_server.cpp:23:9:[m[K [01;31m[Kerror: [m[Ktemplate argument 1 is invalid
   23 |         [01;31m[KRCLCPP_INFO[m[K(rlcpp::get_logger("rclcpp"), "Starting the Action Server");
      |         [01;31m[K^~~~~~~~~~~[m[K
In file included from [01m[K/opt/ros/humble/include/rclcpp/rclcpp/logging.hpp:24[m[K,
                 from [01m[K/opt/ros/humble/include/rclcpp/rclcpp/client.hpp:40[m[K,
                 from [01m[K/opt/ros/humble/include/rclcpp/rclcpp/callback_group.hpp:24[m[K,
                 from [01m[K/opt/ros/humble/include/rclcpp/rclcpp/any_executable.hpp:20[m[K,
                 from [01m[K/opt/ros/humble/include/rclcpp/rclcpp/memory_strategy.hpp:25[m[K,
                 from [01m[K/opt/ros/humble/include/rclcpp/rclcpp/memory_strategies.hpp:18[m[K,
                 from [01m[K/opt/ros/humble/include/rclcpp/rclcpp/executor_options.hpp:20[m[K,
                 from [01m[K/opt/ros/humble/include/rclcpp/rclcpp/executor.hpp:37[m[K,
                 from [01m[K/opt/ros/humble/include/rclcpp/rclcpp/executors/multi_threaded_executor.hpp:25[m[K,
                 from [01m[K/opt/ros/humble/include/rclcpp/rclcpp/executors.hpp:21[m[K,
                 from [01m[K/opt/ros/humble/include/rclcpp/rclcpp/rclcpp.hpp:155[m[K,
                 from [01m[K/home/parallels/arduinobot_ws/src/arduinobot_cpp_examples/src/simple_action_server.cpp:1[m[K:
[01m[K/home/parallels/arduinobot_ws/src/arduinobot_cpp_examples/src/simple_action_server.cpp:23:21:[m[K [01;31m[Kerror: [m[K‘[01m[Krlcpp[m[K’ is not a class, namespace, or enumeration
   23 |         RCLCPP_INFO([01;31m[Krlcpp[m[K::get_logger("rclcpp"), "Starting the Action Server");
      |                     [01;31m[K^~~~~[m[K
[01m[K/home/parallels/arduinobot_ws/src/arduinobot_cpp_examples/src/simple_action_server.cpp:23:21:[m[K [01;31m[Kerror: [m[K‘[01m[Krlcpp[m[K’ is not a class, namespace, or enumeration
   23 |         RCLCPP_INFO([01;31m[Krlcpp[m[K::get_logger("rclcpp"), "Starting the Action Server");
      |                     [01;31m[K^~~~~[m[K
[01m[K/home/parallels/arduinobot_ws/src/arduinobot_cpp_examples/src/simple_action_server.cpp:[m[K In member function ‘[01m[Krclcpp_action::GoalResponse arduinobot_cpp_examples::SimpleActionServer::goalCallback(rclcpp_action::GoalUUID, std::shared_ptr<const arduinobot_msgs::action::Fibonacci_Goal_<std::allocator<void> > >)[m[K’:
[01m[K/home/parallels/arduinobot_ws/src/arduinobot_cpp_examples/src/simple_action_server.cpp:29:76:[m[K [01;35m[Kwarning: [m[Kunused parameter ‘[01m[Kuuid[m[K’ [[01;35m[K]8;;https://gcc.gnu.org/onlinedocs/gcc/Warning-Options.html#index-Wunused-parameter-Wunused-parameter]8;;[m[K]
   29 |     rclcpp_action::GoalResponse goalCallback([01;35m[Kconst rclcpp_action::GoalUUID uuid[m[K, std::shared_ptr<const arduinobot_msgs::action::Fibonacci::Goal> goal)
      |                                              [01;35m[K~~~~~~~~~~~~~~~~~~~~~~~~~~~~~~^~~~[m[K
[01m[K/home/parallels/arduinobot_ws/src/arduinobot_cpp_examples/src/simple_action_server.cpp:[m[K In member function ‘[01m[Kvoid arduinobot_cpp_examples::SimpleActionServer::acceptedCallback(std::shared_ptr<rclcpp_action::ServerGoalHandle<arduinobot_msgs::action::Fibonacci> >)[m[K’:
[01m[K/home/parallels/arduinobot_ws/src/arduinobot_cpp_examples/src/simple_action_server.cpp:37:67:[m[K [01;31m[Kerror: [m[K‘[01m[K_1[m[K’ was not declared in this scope; did you mean ‘[01m[Kstd::placeholders::_1[m[K’?
   37 |         std::thread{std::bind(&SimpleActionServer::execute, this, [01;31m[K_1[m[K), goal_handle}.detach();
      |                                                                   [01;31m[K^~[m[K
      |                                                                   [32m[Kstd::placeholders::_1[m[K
In file included from [01m[K/usr/include/c++/11/pstl/glue_algorithm_defs.h:13[m[K,
                 from [01m[K/usr/include/c++/11/algorithm:74[m[K,
                 from [01m[K/opt/ros/humble/include/rclcpp/rclcpp/executor.hpp:18[m[K,
                 from [01m[K/opt/ros/humble/include/rclcpp/rclcpp/executors/multi_threaded_executor.hpp:25[m[K,
                 from [01m[K/opt/ros/humble/include/rclcpp/rclcpp/executors.hpp:21[m[K,
                 from [01m[K/opt/ros/humble/include/rclcpp/rclcpp/rclcpp.hpp:155[m[K,
                 from [01m[K/home/parallels/arduinobot_ws/src/arduinobot_cpp_examples/src/simple_action_server.cpp:1[m[K:
[01m[K/usr/include/c++/11/functional:225:34:[m[K [01;36m[Knote: [m[K‘[01m[Kstd::placeholders::_1[m[K’ declared here
  225 |     extern const _Placeholder<1> [01;36m[K_1[m[K;
      |                                  [01;36m[K^~[m[K
[01m[K/home/parallels/arduinobot_ws/src/arduinobot_cpp_examples/src/simple_action_server.cpp:37:83:[m[K [01;31m[Kerror: [m[Kno matching function for call to ‘[01m[Kstd::thread::thread(<brace-enclosed initializer list>)[m[K’
   37 |         std::thread{std::bind(&SimpleActionServer::execute, this, _1), goal_handle[01;31m[K}[m[K.detach();
      |                                                                                   [01;31m[K^[m[K
In file included from [01m[K/usr/include/c++/11/future:48[m[K,
                 from [01m[K/opt/ros/humble/include/rclcpp/rclcpp/executors.hpp:18[m[K,
                 from [01m[K/opt/ros/humble/include/rclcpp/rclcpp/rclcpp.hpp:155[m[K,
                 from [01m[K/home/parallels/arduinobot_ws/src/arduinobot_cpp_examples/src/simple_action_server.cpp:1[m[K:
[01m[K/usr/include/c++/11/bits/std_thread.h:127:7:[m[K [01;36m[Knote: [m[Kcandidate: ‘[01m[Ktemplate<class _Callable, class ... _Args, class> std::thread::thread(_Callable&&, _Args&& ...)[m[K’
  127 |       [01;36m[Kthread[m[K(_Callable&& __f, _Args&&... __args)
      |       [01;36m[K^~~~~~[m[K
[01m[K/usr/include/c++/11/bits/std_thread.h:127:7:[m[K [01;36m[Knote: [m[K  template argument deduction/substitution failed:
[01m[K/usr/include/c++/11/bits/std_thread.h:157:5:[m[K [01;36m[Knote: [m[Kcandidate: ‘[01m[Kstd::thread::thread(std::thread&&)[m[K’
  157 |     [01;36m[Kthread[m[K(thread&& __t) noexcept
      |     [01;36m[K^~~~~~[m[K
[01m[K/usr/include/c++/11/bits/std_thread.h:157:5:[m[K [01;36m[Knote: [m[K  candidate expects 1 argument, 2 provided
[01m[K/usr/include/c++/11/bits/std_thread.h:121:5:[m[K [01;36m[Knote: [m[Kcandidate: ‘[01m[Kstd::thread::thread()[m[K’
  121 |     [01;36m[Kthread[m[K() noexcept = default;
      |     [01;36m[K^~~~~~[m[K
[01m[K/usr/include/c++/11/bits/std_thread.h:121:5:[m[K [01;36m[Knote: [m[K  candidate expects 0 arguments, 2 provided
[01m[K/home/parallels/arduinobot_ws/src/arduinobot_cpp_examples/src/simple_action_server.cpp:[m[K In member function ‘[01m[Kvoid arduinobot_cpp_examples::SimpleActionServer::execute(std::shared_ptr<rclcpp_action::ServerGoalHandle<arduinobot_msgs::action::Fibonacci> >)[m[K’:
[01m[K/home/parallels/arduinobot_ws/src/arduinobot_cpp_examples/src/simple_action_server.cpp:54:15:[m[K [01;31m[Kerror: [m[K‘[01m[Ki[m[K’ was not declared in this scope
   54 |         for ( [01;31m[Ki[m[K = 1; (i < goal->order) && rclcpp::ok(); i++)
      |               [01;31m[K^[m[K
In file included from [01m[K/opt/ros/humble/include/rclcpp/rclcpp/client.hpp:40[m[K,
                 from [01m[K/opt/ros/humble/include/rclcpp/rclcpp/callback_group.hpp:24[m[K,
                 from [01m[K/opt/ros/humble/include/rclcpp/rclcpp/any_executable.hpp:20[m[K,
                 from [01m[K/opt/ros/humble/include/rclcpp/rclcpp/memory_strategy.hpp:25[m[K,
                 from [01m[K/opt/ros/humble/include/rclcpp/rclcpp/memory_strategies.hpp:18[m[K,
                 from [01m[K/opt/ros/humble/include/rclcpp/rclcpp/executor_options.hpp:20[m[K,
                 from [01m[K/opt/ros/humble/include/rclcpp/rclcpp/executor.hpp:37[m[K,
                 from [01m[K/opt/ros/humble/include/rclcpp/rclcpp/executors/multi_threaded_executor.hpp:25[m[K,
                 from [01m[K/opt/ros/humble/include/rclcpp/rclcpp/executors.hpp:21[m[K,
                 from [01m[K/opt/ros/humble/include/rclcpp/rclcpp/rclcpp.hpp:155[m[K,
                 from [01m[K/home/parallels/arduinobot_ws/src/arduinobot_cpp_examples/src/simple_action_server.cpp:1[m[K:
[01m[K/home/parallels/arduinobot_ws/src/arduinobot_cpp_examples/src/simple_action_server.cpp:74:43:[m[K [01;31m[Kerror: [m[Ktoo many arguments to function ‘[01m[Krclcpp::Logger rclcpp::get_logger(const string&)[m[K’
   74 |             RCLCPP_INFO([01;31m[Krclcpp::get_logger("rclcpp", "Goal succeeded")[m[K);
      |                         [01;31m[K~~~~~~~~~~~~~~~~~~^~~~~~~~~~~~~~~~~~~~~~~~~~~~[m[K
In file included from [01m[K/opt/ros/humble/include/rclcpp/rclcpp/logging.hpp:23[m[K,
                 from [01m[K/opt/ros/humble/include/rclcpp/rclcpp/client.hpp:40[m[K,
                 from [01m[K/opt/ros/humble/include/rclcpp/rclcpp/callback_group.hpp:24[m[K,
                 from [01m[K/opt/ros/humble/include/rclcpp/rclcpp/any_executable.hpp:20[m[K,
                 from [01m[K/opt/ros/humble/include/rclcpp/rclcpp/memory_strategy.hpp:25[m[K,
                 from [01m[K/opt/ros/humble/include/rclcpp/rclcpp/memory_strategies.hpp:18[m[K,
                 from [01m[K/opt/ros/humble/include/rclcpp/rclcpp/executor_options.hpp:20[m[K,
                 from [01m[K/opt/ros/humble/include/rclcpp/rclcpp/executor.hpp:37[m[K,
                 from [01m[K/opt/ros/humble/include/rclcpp/rclcpp/executors/multi_threaded_executor.hpp:25[m[K,
                 from [01m[K/opt/ros/humble/include/rclcpp/rclcpp/executors.hpp:21[m[K,
                 from [01m[K/opt/ros/humble/include/rclcpp/rclcpp/rclcpp.hpp:155[m[K,
                 from [01m[K/home/parallels/arduinobot_ws/src/arduinobot_cpp_examples/src/simple_action_server.cpp:1[m[K:
[01m[K/opt/ros/humble/include/rclcpp/rclcpp/logger.hpp:106:17:[m[K [01;36m[Knote: [m[Kdeclared here
  106 |   friend Logger [01;36m[Krclcpp[m[K::get_logger(const std::string & name);
      |                 [01;36m[K^~~~~~[m[K
In file included from [01m[K/opt/ros/humble/include/rclcpp/rclcpp/client.hpp:40[m[K,
                 from [01m[K/opt/ros/humble/include/rclcpp/rclcpp/callback_group.hpp:24[m[K,
                 from [01m[K/opt/ros/humble/include/rclcpp/rclcpp/any_executable.hpp:20[m[K,
                 from [01m[K/opt/ros/humble/include/rclcpp/rclcpp/memory_strategy.hpp:25[m[K,
                 from [01m[K/opt/ros/humble/include/rclcpp/rclcpp/memory_strategies.hpp:18[m[K,
                 from [01m[K/opt/ros/humble/include/rclcpp/rclcpp/executor_options.hpp:20[m[K,
                 from [01m[K/opt/ros/humble/include/rclcpp/rclcpp/executor.hpp:37[m[K,
                 from [01m[K/opt/ros/humble/include/rclcpp/rclcpp/executors/multi_threaded_executor.hpp:25[m[K,
                 from [01m[K/opt/ros/humble/include/rclcpp/rclcpp/executors.hpp:21[m[K,
                 from [01m[K/opt/ros/humble/include/rclcpp/rclcpp/rclcpp.hpp:155[m[K,
                 from [01m[K/home/parallels/arduinobot_ws/src/arduinobot_cpp_examples/src/simple_action_server.cpp:1[m[K:
[01m[K/home/parallels/arduinobot_ws/src/arduinobot_cpp_examples/src/simple_action_server.cpp:74:43:[m[K [01;31m[Kerror: [m[Ktoo many arguments to function ‘[01m[Krclcpp::Logger rclcpp::get_logger(const string&)[m[K’
   74 |             RCLCPP_INFO([01;31m[Krclcpp::get_logger("rclcpp", "Goal succeeded")[m[K);
      |                         [01;31m[K~~~~~~~~~~~~~~~~~~^~~~~~~~~~~~~~~~~~~~~~~~~~~~[m[K
In file included from [01m[K/opt/ros/humble/include/rclcpp/rclcpp/logging.hpp:23[m[K,
                 from [01m[K/opt/ros/humble/include/rclcpp/rclcpp/client.hpp:40[m[K,
                 from [01m[K/opt/ros/humble/include/rclcpp/rclcpp/callback_group.hpp:24[m[K,
                 from [01m[K/opt/ros/humble/include/rclcpp/rclcpp/any_executable.hpp:20[m[K,
                 from [01m[K/opt/ros/humble/include/rclcpp/rclcpp/memory_strategy.hpp:25[m[K,
                 from [01m[K/opt/ros/humble/include/rclcpp/rclcpp/memory_strategies.hpp:18[m[K,
                 from [01m[K/opt/ros/humble/include/rclcpp/rclcpp/executor_options.hpp:20[m[K,
                 from [01m[K/opt/ros/humble/include/rclcpp/rclcpp/executor.hpp:37[m[K,
                 from [01m[K/opt/ros/humble/include/rclcpp/rclcpp/executors/multi_threaded_executor.hpp:25[m[K,
                 from [01m[K/opt/ros/humble/include/rclcpp/rclcpp/executors.hpp:21[m[K,
                 from [01m[K/opt/ros/humble/include/rclcpp/rclcpp/rclcpp.hpp:155[m[K,
                 from [01m[K/home/parallels/arduinobot_ws/src/arduinobot_cpp_examples/src/simple_action_server.cpp:1[m[K:
[01m[K/opt/ros/humble/include/rclcpp/rclcpp/logger.hpp:106:17:[m[K [01;36m[Knote: [m[Kdeclared here
  106 |   friend Logger [01;36m[Krclcpp[m[K::get_logger(const std::string & name);
      |                 [01;36m[K^~~~~~[m[K
In file included from [01m[K/opt/ros/humble/include/rclcpp/rclcpp/logging.hpp:24[m[K,
                 from [01m[K/opt/ros/humble/include/rclcpp/rclcpp/client.hpp:40[m[K,
                 from [01m[K/opt/ros/humble/include/rclcpp/rclcpp/callback_group.hpp:24[m[K,
                 from [01m[K/opt/ros/humble/include/rclcpp/rclcpp/any_executable.hpp:20[m[K,
                 from [01m[K/opt/ros/humble/include/rclcpp/rclcpp/memory_strategy.hpp:25[m[K,
                 from [01m[K/opt/ros/humble/include/rclcpp/rclcpp/memory_strategies.hpp:18[m[K,
                 from [01m[K/opt/ros/humble/include/rclcpp/rclcpp/executor_options.hpp:20[m[K,
                 from [01m[K/opt/ros/humble/include/rclcpp/rclcpp/executor.hpp:37[m[K,
                 from [01m[K/opt/ros/humble/include/rclcpp/rclcpp/executors/multi_threaded_executor.hpp:25[m[K,
                 from [01m[K/opt/ros/humble/include/rclcpp/rclcpp/executors.hpp:21[m[K,
                 from [01m[K/opt/ros/humble/include/rclcpp/rclcpp/rclcpp.hpp:155[m[K,
                 from [01m[K/home/parallels/arduinobot_ws/src/arduinobot_cpp_examples/src/simple_action_server.cpp:1[m[K:
[01m[K/home/parallels/arduinobot_ws/src/arduinobot_cpp_examples/src/simple_action_server.cpp:74:43:[m[K [01;31m[Kerror: [m[Ktoo many arguments to function ‘[01m[Krclcpp::Logger rclcpp::get_logger(const string&)[m[K’
   74 |             RCLCPP_INFO([01;31m[Krclcpp::get_logger("rclcpp", "Goal succeeded")[m[K);
      |                         [01;31m[K~~~~~~~~~~~~~~~~~~^~~~~~~~~~~~~~~~~~~~~~~~~~~~[m[K
In file included from [01m[K/opt/ros/humble/include/rclcpp/rclcpp/logging.hpp:23[m[K,
                 from [01m[K/opt/ros/humble/include/rclcpp/rclcpp/client.hpp:40[m[K,
                 from [01m[K/opt/ros/humble/include/rclcpp/rclcpp/callback_group.hpp:24[m[K,
                 from [01m[K/opt/ros/humble/include/rclcpp/rclcpp/any_executable.hpp:20[m[K,
                 from [01m[K/opt/ros/humble/include/rclcpp/rclcpp/memory_strategy.hpp:25[m[K,
                 from [01m[K/opt/ros/humble/include/rclcpp/rclcpp/memory_strategies.hpp:18[m[K,
                 from [01m[K/opt/ros/humble/include/rclcpp/rclcpp/executor_options.hpp:20[m[K,
                 from [01m[K/opt/ros/humble/include/rclcpp/rclcpp/executor.hpp:37[m[K,
                 from [01m[K/opt/ros/humble/include/rclcpp/rclcpp/executors/multi_threaded_executor.hpp:25[m[K,
                 from [01m[K/opt/ros/humble/include/rclcpp/rclcpp/executors.hpp:21[m[K,
                 from [01m[K/opt/ros/humble/include/rclcpp/rclcpp/rclcpp.hpp:155[m[K,
                 from [01m[K/home/parallels/arduinobot_ws/src/arduinobot_cpp_examples/src/simple_action_server.cpp:1[m[K:
[01m[K/opt/ros/humble/include/rclcpp/rclcpp/logger.hpp:106:17:[m[K [01;36m[Knote: [m[Kdeclared here
  106 |   friend Logger [01;36m[Krclcpp[m[K::get_logger(const std::string & name);
      |                 [01;36m[K^~~~~~[m[K
In file included from [01m[K/opt/ros/humble/include/rclcpp/rclcpp/logging.hpp:24[m[K,
                 from [01m[K/opt/ros/humble/include/rclcpp/rclcpp/client.hpp:40[m[K,
                 from [01m[K/opt/ros/humble/include/rclcpp/rclcpp/callback_group.hpp:24[m[K,
                 from [01m[K/opt/ros/humble/include/rclcpp/rclcpp/any_executable.hpp:20[m[K,
                 from [01m[K/opt/ros/humble/include/rclcpp/rclcpp/memory_strategy.hpp:25[m[K,
                 from [01m[K/opt/ros/humble/include/rclcpp/rclcpp/memory_strategies.hpp:18[m[K,
                 from [01m[K/opt/ros/humble/include/rclcpp/rclcpp/executor_options.hpp:20[m[K,
                 from [01m[K/opt/ros/humble/include/rclcpp/rclcpp/executor.hpp:37[m[K,
                 from [01m[K/opt/ros/humble/include/rclcpp/rclcpp/executors/multi_threaded_executor.hpp:25[m[K,
                 from [01m[K/opt/ros/humble/include/rclcpp/rclcpp/executors.hpp:21[m[K,
                 from [01m[K/opt/ros/humble/include/rclcpp/rclcpp/rclcpp.hpp:155[m[K,
                 from [01m[K/home/parallels/arduinobot_ws/src/arduinobot_cpp_examples/src/simple_action_server.cpp:1[m[K:
[01m[K/home/parallels/arduinobot_ws/src/arduinobot_cpp_examples/src/simple_action_server.cpp:74:43:[m[K [01;31m[Kerror: [m[Ktoo many arguments to function ‘[01m[Krclcpp::Logger rclcpp::get_logger(const string&)[m[K’
   74 |             RCLCPP_INFO([01;31m[Krclcpp::get_logger("rclcpp", "Goal succeeded")[m[K);
      |                         [01;31m[K~~~~~~~~~~~~~~~~~~^~~~~~~~~~~~~~~~~~~~~~~~~~~~[m[K
In file included from [01m[K/opt/ros/humble/include/rclcpp/rclcpp/logging.hpp:23[m[K,
                 from [01m[K/opt/ros/humble/include/rclcpp/rclcpp/client.hpp:40[m[K,
                 from [01m[K/opt/ros/humble/include/rclcpp/rclcpp/callback_group.hpp:24[m[K,
                 from [01m[K/opt/ros/humble/include/rclcpp/rclcpp/any_executable.hpp:20[m[K,
                 from [01m[K/opt/ros/humble/include/rclcpp/rclcpp/memory_strategy.hpp:25[m[K,
                 from [01m[K/opt/ros/humble/include/rclcpp/rclcpp/memory_strategies.hpp:18[m[K,
                 from [01m[K/opt/ros/humble/include/rclcpp/rclcpp/executor_options.hpp:20[m[K,
                 from [01m[K/opt/ros/humble/include/rclcpp/rclcpp/executor.hpp:37[m[K,
                 from [01m[K/opt/ros/humble/include/rclcpp/rclcpp/executors/multi_threaded_executor.hpp:25[m[K,
                 from [01m[K/opt/ros/humble/include/rclcpp/rclcpp/executors.hpp:21[m[K,
                 from [01m[K/opt/ros/humble/include/rclcpp/rclcpp/rclcpp.hpp:155[m[K,
                 from [01m[K/home/parallels/arduinobot_ws/src/arduinobot_cpp_examples/src/simple_action_server.cpp:1[m[K:
[01m[K/opt/ros/humble/include/rclcpp/rclcpp/logger.hpp:106:17:[m[K [01;36m[Knote: [m[Kdeclared here
  106 |   friend Logger [01;36m[Krclcpp[m[K::get_logger(const std::string & name);
      |                 [01;36m[K^~~~~~[m[K
In file included from [01m[K/opt/ros/humble/include/rclcpp/rclcpp/logging.hpp:24[m[K,
                 from [01m[K/opt/ros/humble/include/rclcpp/rclcpp/client.hpp:40[m[K,
                 from [01m[K/opt/ros/humble/include/rclcpp/rclcpp/callback_group.hpp:24[m[K,
                 from [01m[K/opt/ros/humble/include/rclcpp/rclcpp/any_executable.hpp:20[m[K,
                 from [01m[K/opt/ros/humble/include/rclcpp/rclcpp/memory_strategy.hpp:25[m[K,
                 from [01m[K/opt/ros/humble/include/rclcpp/rclcpp/memory_strategies.hpp:18[m[K,
                 from [01m[K/opt/ros/humble/include/rclcpp/rclcpp/executor_options.hpp:20[m[K,
                 from [01m[K/opt/ros/humble/include/rclcpp/rclcpp/executor.hpp:37[m[K,
                 from [01m[K/opt/ros/humble/include/rclcpp/rclcpp/executors/multi_threaded_executor.hpp:25[m[K,
                 from [01m[K/opt/ros/humble/include/rclcpp/rclcpp/executors.hpp:21[m[K,
                 from [01m[K/opt/ros/humble/include/rclcpp/rclcpp/rclcpp.hpp:155[m[K,
                 from [01m[K/home/parallels/arduinobot_ws/src/arduinobot_cpp_examples/src/simple_action_server.cpp:1[m[K:
[01m[K/home/parallels/arduinobot_ws/src/arduinobot_cpp_examples/src/simple_action_server.cpp:74:13:[m[K [01;31m[Kerror: [m[Kexpected primary-expression before ‘[01m[K)[m[K’ token
   74 |             [01;31m[KRCLCPP_INFO[m[K(rclcpp::get_logger("rclcpp", "Goal succeeded"));
      |             [01;31m[K^~~~~~~~~~~[m[K
[01m[K/home/parallels/arduinobot_ws/src/arduinobot_cpp_examples/src/simple_action_server.cpp:[m[K In member function ‘[01m[Krclcpp_action::CancelResponse arduinobot_cpp_examples::SimpleActionServer::cancelCallback(std::shared_ptr<rclcpp_action::ServerGoalHandle<arduinobot_msgs::action::Fibonacci> >)[m[K’:
[01m[K/home/parallels/arduinobot_ws/src/arduinobot_cpp_examples/src/simple_action_server.cpp:77:141:[m[K [01;35m[Kwarning: [m[Kunused parameter ‘[01m[Kgoal_handle[m[K’ [[01;35m[K]8;;https://gcc.gnu.org/onlinedocs/gcc/Warning-Options.html#index-Wunused-parameter-Wunused-parameter]8;;[m[K]
   77 |     rclcpp_action::CancelResponse cancelCallback([01;35m[Kconst std::shared_ptr<rclcpp_action::ServerGoalHandle<arduinobot_msgs::action::Fibonacci>> goal_handle[m[K)
      |                                                  [01;35m[K~~~~~~~~~~~~~~~~~~~~~~~~~~~~~~~~~~~~~~~~~~~~~~~~~~~~~~~~~~~~~~~~~~~~~~~~~~~~~~~~~~~~~~~~~~~^~~~~~~~~~~[m[K
gmake[2]: *** [CMakeFiles/simple_action_server.dir/build.make:76: CMakeFiles/simple_action_server.dir/src/simple_action_server.cpp.o] Error 1
gmake[1]: *** [CMakeFiles/Makefile2:279: CMakeFiles/simple_action_server.dir/all] Error 2
gmake[1]: *** Waiting for unfinished jobs....
[ 92%] [32m[1mLinking CXX executable simple_action_server_node[0m
[ 92%] Built target simple_action_server_node
gmake: *** [Makefile:146: all] Error 2
