[0.022s] Invoking command in '/home/parallels/arduinobot_ws/build/arduinobot_bringup': CMAKE_PREFIX_PATH=${CMAKE_PREFIX_PATH}:/home/parallels/ros2_ws/install/opencv_tests:/home/parallels/ros2_ws/install/my_robot_controller:/opt/ros/humble /usr/bin/cmake --build /home/parallels/arduinobot_ws/build/arduinobot_bringup -- -j6 -l6
[0.051s] Invoked command in '/home/parallels/arduinobot_ws/build/arduinobot_bringup' returned '0': CMAKE_PREFIX_PATH=${CMAKE_PREFIX_PATH}:/home/parallels/ros2_ws/install/opencv_tests:/home/parallels/ros2_ws/install/my_robot_controller:/opt/ros/humble /usr/bin/cmake --build /home/parallels/arduinobot_ws/build/arduinobot_bringup -- -j6 -l6
[0.100s] Invoking command in '/home/parallels/arduinobot_ws/build/arduinobot_bringup': CMAKE_PREFIX_PATH=${CMAKE_PREFIX_PATH}:/home/parallels/ros2_ws/install/opencv_tests:/home/parallels/ros2_ws/install/my_robot_controller:/opt/ros/humble /usr/bin/cmake --install /home/parallels/arduinobot_ws/build/arduinobot_bringup
[0.106s] -- Install configuration: ""
[0.106s] -- Up-to-date: /home/parallels/arduinobot_ws/install/arduinobot_bringup/share/arduinobot_bringup/launch
[0.106s] -- Up-to-date: /home/parallels/arduinobot_ws/install/arduinobot_bringup/share/arduinobot_bringup/launch/simulated_robot.launch.py
[0.106s] -- Up-to-date: /home/parallels/arduinobot_ws/install/arduinobot_bringup/share/ament_index/resource_index/package_run_dependencies/arduinobot_bringup
[0.106s] -- Up-to-date: /home/parallels/arduinobot_ws/install/arduinobot_bringup/share/ament_index/resource_index/parent_prefix_path/arduinobot_bringup
[0.106s] -- Up-to-date: /home/parallels/arduinobot_ws/install/arduinobot_bringup/share/arduinobot_bringup/environment/ament_prefix_path.sh
[0.107s] -- Up-to-date: /home/parallels/arduinobot_ws/install/arduinobot_bringup/share/arduinobot_bringup/environment/ament_prefix_path.dsv
[0.107s] -- Up-to-date: /home/parallels/arduinobot_ws/install/arduinobot_bringup/share/arduinobot_bringup/environment/path.sh
[0.107s] -- Up-to-date: /home/parallels/arduinobot_ws/install/arduinobot_bringup/share/arduinobot_bringup/environment/path.dsv
[0.107s] -- Up-to-date: /home/parallels/arduinobot_ws/install/arduinobot_bringup/share/arduinobot_bringup/local_setup.bash
[0.107s] -- Up-to-date: /home/parallels/arduinobot_ws/install/arduinobot_bringup/share/arduinobot_bringup/local_setup.sh
[0.107s] -- Up-to-date: /home/parallels/arduinobot_ws/install/arduinobot_bringup/share/arduinobot_bringup/local_setup.zsh
[0.107s] -- Up-to-date: /home/parallels/arduinobot_ws/install/arduinobot_bringup/share/arduinobot_bringup/local_setup.dsv
[0.107s] -- Installing: /home/parallels/arduinobot_ws/install/arduinobot_bringup/share/arduinobot_bringup/package.dsv
[0.107s] -- Up-to-date: /home/parallels/arduinobot_ws/install/arduinobot_bringup/share/ament_index/resource_index/packages/arduinobot_bringup
[0.107s] -- Up-to-date: /home/parallels/arduinobot_ws/install/arduinobot_bringup/share/arduinobot_bringup/cmake/arduinobot_bringupConfig.cmake
[0.108s] -- Up-to-date: /home/parallels/arduinobot_ws/install/arduinobot_bringup/share/arduinobot_bringup/cmake/arduinobot_bringupConfig-version.cmake
[0.108s] -- Up-to-date: /home/parallels/arduinobot_ws/install/arduinobot_bringup/share/arduinobot_bringup/package.xml
[0.112s] Invoked command in '/home/parallels/arduinobot_ws/build/arduinobot_bringup' returned '0': CMAKE_PREFIX_PATH=${CMAKE_PREFIX_PATH}:/home/parallels/ros2_ws/install/opencv_tests:/home/parallels/ros2_ws/install/my_robot_controller:/opt/ros/humble /usr/bin/cmake --install /home/parallels/arduinobot_ws/build/arduinobot_bringup
