[35m[1mConsolidate compiler generated dependencies of target simple_subscriber[0m
[35m[1mConsolidate compiler generated dependencies of target simple_service_server[0m
[35m[1mConsolidate compiler generated dependencies of target simple_service_client[0m
[35m[1mConsolidate compiler generated dependencies of target simple_parameter[0m
[35m[1mConsolidate compiler generated dependencies of target simple_moveit_interface[0m
[  9%] Built target simple_service_server
[ 18%] Built target simple_subscriber
[35m[1mConsolidate compiler generated dependencies of target simple_publisher[0m
[35m[1mConsolidate compiler generated dependencies of target simple_lifecycle_node[0m
[ 27%] Built target simple_service_client
[35m[1mConsolidate compiler generated dependencies of target simple_action_server[0m
[ 36%] Built target simple_parameter
[ 45%] Built target simple_publisher
[ 54%] Built target simple_moveit_interface
[35m[1mConsolidate compiler generated dependencies of target simple_action_client[0m
[ 63%] Built target simple_action_server
[ 72%] Built target simple_lifecycle_node
[35m[1mConsolidate compiler generated dependencies of target simple_action_client_node[0m
[35m[1mConsolidate compiler generated dependencies of target simple_action_server_node[0m
[ 81%] Built target simple_action_client
[ 90%] Built target simple_action_server_node
[100%] Built target simple_action_client_node
-- Install configuration: ""
-- Installing: /home/parallels/arduinobot_ws/install/arduinobot_cpp_examples/share/arduinobot_cpp_examples/package.dsv
