-- Found ament_cmake: 1.3.10 (/opt/ros/humble/share/ament_cmake/cmake)
-- Override CMake install command with custom implementation using symlinks instead of copying resources
-- Found hardware_interface: 2.42.0 (/opt/ros/humble/share/hardware_interface/cmake)
-- Found rosidl_generator_c: 3.1.5 (/opt/ros/humble/share/rosidl_generator_c/cmake)
-- Found rosidl_adapter: 3.1.5 (/opt/ros/humble/share/rosidl_adapter/cmake)
-- Found rosidl_generator_cpp: 3.1.5 (/opt/ros/humble/share/rosidl_generator_cpp/cmake)
-- Using all available rosidl_typesupport_c: rosidl_typesupport_fastrtps_c;rosidl_typesupport_introspection_c
-- Using all available rosidl_typesupport_cpp: rosidl_typesupport_fastrtps_cpp;rosidl_typesupport_introspection_cpp
-- Found rmw_implementation_cmake: 6.1.2 (/opt/ros/humble/share/rmw_implementation_cmake/cmake)
-- Found rmw_fastrtps_cpp: 6.2.7 (/opt/ros/humble/share/rmw_fastrtps_cpp/cmake)
-- Found TinyXML2 via Config file: TinyXML2_DIR-NOTFOUND
-- Found TinyXML2 via Config file: TinyXML2_DIR-NOTFOUND
-- Found TinyXML2 via Config file: TinyXML2_DIR-NOTFOUND
-- Found TinyXML2 via Config file: TinyXML2_DIR-NOTFOUND
-- Using RMW implementation 'rmw_fastrtps_cpp' as default
-- Found ament_lint_auto: 0.12.11 (/opt/ros/humble/share/ament_lint_auto/cmake)
-- Added test 'cppcheck' to perform static code analysis on C / C++ code
-- Configured cppcheck include dirs: /home/parallels/arduinobot_ws/src/arduinobot_controller/include;/home/parallels/arduinobot_ws/src/arduinobot_controller/
-- Configured cppcheck exclude dirs and/or files: 
-- Added test 'flake8' to check Python code syntax and style conventions
-- Added test 'lint_cmake' to check CMake code style
-- Added test 'pep257' to check Python code against some of the docstring style conventions in PEP 257
-- Added test 'uncrustify' to check C / C++ code style
-- Configured uncrustify additional arguments: 
-- Added test 'xmllint' to check XML markup files
-- Configuring done
-- Generating done
-- Build files have been written to: /home/parallels/arduinobot_ws/build/arduinobot_controller
[35m[1mConsolidate compiler generated dependencies of target arduinobot_controller[0m
[ 50%] [32m[1mLinking CXX shared library libarduinobot_controller.so[0m
[100%] Built target arduinobot_controller
-- Install configuration: ""
-- Execute custom install script
-- Symlinking: /home/parallels/arduinobot_ws/install/arduinobot_controller/share/arduinobot_controller//arduinobot_controller.xml
-- Symlinking: /home/parallels/arduinobot_ws/install/arduinobot_controller/share/arduinobot_controller/config/arduinobot_controllers.yaml
-- Symlinking: /home/parallels/arduinobot_ws/install/arduinobot_controller/share/arduinobot_controller/launch/controller.launch.py
-- Symlinking: /home/parallels/arduinobot_ws/install/arduinobot_controller/lib/libarduinobot_controller.so
-- Symlinking: /home/parallels/arduinobot_ws/install/arduinobot_controller/include/include/arduinobot_controller/arduinobot_interface.hpp
-- Symlinking: /home/parallels/arduinobot_ws/install/arduinobot_controller/share/arduinobot_controller/environment/library_path.sh
-- Symlinking: /home/parallels/arduinobot_ws/install/arduinobot_controller/share/arduinobot_controller/environment/library_path.dsv
-- Symlinking: /home/parallels/arduinobot_ws/install/arduinobot_controller/share/ament_index/resource_index/package_run_dependencies/arduinobot_controller
-- Symlinking: /home/parallels/arduinobot_ws/install/arduinobot_controller/share/ament_index/resource_index/parent_prefix_path/arduinobot_controller
-- Symlinking: /home/parallels/arduinobot_ws/install/arduinobot_controller/share/arduinobot_controller/environment/ament_prefix_path.sh
-- Symlinking: /home/parallels/arduinobot_ws/install/arduinobot_controller/share/arduinobot_controller/environment/ament_prefix_path.dsv
-- Symlinking: /home/parallels/arduinobot_ws/install/arduinobot_controller/share/arduinobot_controller/environment/path.sh
-- Symlinking: /home/parallels/arduinobot_ws/install/arduinobot_controller/share/arduinobot_controller/environment/path.dsv
-- Symlinking: /home/parallels/arduinobot_ws/install/arduinobot_controller/share/arduinobot_controller/local_setup.bash
-- Symlinking: /home/parallels/arduinobot_ws/install/arduinobot_controller/share/arduinobot_controller/local_setup.sh
-- Symlinking: /home/parallels/arduinobot_ws/install/arduinobot_controller/share/arduinobot_controller/local_setup.zsh
-- Symlinking: /home/parallels/arduinobot_ws/install/arduinobot_controller/share/arduinobot_controller/local_setup.dsv
-- Symlinking: /home/parallels/arduinobot_ws/install/arduinobot_controller/share/arduinobot_controller/package.dsv
-- Symlinking: /home/parallels/arduinobot_ws/install/arduinobot_controller/share/ament_index/resource_index/packages/arduinobot_controller
-- Symlinking: /home/parallels/arduinobot_ws/install/arduinobot_controller/share/ament_index/resource_index/hardware_interface__pluginlib__plugin/arduinobot_controller
-- Symlinking: /home/parallels/arduinobot_ws/install/arduinobot_controller/share/arduinobot_controller/cmake/ament_cmake_export_include_directories-extras.cmake
-- Symlinking: /home/parallels/arduinobot_ws/install/arduinobot_controller/share/arduinobot_controller/cmake/ament_cmake_export_libraries-extras.cmake
-- Symlinking: /home/parallels/arduinobot_ws/install/arduinobot_controller/share/arduinobot_controller/cmake/ament_cmake_export_dependencies-extras.cmake
-- Symlinking: /home/parallels/arduinobot_ws/install/arduinobot_controller/share/arduinobot_controller/cmake/arduinobot_controllerConfig.cmake
-- Symlinking: /home/parallels/arduinobot_ws/install/arduinobot_controller/share/arduinobot_controller/cmake/arduinobot_controllerConfig-version.cmake
-- Symlinking: /home/parallels/arduinobot_ws/install/arduinobot_controller/share/arduinobot_controller/package.xml
