[0.022s] Invoking command in '/home/parallels/arduinobot_ws/build/arduinobot_controller': CMAKE_PREFIX_PATH=${CMAKE_PREFIX_PATH}:/home/parallels/arduinobot_ws/install/arduinobot_py_examples:/home/parallels/ros2_ws/install/opencv_tests:/home/parallels/ros2_ws/install/my_robot_controller:/opt/ros/humble /usr/bin/cmake /home/parallels/arduinobot_ws/src/arduinobot_controller -DAMENT_CMAKE_SYMLINK_INSTALL=1 -DCMAKE_INSTALL_PREFIX=/home/parallels/arduinobot_ws/install/arduinobot_controller
[0.035s] -- Found ament_cmake: 1.3.10 (/opt/ros/humble/share/ament_cmake/cmake)
[0.128s] -- Override CMake install command with custom implementation using symlinks instead of copying resources
[0.136s] -- Found hardware_interface: 2.42.0 (/opt/ros/humble/share/hardware_interface/cmake)
[0.161s] -- Found rosidl_generator_c: 3.1.5 (/opt/ros/humble/share/rosidl_generator_c/cmake)
[0.164s] -- Found rosidl_adapter: 3.1.5 (/opt/ros/humble/share/rosidl_adapter/cmake)
[0.169s] -- Found rosidl_generator_cpp: 3.1.5 (/opt/ros/humble/share/rosidl_generator_cpp/cmake)
[0.178s] -- Using all available rosidl_typesupport_c: rosidl_typesupport_fastrtps_c;rosidl_typesupport_introspection_c
[0.190s] -- Using all available rosidl_typesupport_cpp: rosidl_typesupport_fastrtps_cpp;rosidl_typesupport_introspection_cpp
[0.356s] -- Found rmw_implementation_cmake: 6.1.2 (/opt/ros/humble/share/rmw_implementation_cmake/cmake)
[0.358s] -- Found rmw_fastrtps_cpp: 6.2.7 (/opt/ros/humble/share/rmw_fastrtps_cpp/cmake)
[0.381s] -- Found TinyXML2 via Config file: TinyXML2_DIR-NOTFOUND
[0.395s] -- Found TinyXML2 via Config file: TinyXML2_DIR-NOTFOUND
[0.417s] -- Found TinyXML2 via Config file: TinyXML2_DIR-NOTFOUND
[0.423s] -- Found TinyXML2 via Config file: TinyXML2_DIR-NOTFOUND
[0.434s] -- Using RMW implementation 'rmw_fastrtps_cpp' as default
[0.506s] -- Found ament_lint_auto: 0.12.11 (/opt/ros/humble/share/ament_lint_auto/cmake)
[0.566s] -- Added test 'cppcheck' to perform static code analysis on C / C++ code
[0.566s] -- Configured cppcheck include dirs: /home/parallels/arduinobot_ws/src/arduinobot_controller/include;/home/parallels/arduinobot_ws/src/arduinobot_controller/
[0.566s] -- Configured cppcheck exclude dirs and/or files: 
[0.566s] -- Added test 'flake8' to check Python code syntax and style conventions
[0.567s] -- Added test 'lint_cmake' to check CMake code style
[0.567s] -- Added test 'pep257' to check Python code against some of the docstring style conventions in PEP 257
[0.567s] -- Added test 'uncrustify' to check C / C++ code style
[0.567s] -- Configured uncrustify additional arguments: 
[0.568s] -- Added test 'xmllint' to check XML markup files
[0.569s] -- Configuring done
[0.589s] -- Generating done
[0.591s] -- Build files have been written to: /home/parallels/arduinobot_ws/build/arduinobot_controller
[0.597s] Invoked command in '/home/parallels/arduinobot_ws/build/arduinobot_controller' returned '0': CMAKE_PREFIX_PATH=${CMAKE_PREFIX_PATH}:/home/parallels/arduinobot_ws/install/arduinobot_py_examples:/home/parallels/ros2_ws/install/opencv_tests:/home/parallels/ros2_ws/install/my_robot_controller:/opt/ros/humble /usr/bin/cmake /home/parallels/arduinobot_ws/src/arduinobot_controller -DAMENT_CMAKE_SYMLINK_INSTALL=1 -DCMAKE_INSTALL_PREFIX=/home/parallels/arduinobot_ws/install/arduinobot_controller
[0.598s] Invoking command in '/home/parallels/arduinobot_ws/build/arduinobot_controller': CMAKE_PREFIX_PATH=${CMAKE_PREFIX_PATH}:/home/parallels/arduinobot_ws/install/arduinobot_py_examples:/home/parallels/ros2_ws/install/opencv_tests:/home/parallels/ros2_ws/install/my_robot_controller:/opt/ros/humble /usr/bin/cmake --build /home/parallels/arduinobot_ws/build/arduinobot_controller -- -j6 -l6
[0.627s] [35m[1mConsolidate compiler generated dependencies of target arduinobot_controller[0m
[0.642s] [ 50%] [32m[1mLinking CXX shared library libarduinobot_controller.so[0m
[0.794s] [100%] Built target arduinobot_controller
[0.803s] Invoked command in '/home/parallels/arduinobot_ws/build/arduinobot_controller' returned '0': CMAKE_PREFIX_PATH=${CMAKE_PREFIX_PATH}:/home/parallels/arduinobot_ws/install/arduinobot_py_examples:/home/parallels/ros2_ws/install/opencv_tests:/home/parallels/ros2_ws/install/my_robot_controller:/opt/ros/humble /usr/bin/cmake --build /home/parallels/arduinobot_ws/build/arduinobot_controller -- -j6 -l6
[0.826s] Invoking command in '/home/parallels/arduinobot_ws/build/arduinobot_controller': CMAKE_PREFIX_PATH=${CMAKE_PREFIX_PATH}:/home/parallels/arduinobot_ws/install/arduinobot_py_examples:/home/parallels/ros2_ws/install/opencv_tests:/home/parallels/ros2_ws/install/my_robot_controller:/opt/ros/humble /usr/bin/cmake --install /home/parallels/arduinobot_ws/build/arduinobot_controller
[0.832s] -- Install configuration: ""
[0.832s] -- Execute custom install script
[0.833s] -- Symlinking: /home/parallels/arduinobot_ws/install/arduinobot_controller/share/arduinobot_controller//arduinobot_controller.xml
[0.839s] -- Symlinking: /home/parallels/arduinobot_ws/install/arduinobot_controller/share/arduinobot_controller/config/arduinobot_controllers.yaml
[0.845s] -- Symlinking: /home/parallels/arduinobot_ws/install/arduinobot_controller/share/arduinobot_controller/launch/controller.launch.py
[0.851s] -- Symlinking: /home/parallels/arduinobot_ws/install/arduinobot_controller/lib/libarduinobot_controller.so
[0.856s] -- Symlinking: /home/parallels/arduinobot_ws/install/arduinobot_controller/include/include/arduinobot_controller/arduinobot_interface.hpp
[0.863s] -- Symlinking: /home/parallels/arduinobot_ws/install/arduinobot_controller/share/arduinobot_controller/environment/library_path.sh
[0.868s] -- Symlinking: /home/parallels/arduinobot_ws/install/arduinobot_controller/share/arduinobot_controller/environment/library_path.dsv
[0.874s] -- Symlinking: /home/parallels/arduinobot_ws/install/arduinobot_controller/share/ament_index/resource_index/package_run_dependencies/arduinobot_controller
[0.880s] -- Symlinking: /home/parallels/arduinobot_ws/install/arduinobot_controller/share/ament_index/resource_index/parent_prefix_path/arduinobot_controller
[0.886s] -- Symlinking: /home/parallels/arduinobot_ws/install/arduinobot_controller/share/arduinobot_controller/environment/ament_prefix_path.sh
[0.892s] -- Symlinking: /home/parallels/arduinobot_ws/install/arduinobot_controller/share/arduinobot_controller/environment/ament_prefix_path.dsv
[0.897s] -- Symlinking: /home/parallels/arduinobot_ws/install/arduinobot_controller/share/arduinobot_controller/environment/path.sh
[0.904s] -- Symlinking: /home/parallels/arduinobot_ws/install/arduinobot_controller/share/arduinobot_controller/environment/path.dsv
[0.910s] -- Symlinking: /home/parallels/arduinobot_ws/install/arduinobot_controller/share/arduinobot_controller/local_setup.bash
[0.915s] -- Symlinking: /home/parallels/arduinobot_ws/install/arduinobot_controller/share/arduinobot_controller/local_setup.sh
[0.924s] -- Symlinking: /home/parallels/arduinobot_ws/install/arduinobot_controller/share/arduinobot_controller/local_setup.zsh
[0.930s] -- Symlinking: /home/parallels/arduinobot_ws/install/arduinobot_controller/share/arduinobot_controller/local_setup.dsv
[0.935s] -- Symlinking: /home/parallels/arduinobot_ws/install/arduinobot_controller/share/arduinobot_controller/package.dsv
[0.941s] -- Symlinking: /home/parallels/arduinobot_ws/install/arduinobot_controller/share/ament_index/resource_index/packages/arduinobot_controller
[0.946s] -- Symlinking: /home/parallels/arduinobot_ws/install/arduinobot_controller/share/ament_index/resource_index/hardware_interface__pluginlib__plugin/arduinobot_controller
[0.952s] -- Symlinking: /home/parallels/arduinobot_ws/install/arduinobot_controller/share/arduinobot_controller/cmake/ament_cmake_export_include_directories-extras.cmake
[0.957s] -- Symlinking: /home/parallels/arduinobot_ws/install/arduinobot_controller/share/arduinobot_controller/cmake/ament_cmake_export_libraries-extras.cmake
[0.962s] -- Symlinking: /home/parallels/arduinobot_ws/install/arduinobot_controller/share/arduinobot_controller/cmake/ament_cmake_export_dependencies-extras.cmake
[0.967s] -- Symlinking: /home/parallels/arduinobot_ws/install/arduinobot_controller/share/arduinobot_controller/cmake/arduinobot_controllerConfig.cmake
[0.974s] -- Symlinking: /home/parallels/arduinobot_ws/install/arduinobot_controller/share/arduinobot_controller/cmake/arduinobot_controllerConfig-version.cmake
[0.979s] -- Symlinking: /home/parallels/arduinobot_ws/install/arduinobot_controller/share/arduinobot_controller/package.xml
[0.986s] Invoked command in '/home/parallels/arduinobot_ws/build/arduinobot_controller' returned '0': CMAKE_PREFIX_PATH=${CMAKE_PREFIX_PATH}:/home/parallels/arduinobot_ws/install/arduinobot_py_examples:/home/parallels/ros2_ws/install/opencv_tests:/home/parallels/ros2_ws/install/my_robot_controller:/opt/ros/humble /usr/bin/cmake --install /home/parallels/arduinobot_ws/build/arduinobot_controller
