[0.013s] Invoking command in '/home/parallels/arduinobot_ws/build/turtlebot3_gazebo': CMAKE_PREFIX_PATH=${CMAKE_PREFIX_PATH}:/home/parallels/arduinobot_ws/install/arduinobot_py_examples:/home/parallels/ros2_ws/install/opencv_tests:/home/parallels/ros2_ws/install/my_robot_controller:/opt/ros/humble /usr/bin/cmake /home/parallels/arduinobot_ws/src/turtlebot3_simulations/turtlebot3_gazebo -DCMAKE_INSTALL_PREFIX=/home/parallels/arduinobot_ws/install/turtlebot3_gazebo
[0.130s] -- The C compiler identification is GNU 11.4.0
[0.180s] -- The CXX compiler identification is GNU 11.4.0
[0.186s] -- Detecting C compiler ABI info
[0.272s] -- Detecting C compiler ABI info - done
[0.282s] -- Check for working C compiler: /usr/bin/cc - skipped
[0.283s] -- Detecting C compile features
[0.284s] -- Detecting C compile features - done
[0.292s] -- Detecting CXX compiler ABI info
[0.431s] -- Detecting CXX compiler ABI info - done
[0.441s] -- Check for working CXX compiler: /usr/bin/c++ - skipped
[0.442s] -- Detecting CXX compile features
[0.451s] -- Detecting CXX compile features - done
[0.462s] -- Found ament_cmake: 1.3.9 (/opt/ros/humble/share/ament_cmake/cmake)
[0.728s] -- Found Python3: /usr/bin/python3 (found version "3.10.12") found components: Interpreter 
[0.873s] [31mCMake Error at CMakeLists.txt:23 (find_package):
[0.873s]   By not providing "Findgazebo.cmake" in CMAKE_MODULE_PATH this project has
[0.874s]   asked CMake to find a package configuration file provided by "gazebo", but
[0.874s]   CMake did not find one.
[0.874s] 
[0.874s]   Could not find a package configuration file provided by "gazebo" with any
[0.875s]   of the following names:
[0.875s] 
[0.876s]     gazeboConfig.cmake
[0.876s]     gazebo-config.cmake
[0.877s] 
[0.877s]   Add the installation prefix of "gazebo" to CMAKE_PREFIX_PATH or set
[0.877s]   "gazebo_DIR" to a directory containing one of the above files.  If "gazebo"
[0.877s]   provides a separate development package or SDK, be sure it has been
[0.877s]   installed.
[0.877s] 
[0.877s] [0m
[0.877s] -- Configuring incomplete, errors occurred!
[0.877s] See also "/home/parallels/arduinobot_ws/build/turtlebot3_gazebo/CMakeFiles/CMakeOutput.log".
[0.878s] Invoked command in '/home/parallels/arduinobot_ws/build/turtlebot3_gazebo' returned '1': CMAKE_PREFIX_PATH=${CMAKE_PREFIX_PATH}:/home/parallels/arduinobot_ws/install/arduinobot_py_examples:/home/parallels/ros2_ws/install/opencv_tests:/home/parallels/ros2_ws/install/my_robot_controller:/opt/ros/humble /usr/bin/cmake /home/parallels/arduinobot_ws/src/turtlebot3_simulations/turtlebot3_gazebo -DCMAKE_INSTALL_PREFIX=/home/parallels/arduinobot_ws/install/turtlebot3_gazebo
