[1.036s] Invoking command in '/home/parallels/arduinobot_ws/src/arduinobot_py_examples': PYTHONPATH=/home/parallels/arduinobot_ws/build/arduinobot_py_examples/prefix_override:/usr/lib/python3/dist-packages/colcon_core/task/python/colcon_distutils_commands:/home/parallels/arduinobot_ws/install/arduinobot_py_examples/lib/python3.10/site-packages:${PYTHONPATH} /usr/bin/python3 -W ignore:setup.py install is deprecated setup.py egg_info --egg-base ../../build/arduinobot_py_examples build --build-base /home/parallels/arduinobot_ws/build/arduinobot_py_examples/build install --record /home/parallels/arduinobot_ws/build/arduinobot_py_examples/install.log --single-version-externally-managed install_data
[1.261s] running egg_info
[1.268s] writing ../../build/arduinobot_py_examples/arduinobot_py_examples.egg-info/PKG-INFO
[1.269s] writing dependency_links to ../../build/arduinobot_py_examples/arduinobot_py_examples.egg-info/dependency_links.txt
[1.270s] writing entry points to ../../build/arduinobot_py_examples/arduinobot_py_examples.egg-info/entry_points.txt
[1.270s] writing requirements to ../../build/arduinobot_py_examples/arduinobot_py_examples.egg-info/requires.txt
[1.271s] writing top-level names to ../../build/arduinobot_py_examples/arduinobot_py_examples.egg-info/top_level.txt
[1.273s] reading manifest file '../../build/arduinobot_py_examples/arduinobot_py_examples.egg-info/SOURCES.txt'
[1.329s] writing manifest file '../../build/arduinobot_py_examples/arduinobot_py_examples.egg-info/SOURCES.txt'
[1.329s] running build
[1.329s] running build_py
[1.331s] running install
[1.331s] running install_lib
[1.338s] running install_data
[1.338s] running install_egg_info
[1.338s] removing '/home/parallels/arduinobot_ws/install/arduinobot_py_examples/lib/python3.10/site-packages/arduinobot_py_examples-0.0.0-py3.10.egg-info' (and everything under it)
[1.338s] Copying ../../build/arduinobot_py_examples/arduinobot_py_examples.egg-info to /home/parallels/arduinobot_ws/install/arduinobot_py_examples/lib/python3.10/site-packages/arduinobot_py_examples-0.0.0-py3.10.egg-info
[1.341s] running install_scripts
[1.368s] Installing simple_parameter script to /home/parallels/arduinobot_ws/install/arduinobot_py_examples/lib/arduinobot_py_examples
[1.370s] Installing simple_publisher script to /home/parallels/arduinobot_ws/install/arduinobot_py_examples/lib/arduinobot_py_examples
[1.371s] Installing simple_subscriber script to /home/parallels/arduinobot_ws/install/arduinobot_py_examples/lib/arduinobot_py_examples
[1.372s] writing list of installed files to '/home/parallels/arduinobot_ws/build/arduinobot_py_examples/install.log'
[1.396s] Invoked command in '/home/parallels/arduinobot_ws/src/arduinobot_py_examples' returned '0': PYTHONPATH=/home/parallels/arduinobot_ws/build/arduinobot_py_examples/prefix_override:/usr/lib/python3/dist-packages/colcon_core/task/python/colcon_distutils_commands:/home/parallels/arduinobot_ws/install/arduinobot_py_examples/lib/python3.10/site-packages:${PYTHONPATH} /usr/bin/python3 -W ignore:setup.py install is deprecated setup.py egg_info --egg-base ../../build/arduinobot_py_examples build --build-base /home/parallels/arduinobot_ws/build/arduinobot_py_examples/build install --record /home/parallels/arduinobot_ws/build/arduinobot_py_examples/install.log --single-version-externally-managed install_data
