[0.467s] DEBUG:colcon:Command line arguments: ['/usr/bin/colcon', 'list', '-p', '--base-paths', '/home/parallels/arduinobot_ws']
[0.467s] DEBUG:colcon:Parsed command line arguments: Namespace(log_base=None, log_level=None, verb_name='list', build_base='build', ignore_user_meta=False, metas=['./colcon.meta'], base_paths=['/home/parallels/arduinobot_ws'], packages_ignore=None, packages_ignore_regex=None, paths=None, packages_up_to=None, packages_up_to_regex=None, packages_above=None, packages_above_and_dependencies=None, packages_above_depth=None, packages_select_by_dep=None, packages_skip_by_dep=None, packages_skip_up_to=None, packages_select_build_failed=False, packages_skip_build_finished=False, packages_select_test_failures=False, packages_skip_test_passed=False, packages_select=None, packages_skip=None, packages_select_regex=None, packages_skip_regex=None, packages_start=None, packages_end=None, allow_overriding=[], topological_order=False, names_only=False, paths_only=True, topological_graph=False, topological_graph_dot=False, topological_graph_density=False, topological_graph_legend=False, topological_graph_dot_cluster=False, topological_graph_dot_include_skipped=False, mixin_files=None, mixin=None, verb_parser=<colcon_mixin.mixin.mixin_argument.MixinArgumentDecorator object at 0xffff8a56feb0>, verb_extension=<colcon_package_information.verb.list.ListVerb object at 0xffff8a56f160>, main=<bound method ListVerb.main of <colcon_package_information.verb.list.ListVerb object at 0xffff8a56f160>>, mixin_verb=('list',))
[1.155s] Level 1:colcon.colcon_core.package_discovery:discover_packages(colcon_meta) check parameters
[1.155s] Level 1:colcon.colcon_core.package_discovery:discover_packages(recursive) check parameters
[1.155s] Level 1:colcon.colcon_core.package_discovery:discover_packages(ignore) check parameters
[1.155s] Level 1:colcon.colcon_core.package_discovery:discover_packages(path) check parameters
[1.155s] Level 1:colcon.colcon_core.package_discovery:discover_packages(recursive) discover
[1.159s] INFO:colcon.colcon_core.package_discovery:Crawling recursively for packages in '/home/parallels/arduinobot_ws'
[1.159s] Level 1:colcon.colcon_core.package_identification:_identify(/home/parallels/arduinobot_ws) by extensions ['ignore', 'ignore_ament_install']
[1.159s] Level 1:colcon.colcon_core.package_identification:_identify(/home/parallels/arduinobot_ws) by extension 'ignore'
[1.159s] Level 1:colcon.colcon_core.package_identification:_identify(/home/parallels/arduinobot_ws) by extension 'ignore_ament_install'
[1.159s] Level 1:colcon.colcon_core.package_identification:_identify(/home/parallels/arduinobot_ws) by extensions ['colcon_pkg']
[1.159s] Level 1:colcon.colcon_core.package_identification:_identify(/home/parallels/arduinobot_ws) by extension 'colcon_pkg'
[1.159s] Level 1:colcon.colcon_core.package_identification:_identify(/home/parallels/arduinobot_ws) by extensions ['colcon_meta']
[1.159s] Level 1:colcon.colcon_core.package_identification:_identify(/home/parallels/arduinobot_ws) by extension 'colcon_meta'
[1.159s] Level 1:colcon.colcon_core.package_identification:_identify(/home/parallels/arduinobot_ws) by extensions ['ros']
[1.159s] Level 1:colcon.colcon_core.package_identification:_identify(/home/parallels/arduinobot_ws) by extension 'ros'
[1.209s] Level 1:colcon.colcon_core.package_identification:_identify(/home/parallels/arduinobot_ws) by extensions ['cmake', 'python']
[1.209s] Level 1:colcon.colcon_core.package_identification:_identify(/home/parallels/arduinobot_ws) by extension 'cmake'
[1.209s] Level 1:colcon.colcon_core.package_identification:_identify(/home/parallels/arduinobot_ws) by extension 'python'
[1.209s] Level 1:colcon.colcon_core.package_identification:_identify(/home/parallels/arduinobot_ws) by extensions ['python_setup_py']
[1.210s] Level 1:colcon.colcon_core.package_identification:_identify(/home/parallels/arduinobot_ws) by extension 'python_setup_py'
[1.210s] Level 1:colcon.colcon_core.package_identification:_identify(/home/parallels/arduinobot_ws/build) by extensions ['ignore', 'ignore_ament_install']
[1.213s] Level 1:colcon.colcon_core.package_identification:_identify(/home/parallels/arduinobot_ws/build) by extension 'ignore'
[1.213s] Level 1:colcon.colcon_core.package_identification:_identify(/home/parallels/arduinobot_ws/build) ignored
[1.213s] Level 1:colcon.colcon_core.package_identification:_identify(/home/parallels/arduinobot_ws/install) by extensions ['ignore', 'ignore_ament_install']
[1.213s] Level 1:colcon.colcon_core.package_identification:_identify(/home/parallels/arduinobot_ws/install) by extension 'ignore'
[1.213s] Level 1:colcon.colcon_core.package_identification:_identify(/home/parallels/arduinobot_ws/install) ignored
[1.213s] Level 1:colcon.colcon_core.package_identification:_identify(/home/parallels/arduinobot_ws/log) by extensions ['ignore', 'ignore_ament_install']
[1.213s] Level 1:colcon.colcon_core.package_identification:_identify(/home/parallels/arduinobot_ws/log) by extension 'ignore'
[1.213s] Level 1:colcon.colcon_core.package_identification:_identify(/home/parallels/arduinobot_ws/log) ignored
[1.213s] Level 1:colcon.colcon_core.package_identification:_identify(/home/parallels/arduinobot_ws/src) by extensions ['ignore', 'ignore_ament_install']
[1.213s] Level 1:colcon.colcon_core.package_identification:_identify(/home/parallels/arduinobot_ws/src) by extension 'ignore'
[1.213s] Level 1:colcon.colcon_core.package_identification:_identify(/home/parallels/arduinobot_ws/src) by extension 'ignore_ament_install'
[1.214s] Level 1:colcon.colcon_core.package_identification:_identify(/home/parallels/arduinobot_ws/src) by extensions ['colcon_pkg']
[1.214s] Level 1:colcon.colcon_core.package_identification:_identify(/home/parallels/arduinobot_ws/src) by extension 'colcon_pkg'
[1.214s] Level 1:colcon.colcon_core.package_identification:_identify(/home/parallels/arduinobot_ws/src) by extensions ['colcon_meta']
[1.214s] Level 1:colcon.colcon_core.package_identification:_identify(/home/parallels/arduinobot_ws/src) by extension 'colcon_meta'
[1.214s] Level 1:colcon.colcon_core.package_identification:_identify(/home/parallels/arduinobot_ws/src) by extensions ['ros']
[1.214s] Level 1:colcon.colcon_core.package_identification:_identify(/home/parallels/arduinobot_ws/src) by extension 'ros'
[1.214s] Level 1:colcon.colcon_core.package_identification:_identify(/home/parallels/arduinobot_ws/src) by extensions ['cmake', 'python']
[1.214s] Level 1:colcon.colcon_core.package_identification:_identify(/home/parallels/arduinobot_ws/src) by extension 'cmake'
[1.214s] Level 1:colcon.colcon_core.package_identification:_identify(/home/parallels/arduinobot_ws/src) by extension 'python'
[1.218s] Level 1:colcon.colcon_core.package_identification:_identify(/home/parallels/arduinobot_ws/src) by extensions ['python_setup_py']
[1.218s] Level 1:colcon.colcon_core.package_identification:_identify(/home/parallels/arduinobot_ws/src) by extension 'python_setup_py'
[1.219s] Level 1:colcon.colcon_core.package_identification:_identify(/home/parallels/arduinobot_ws/src/arduinobot_cpp_examples) by extensions ['ignore', 'ignore_ament_install']
[1.221s] Level 1:colcon.colcon_core.package_identification:_identify(/home/parallels/arduinobot_ws/src/arduinobot_cpp_examples) by extension 'ignore'
[1.221s] Level 1:colcon.colcon_core.package_identification:_identify(/home/parallels/arduinobot_ws/src/arduinobot_cpp_examples) by extension 'ignore_ament_install'
[1.221s] Level 1:colcon.colcon_core.package_identification:_identify(/home/parallels/arduinobot_ws/src/arduinobot_cpp_examples) by extensions ['colcon_pkg']
[1.221s] Level 1:colcon.colcon_core.package_identification:_identify(/home/parallels/arduinobot_ws/src/arduinobot_cpp_examples) by extension 'colcon_pkg'
[1.221s] Level 1:colcon.colcon_core.package_identification:_identify(/home/parallels/arduinobot_ws/src/arduinobot_cpp_examples) by extensions ['colcon_meta']
[1.221s] Level 1:colcon.colcon_core.package_identification:_identify(/home/parallels/arduinobot_ws/src/arduinobot_cpp_examples) by extension 'colcon_meta'
[1.221s] Level 1:colcon.colcon_core.package_identification:_identify(/home/parallels/arduinobot_ws/src/arduinobot_cpp_examples) by extensions ['ros']
[1.221s] Level 1:colcon.colcon_core.package_identification:_identify(/home/parallels/arduinobot_ws/src/arduinobot_cpp_examples) by extension 'ros'
[1.235s] DEBUG:colcon.colcon_core.package_identification:Package '/home/parallels/arduinobot_ws/src/arduinobot_cpp_examples' with type 'ros.ament_cmake' and name 'arduinobot_cpp_examples'
[1.235s] Level 1:colcon.colcon_core.package_identification:_identify(/home/parallels/arduinobot_ws/src/arduinobot_py_examples) by extensions ['ignore', 'ignore_ament_install']
[1.235s] Level 1:colcon.colcon_core.package_identification:_identify(/home/parallels/arduinobot_ws/src/arduinobot_py_examples) by extension 'ignore'
[1.235s] Level 1:colcon.colcon_core.package_identification:_identify(/home/parallels/arduinobot_ws/src/arduinobot_py_examples) by extension 'ignore_ament_install'
[1.235s] Level 1:colcon.colcon_core.package_identification:_identify(/home/parallels/arduinobot_ws/src/arduinobot_py_examples) by extensions ['colcon_pkg']
[1.235s] Level 1:colcon.colcon_core.package_identification:_identify(/home/parallels/arduinobot_ws/src/arduinobot_py_examples) by extension 'colcon_pkg'
[1.235s] Level 1:colcon.colcon_core.package_identification:_identify(/home/parallels/arduinobot_ws/src/arduinobot_py_examples) by extensions ['colcon_meta']
[1.236s] Level 1:colcon.colcon_core.package_identification:_identify(/home/parallels/arduinobot_ws/src/arduinobot_py_examples) by extension 'colcon_meta'
[1.236s] Level 1:colcon.colcon_core.package_identification:_identify(/home/parallels/arduinobot_ws/src/arduinobot_py_examples) by extensions ['ros']
[1.236s] Level 1:colcon.colcon_core.package_identification:_identify(/home/parallels/arduinobot_ws/src/arduinobot_py_examples) by extension 'ros'
[1.243s] DEBUG:colcon.colcon_core.package_identification:Package '/home/parallels/arduinobot_ws/src/arduinobot_py_examples' with type 'ros.ament_python' and name 'arduinobot_py_examples'
[1.243s] Level 1:colcon.colcon_core.package_discovery:discover_packages(recursive) using defaults
