[0.023s] Invoking command in '/home/parallels/arduinobot_ws/build/arduinobot_firmware': CMAKE_PREFIX_PATH=${CMAKE_PREFIX_PATH}:/home/parallels/ros2_ws/install/opencv_tests:/home/parallels/ros2_ws/install/my_robot_controller:/opt/ros/humble /usr/bin/cmake --build /home/parallels/arduinobot_ws/build/arduinobot_firmware -- -j6 -l6
[0.041s] -- Found ament_cmake: 1.3.10 (/opt/ros/humble/share/ament_cmake/cmake)
[0.152s] -- Found rclpy: 3.3.14 (/opt/ros/humble/share/rclpy/cmake)
[0.152s] -- Found rclcpp: 16.0.10 (/opt/ros/humble/share/rclcpp/cmake)
[0.179s] -- Found rosidl_generator_c: 3.1.5 (/opt/ros/humble/share/rosidl_generator_c/cmake)
[0.181s] -- Found rosidl_adapter: 3.1.5 (/opt/ros/humble/share/rosidl_adapter/cmake)
[0.186s] -- Found rosidl_generator_cpp: 3.1.5 (/opt/ros/humble/share/rosidl_generator_cpp/cmake)
[0.194s] -- Using all available rosidl_typesupport_c: rosidl_typesupport_fastrtps_c;rosidl_typesupport_introspection_c
[0.205s] -- Using all available rosidl_typesupport_cpp: rosidl_typesupport_fastrtps_cpp;rosidl_typesupport_introspection_cpp
[0.234s] -- Found rmw_implementation_cmake: 6.1.2 (/opt/ros/humble/share/rmw_implementation_cmake/cmake)
[0.235s] -- Found rmw_fastrtps_cpp: 6.2.7 (/opt/ros/humble/share/rmw_fastrtps_cpp/cmake)
[0.331s] -- Using RMW implementation 'rmw_fastrtps_cpp' as default
[0.431s] -- Found ament_lint_auto: 0.12.11 (/opt/ros/humble/share/ament_lint_auto/cmake)
[0.484s] -- Added test 'cppcheck' to perform static code analysis on C / C++ code
[0.484s] -- Configured cppcheck include dirs: /home/parallels/arduinobot_ws/src/arduinobot_firmware/
[0.484s] -- Configured cppcheck exclude dirs and/or files: 
[0.484s] -- Added test 'flake8' to check Python code syntax and style conventions
[0.485s] -- Added test 'lint_cmake' to check CMake code style
[0.485s] -- Added test 'pep257' to check Python code against some of the docstring style conventions in PEP 257
[0.486s] -- Added test 'uncrustify' to check C / C++ code style
[0.486s] -- Configured uncrustify additional arguments: 
[0.486s] -- Added test 'xmllint' to check XML markup files
[0.486s] -- Configuring done
[0.496s] -- Generating done
[0.498s] -- Build files have been written to: /home/parallels/arduinobot_ws/build/arduinobot_firmware
[0.517s] [35m[1mConsolidate compiler generated dependencies of target simple_serial_transmitter[0m
[0.525s] [ 25%] [32mBuilding CXX object CMakeFiles/simple_serial_receiver.dir/src/simple_serial_receiver.cpp.o[0m
[0.531s] [ 25%] Built target ament_cmake_python_copy_arduinobot_firmware
[0.536s] [ 75%] Built target simple_serial_transmitter
[0.712s] running egg_info
[0.712s] writing arduinobot_firmware.egg-info/PKG-INFO
[0.713s] writing dependency_links to arduinobot_firmware.egg-info/dependency_links.txt
[0.713s] writing top-level names to arduinobot_firmware.egg-info/top_level.txt
[0.714s] reading manifest file 'arduinobot_firmware.egg-info/SOURCES.txt'
[0.714s] writing manifest file 'arduinobot_firmware.egg-info/SOURCES.txt'
[0.734s] [ 75%] Built target ament_cmake_python_build_arduinobot_firmware_egg
[3.511s] [100%] [32m[1mLinking CXX executable simple_serial_receiver[0m
[3.649s] [100%] Built target simple_serial_receiver
[3.656s] Invoked command in '/home/parallels/arduinobot_ws/build/arduinobot_firmware' returned '0': CMAKE_PREFIX_PATH=${CMAKE_PREFIX_PATH}:/home/parallels/ros2_ws/install/opencv_tests:/home/parallels/ros2_ws/install/my_robot_controller:/opt/ros/humble /usr/bin/cmake --build /home/parallels/arduinobot_ws/build/arduinobot_firmware -- -j6 -l6
[3.674s] Invoking command in '/home/parallels/arduinobot_ws/build/arduinobot_firmware': CMAKE_PREFIX_PATH=${CMAKE_PREFIX_PATH}:/home/parallels/ros2_ws/install/opencv_tests:/home/parallels/ros2_ws/install/my_robot_controller:/opt/ros/humble /usr/bin/cmake --install /home/parallels/arduinobot_ws/build/arduinobot_firmware
[3.678s] -- Install configuration: ""
[3.679s] -- Up-to-date: /home/parallels/arduinobot_ws/install/arduinobot_firmware/share/arduinobot_firmware/environment/pythonpath.sh
[3.679s] -- Installing: /home/parallels/arduinobot_ws/install/arduinobot_firmware/share/arduinobot_firmware/environment/pythonpath.dsv
[3.679s] -- Up-to-date: /home/parallels/arduinobot_ws/install/arduinobot_firmware/local/lib/python3.10/dist-packages/arduinobot_firmware-0.0.0-py3.10.egg-info
[3.679s] -- Installing: /home/parallels/arduinobot_ws/install/arduinobot_firmware/local/lib/python3.10/dist-packages/arduinobot_firmware-0.0.0-py3.10.egg-info/dependency_links.txt
[3.679s] -- Installing: /home/parallels/arduinobot_ws/install/arduinobot_firmware/local/lib/python3.10/dist-packages/arduinobot_firmware-0.0.0-py3.10.egg-info/top_level.txt
[3.679s] -- Installing: /home/parallels/arduinobot_ws/install/arduinobot_firmware/local/lib/python3.10/dist-packages/arduinobot_firmware-0.0.0-py3.10.egg-info/PKG-INFO
[3.679s] -- Installing: /home/parallels/arduinobot_ws/install/arduinobot_firmware/local/lib/python3.10/dist-packages/arduinobot_firmware-0.0.0-py3.10.egg-info/SOURCES.txt
[3.680s] -- Up-to-date: /home/parallels/arduinobot_ws/install/arduinobot_firmware/local/lib/python3.10/dist-packages/arduinobot_firmware
[3.680s] -- Up-to-date: /home/parallels/arduinobot_ws/install/arduinobot_firmware/local/lib/python3.10/dist-packages/arduinobot_firmware/simple_serial_transmitter.py
[3.680s] -- Up-to-date: /home/parallels/arduinobot_ws/install/arduinobot_firmware/local/lib/python3.10/dist-packages/arduinobot_firmware/simple_serial_receiver.py
[3.680s] -- Up-to-date: /home/parallels/arduinobot_ws/install/arduinobot_firmware/local/lib/python3.10/dist-packages/arduinobot_firmware/__init__.py
[3.701s] Listing '/home/parallels/arduinobot_ws/install/arduinobot_firmware/local/lib/python3.10/dist-packages/arduinobot_firmware'...
[3.704s] -- Up-to-date: /home/parallels/arduinobot_ws/install/arduinobot_firmware/lib/arduinobot_firmware/simple_serial_transmitter
[3.704s] -- Installing: /home/parallels/arduinobot_ws/install/arduinobot_firmware/lib/arduinobot_firmware/simple_serial_receiver
[3.705s] -- Set runtime path of "/home/parallels/arduinobot_ws/install/arduinobot_firmware/lib/arduinobot_firmware/simple_serial_receiver" to ""
[3.705s] -- Up-to-date: /home/parallels/arduinobot_ws/install/arduinobot_firmware/lib/arduinobot_firmware/simple_serial_transmitter.py
[3.705s] -- Up-to-date: /home/parallels/arduinobot_ws/install/arduinobot_firmware/lib/arduinobot_firmware/simple_serial_receiver.py
[3.705s] -- Up-to-date: /home/parallels/arduinobot_ws/install/arduinobot_firmware/share/ament_index/resource_index/package_run_dependencies/arduinobot_firmware
[3.705s] -- Up-to-date: /home/parallels/arduinobot_ws/install/arduinobot_firmware/share/ament_index/resource_index/parent_prefix_path/arduinobot_firmware
[3.706s] -- Up-to-date: /home/parallels/arduinobot_ws/install/arduinobot_firmware/share/arduinobot_firmware/environment/ament_prefix_path.sh
[3.706s] -- Installing: /home/parallels/arduinobot_ws/install/arduinobot_firmware/share/arduinobot_firmware/environment/ament_prefix_path.dsv
[3.706s] -- Up-to-date: /home/parallels/arduinobot_ws/install/arduinobot_firmware/share/arduinobot_firmware/environment/path.sh
[3.706s] -- Installing: /home/parallels/arduinobot_ws/install/arduinobot_firmware/share/arduinobot_firmware/environment/path.dsv
[3.706s] -- Up-to-date: /home/parallels/arduinobot_ws/install/arduinobot_firmware/share/arduinobot_firmware/local_setup.bash
[3.706s] -- Up-to-date: /home/parallels/arduinobot_ws/install/arduinobot_firmware/share/arduinobot_firmware/local_setup.sh
[3.706s] -- Up-to-date: /home/parallels/arduinobot_ws/install/arduinobot_firmware/share/arduinobot_firmware/local_setup.zsh
[3.706s] -- Installing: /home/parallels/arduinobot_ws/install/arduinobot_firmware/share/arduinobot_firmware/local_setup.dsv
[3.706s] -- Installing: /home/parallels/arduinobot_ws/install/arduinobot_firmware/share/arduinobot_firmware/package.dsv
[3.706s] -- Up-to-date: /home/parallels/arduinobot_ws/install/arduinobot_firmware/share/ament_index/resource_index/packages/arduinobot_firmware
[3.706s] -- Up-to-date: /home/parallels/arduinobot_ws/install/arduinobot_firmware/share/arduinobot_firmware/cmake/arduinobot_firmwareConfig.cmake
[3.706s] -- Up-to-date: /home/parallels/arduinobot_ws/install/arduinobot_firmware/share/arduinobot_firmware/cmake/arduinobot_firmwareConfig-version.cmake
[3.707s] -- Up-to-date: /home/parallels/arduinobot_ws/install/arduinobot_firmware/share/arduinobot_firmware/package.xml
[3.708s] Invoked command in '/home/parallels/arduinobot_ws/build/arduinobot_firmware' returned '0': CMAKE_PREFIX_PATH=${CMAKE_PREFIX_PATH}:/home/parallels/ros2_ws/install/opencv_tests:/home/parallels/ros2_ws/install/my_robot_controller:/opt/ros/humble /usr/bin/cmake --install /home/parallels/arduinobot_ws/build/arduinobot_firmware
