[01m[K/home/parallels/arduinobot_ws/src/arduinobot_cpp_examples/src/simple_action_client.cpp:[m[K In member function ‘[01m[Kvoid arduinobot_cpp_examples::SimpleActionClient::timerCallback()[m[K’:
[01m[K/home/parallels/arduinobot_ws/src/arduinobot_cpp_examples/src/simple_action_client.cpp:47:64:[m[K [01;31m[Kerror: [m[Kno match for ‘[01m[Koperator=[m[K’ (operand types are ‘[01m[Krclcpp_action::Client<arduinobot_msgs::action::Fibonacci>::ResultCallback[m[K’ {aka ‘[01m[Kstd::function<void(const rclcpp_action::ClientGoalHandle<arduinobot_msgs::action::Fibonacci>::WrappedResult&)>[m[K’} and ‘[01m[Kstd::_Bind_helper<false, void (arduinobot_cpp_examples::SimpleActionClient::*)(const std::shared_ptr<rclcpp_action::ClientGoalHandle<arduinobot_msgs::action::Fibonacci> >&), arduinobot_cpp_examples::SimpleActionClient*, const std::_Placeholder<1>&>::type[m[K’)
   47 |         std::bind(&SimpleActionClient::resultCallback, this, _1[01;31m[K)[m[K;
      |                                                                [01;31m[K^[m[K
In file included from [01m[K/usr/include/c++/11/future:47[m[K,
                 from [01m[K/opt/ros/humble/include/rclcpp/rclcpp/executors.hpp:18[m[K,
                 from [01m[K/opt/ros/humble/include/rclcpp/rclcpp/rclcpp.hpp:155[m[K,
                 from [01m[K/home/parallels/arduinobot_ws/src/arduinobot_cpp_examples/src/simple_action_client.cpp:1[m[K:
[01m[K/usr/include/c++/11/bits/std_function.h:530:9:[m[K [01;36m[Knote: [m[Kcandidate: ‘[01m[Ktemplate<class _Functor> std::function<_Res(_ArgTypes ...)>::_Requires<std::function<_Res(_ArgTypes ...)>::_Callable<_Functor>, std::function<_Res(_ArgTypes ...)>&> std::function<_Res(_ArgTypes ...)>::operator=(_Functor&&) [with _Functor = _Functor; _Res = void; _ArgTypes = {const rclcpp_action::ClientGoalHandle<arduinobot_msgs::action::Fibonacci>::WrappedResult&}][m[K’
  530 |         [01;36m[Koperator[m[K=(_Functor&& __f)
      |         [01;36m[K^~~~~~~~[m[K
[01m[K/usr/include/c++/11/bits/std_function.h:530:9:[m[K [01;36m[Knote: [m[K  template argument deduction/substitution failed:
In file included from [01m[K/usr/include/c++/11/bits/move.h:57[m[K,
                 from [01m[K/usr/include/c++/11/bits/stl_pair.h:59[m[K,
                 from [01m[K/usr/include/c++/11/bits/stl_algobase.h:64[m[K,
                 from [01m[K/usr/include/c++/11/memory:63[m[K,
                 from [01m[K/opt/ros/humble/include/rclcpp/rclcpp/rclcpp.hpp:153[m[K,
                 from [01m[K/home/parallels/arduinobot_ws/src/arduinobot_cpp_examples/src/simple_action_client.cpp:1[m[K:
/usr/include/c++/11/type_traits: In substitution of ‘[01m[Ktemplate<bool _Cond, class _Tp> using __enable_if_t = typename std::enable_if::type [with bool _Cond = false; _Tp = std::function<void(const rclcpp_action::ClientGoalHandle<arduinobot_msgs::action::Fibonacci>::WrappedResult&)>&][m[K’:
[01m[K/usr/include/c++/11/bits/std_function.h:353:8:[m[K   required by substitution of ‘[01m[Ktemplate<class _Res, class ... _ArgTypes> template<class _Cond, class _Tp> using _Requires = std::__enable_if_t<_Cond::value, _Tp> [with _Cond = std::function<void(const rclcpp_action::ClientGoalHandle<arduinobot_msgs::action::Fibonacci>::WrappedResult&)>::_Callable<std::_Bind<void (arduinobot_cpp_examples::SimpleActionClient::*(arduinobot_cpp_examples::SimpleActionClient*, std::_Placeholder<1>))(const std::shared_ptr<rclcpp_action::ClientGoalHandle<arduinobot_msgs::action::Fibonacci> >&)>, std::_Bind<void (arduinobot_cpp_examples::SimpleActionClient::*(arduinobot_cpp_examples::SimpleActionClient*, std::_Placeholder<1>))(const std::shared_ptr<rclcpp_action::ClientGoalHandle<arduinobot_msgs::action::Fibonacci> >&)>, std::__invoke_result<std::_Bind<void (arduinobot_cpp_examples::SimpleActionClient::*(arduinobot_cpp_examples::SimpleActionClient*, std::_Placeholder<1>))(const std::shared_ptr<rclcpp_action::ClientGoalHandle<arduinobot_msgs::action::Fibonacci> >&)>&, const rclcpp_action::ClientGoalHandle<arduinobot_msgs::action::Fibonacci>::WrappedResult&> >; _Tp = std::function<void(const rclcpp_action::ClientGoalHandle<arduinobot_msgs::action::Fibonacci>::WrappedResult&)>&; _Res = void; _ArgTypes = {const rclcpp_action::ClientGoalHandle<arduinobot_msgs::action::Fibonacci>::WrappedResult&}][m[K’
[01m[K/usr/include/c++/11/bits/std_function.h:530:2:[m[K   required by substitution of ‘[01m[Ktemplate<class _Functor> std::function<void(const rclcpp_action::ClientGoalHandle<arduinobot_msgs::action::Fibonacci>::WrappedResult&)>::_Requires<std::function<void(const rclcpp_action::ClientGoalHandle<arduinobot_msgs::action::Fibonacci>::WrappedResult&)>::_Callable<_Functor, typename std::enable_if<(! std::is_same<typename std::remove_cv<typename std::remove_reference<_Tp>::type>::type, std::function<void(const rclcpp_action::ClientGoalHandle<arduinobot_msgs::action::Fibonacci>::WrappedResult&)> >::value), std::decay<_Tp> >::type::type, std::__invoke_result<typename std::enable_if<(! std::is_same<typename std::remove_cv<typename std::remove_reference<_Tp>::type>::type, std::function<void(const rclcpp_action::ClientGoalHandle<arduinobot_msgs::action::Fibonacci>::WrappedResult&)> >::value), std::decay<_Tp> >::type::type&, const rclcpp_action::ClientGoalHandle<arduinobot_msgs::action::Fibonacci>::WrappedResult&> >, std::function<void(const rclcpp_action::ClientGoalHandle<arduinobot_msgs::action::Fibonacci>::WrappedResult&)>&> std::function<void(const rclcpp_action::ClientGoalHandle<arduinobot_msgs::action::Fibonacci>::WrappedResult&)>::operator=<_Functor>(_Functor&&) [with _Functor = std::_Bind<void (arduinobot_cpp_examples::SimpleActionClient::*(arduinobot_cpp_examples::SimpleActionClient*, std::_Placeholder<1>))(const std::shared_ptr<rclcpp_action::ClientGoalHandle<arduinobot_msgs::action::Fibonacci> >&)>][m[K’
[01m[K/home/parallels/arduinobot_ws/src/arduinobot_cpp_examples/src/simple_action_client.cpp:47:64:[m[K   required from here
[01m[K/usr/include/c++/11/type_traits:2205:11:[m[K [01;31m[Kerror: [m[Kno type named ‘[01m[Ktype[m[K’ in ‘[01m[Kstruct std::enable_if<false, std::function<void(const rclcpp_action::ClientGoalHandle<arduinobot_msgs::action::Fibonacci>::WrappedResult&)>&>[m[K’
 2205 |     using [01;31m[K__enable_if_t[m[K = typename enable_if<_Cond, _Tp>::type;
      |           [01;31m[K^~~~~~~~~~~~~[m[K
In file included from [01m[K/usr/include/c++/11/future:47[m[K,
                 from [01m[K/opt/ros/humble/include/rclcpp/rclcpp/executors.hpp:18[m[K,
                 from [01m[K/opt/ros/humble/include/rclcpp/rclcpp/rclcpp.hpp:155[m[K,
                 from [01m[K/home/parallels/arduinobot_ws/src/arduinobot_cpp_examples/src/simple_action_client.cpp:1[m[K:
[01m[K/usr/include/c++/11/bits/std_function.h:540:9:[m[K [01;36m[Knote: [m[Kcandidate: ‘[01m[Ktemplate<class _Functor> std::function<_Res(_ArgTypes ...)>& std::function<_Res(_ArgTypes ...)>::operator=(std::reference_wrapper<_Functor>) [with _Functor = _Functor; _Res = void; _ArgTypes = {const rclcpp_action::ClientGoalHandle<arduinobot_msgs::action::Fibonacci>::WrappedResult&}][m[K’
  540 |         [01;36m[Koperator[m[K=(reference_wrapper<_Functor> __f) noexcept
      |         [01;36m[K^~~~~~~~[m[K
[01m[K/usr/include/c++/11/bits/std_function.h:540:9:[m[K [01;36m[Knote: [m[K  template argument deduction/substitution failed:
[01m[K/home/parallels/arduinobot_ws/src/arduinobot_cpp_examples/src/simple_action_client.cpp:47:64:[m[K [01;36m[Knote: [m[K  ‘[01m[Kstd::_Bind<void (arduinobot_cpp_examples::SimpleActionClient::*(arduinobot_cpp_examples::SimpleActionClient*, std::_Placeholder<1>))(const std::shared_ptr<rclcpp_action::ClientGoalHandle<arduinobot_msgs::action::Fibonacci> >&)>[m[K’ is not derived from ‘[01m[Kstd::reference_wrapper<_Tp>[m[K’
   47 |         std::bind(&SimpleActionClient::resultCallback, this, _1[01;36m[K)[m[K;
      |                                                                [01;36m[K^[m[K
In file included from [01m[K/usr/include/c++/11/future:47[m[K,
                 from [01m[K/opt/ros/humble/include/rclcpp/rclcpp/executors.hpp:18[m[K,
                 from [01m[K/opt/ros/humble/include/rclcpp/rclcpp/rclcpp.hpp:155[m[K,
                 from [01m[K/home/parallels/arduinobot_ws/src/arduinobot_cpp_examples/src/simple_action_client.cpp:1[m[K:
[01m[K/usr/include/c++/11/bits/std_function.h:469:7:[m[K [01;36m[Knote: [m[Kcandidate: ‘[01m[Kstd::function<_Res(_ArgTypes ...)>& std::function<_Res(_ArgTypes ...)>::operator=(const std::function<_Res(_ArgTypes ...)>&) [with _Res = void; _ArgTypes = {const rclcpp_action::ClientGoalHandle<arduinobot_msgs::action::Fibonacci>::WrappedResult&}][m[K’
  469 |       [01;36m[Koperator[m[K=(const function& __x)
      |       [01;36m[K^~~~~~~~[m[K
[01m[K/usr/include/c++/11/bits/std_function.h:469:33:[m[K [01;36m[Knote: [m[K  no known conversion for argument 1 from ‘[01m[Kstd::_Bind_helper<false, void (arduinobot_cpp_examples::SimpleActionClient::*)(const std::shared_ptr<rclcpp_action::ClientGoalHandle<arduinobot_msgs::action::Fibonacci> >&), arduinobot_cpp_examples::SimpleActionClient*, const std::_Placeholder<1>&>::type[m[K’ to ‘[01m[Kconst std::function<void(const rclcpp_action::ClientGoalHandle<arduinobot_msgs::action::Fibonacci>::WrappedResult&)>&[m[K’
  469 |       operator=([01;36m[Kconst function& __x[m[K)
      |                 [01;36m[K~~~~~~~~~~~~~~~~^~~[m[K
[01m[K/usr/include/c++/11/bits/std_function.h:487:7:[m[K [01;36m[Knote: [m[Kcandidate: ‘[01m[Kstd::function<_Res(_ArgTypes ...)>& std::function<_Res(_ArgTypes ...)>::operator=(std::function<_Res(_ArgTypes ...)>&&) [with _Res = void; _ArgTypes = {const rclcpp_action::ClientGoalHandle<arduinobot_msgs::action::Fibonacci>::WrappedResult&}][m[K’
  487 |       [01;36m[Koperator[m[K=(function&& __x) noexcept
      |       [01;36m[K^~~~~~~~[m[K
[01m[K/usr/include/c++/11/bits/std_function.h:487:28:[m[K [01;36m[Knote: [m[K  no known conversion for argument 1 from ‘[01m[Kstd::_Bind_helper<false, void (arduinobot_cpp_examples::SimpleActionClient::*)(const std::shared_ptr<rclcpp_action::ClientGoalHandle<arduinobot_msgs::action::Fibonacci> >&), arduinobot_cpp_examples::SimpleActionClient*, const std::_Placeholder<1>&>::type[m[K’ to ‘[01m[Kstd::function<void(const rclcpp_action::ClientGoalHandle<arduinobot_msgs::action::Fibonacci>::WrappedResult&)>&&[m[K’
  487 |       operator=([01;36m[Kfunction&& __x[m[K) noexcept
      |                 [01;36m[K~~~~~~~~~~~^~~[m[K
[01m[K/usr/include/c++/11/bits/std_function.h:501:7:[m[K [01;36m[Knote: [m[Kcandidate: ‘[01m[Kstd::function<_Res(_ArgTypes ...)>& std::function<_Res(_ArgTypes ...)>::operator=(std::nullptr_t) [with _Res = void; _ArgTypes = {const rclcpp_action::ClientGoalHandle<arduinobot_msgs::action::Fibonacci>::WrappedResult&}; std::nullptr_t = std::nullptr_t][m[K’
  501 |       [01;36m[Koperator[m[K=(nullptr_t) noexcept
      |       [01;36m[K^~~~~~~~[m[K
[01m[K/usr/include/c++/11/bits/std_function.h:501:17:[m[K [01;36m[Knote: [m[K  no known conversion for argument 1 from ‘[01m[Kstd::_Bind_helper<false, void (arduinobot_cpp_examples::SimpleActionClient::*)(const std::shared_ptr<rclcpp_action::ClientGoalHandle<arduinobot_msgs::action::Fibonacci> >&), arduinobot_cpp_examples::SimpleActionClient*, const std::_Placeholder<1>&>::type[m[K’ to ‘[01m[Kstd::nullptr_t[m[K’
  501 |       operator=([01;36m[Knullptr_t[m[K) noexcept
      |                 [01;36m[K^~~~~~~~~[m[K
[01m[K/home/parallels/arduinobot_ws/src/arduinobot_cpp_examples/src/simple_action_client.cpp:[m[K In member function ‘[01m[Kvoid arduinobot_cpp_examples::SimpleActionClient::resultCallback(const SharedPtr&)[m[K’:
[01m[K/home/parallels/arduinobot_ws/src/arduinobot_cpp_examples/src/simple_action_client.cpp:76:23:[m[K [01;31m[Kerror: [m[K‘[01m[Kconst SharedPtr[m[K’ {aka ‘[01m[Kconst class std::shared_ptr<rclcpp_action::ClientGoalHandle<arduinobot_msgs::action::Fibonacci> >[m[K’} has no member named ‘[01m[Kcode[m[K’
   76 |         swtich(result.[01;31m[Kcode[m[K)
      |                       [01;31m[K^~~~[m[K
[01m[K/home/parallels/arduinobot_ws/src/arduinobot_cpp_examples/src/simple_action_client.cpp:76:9:[m[K [01;31m[Kerror: [m[K‘[01m[Kswtich[m[K’ was not declared in this scope
   76 |         [01;31m[Kswtich[m[K(result.code)
      |         [01;31m[K^~~~~~[m[K
[01m[K/home/parallels/arduinobot_ws/src/arduinobot_cpp_examples/src/simple_action_client.cpp:92:35:[m[K [01;31m[Kerror: [m[K‘[01m[Kusing element_type = class rclcpp_action::ClientGoalHandle<arduinobot_msgs::action::Fibonacci>[m[K’ {aka ‘[01m[Kclass rclcpp_action::ClientGoalHandle<arduinobot_msgs::action::Fibonacci>[m[K’} has no member named ‘[01m[Ksequence[m[K’
   92 |         for (auto number: result->[01;31m[Ksequence[m[K)
      |                                   [01;31m[K^~~~~~~~[m[K
gmake[2]: *** [CMakeFiles/simple_action_client.dir/build.make:76: CMakeFiles/simple_action_client.dir/src/simple_action_client.cpp.o] Error 1
gmake[1]: *** [CMakeFiles/Makefile2:335: CMakeFiles/simple_action_client.dir/all] Error 2
gmake: *** [Makefile:146: all] Error 2
