[0.235s] DEBUG:colcon:Command line arguments: ['/usr/bin/colcon', 'build', '--symlink']
[0.235s] DEBUG:colcon:Parsed command line arguments: Namespace(log_base=None, log_level=None, verb_name='build', build_base='build', install_base='install', merge_install=False, symlink_install=True, test_result_base=None, continue_on_error=False, executor='parallel', parallel_workers=2, event_handlers=None, ignore_user_meta=False, metas=['./colcon.meta'], base_paths=['.'], packages_ignore=None, packages_ignore_regex=None, paths=None, packages_up_to=None, packages_up_to_regex=None, packages_above=None, packages_above_and_dependencies=None, packages_above_depth=None, packages_select_by_dep=None, packages_skip_by_dep=None, packages_skip_up_to=None, packages_select_build_failed=False, packages_skip_build_finished=False, packages_select_test_failures=False, packages_skip_test_passed=False, packages_select=None, packages_skip=None, packages_select_regex=None, packages_skip_regex=None, packages_start=None, packages_end=None, allow_overriding=[], cmake_args=None, cmake_target=None, cmake_target_skip_unavailable=False, cmake_clean_cache=False, cmake_clean_first=False, cmake_force_configure=False, ament_cmake_args=None, catkin_cmake_args=None, catkin_skip_building_tests=False, mixin_files=None, mixin=None, verb_parser=<colcon_mixin.mixin.mixin_argument.MixinArgumentDecorator object at 0xffff983532e0>, verb_extension=<colcon_core.verb.build.BuildVerb object at 0xffff98352ce0>, main=<bound method BuildVerb.main of <colcon_core.verb.build.BuildVerb object at 0xffff98352ce0>>, mixin_verb=('build',))
[0.491s] Level 1:colcon.colcon_core.package_discovery:discover_packages(colcon_meta) check parameters
[0.491s] Level 1:colcon.colcon_core.package_discovery:discover_packages(recursive) check parameters
[0.491s] Level 1:colcon.colcon_core.package_discovery:discover_packages(ignore) check parameters
[0.492s] Level 1:colcon.colcon_core.package_discovery:discover_packages(path) check parameters
[0.492s] Level 1:colcon.colcon_core.package_discovery:discover_packages(colcon_meta) discover
[0.492s] Level 1:colcon.colcon_core.package_discovery:discover_packages(recursive) discover
[0.492s] INFO:colcon.colcon_core.package_discovery:Crawling recursively for packages in '/home/parallels/arduinobot_ws'
[0.492s] Level 1:colcon.colcon_core.package_identification:_identify(.) by extensions ['ignore', 'ignore_ament_install']
[0.492s] Level 1:colcon.colcon_core.package_identification:_identify(.) by extension 'ignore'
[0.492s] Level 1:colcon.colcon_core.package_identification:_identify(.) by extension 'ignore_ament_install'
[0.492s] Level 1:colcon.colcon_core.package_identification:_identify(.) by extensions ['colcon_pkg']
[0.492s] Level 1:colcon.colcon_core.package_identification:_identify(.) by extension 'colcon_pkg'
[0.492s] Level 1:colcon.colcon_core.package_identification:_identify(.) by extensions ['colcon_meta']
[0.492s] Level 1:colcon.colcon_core.package_identification:_identify(.) by extension 'colcon_meta'
[0.492s] Level 1:colcon.colcon_core.package_identification:_identify(.) by extensions ['ros']
[0.492s] Level 1:colcon.colcon_core.package_identification:_identify(.) by extension 'ros'
[0.504s] Level 1:colcon.colcon_core.package_identification:_identify(.) by extensions ['cmake', 'python']
[0.504s] Level 1:colcon.colcon_core.package_identification:_identify(.) by extension 'cmake'
[0.504s] Level 1:colcon.colcon_core.package_identification:_identify(.) by extension 'python'
[0.504s] Level 1:colcon.colcon_core.package_identification:_identify(.) by extensions ['python_setup_py']
[0.504s] Level 1:colcon.colcon_core.package_identification:_identify(.) by extension 'python_setup_py'
[0.504s] Level 1:colcon.colcon_core.package_identification:_identify(build) by extensions ['ignore', 'ignore_ament_install']
[0.504s] Level 1:colcon.colcon_core.package_identification:_identify(build) by extension 'ignore'
[0.505s] Level 1:colcon.colcon_core.package_identification:_identify(build) ignored
[0.505s] Level 1:colcon.colcon_core.package_identification:_identify(install) by extensions ['ignore', 'ignore_ament_install']
[0.505s] Level 1:colcon.colcon_core.package_identification:_identify(install) by extension 'ignore'
[0.505s] Level 1:colcon.colcon_core.package_identification:_identify(install) ignored
[0.505s] Level 1:colcon.colcon_core.package_identification:_identify(log) by extensions ['ignore', 'ignore_ament_install']
[0.505s] Level 1:colcon.colcon_core.package_identification:_identify(log) by extension 'ignore'
[0.505s] Level 1:colcon.colcon_core.package_identification:_identify(log) ignored
[0.505s] Level 1:colcon.colcon_core.package_identification:_identify(src) by extensions ['ignore', 'ignore_ament_install']
[0.505s] Level 1:colcon.colcon_core.package_identification:_identify(src) by extension 'ignore'
[0.505s] Level 1:colcon.colcon_core.package_identification:_identify(src) by extension 'ignore_ament_install'
[0.505s] Level 1:colcon.colcon_core.package_identification:_identify(src) by extensions ['colcon_pkg']
[0.505s] Level 1:colcon.colcon_core.package_identification:_identify(src) by extension 'colcon_pkg'
[0.505s] Level 1:colcon.colcon_core.package_identification:_identify(src) by extensions ['colcon_meta']
[0.505s] Level 1:colcon.colcon_core.package_identification:_identify(src) by extension 'colcon_meta'
[0.505s] Level 1:colcon.colcon_core.package_identification:_identify(src) by extensions ['ros']
[0.505s] Level 1:colcon.colcon_core.package_identification:_identify(src) by extension 'ros'
[0.505s] Level 1:colcon.colcon_core.package_identification:_identify(src) by extensions ['cmake', 'python']
[0.505s] Level 1:colcon.colcon_core.package_identification:_identify(src) by extension 'cmake'
[0.505s] Level 1:colcon.colcon_core.package_identification:_identify(src) by extension 'python'
[0.505s] Level 1:colcon.colcon_core.package_identification:_identify(src) by extensions ['python_setup_py']
[0.505s] Level 1:colcon.colcon_core.package_identification:_identify(src) by extension 'python_setup_py'
[0.505s] Level 1:colcon.colcon_core.package_identification:_identify(src/arduinobot_cpp_examples) by extensions ['ignore', 'ignore_ament_install']
[0.505s] Level 1:colcon.colcon_core.package_identification:_identify(src/arduinobot_cpp_examples) by extension 'ignore'
[0.505s] Level 1:colcon.colcon_core.package_identification:_identify(src/arduinobot_cpp_examples) by extension 'ignore_ament_install'
[0.505s] Level 1:colcon.colcon_core.package_identification:_identify(src/arduinobot_cpp_examples) by extensions ['colcon_pkg']
[0.505s] Level 1:colcon.colcon_core.package_identification:_identify(src/arduinobot_cpp_examples) by extension 'colcon_pkg'
[0.505s] Level 1:colcon.colcon_core.package_identification:_identify(src/arduinobot_cpp_examples) by extensions ['colcon_meta']
[0.505s] Level 1:colcon.colcon_core.package_identification:_identify(src/arduinobot_cpp_examples) by extension 'colcon_meta'
[0.505s] Level 1:colcon.colcon_core.package_identification:_identify(src/arduinobot_cpp_examples) by extensions ['ros']
[0.506s] Level 1:colcon.colcon_core.package_identification:_identify(src/arduinobot_cpp_examples) by extension 'ros'
[0.508s] DEBUG:colcon.colcon_core.package_identification:Package 'src/arduinobot_cpp_examples' with type 'ros.ament_cmake' and name 'arduinobot_cpp_examples'
[0.509s] Level 1:colcon.colcon_core.package_identification:_identify(src/arduinobot_description) by extensions ['ignore', 'ignore_ament_install']
[0.509s] Level 1:colcon.colcon_core.package_identification:_identify(src/arduinobot_description) by extension 'ignore'
[0.509s] Level 1:colcon.colcon_core.package_identification:_identify(src/arduinobot_description) by extension 'ignore_ament_install'
[0.509s] Level 1:colcon.colcon_core.package_identification:_identify(src/arduinobot_description) by extensions ['colcon_pkg']
[0.509s] Level 1:colcon.colcon_core.package_identification:_identify(src/arduinobot_description) by extension 'colcon_pkg'
[0.509s] Level 1:colcon.colcon_core.package_identification:_identify(src/arduinobot_description) by extensions ['colcon_meta']
[0.509s] Level 1:colcon.colcon_core.package_identification:_identify(src/arduinobot_description) by extension 'colcon_meta'
[0.509s] Level 1:colcon.colcon_core.package_identification:_identify(src/arduinobot_description) by extensions ['ros']
[0.509s] Level 1:colcon.colcon_core.package_identification:_identify(src/arduinobot_description) by extension 'ros'
[0.509s] DEBUG:colcon.colcon_core.package_identification:Package 'src/arduinobot_description' with type 'ros.ament_cmake' and name 'arduinobot_description'
[0.510s] Level 1:colcon.colcon_core.package_identification:_identify(src/arduinobot_py_examples) by extensions ['ignore', 'ignore_ament_install']
[0.510s] Level 1:colcon.colcon_core.package_identification:_identify(src/arduinobot_py_examples) by extension 'ignore'
[0.510s] Level 1:colcon.colcon_core.package_identification:_identify(src/arduinobot_py_examples) by extension 'ignore_ament_install'
[0.510s] Level 1:colcon.colcon_core.package_identification:_identify(src/arduinobot_py_examples) by extensions ['colcon_pkg']
[0.510s] Level 1:colcon.colcon_core.package_identification:_identify(src/arduinobot_py_examples) by extension 'colcon_pkg'
[0.510s] Level 1:colcon.colcon_core.package_identification:_identify(src/arduinobot_py_examples) by extensions ['colcon_meta']
[0.510s] Level 1:colcon.colcon_core.package_identification:_identify(src/arduinobot_py_examples) by extension 'colcon_meta'
[0.510s] Level 1:colcon.colcon_core.package_identification:_identify(src/arduinobot_py_examples) by extensions ['ros']
[0.510s] Level 1:colcon.colcon_core.package_identification:_identify(src/arduinobot_py_examples) by extension 'ros'
[0.511s] DEBUG:colcon.colcon_core.package_identification:Package 'src/arduinobot_py_examples' with type 'ros.ament_python' and name 'arduinobot_py_examples'
[0.511s] Level 1:colcon.colcon_core.package_discovery:discover_packages(recursive) using defaults
[0.511s] Level 1:colcon.colcon_core.package_discovery:discover_packages(ignore) discover
[0.511s] Level 1:colcon.colcon_core.package_discovery:discover_packages(ignore) using defaults
[0.511s] Level 1:colcon.colcon_core.package_discovery:discover_packages(path) discover
[0.511s] Level 1:colcon.colcon_core.package_discovery:discover_packages(path) using defaults
[0.544s] Level 1:colcon.colcon_core.package_discovery:discover_packages(prefix_path) check parameters
[0.544s] Level 1:colcon.colcon_core.package_discovery:discover_packages(prefix_path) discover
[0.556s] DEBUG:colcon.colcon_installed_package_information.package_discovery:Found 6 installed packages in /home/parallels/ros2_ws/install
[0.557s] DEBUG:colcon.colcon_installed_package_information.package_discovery:Found 2 installed packages in /home/parallels/test_ws/install
[0.558s] DEBUG:colcon.colcon_installed_package_information.package_discovery:Found 366 installed packages in /opt/ros/humble
[0.560s] Level 1:colcon.colcon_core.package_discovery:discover_packages(prefix_path) using defaults
[0.625s] Level 5:colcon.colcon_core.verb:set package 'arduinobot_cpp_examples' build argument 'cmake_args' from command line to 'None'
[0.625s] Level 5:colcon.colcon_core.verb:set package 'arduinobot_cpp_examples' build argument 'cmake_target' from command line to 'None'
[0.625s] Level 5:colcon.colcon_core.verb:set package 'arduinobot_cpp_examples' build argument 'cmake_target_skip_unavailable' from command line to 'False'
[0.625s] Level 5:colcon.colcon_core.verb:set package 'arduinobot_cpp_examples' build argument 'cmake_clean_cache' from command line to 'False'
[0.625s] Level 5:colcon.colcon_core.verb:set package 'arduinobot_cpp_examples' build argument 'cmake_clean_first' from command line to 'False'
[0.625s] Level 5:colcon.colcon_core.verb:set package 'arduinobot_cpp_examples' build argument 'cmake_force_configure' from command line to 'False'
[0.625s] Level 5:colcon.colcon_core.verb:set package 'arduinobot_cpp_examples' build argument 'ament_cmake_args' from command line to 'None'
[0.625s] Level 5:colcon.colcon_core.verb:set package 'arduinobot_cpp_examples' build argument 'catkin_cmake_args' from command line to 'None'
[0.625s] Level 5:colcon.colcon_core.verb:set package 'arduinobot_cpp_examples' build argument 'catkin_skip_building_tests' from command line to 'False'
[0.625s] DEBUG:colcon.colcon_core.verb:Building package 'arduinobot_cpp_examples' with the following arguments: {'ament_cmake_args': None, 'build_base': '/home/parallels/arduinobot_ws/build/arduinobot_cpp_examples', 'catkin_cmake_args': None, 'catkin_skip_building_tests': False, 'cmake_args': None, 'cmake_clean_cache': False, 'cmake_clean_first': False, 'cmake_force_configure': False, 'cmake_target': None, 'cmake_target_skip_unavailable': False, 'install_base': '/home/parallels/arduinobot_ws/install/arduinobot_cpp_examples', 'merge_install': False, 'path': '/home/parallels/arduinobot_ws/src/arduinobot_cpp_examples', 'symlink_install': True, 'test_result_base': None}
[0.625s] Level 5:colcon.colcon_core.verb:set package 'arduinobot_description' build argument 'cmake_args' from command line to 'None'
[0.625s] Level 5:colcon.colcon_core.verb:set package 'arduinobot_description' build argument 'cmake_target' from command line to 'None'
[0.625s] Level 5:colcon.colcon_core.verb:set package 'arduinobot_description' build argument 'cmake_target_skip_unavailable' from command line to 'False'
[0.625s] Level 5:colcon.colcon_core.verb:set package 'arduinobot_description' build argument 'cmake_clean_cache' from command line to 'False'
[0.625s] Level 5:colcon.colcon_core.verb:set package 'arduinobot_description' build argument 'cmake_clean_first' from command line to 'False'
[0.625s] Level 5:colcon.colcon_core.verb:set package 'arduinobot_description' build argument 'cmake_force_configure' from command line to 'False'
[0.625s] Level 5:colcon.colcon_core.verb:set package 'arduinobot_description' build argument 'ament_cmake_args' from command line to 'None'
[0.625s] Level 5:colcon.colcon_core.verb:set package 'arduinobot_description' build argument 'catkin_cmake_args' from command line to 'None'
[0.626s] Level 5:colcon.colcon_core.verb:set package 'arduinobot_description' build argument 'catkin_skip_building_tests' from command line to 'False'
[0.626s] DEBUG:colcon.colcon_core.verb:Building package 'arduinobot_description' with the following arguments: {'ament_cmake_args': None, 'build_base': '/home/parallels/arduinobot_ws/build/arduinobot_description', 'catkin_cmake_args': None, 'catkin_skip_building_tests': False, 'cmake_args': None, 'cmake_clean_cache': False, 'cmake_clean_first': False, 'cmake_force_configure': False, 'cmake_target': None, 'cmake_target_skip_unavailable': False, 'install_base': '/home/parallels/arduinobot_ws/install/arduinobot_description', 'merge_install': False, 'path': '/home/parallels/arduinobot_ws/src/arduinobot_description', 'symlink_install': True, 'test_result_base': None}
[0.626s] Level 5:colcon.colcon_core.verb:set package 'arduinobot_py_examples' build argument 'cmake_args' from command line to 'None'
[0.626s] Level 5:colcon.colcon_core.verb:set package 'arduinobot_py_examples' build argument 'cmake_target' from command line to 'None'
[0.626s] Level 5:colcon.colcon_core.verb:set package 'arduinobot_py_examples' build argument 'cmake_target_skip_unavailable' from command line to 'False'
[0.626s] Level 5:colcon.colcon_core.verb:set package 'arduinobot_py_examples' build argument 'cmake_clean_cache' from command line to 'False'
[0.626s] Level 5:colcon.colcon_core.verb:set package 'arduinobot_py_examples' build argument 'cmake_clean_first' from command line to 'False'
[0.626s] Level 5:colcon.colcon_core.verb:set package 'arduinobot_py_examples' build argument 'cmake_force_configure' from command line to 'False'
[0.626s] Level 5:colcon.colcon_core.verb:set package 'arduinobot_py_examples' build argument 'ament_cmake_args' from command line to 'None'
[0.626s] Level 5:colcon.colcon_core.verb:set package 'arduinobot_py_examples' build argument 'catkin_cmake_args' from command line to 'None'
[0.626s] Level 5:colcon.colcon_core.verb:set package 'arduinobot_py_examples' build argument 'catkin_skip_building_tests' from command line to 'False'
[0.626s] DEBUG:colcon.colcon_core.verb:Building package 'arduinobot_py_examples' with the following arguments: {'ament_cmake_args': None, 'build_base': '/home/parallels/arduinobot_ws/build/arduinobot_py_examples', 'catkin_cmake_args': None, 'catkin_skip_building_tests': False, 'cmake_args': None, 'cmake_clean_cache': False, 'cmake_clean_first': False, 'cmake_force_configure': False, 'cmake_target': None, 'cmake_target_skip_unavailable': False, 'install_base': '/home/parallels/arduinobot_ws/install/arduinobot_py_examples', 'merge_install': False, 'path': '/home/parallels/arduinobot_ws/src/arduinobot_py_examples', 'symlink_install': True, 'test_result_base': None}
[0.626s] INFO:colcon.colcon_core.executor:Executing jobs using 'parallel' executor
[0.627s] DEBUG:colcon.colcon_parallel_executor.executor.parallel:run_until_complete
[0.627s] INFO:colcon.colcon_ros.task.ament_cmake.build:Building ROS package in '/home/parallels/arduinobot_ws/src/arduinobot_cpp_examples' with build type 'ament_cmake'
[0.628s] INFO:colcon.colcon_cmake.task.cmake.build:Building CMake package in '/home/parallels/arduinobot_ws/src/arduinobot_cpp_examples'
[0.632s] INFO:colcon.colcon_core.plugin_system:Skipping extension 'colcon_core.shell.bat': Not used on non-Windows systems
[0.632s] INFO:colcon.colcon_core.shell:Skip shell extension 'powershell' for command environment: Not usable outside of PowerShell
[0.632s] DEBUG:colcon.colcon_core.shell:Skip shell extension 'dsv' for command environment
[0.635s] INFO:colcon.colcon_ros.task.ament_cmake.build:Building ROS package in '/home/parallels/arduinobot_ws/src/arduinobot_description' with build type 'ament_cmake'
[0.635s] INFO:colcon.colcon_cmake.task.cmake.build:Building CMake package in '/home/parallels/arduinobot_ws/src/arduinobot_description'
[0.636s] INFO:colcon.colcon_core.shell:Skip shell extension 'powershell' for command environment: Not usable outside of PowerShell
[0.636s] DEBUG:colcon.colcon_core.shell:Skip shell extension 'dsv' for command environment
[0.644s] DEBUG:colcon.colcon_core.event_handler.log_command:Invoking command in '/home/parallels/arduinobot_ws/build/arduinobot_description': CMAKE_PREFIX_PATH=${CMAKE_PREFIX_PATH}:/home/parallels/ros2_ws/install/opencv_tests:/home/parallels/ros2_ws/install/my_robot_controller:/opt/ros/humble /usr/bin/cmake --build /home/parallels/arduinobot_ws/build/arduinobot_description -- -j2 -l2
[0.650s] DEBUG:colcon.colcon_core.event_handler.log_command:Invoking command in '/home/parallels/arduinobot_ws/build/arduinobot_cpp_examples': CMAKE_PREFIX_PATH=${CMAKE_PREFIX_PATH}:/home/parallels/ros2_ws/install/opencv_tests:/home/parallels/ros2_ws/install/my_robot_controller:/opt/ros/humble /usr/bin/cmake --build /home/parallels/arduinobot_ws/build/arduinobot_cpp_examples -- -j2 -l2
[0.719s] DEBUG:colcon.colcon_core.event_handler.log_command:Invoked command in '/home/parallels/arduinobot_ws/build/arduinobot_description' returned '0': CMAKE_PREFIX_PATH=${CMAKE_PREFIX_PATH}:/home/parallels/ros2_ws/install/opencv_tests:/home/parallels/ros2_ws/install/my_robot_controller:/opt/ros/humble /usr/bin/cmake --build /home/parallels/arduinobot_ws/build/arduinobot_description -- -j2 -l2
[0.745s] DEBUG:colcon.colcon_core.event_handler.log_command:Invoking command in '/home/parallels/arduinobot_ws/build/arduinobot_description': CMAKE_PREFIX_PATH=${CMAKE_PREFIX_PATH}:/home/parallels/ros2_ws/install/opencv_tests:/home/parallels/ros2_ws/install/my_robot_controller:/opt/ros/humble /usr/bin/cmake --install /home/parallels/arduinobot_ws/build/arduinobot_description
[0.788s] Level 1:colcon.colcon_core.environment:create_environment_scripts_only(arduinobot_description)
[0.790s] DEBUG:colcon.colcon_core.event_handler.log_command:Invoked command in '/home/parallels/arduinobot_ws/build/arduinobot_description' returned '0': CMAKE_PREFIX_PATH=${CMAKE_PREFIX_PATH}:/home/parallels/ros2_ws/install/opencv_tests:/home/parallels/ros2_ws/install/my_robot_controller:/opt/ros/humble /usr/bin/cmake --install /home/parallels/arduinobot_ws/build/arduinobot_description
[0.794s] Level 1:colcon.colcon_core.environment:checking '/home/parallels/arduinobot_ws/install/arduinobot_description' for CMake module files
[0.795s] Level 1:colcon.colcon_core.environment:checking '/home/parallels/arduinobot_ws/install/arduinobot_description' for CMake config files
[0.795s] Level 1:colcon.colcon_core.shell:create_environment_hook('arduinobot_description', 'cmake_prefix_path')
[0.795s] INFO:colcon.colcon_core.shell:Creating environment hook '/home/parallels/arduinobot_ws/install/arduinobot_description/share/arduinobot_description/hook/cmake_prefix_path.ps1'
[0.796s] INFO:colcon.colcon_core.shell:Creating environment descriptor '/home/parallels/arduinobot_ws/install/arduinobot_description/share/arduinobot_description/hook/cmake_prefix_path.dsv'
[0.797s] INFO:colcon.colcon_core.shell:Creating environment hook '/home/parallels/arduinobot_ws/install/arduinobot_description/share/arduinobot_description/hook/cmake_prefix_path.sh'
[0.797s] Level 1:colcon.colcon_core.environment:checking '/home/parallels/arduinobot_ws/install/arduinobot_description/bin'
[0.797s] Level 1:colcon.colcon_core.environment:checking '/home/parallels/arduinobot_ws/install/arduinobot_description/lib/pkgconfig/arduinobot_description.pc'
[0.797s] Level 1:colcon.colcon_core.environment:checking '/home/parallels/arduinobot_ws/install/arduinobot_description/lib/python3.10/site-packages'
[0.798s] Level 1:colcon.colcon_core.environment:checking '/home/parallels/arduinobot_ws/install/arduinobot_description/bin'
[0.798s] INFO:colcon.colcon_core.shell:Creating package script '/home/parallels/arduinobot_ws/install/arduinobot_description/share/arduinobot_description/package.ps1'
[0.798s] INFO:colcon.colcon_core.shell:Creating package descriptor '/home/parallels/arduinobot_ws/install/arduinobot_description/share/arduinobot_description/package.dsv'
[0.799s] INFO:colcon.colcon_core.shell:Creating package script '/home/parallels/arduinobot_ws/install/arduinobot_description/share/arduinobot_description/package.sh'
[0.799s] INFO:colcon.colcon_core.shell:Creating package script '/home/parallels/arduinobot_ws/install/arduinobot_description/share/arduinobot_description/package.bash'
[0.800s] INFO:colcon.colcon_core.shell:Creating package script '/home/parallels/arduinobot_ws/install/arduinobot_description/share/arduinobot_description/package.zsh'
[0.801s] Level 1:colcon.colcon_core.environment:create_file_with_runtime_dependencies(/home/parallels/arduinobot_ws/install/arduinobot_description/share/colcon-core/packages/arduinobot_description)
[0.814s] DEBUG:colcon.colcon_core.event_handler.log_command:Invoked command in '/home/parallels/arduinobot_ws/build/arduinobot_cpp_examples' returned '0': CMAKE_PREFIX_PATH=${CMAKE_PREFIX_PATH}:/home/parallels/ros2_ws/install/opencv_tests:/home/parallels/ros2_ws/install/my_robot_controller:/opt/ros/humble /usr/bin/cmake --build /home/parallels/arduinobot_ws/build/arduinobot_cpp_examples -- -j2 -l2
[0.819s] Level 1:colcon.colcon_core.environment:create_environment_scripts_only(arduinobot_description)
[0.819s] Level 1:colcon.colcon_core.environment:checking '/home/parallels/arduinobot_ws/install/arduinobot_description' for CMake module files
[0.820s] Level 1:colcon.colcon_core.environment:checking '/home/parallels/arduinobot_ws/install/arduinobot_description' for CMake config files
[0.820s] Level 1:colcon.colcon_core.shell:create_environment_hook('arduinobot_description', 'cmake_prefix_path')
[0.820s] INFO:colcon.colcon_core.shell:Creating environment hook '/home/parallels/arduinobot_ws/install/arduinobot_description/share/arduinobot_description/hook/cmake_prefix_path.ps1'
[0.821s] INFO:colcon.colcon_core.shell:Creating environment descriptor '/home/parallels/arduinobot_ws/install/arduinobot_description/share/arduinobot_description/hook/cmake_prefix_path.dsv'
[0.821s] INFO:colcon.colcon_core.shell:Creating environment hook '/home/parallels/arduinobot_ws/install/arduinobot_description/share/arduinobot_description/hook/cmake_prefix_path.sh'
[0.821s] Level 1:colcon.colcon_core.environment:checking '/home/parallels/arduinobot_ws/install/arduinobot_description/bin'
[0.822s] Level 1:colcon.colcon_core.environment:checking '/home/parallels/arduinobot_ws/install/arduinobot_description/lib/pkgconfig/arduinobot_description.pc'
[0.822s] Level 1:colcon.colcon_core.environment:checking '/home/parallels/arduinobot_ws/install/arduinobot_description/lib/python3.10/site-packages'
[0.822s] Level 1:colcon.colcon_core.environment:checking '/home/parallels/arduinobot_ws/install/arduinobot_description/bin'
[0.822s] INFO:colcon.colcon_core.shell:Creating package script '/home/parallels/arduinobot_ws/install/arduinobot_description/share/arduinobot_description/package.ps1'
[0.822s] INFO:colcon.colcon_core.shell:Creating package descriptor '/home/parallels/arduinobot_ws/install/arduinobot_description/share/arduinobot_description/package.dsv'
[0.826s] INFO:colcon.colcon_core.shell:Creating package script '/home/parallels/arduinobot_ws/install/arduinobot_description/share/arduinobot_description/package.sh'
[0.827s] INFO:colcon.colcon_core.shell:Creating package script '/home/parallels/arduinobot_ws/install/arduinobot_description/share/arduinobot_description/package.bash'
[0.828s] INFO:colcon.colcon_core.shell:Creating package script '/home/parallels/arduinobot_ws/install/arduinobot_description/share/arduinobot_description/package.zsh'
[0.833s] Level 1:colcon.colcon_core.environment:create_file_with_runtime_dependencies(/home/parallels/arduinobot_ws/install/arduinobot_description/share/colcon-core/packages/arduinobot_description)
[0.834s] INFO:colcon.colcon_ros.task.ament_python.build:Building ROS package in '/home/parallels/arduinobot_ws/src/arduinobot_py_examples' with build type 'ament_python'
[0.834s] Level 1:colcon.colcon_core.shell:create_environment_hook('arduinobot_py_examples', 'ament_prefix_path')
[0.834s] INFO:colcon.colcon_core.shell:Creating environment hook '/home/parallels/arduinobot_ws/install/arduinobot_py_examples/share/arduinobot_py_examples/hook/ament_prefix_path.ps1'
[0.834s] INFO:colcon.colcon_core.shell:Creating environment descriptor '/home/parallels/arduinobot_ws/install/arduinobot_py_examples/share/arduinobot_py_examples/hook/ament_prefix_path.dsv'
[0.836s] INFO:colcon.colcon_core.shell:Creating environment hook '/home/parallels/arduinobot_ws/install/arduinobot_py_examples/share/arduinobot_py_examples/hook/ament_prefix_path.sh'
[0.841s] INFO:colcon.colcon_core.shell:Skip shell extension 'powershell' for command environment: Not usable outside of PowerShell
[0.841s] DEBUG:colcon.colcon_core.shell:Skip shell extension 'dsv' for command environment
[1.106s] INFO:colcon.colcon_core.task.python.build:Building Python package in '/home/parallels/arduinobot_ws/src/arduinobot_py_examples'
[1.106s] INFO:colcon.colcon_core.shell:Skip shell extension 'powershell' for command environment: Not usable outside of PowerShell
[1.106s] DEBUG:colcon.colcon_core.shell:Skip shell extension 'dsv' for command environment
[1.111s] DEBUG:colcon.colcon_core.event_handler.log_command:Invoking command in '/home/parallels/arduinobot_ws/build/arduinobot_cpp_examples': CMAKE_PREFIX_PATH=${CMAKE_PREFIX_PATH}:/home/parallels/ros2_ws/install/opencv_tests:/home/parallels/ros2_ws/install/my_robot_controller:/opt/ros/humble /usr/bin/cmake --install /home/parallels/arduinobot_ws/build/arduinobot_cpp_examples
[1.144s] Level 1:colcon.colcon_core.environment:create_environment_scripts_only(arduinobot_cpp_examples)
[1.145s] Level 1:colcon.colcon_core.environment:checking '/home/parallels/arduinobot_ws/install/arduinobot_cpp_examples' for CMake module files
[1.145s] DEBUG:colcon.colcon_core.event_handler.log_command:Invoked command in '/home/parallels/arduinobot_ws/build/arduinobot_cpp_examples' returned '0': CMAKE_PREFIX_PATH=${CMAKE_PREFIX_PATH}:/home/parallels/ros2_ws/install/opencv_tests:/home/parallels/ros2_ws/install/my_robot_controller:/opt/ros/humble /usr/bin/cmake --install /home/parallels/arduinobot_ws/build/arduinobot_cpp_examples
[1.145s] Level 1:colcon.colcon_core.environment:checking '/home/parallels/arduinobot_ws/install/arduinobot_cpp_examples' for CMake config files
[1.145s] Level 1:colcon.colcon_core.shell:create_environment_hook('arduinobot_cpp_examples', 'cmake_prefix_path')
[1.146s] INFO:colcon.colcon_core.shell:Creating environment hook '/home/parallels/arduinobot_ws/install/arduinobot_cpp_examples/share/arduinobot_cpp_examples/hook/cmake_prefix_path.ps1'
[1.146s] INFO:colcon.colcon_core.shell:Creating environment descriptor '/home/parallels/arduinobot_ws/install/arduinobot_cpp_examples/share/arduinobot_cpp_examples/hook/cmake_prefix_path.dsv'
[1.147s] INFO:colcon.colcon_core.shell:Creating environment hook '/home/parallels/arduinobot_ws/install/arduinobot_cpp_examples/share/arduinobot_cpp_examples/hook/cmake_prefix_path.sh'
[1.147s] Level 1:colcon.colcon_core.environment:checking '/home/parallels/arduinobot_ws/install/arduinobot_cpp_examples/lib'
[1.147s] Level 1:colcon.colcon_core.environment:checking '/home/parallels/arduinobot_ws/install/arduinobot_cpp_examples/bin'
[1.147s] Level 1:colcon.colcon_core.environment:checking '/home/parallels/arduinobot_ws/install/arduinobot_cpp_examples/lib/pkgconfig/arduinobot_cpp_examples.pc'
[1.148s] Level 1:colcon.colcon_core.environment:checking '/home/parallels/arduinobot_ws/install/arduinobot_cpp_examples/lib/python3.10/site-packages'
[1.148s] Level 1:colcon.colcon_core.environment:checking '/home/parallels/arduinobot_ws/install/arduinobot_cpp_examples/bin'
[1.148s] INFO:colcon.colcon_core.shell:Creating package script '/home/parallels/arduinobot_ws/install/arduinobot_cpp_examples/share/arduinobot_cpp_examples/package.ps1'
[1.148s] INFO:colcon.colcon_core.shell:Creating package descriptor '/home/parallels/arduinobot_ws/install/arduinobot_cpp_examples/share/arduinobot_cpp_examples/package.dsv'
[1.149s] INFO:colcon.colcon_core.shell:Creating package script '/home/parallels/arduinobot_ws/install/arduinobot_cpp_examples/share/arduinobot_cpp_examples/package.sh'
[1.149s] INFO:colcon.colcon_core.shell:Creating package script '/home/parallels/arduinobot_ws/install/arduinobot_cpp_examples/share/arduinobot_cpp_examples/package.bash'
[1.149s] INFO:colcon.colcon_core.shell:Creating package script '/home/parallels/arduinobot_ws/install/arduinobot_cpp_examples/share/arduinobot_cpp_examples/package.zsh'
[1.152s] Level 1:colcon.colcon_core.environment:create_file_with_runtime_dependencies(/home/parallels/arduinobot_ws/install/arduinobot_cpp_examples/share/colcon-core/packages/arduinobot_cpp_examples)
[1.180s] Level 1:colcon.colcon_core.environment:create_environment_scripts_only(arduinobot_cpp_examples)
[1.180s] Level 1:colcon.colcon_core.environment:checking '/home/parallels/arduinobot_ws/install/arduinobot_cpp_examples' for CMake module files
[1.181s] Level 1:colcon.colcon_core.environment:checking '/home/parallels/arduinobot_ws/install/arduinobot_cpp_examples' for CMake config files
[1.181s] Level 1:colcon.colcon_core.shell:create_environment_hook('arduinobot_cpp_examples', 'cmake_prefix_path')
[1.181s] INFO:colcon.colcon_core.shell:Creating environment hook '/home/parallels/arduinobot_ws/install/arduinobot_cpp_examples/share/arduinobot_cpp_examples/hook/cmake_prefix_path.ps1'
[1.182s] INFO:colcon.colcon_core.shell:Creating environment descriptor '/home/parallels/arduinobot_ws/install/arduinobot_cpp_examples/share/arduinobot_cpp_examples/hook/cmake_prefix_path.dsv'
[1.182s] INFO:colcon.colcon_core.shell:Creating environment hook '/home/parallels/arduinobot_ws/install/arduinobot_cpp_examples/share/arduinobot_cpp_examples/hook/cmake_prefix_path.sh'
[1.183s] Level 1:colcon.colcon_core.environment:checking '/home/parallels/arduinobot_ws/install/arduinobot_cpp_examples/lib'
[1.183s] Level 1:colcon.colcon_core.environment:checking '/home/parallels/arduinobot_ws/install/arduinobot_cpp_examples/bin'
[1.183s] Level 1:colcon.colcon_core.environment:checking '/home/parallels/arduinobot_ws/install/arduinobot_cpp_examples/lib/pkgconfig/arduinobot_cpp_examples.pc'
[1.183s] Level 1:colcon.colcon_core.environment:checking '/home/parallels/arduinobot_ws/install/arduinobot_cpp_examples/lib/python3.10/site-packages'
[1.183s] Level 1:colcon.colcon_core.environment:checking '/home/parallels/arduinobot_ws/install/arduinobot_cpp_examples/bin'
[1.183s] INFO:colcon.colcon_core.shell:Creating package script '/home/parallels/arduinobot_ws/install/arduinobot_cpp_examples/share/arduinobot_cpp_examples/package.ps1'
[1.184s] INFO:colcon.colcon_core.shell:Creating package descriptor '/home/parallels/arduinobot_ws/install/arduinobot_cpp_examples/share/arduinobot_cpp_examples/package.dsv'
[1.184s] INFO:colcon.colcon_core.shell:Creating package script '/home/parallels/arduinobot_ws/install/arduinobot_cpp_examples/share/arduinobot_cpp_examples/package.sh'
[1.185s] INFO:colcon.colcon_core.shell:Creating package script '/home/parallels/arduinobot_ws/install/arduinobot_cpp_examples/share/arduinobot_cpp_examples/package.bash'
[1.185s] INFO:colcon.colcon_core.shell:Creating package script '/home/parallels/arduinobot_ws/install/arduinobot_cpp_examples/share/arduinobot_cpp_examples/package.zsh'
[1.186s] Level 1:colcon.colcon_core.environment:create_file_with_runtime_dependencies(/home/parallels/arduinobot_ws/install/arduinobot_cpp_examples/share/colcon-core/packages/arduinobot_cpp_examples)
[1.509s] DEBUG:colcon.colcon_core.event_handler.log_command:Invoking command in '/home/parallels/arduinobot_ws/build/arduinobot_py_examples': PYTHONPATH=/home/parallels/arduinobot_ws/build/arduinobot_py_examples/prefix_override:/usr/lib/python3/dist-packages/colcon_core/task/python/colcon_distutils_commands:/home/parallels/arduinobot_ws/install/arduinobot_py_examples/lib/python3.10/site-packages:${PYTHONPATH} /usr/bin/python3 -W ignore:setup.py install is deprecated setup.py develop --editable --build-directory /home/parallels/arduinobot_ws/build/arduinobot_py_examples/build --no-deps symlink_data
[1.828s] Level 1:colcon.colcon_core.shell:create_environment_hook('arduinobot_py_examples', 'pythonpath_develop')
[1.828s] INFO:colcon.colcon_core.shell:Creating environment hook '/home/parallels/arduinobot_ws/build/arduinobot_py_examples/share/arduinobot_py_examples/hook/pythonpath_develop.ps1'
[1.829s] INFO:colcon.colcon_core.shell:Creating environment descriptor '/home/parallels/arduinobot_ws/build/arduinobot_py_examples/share/arduinobot_py_examples/hook/pythonpath_develop.dsv'
[1.829s] INFO:colcon.colcon_core.shell:Creating environment hook '/home/parallels/arduinobot_ws/build/arduinobot_py_examples/share/arduinobot_py_examples/hook/pythonpath_develop.sh'
[1.829s] Level 1:colcon.colcon_core.environment:checking '/home/parallels/arduinobot_ws/install/arduinobot_py_examples' for CMake module files
[1.830s] Level 1:colcon.colcon_core.environment:checking '/home/parallels/arduinobot_ws/install/arduinobot_py_examples' for CMake config files
[1.830s] Level 1:colcon.colcon_core.environment:checking '/home/parallels/arduinobot_ws/install/arduinobot_py_examples/lib'
[1.830s] DEBUG:colcon.colcon_core.event_handler.log_command:Invoked command in '/home/parallels/arduinobot_ws/build/arduinobot_py_examples' returned '0': PYTHONPATH=/home/parallels/arduinobot_ws/build/arduinobot_py_examples/prefix_override:/usr/lib/python3/dist-packages/colcon_core/task/python/colcon_distutils_commands:/home/parallels/arduinobot_ws/install/arduinobot_py_examples/lib/python3.10/site-packages:${PYTHONPATH} /usr/bin/python3 -W ignore:setup.py install is deprecated setup.py develop --editable --build-directory /home/parallels/arduinobot_ws/build/arduinobot_py_examples/build --no-deps symlink_data
[1.830s] Level 1:colcon.colcon_core.environment:checking '/home/parallels/arduinobot_ws/install/arduinobot_py_examples/bin'
[1.831s] Level 1:colcon.colcon_core.environment:checking '/home/parallels/arduinobot_ws/install/arduinobot_py_examples/lib/pkgconfig/arduinobot_py_examples.pc'
[1.831s] Level 1:colcon.colcon_core.environment:checking '/home/parallels/arduinobot_ws/install/arduinobot_py_examples/lib/python3.10/site-packages'
[1.831s] Level 1:colcon.colcon_core.shell:create_environment_hook('arduinobot_py_examples', 'pythonpath')
[1.831s] INFO:colcon.colcon_core.shell:Creating environment hook '/home/parallels/arduinobot_ws/install/arduinobot_py_examples/share/arduinobot_py_examples/hook/pythonpath.ps1'
[1.831s] INFO:colcon.colcon_core.shell:Creating environment descriptor '/home/parallels/arduinobot_ws/install/arduinobot_py_examples/share/arduinobot_py_examples/hook/pythonpath.dsv'
[1.831s] INFO:colcon.colcon_core.shell:Creating environment hook '/home/parallels/arduinobot_ws/install/arduinobot_py_examples/share/arduinobot_py_examples/hook/pythonpath.sh'
[1.832s] Level 1:colcon.colcon_core.environment:checking '/home/parallels/arduinobot_ws/install/arduinobot_py_examples/bin'
[1.832s] Level 1:colcon.colcon_core.environment:create_environment_scripts_only(arduinobot_py_examples)
[1.832s] INFO:colcon.colcon_core.shell:Creating package script '/home/parallels/arduinobot_ws/install/arduinobot_py_examples/share/arduinobot_py_examples/package.ps1'
[1.832s] INFO:colcon.colcon_core.shell:Creating package descriptor '/home/parallels/arduinobot_ws/install/arduinobot_py_examples/share/arduinobot_py_examples/package.dsv'
[1.832s] INFO:colcon.colcon_core.shell:Creating package script '/home/parallels/arduinobot_ws/install/arduinobot_py_examples/share/arduinobot_py_examples/package.sh'
[1.833s] INFO:colcon.colcon_core.shell:Creating package script '/home/parallels/arduinobot_ws/install/arduinobot_py_examples/share/arduinobot_py_examples/package.bash'
[1.833s] INFO:colcon.colcon_core.shell:Creating package script '/home/parallels/arduinobot_ws/install/arduinobot_py_examples/share/arduinobot_py_examples/package.zsh'
[1.833s] Level 1:colcon.colcon_core.environment:create_file_with_runtime_dependencies(/home/parallels/arduinobot_ws/install/arduinobot_py_examples/share/colcon-core/packages/arduinobot_py_examples)
[1.833s] DEBUG:colcon.colcon_parallel_executor.executor.parallel:closing loop
[1.834s] DEBUG:colcon.colcon_parallel_executor.executor.parallel:loop closed
[1.834s] DEBUG:colcon.colcon_parallel_executor.executor.parallel:run_until_complete finished with '0'
[1.834s] DEBUG:colcon.colcon_core.event_reactor:joining thread
[1.841s] INFO:colcon.colcon_core.plugin_system:Skipping extension 'colcon_notification.desktop_notification.terminal_notifier': Not used on non-Darwin systems
[1.841s] INFO:colcon.colcon_core.plugin_system:Skipping extension 'colcon_notification.desktop_notification.win32': Not used on non-Windows systems
[1.841s] INFO:colcon.colcon_notification.desktop_notification:Sending desktop notification using 'notify2'
[1.861s] DEBUG:colcon.colcon_core.event_reactor:joined thread
[1.861s] INFO:colcon.colcon_core.shell:Creating prefix script '/home/parallels/arduinobot_ws/install/local_setup.ps1'
[1.863s] INFO:colcon.colcon_core.shell:Creating prefix util module '/home/parallels/arduinobot_ws/install/_local_setup_util_ps1.py'
[1.865s] INFO:colcon.colcon_core.shell:Creating prefix chain script '/home/parallels/arduinobot_ws/install/setup.ps1'
[1.866s] INFO:colcon.colcon_core.shell:Creating prefix script '/home/parallels/arduinobot_ws/install/local_setup.sh'
[1.867s] INFO:colcon.colcon_core.shell:Creating prefix util module '/home/parallels/arduinobot_ws/install/_local_setup_util_sh.py'
[1.867s] INFO:colcon.colcon_core.shell:Creating prefix chain script '/home/parallels/arduinobot_ws/install/setup.sh'
[1.869s] INFO:colcon.colcon_core.shell:Creating prefix script '/home/parallels/arduinobot_ws/install/local_setup.bash'
[1.869s] INFO:colcon.colcon_core.shell:Creating prefix chain script '/home/parallels/arduinobot_ws/install/setup.bash'
[1.870s] INFO:colcon.colcon_core.shell:Creating prefix script '/home/parallels/arduinobot_ws/install/local_setup.zsh'
[1.871s] INFO:colcon.colcon_core.shell:Creating prefix chain script '/home/parallels/arduinobot_ws/install/setup.zsh'
