-- Found ament_cmake: 1.3.10 (/opt/ros/humble/share/ament_cmake/cmake)
-- Found rclpy: 3.3.14 (/opt/ros/humble/share/rclpy/cmake)
-- Found ament_lint_auto: 0.12.11 (/opt/ros/humble/share/ament_lint_auto/cmake)
-- Added test 'flake8' to check Python code syntax and style conventions
-- Added test 'lint_cmake' to check CMake code style
-- Added test 'pep257' to check Python code against some of the docstring style conventions in PEP 257
-- Added test 'xmllint' to check XML markup files
-- Configuring done
-- Generating done
-- Build files have been written to: /home/parallels/arduinobot_ws/build/arduinobot_firmware
Built target ament_cmake_python_copy_arduinobot_firmware
running egg_info
creating arduinobot_firmware.egg-info
writing arduinobot_firmware.egg-info/PKG-INFO
writing dependency_links to arduinobot_firmware.egg-info/dependency_links.txt
writing top-level names to arduinobot_firmware.egg-info/top_level.txt
writing manifest file 'arduinobot_firmware.egg-info/SOURCES.txt'
reading manifest file 'arduinobot_firmware.egg-info/SOURCES.txt'
writing manifest file 'arduinobot_firmware.egg-info/SOURCES.txt'
Built target ament_cmake_python_build_arduinobot_firmware_egg
-- Install configuration: ""
-- Installing: /home/parallels/arduinobot_ws/install/arduinobot_firmware/share/arduinobot_firmware/environment/pythonpath.sh
-- Installing: /home/parallels/arduinobot_ws/install/arduinobot_firmware/share/arduinobot_firmware/environment/pythonpath.dsv
-- Installing: /home/parallels/arduinobot_ws/install/arduinobot_firmware/local/lib/python3.10/dist-packages/arduinobot_firmware-0.0.0-py3.10.egg-info
-- Installing: /home/parallels/arduinobot_ws/install/arduinobot_firmware/local/lib/python3.10/dist-packages/arduinobot_firmware-0.0.0-py3.10.egg-info/dependency_links.txt
-- Installing: /home/parallels/arduinobot_ws/install/arduinobot_firmware/local/lib/python3.10/dist-packages/arduinobot_firmware-0.0.0-py3.10.egg-info/top_level.txt
-- Installing: /home/parallels/arduinobot_ws/install/arduinobot_firmware/local/lib/python3.10/dist-packages/arduinobot_firmware-0.0.0-py3.10.egg-info/PKG-INFO
-- Installing: /home/parallels/arduinobot_ws/install/arduinobot_firmware/local/lib/python3.10/dist-packages/arduinobot_firmware-0.0.0-py3.10.egg-info/SOURCES.txt
-- Installing: /home/parallels/arduinobot_ws/install/arduinobot_firmware/local/lib/python3.10/dist-packages/arduinobot_firmware
-- Installing: /home/parallels/arduinobot_ws/install/arduinobot_firmware/local/lib/python3.10/dist-packages/arduinobot_firmware/simple_serial_transmitter.py
-- Installing: /home/parallels/arduinobot_ws/install/arduinobot_firmware/local/lib/python3.10/dist-packages/arduinobot_firmware/__init__.py
Listing '/home/parallels/arduinobot_ws/install/arduinobot_firmware/local/lib/python3.10/dist-packages/arduinobot_firmware'...
Compiling '/home/parallels/arduinobot_ws/install/arduinobot_firmware/local/lib/python3.10/dist-packages/arduinobot_firmware/__init__.py'...
Compiling '/home/parallels/arduinobot_ws/install/arduinobot_firmware/local/lib/python3.10/dist-packages/arduinobot_firmware/simple_serial_transmitter.py'...
-- Installing: /home/parallels/arduinobot_ws/install/arduinobot_firmware/lib/arduinobot_firmware/simple_serial_transmitter.py
-- Installing: /home/parallels/arduinobot_ws/install/arduinobot_firmware/share/ament_index/resource_index/package_run_dependencies/arduinobot_firmware
-- Up-to-date: /home/parallels/arduinobot_ws/install/arduinobot_firmware/share/ament_index/resource_index/parent_prefix_path/arduinobot_firmware
-- Up-to-date: /home/parallels/arduinobot_ws/install/arduinobot_firmware/share/arduinobot_firmware/environment/ament_prefix_path.sh
-- Installing: /home/parallels/arduinobot_ws/install/arduinobot_firmware/share/arduinobot_firmware/environment/ament_prefix_path.dsv
-- Up-to-date: /home/parallels/arduinobot_ws/install/arduinobot_firmware/share/arduinobot_firmware/environment/path.sh
-- Installing: /home/parallels/arduinobot_ws/install/arduinobot_firmware/share/arduinobot_firmware/environment/path.dsv
-- Up-to-date: /home/parallels/arduinobot_ws/install/arduinobot_firmware/share/arduinobot_firmware/local_setup.bash
-- Installing: /home/parallels/arduinobot_ws/install/arduinobot_firmware/share/arduinobot_firmware/local_setup.sh
-- Up-to-date: /home/parallels/arduinobot_ws/install/arduinobot_firmware/share/arduinobot_firmware/local_setup.zsh
-- Installing: /home/parallels/arduinobot_ws/install/arduinobot_firmware/share/arduinobot_firmware/local_setup.dsv
-- Installing: /home/parallels/arduinobot_ws/install/arduinobot_firmware/share/arduinobot_firmware/package.dsv
-- Up-to-date: /home/parallels/arduinobot_ws/install/arduinobot_firmware/share/ament_index/resource_index/packages/arduinobot_firmware
-- Up-to-date: /home/parallels/arduinobot_ws/install/arduinobot_firmware/share/arduinobot_firmware/cmake/arduinobot_firmwareConfig.cmake
-- Up-to-date: /home/parallels/arduinobot_ws/install/arduinobot_firmware/share/arduinobot_firmware/cmake/arduinobot_firmwareConfig-version.cmake
-- Installing: /home/parallels/arduinobot_ws/install/arduinobot_firmware/share/arduinobot_firmware/package.xml
