[0.021s] Invoking command in '/home/parallels/arduinobot_ws/build/arduinobot_firmware': CMAKE_PREFIX_PATH=${CMAKE_PREFIX_PATH}:/home/parallels/ros2_ws/install/opencv_tests:/home/parallels/ros2_ws/install/my_robot_controller:/opt/ros/humble /usr/bin/cmake --build /home/parallels/arduinobot_ws/build/arduinobot_firmware -- -j6 -l6
[0.039s] -- Found ament_cmake: 1.3.10 (/opt/ros/humble/share/ament_cmake/cmake)
[0.145s] -- Found rclpy: 3.3.14 (/opt/ros/humble/share/rclpy/cmake)
[0.214s] -- Found ament_lint_auto: 0.12.11 (/opt/ros/humble/share/ament_lint_auto/cmake)
[0.265s] -- Added test 'flake8' to check Python code syntax and style conventions
[0.266s] -- Added test 'lint_cmake' to check CMake code style
[0.266s] -- Added test 'pep257' to check Python code against some of the docstring style conventions in PEP 257
[0.267s] -- Added test 'xmllint' to check XML markup files
[0.267s] -- Configuring done
[0.272s] -- Generating done
[0.272s] -- Build files have been written to: /home/parallels/arduinobot_ws/build/arduinobot_firmware
[0.294s] Built target ament_cmake_python_copy_arduinobot_firmware
[0.463s] running egg_info
[0.464s] creating arduinobot_firmware.egg-info
[0.464s] writing arduinobot_firmware.egg-info/PKG-INFO
[0.464s] writing dependency_links to arduinobot_firmware.egg-info/dependency_links.txt
[0.464s] writing top-level names to arduinobot_firmware.egg-info/top_level.txt
[0.464s] writing manifest file 'arduinobot_firmware.egg-info/SOURCES.txt'
[0.466s] reading manifest file 'arduinobot_firmware.egg-info/SOURCES.txt'
[0.466s] writing manifest file 'arduinobot_firmware.egg-info/SOURCES.txt'
[0.486s] Built target ament_cmake_python_build_arduinobot_firmware_egg
[0.687s] Invoked command in '/home/parallels/arduinobot_ws/build/arduinobot_firmware' returned '0': CMAKE_PREFIX_PATH=${CMAKE_PREFIX_PATH}:/home/parallels/ros2_ws/install/opencv_tests:/home/parallels/ros2_ws/install/my_robot_controller:/opt/ros/humble /usr/bin/cmake --build /home/parallels/arduinobot_ws/build/arduinobot_firmware -- -j6 -l6
[0.705s] Invoking command in '/home/parallels/arduinobot_ws/build/arduinobot_firmware': CMAKE_PREFIX_PATH=${CMAKE_PREFIX_PATH}:/home/parallels/ros2_ws/install/opencv_tests:/home/parallels/ros2_ws/install/my_robot_controller:/opt/ros/humble /usr/bin/cmake --install /home/parallels/arduinobot_ws/build/arduinobot_firmware
[0.711s] -- Install configuration: ""
[0.711s] -- Installing: /home/parallels/arduinobot_ws/install/arduinobot_firmware/share/arduinobot_firmware/environment/pythonpath.sh
[0.711s] -- Installing: /home/parallels/arduinobot_ws/install/arduinobot_firmware/share/arduinobot_firmware/environment/pythonpath.dsv
[0.712s] -- Installing: /home/parallels/arduinobot_ws/install/arduinobot_firmware/local/lib/python3.10/dist-packages/arduinobot_firmware-0.0.0-py3.10.egg-info
[0.712s] -- Installing: /home/parallels/arduinobot_ws/install/arduinobot_firmware/local/lib/python3.10/dist-packages/arduinobot_firmware-0.0.0-py3.10.egg-info/dependency_links.txt
[0.713s] -- Installing: /home/parallels/arduinobot_ws/install/arduinobot_firmware/local/lib/python3.10/dist-packages/arduinobot_firmware-0.0.0-py3.10.egg-info/top_level.txt
[0.713s] -- Installing: /home/parallels/arduinobot_ws/install/arduinobot_firmware/local/lib/python3.10/dist-packages/arduinobot_firmware-0.0.0-py3.10.egg-info/PKG-INFO
[0.713s] -- Installing: /home/parallels/arduinobot_ws/install/arduinobot_firmware/local/lib/python3.10/dist-packages/arduinobot_firmware-0.0.0-py3.10.egg-info/SOURCES.txt
[0.713s] -- Installing: /home/parallels/arduinobot_ws/install/arduinobot_firmware/local/lib/python3.10/dist-packages/arduinobot_firmware
[0.713s] -- Installing: /home/parallels/arduinobot_ws/install/arduinobot_firmware/local/lib/python3.10/dist-packages/arduinobot_firmware/simple_serial_transmitter.py
[0.713s] -- Installing: /home/parallels/arduinobot_ws/install/arduinobot_firmware/local/lib/python3.10/dist-packages/arduinobot_firmware/__init__.py
[0.752s] Listing '/home/parallels/arduinobot_ws/install/arduinobot_firmware/local/lib/python3.10/dist-packages/arduinobot_firmware'...
[0.752s] Compiling '/home/parallels/arduinobot_ws/install/arduinobot_firmware/local/lib/python3.10/dist-packages/arduinobot_firmware/__init__.py'...
[0.752s] Compiling '/home/parallels/arduinobot_ws/install/arduinobot_firmware/local/lib/python3.10/dist-packages/arduinobot_firmware/simple_serial_transmitter.py'...
[0.768s] -- Installing: /home/parallels/arduinobot_ws/install/arduinobot_firmware/lib/arduinobot_firmware/simple_serial_transmitter.py
[0.768s] -- Installing: /home/parallels/arduinobot_ws/install/arduinobot_firmware/share/ament_index/resource_index/package_run_dependencies/arduinobot_firmware
[0.768s] -- Up-to-date: /home/parallels/arduinobot_ws/install/arduinobot_firmware/share/ament_index/resource_index/parent_prefix_path/arduinobot_firmware
[0.768s] -- Up-to-date: /home/parallels/arduinobot_ws/install/arduinobot_firmware/share/arduinobot_firmware/environment/ament_prefix_path.sh
[0.769s] -- Installing: /home/parallels/arduinobot_ws/install/arduinobot_firmware/share/arduinobot_firmware/environment/ament_prefix_path.dsv
[0.769s] -- Up-to-date: /home/parallels/arduinobot_ws/install/arduinobot_firmware/share/arduinobot_firmware/environment/path.sh
[0.769s] -- Installing: /home/parallels/arduinobot_ws/install/arduinobot_firmware/share/arduinobot_firmware/environment/path.dsv
[0.769s] -- Up-to-date: /home/parallels/arduinobot_ws/install/arduinobot_firmware/share/arduinobot_firmware/local_setup.bash
[0.769s] -- Installing: /home/parallels/arduinobot_ws/install/arduinobot_firmware/share/arduinobot_firmware/local_setup.sh
[0.769s] -- Up-to-date: /home/parallels/arduinobot_ws/install/arduinobot_firmware/share/arduinobot_firmware/local_setup.zsh
[0.769s] -- Installing: /home/parallels/arduinobot_ws/install/arduinobot_firmware/share/arduinobot_firmware/local_setup.dsv
[0.769s] -- Installing: /home/parallels/arduinobot_ws/install/arduinobot_firmware/share/arduinobot_firmware/package.dsv
[0.769s] -- Up-to-date: /home/parallels/arduinobot_ws/install/arduinobot_firmware/share/ament_index/resource_index/packages/arduinobot_firmware
[0.769s] -- Up-to-date: /home/parallels/arduinobot_ws/install/arduinobot_firmware/share/arduinobot_firmware/cmake/arduinobot_firmwareConfig.cmake
[0.769s] -- Up-to-date: /home/parallels/arduinobot_ws/install/arduinobot_firmware/share/arduinobot_firmware/cmake/arduinobot_firmwareConfig-version.cmake
[0.769s] -- Installing: /home/parallels/arduinobot_ws/install/arduinobot_firmware/share/arduinobot_firmware/package.xml
[0.777s] Invoked command in '/home/parallels/arduinobot_ws/build/arduinobot_firmware' returned '0': CMAKE_PREFIX_PATH=${CMAKE_PREFIX_PATH}:/home/parallels/ros2_ws/install/opencv_tests:/home/parallels/ros2_ws/install/my_robot_controller:/opt/ros/humble /usr/bin/cmake --install /home/parallels/arduinobot_ws/build/arduinobot_firmware
