[0.021s] Invoking command in '/home/parallels/arduinobot_ws/build/arduinobot_bringup': CMAKE_PREFIX_PATH=${CMAKE_PREFIX_PATH}:/home/parallels/ros2_ws/install/opencv_tests:/home/parallels/ros2_ws/install/my_robot_controller:/opt/ros/humble /usr/bin/cmake /home/parallels/arduinobot_ws/src/arduinobot_bringup -DCMAKE_INSTALL_PREFIX=/home/parallels/arduinobot_ws/install/arduinobot_bringup
[0.078s] -- The C compiler identification is GNU 11.4.0
[0.135s] -- The CXX compiler identification is GNU 11.4.0
[0.140s] -- Detecting C compiler ABI info
[0.225s] -- Detecting C compiler ABI info - done
[0.232s] -- Check for working C compiler: /usr/bin/cc - skipped
[0.232s] -- Detecting C compile features
[0.233s] -- Detecting C compile features - done
[0.235s] -- Detecting CXX compiler ABI info
[0.298s] -- Detecting CXX compiler ABI info - done
[0.306s] -- Check for working CXX compiler: /usr/bin/c++ - skipped
[0.306s] -- Detecting CXX compile features
[0.306s] -- Detecting CXX compile features - done
[0.309s] -- Found ament_cmake: 1.3.10 (/opt/ros/humble/share/ament_cmake/cmake)
[0.440s] -- Found Python3: /usr/bin/python3 (found version "3.10.12") found components: Interpreter 
[0.523s] -- Found ament_lint_auto: 0.12.11 (/opt/ros/humble/share/ament_lint_auto/cmake)
[0.600s] -- Added test 'flake8' to check Python code syntax and style conventions
[0.600s] -- Added test 'lint_cmake' to check CMake code style
[0.600s] -- Added test 'pep257' to check Python code against some of the docstring style conventions in PEP 257
[0.601s] -- Added test 'xmllint' to check XML markup files
[0.607s] -- Configuring done
[0.612s] -- Generating done
[0.615s] -- Build files have been written to: /home/parallels/arduinobot_ws/build/arduinobot_bringup
[0.634s] Invoked command in '/home/parallels/arduinobot_ws/build/arduinobot_bringup' returned '0': CMAKE_PREFIX_PATH=${CMAKE_PREFIX_PATH}:/home/parallels/ros2_ws/install/opencv_tests:/home/parallels/ros2_ws/install/my_robot_controller:/opt/ros/humble /usr/bin/cmake /home/parallels/arduinobot_ws/src/arduinobot_bringup -DCMAKE_INSTALL_PREFIX=/home/parallels/arduinobot_ws/install/arduinobot_bringup
[0.634s] Invoking command in '/home/parallels/arduinobot_ws/build/arduinobot_bringup': CMAKE_PREFIX_PATH=${CMAKE_PREFIX_PATH}:/home/parallels/ros2_ws/install/opencv_tests:/home/parallels/ros2_ws/install/my_robot_controller:/opt/ros/humble /usr/bin/cmake --build /home/parallels/arduinobot_ws/build/arduinobot_bringup -- -j6 -l6
[0.680s] Invoked command in '/home/parallels/arduinobot_ws/build/arduinobot_bringup' returned '0': CMAKE_PREFIX_PATH=${CMAKE_PREFIX_PATH}:/home/parallels/ros2_ws/install/opencv_tests:/home/parallels/ros2_ws/install/my_robot_controller:/opt/ros/humble /usr/bin/cmake --build /home/parallels/arduinobot_ws/build/arduinobot_bringup -- -j6 -l6
[0.716s] Invoking command in '/home/parallels/arduinobot_ws/build/arduinobot_bringup': CMAKE_PREFIX_PATH=${CMAKE_PREFIX_PATH}:/home/parallels/ros2_ws/install/opencv_tests:/home/parallels/ros2_ws/install/my_robot_controller:/opt/ros/humble /usr/bin/cmake --install /home/parallels/arduinobot_ws/build/arduinobot_bringup
[0.722s] -- Install configuration: ""
[0.722s] -- Up-to-date: /home/parallels/arduinobot_ws/install/arduinobot_bringup/share/arduinobot_bringup/launch
[0.722s] -- Installing: /home/parallels/arduinobot_ws/install/arduinobot_bringup/share/arduinobot_bringup/package.dsv
[0.737s] Invoked command in '/home/parallels/arduinobot_ws/build/arduinobot_bringup' returned '0': CMAKE_PREFIX_PATH=${CMAKE_PREFIX_PATH}:/home/parallels/ros2_ws/install/opencv_tests:/home/parallels/ros2_ws/install/my_robot_controller:/opt/ros/humble /usr/bin/cmake --install /home/parallels/arduinobot_ws/build/arduinobot_bringup
