[0.082s] DEBUG:colcon:Command line arguments: ['/usr/bin/colcon', 'build']
[0.083s] DEBUG:colcon:Parsed command line arguments: Namespace(log_base=None, log_level=None, verb_name='build', build_base='build', install_base='install', merge_install=False, symlink_install=False, test_result_base=None, continue_on_error=False, executor='parallel', parallel_workers=2, event_handlers=None, ignore_user_meta=False, metas=['./colcon.meta'], base_paths=['.'], packages_ignore=None, packages_ignore_regex=None, paths=None, packages_up_to=None, packages_up_to_regex=None, packages_above=None, packages_above_and_dependencies=None, packages_above_depth=None, packages_select_by_dep=None, packages_skip_by_dep=None, packages_skip_up_to=None, packages_select_build_failed=False, packages_skip_build_finished=False, packages_select_test_failures=False, packages_skip_test_passed=False, packages_select=None, packages_skip=None, packages_select_regex=None, packages_skip_regex=None, packages_start=None, packages_end=None, allow_overriding=[], cmake_args=None, cmake_target=None, cmake_target_skip_unavailable=False, cmake_clean_cache=False, cmake_clean_first=False, cmake_force_configure=False, ament_cmake_args=None, catkin_cmake_args=None, catkin_skip_building_tests=False, mixin_files=None, mixin=None, verb_parser=<colcon_mixin.mixin.mixin_argument.MixinArgumentDecorator object at 0xffff9290fb50>, verb_extension=<colcon_core.verb.build.BuildVerb object at 0xffff9290f550>, main=<bound method BuildVerb.main of <colcon_core.verb.build.BuildVerb object at 0xffff9290f550>>, mixin_verb=('build',))
[0.196s] Level 1:colcon.colcon_core.package_discovery:discover_packages(colcon_meta) check parameters
[0.196s] Level 1:colcon.colcon_core.package_discovery:discover_packages(recursive) check parameters
[0.196s] Level 1:colcon.colcon_core.package_discovery:discover_packages(ignore) check parameters
[0.196s] Level 1:colcon.colcon_core.package_discovery:discover_packages(path) check parameters
[0.196s] Level 1:colcon.colcon_core.package_discovery:discover_packages(colcon_meta) discover
[0.196s] Level 1:colcon.colcon_core.package_discovery:discover_packages(recursive) discover
[0.196s] INFO:colcon.colcon_core.package_discovery:Crawling recursively for packages in '/home/parallels/arduinobot_ws'
[0.196s] Level 1:colcon.colcon_core.package_identification:_identify(.) by extensions ['ignore', 'ignore_ament_install']
[0.196s] Level 1:colcon.colcon_core.package_identification:_identify(.) by extension 'ignore'
[0.196s] Level 1:colcon.colcon_core.package_identification:_identify(.) by extension 'ignore_ament_install'
[0.196s] Level 1:colcon.colcon_core.package_identification:_identify(.) by extensions ['colcon_pkg']
[0.196s] Level 1:colcon.colcon_core.package_identification:_identify(.) by extension 'colcon_pkg'
[0.196s] Level 1:colcon.colcon_core.package_identification:_identify(.) by extensions ['colcon_meta']
[0.196s] Level 1:colcon.colcon_core.package_identification:_identify(.) by extension 'colcon_meta'
[0.196s] Level 1:colcon.colcon_core.package_identification:_identify(.) by extensions ['ros']
[0.196s] Level 1:colcon.colcon_core.package_identification:_identify(.) by extension 'ros'
[0.205s] Level 1:colcon.colcon_core.package_identification:_identify(.) by extensions ['cmake', 'python']
[0.206s] Level 1:colcon.colcon_core.package_identification:_identify(.) by extension 'cmake'
[0.206s] Level 1:colcon.colcon_core.package_identification:_identify(.) by extension 'python'
[0.206s] Level 1:colcon.colcon_core.package_identification:_identify(.) by extensions ['python_setup_py']
[0.206s] Level 1:colcon.colcon_core.package_identification:_identify(.) by extension 'python_setup_py'
[0.206s] Level 1:colcon.colcon_core.package_identification:_identify(build) by extensions ['ignore', 'ignore_ament_install']
[0.206s] Level 1:colcon.colcon_core.package_identification:_identify(build) by extension 'ignore'
[0.206s] Level 1:colcon.colcon_core.package_identification:_identify(build) ignored
[0.206s] Level 1:colcon.colcon_core.package_identification:_identify(install) by extensions ['ignore', 'ignore_ament_install']
[0.206s] Level 1:colcon.colcon_core.package_identification:_identify(install) by extension 'ignore'
[0.206s] Level 1:colcon.colcon_core.package_identification:_identify(install) ignored
[0.206s] Level 1:colcon.colcon_core.package_identification:_identify(log) by extensions ['ignore', 'ignore_ament_install']
[0.206s] Level 1:colcon.colcon_core.package_identification:_identify(log) by extension 'ignore'
[0.206s] Level 1:colcon.colcon_core.package_identification:_identify(log) ignored
[0.206s] Level 1:colcon.colcon_core.package_identification:_identify(src) by extensions ['ignore', 'ignore_ament_install']
[0.206s] Level 1:colcon.colcon_core.package_identification:_identify(src) by extension 'ignore'
[0.206s] Level 1:colcon.colcon_core.package_identification:_identify(src) by extension 'ignore_ament_install'
[0.206s] Level 1:colcon.colcon_core.package_identification:_identify(src) by extensions ['colcon_pkg']
[0.206s] Level 1:colcon.colcon_core.package_identification:_identify(src) by extension 'colcon_pkg'
[0.206s] Level 1:colcon.colcon_core.package_identification:_identify(src) by extensions ['colcon_meta']
[0.206s] Level 1:colcon.colcon_core.package_identification:_identify(src) by extension 'colcon_meta'
[0.206s] Level 1:colcon.colcon_core.package_identification:_identify(src) by extensions ['ros']
[0.206s] Level 1:colcon.colcon_core.package_identification:_identify(src) by extension 'ros'
[0.206s] Level 1:colcon.colcon_core.package_identification:_identify(src) by extensions ['cmake', 'python']
[0.206s] Level 1:colcon.colcon_core.package_identification:_identify(src) by extension 'cmake'
[0.206s] Level 1:colcon.colcon_core.package_identification:_identify(src) by extension 'python'
[0.206s] Level 1:colcon.colcon_core.package_identification:_identify(src) by extensions ['python_setup_py']
[0.206s] Level 1:colcon.colcon_core.package_identification:_identify(src) by extension 'python_setup_py'
[0.207s] Level 1:colcon.colcon_core.package_identification:_identify(src/arduinobot_cpp_examples) by extensions ['ignore', 'ignore_ament_install']
[0.207s] Level 1:colcon.colcon_core.package_identification:_identify(src/arduinobot_cpp_examples) by extension 'ignore'
[0.207s] Level 1:colcon.colcon_core.package_identification:_identify(src/arduinobot_cpp_examples) by extension 'ignore_ament_install'
[0.207s] Level 1:colcon.colcon_core.package_identification:_identify(src/arduinobot_cpp_examples) by extensions ['colcon_pkg']
[0.207s] Level 1:colcon.colcon_core.package_identification:_identify(src/arduinobot_cpp_examples) by extension 'colcon_pkg'
[0.207s] Level 1:colcon.colcon_core.package_identification:_identify(src/arduinobot_cpp_examples) by extensions ['colcon_meta']
[0.207s] Level 1:colcon.colcon_core.package_identification:_identify(src/arduinobot_cpp_examples) by extension 'colcon_meta'
[0.207s] Level 1:colcon.colcon_core.package_identification:_identify(src/arduinobot_cpp_examples) by extensions ['ros']
[0.207s] Level 1:colcon.colcon_core.package_identification:_identify(src/arduinobot_cpp_examples) by extension 'ros'
[0.208s] DEBUG:colcon.colcon_core.package_identification:Package 'src/arduinobot_cpp_examples' with type 'ros.ament_cmake' and name 'arduinobot_cpp_examples'
[0.208s] Level 1:colcon.colcon_core.package_identification:_identify(src/arduinobot_description) by extensions ['ignore', 'ignore_ament_install']
[0.208s] Level 1:colcon.colcon_core.package_identification:_identify(src/arduinobot_description) by extension 'ignore'
[0.209s] Level 1:colcon.colcon_core.package_identification:_identify(src/arduinobot_description) by extension 'ignore_ament_install'
[0.209s] Level 1:colcon.colcon_core.package_identification:_identify(src/arduinobot_description) by extensions ['colcon_pkg']
[0.209s] Level 1:colcon.colcon_core.package_identification:_identify(src/arduinobot_description) by extension 'colcon_pkg'
[0.209s] Level 1:colcon.colcon_core.package_identification:_identify(src/arduinobot_description) by extensions ['colcon_meta']
[0.209s] Level 1:colcon.colcon_core.package_identification:_identify(src/arduinobot_description) by extension 'colcon_meta'
[0.209s] Level 1:colcon.colcon_core.package_identification:_identify(src/arduinobot_description) by extensions ['ros']
[0.209s] Level 1:colcon.colcon_core.package_identification:_identify(src/arduinobot_description) by extension 'ros'
[0.209s] DEBUG:colcon.colcon_core.package_identification:Package 'src/arduinobot_description' with type 'ros.ament_cmake' and name 'arduinobot_description'
[0.210s] Level 1:colcon.colcon_core.package_identification:_identify(src/arduinobot_msgs) by extensions ['ignore', 'ignore_ament_install']
[0.210s] Level 1:colcon.colcon_core.package_identification:_identify(src/arduinobot_msgs) by extension 'ignore'
[0.210s] Level 1:colcon.colcon_core.package_identification:_identify(src/arduinobot_msgs) by extension 'ignore_ament_install'
[0.210s] Level 1:colcon.colcon_core.package_identification:_identify(src/arduinobot_msgs) by extensions ['colcon_pkg']
[0.210s] Level 1:colcon.colcon_core.package_identification:_identify(src/arduinobot_msgs) by extension 'colcon_pkg'
[0.210s] Level 1:colcon.colcon_core.package_identification:_identify(src/arduinobot_msgs) by extensions ['colcon_meta']
[0.210s] Level 1:colcon.colcon_core.package_identification:_identify(src/arduinobot_msgs) by extension 'colcon_meta'
[0.210s] Level 1:colcon.colcon_core.package_identification:_identify(src/arduinobot_msgs) by extensions ['ros']
[0.210s] Level 1:colcon.colcon_core.package_identification:_identify(src/arduinobot_msgs) by extension 'ros'
[0.210s] DEBUG:colcon.colcon_core.package_identification:Package 'src/arduinobot_msgs' with type 'ros.ament_cmake' and name 'arduinobot_msgs'
[0.210s] Level 1:colcon.colcon_core.package_identification:_identify(src/arduinobot_py_examples) by extensions ['ignore', 'ignore_ament_install']
[0.210s] Level 1:colcon.colcon_core.package_identification:_identify(src/arduinobot_py_examples) by extension 'ignore'
[0.210s] Level 1:colcon.colcon_core.package_identification:_identify(src/arduinobot_py_examples) by extension 'ignore_ament_install'
[0.210s] Level 1:colcon.colcon_core.package_identification:_identify(src/arduinobot_py_examples) by extensions ['colcon_pkg']
[0.210s] Level 1:colcon.colcon_core.package_identification:_identify(src/arduinobot_py_examples) by extension 'colcon_pkg'
[0.210s] Level 1:colcon.colcon_core.package_identification:_identify(src/arduinobot_py_examples) by extensions ['colcon_meta']
[0.210s] Level 1:colcon.colcon_core.package_identification:_identify(src/arduinobot_py_examples) by extension 'colcon_meta'
[0.210s] Level 1:colcon.colcon_core.package_identification:_identify(src/arduinobot_py_examples) by extensions ['ros']
[0.210s] Level 1:colcon.colcon_core.package_identification:_identify(src/arduinobot_py_examples) by extension 'ros'
[0.211s] DEBUG:colcon.colcon_core.package_identification:Package 'src/arduinobot_py_examples' with type 'ros.ament_python' and name 'arduinobot_py_examples'
[0.211s] Level 1:colcon.colcon_core.package_identification:_identify(src/arduinobot_utils) by extensions ['ignore', 'ignore_ament_install']
[0.211s] Level 1:colcon.colcon_core.package_identification:_identify(src/arduinobot_utils) by extension 'ignore'
[0.211s] Level 1:colcon.colcon_core.package_identification:_identify(src/arduinobot_utils) by extension 'ignore_ament_install'
[0.211s] Level 1:colcon.colcon_core.package_identification:_identify(src/arduinobot_utils) by extensions ['colcon_pkg']
[0.211s] Level 1:colcon.colcon_core.package_identification:_identify(src/arduinobot_utils) by extension 'colcon_pkg'
[0.211s] Level 1:colcon.colcon_core.package_identification:_identify(src/arduinobot_utils) by extensions ['colcon_meta']
[0.211s] Level 1:colcon.colcon_core.package_identification:_identify(src/arduinobot_utils) by extension 'colcon_meta'
[0.211s] Level 1:colcon.colcon_core.package_identification:_identify(src/arduinobot_utils) by extensions ['ros']
[0.211s] Level 1:colcon.colcon_core.package_identification:_identify(src/arduinobot_utils) by extension 'ros'
[0.211s] DEBUG:colcon.colcon_core.package_identification:Package 'src/arduinobot_utils' with type 'ros.ament_cmake' and name 'arduinobot_utils'
[0.211s] Level 1:colcon.colcon_core.package_identification:_identify(src/build) by extensions ['ignore', 'ignore_ament_install']
[0.211s] Level 1:colcon.colcon_core.package_identification:_identify(src/build) by extension 'ignore'
[0.211s] Level 1:colcon.colcon_core.package_identification:_identify(src/build) ignored
[0.212s] Level 1:colcon.colcon_core.package_identification:_identify(src/install) by extensions ['ignore', 'ignore_ament_install']
[0.212s] Level 1:colcon.colcon_core.package_identification:_identify(src/install) by extension 'ignore'
[0.212s] Level 1:colcon.colcon_core.package_identification:_identify(src/install) ignored
[0.212s] Level 1:colcon.colcon_core.package_identification:_identify(src/log) by extensions ['ignore', 'ignore_ament_install']
[0.212s] Level 1:colcon.colcon_core.package_identification:_identify(src/log) by extension 'ignore'
[0.212s] Level 1:colcon.colcon_core.package_identification:_identify(src/log) ignored
[0.212s] Level 1:colcon.colcon_core.package_discovery:discover_packages(recursive) using defaults
[0.212s] Level 1:colcon.colcon_core.package_discovery:discover_packages(ignore) discover
[0.212s] Level 1:colcon.colcon_core.package_discovery:discover_packages(ignore) using defaults
[0.212s] Level 1:colcon.colcon_core.package_discovery:discover_packages(path) discover
[0.212s] Level 1:colcon.colcon_core.package_discovery:discover_packages(path) using defaults
[0.234s] Level 1:colcon.colcon_core.package_discovery:discover_packages(prefix_path) check parameters
[0.234s] Level 1:colcon.colcon_core.package_discovery:discover_packages(prefix_path) discover
[0.236s] DEBUG:colcon.colcon_installed_package_information.package_discovery:Found 6 installed packages in /home/parallels/arduinobot_ws/install
[0.236s] DEBUG:colcon.colcon_installed_package_information.package_discovery:Found 6 installed packages in /home/parallels/ros2_ws/install
[0.236s] DEBUG:colcon.colcon_installed_package_information.package_discovery:Found 2 installed packages in /home/parallels/test_ws/install
[0.238s] DEBUG:colcon.colcon_installed_package_information.package_discovery:Found 367 installed packages in /opt/ros/humble
[0.239s] Level 1:colcon.colcon_core.package_discovery:discover_packages(prefix_path) using defaults
[0.272s] Level 5:colcon.colcon_core.verb:set package 'arduinobot_description' build argument 'cmake_args' from command line to 'None'
[0.272s] Level 5:colcon.colcon_core.verb:set package 'arduinobot_description' build argument 'cmake_target' from command line to 'None'
[0.272s] Level 5:colcon.colcon_core.verb:set package 'arduinobot_description' build argument 'cmake_target_skip_unavailable' from command line to 'False'
[0.272s] Level 5:colcon.colcon_core.verb:set package 'arduinobot_description' build argument 'cmake_clean_cache' from command line to 'False'
[0.272s] Level 5:colcon.colcon_core.verb:set package 'arduinobot_description' build argument 'cmake_clean_first' from command line to 'False'
[0.272s] Level 5:colcon.colcon_core.verb:set package 'arduinobot_description' build argument 'cmake_force_configure' from command line to 'False'
[0.272s] Level 5:colcon.colcon_core.verb:set package 'arduinobot_description' build argument 'ament_cmake_args' from command line to 'None'
[0.272s] Level 5:colcon.colcon_core.verb:set package 'arduinobot_description' build argument 'catkin_cmake_args' from command line to 'None'
[0.272s] Level 5:colcon.colcon_core.verb:set package 'arduinobot_description' build argument 'catkin_skip_building_tests' from command line to 'False'
[0.272s] DEBUG:colcon.colcon_core.verb:Building package 'arduinobot_description' with the following arguments: {'ament_cmake_args': None, 'build_base': '/home/parallels/arduinobot_ws/build/arduinobot_description', 'catkin_cmake_args': None, 'catkin_skip_building_tests': False, 'cmake_args': None, 'cmake_clean_cache': False, 'cmake_clean_first': False, 'cmake_force_configure': False, 'cmake_target': None, 'cmake_target_skip_unavailable': False, 'install_base': '/home/parallels/arduinobot_ws/install/arduinobot_description', 'merge_install': False, 'path': '/home/parallels/arduinobot_ws/src/arduinobot_description', 'symlink_install': False, 'test_result_base': None}
[0.273s] Level 5:colcon.colcon_core.verb:set package 'arduinobot_msgs' build argument 'cmake_args' from command line to 'None'
[0.273s] Level 5:colcon.colcon_core.verb:set package 'arduinobot_msgs' build argument 'cmake_target' from command line to 'None'
[0.273s] Level 5:colcon.colcon_core.verb:set package 'arduinobot_msgs' build argument 'cmake_target_skip_unavailable' from command line to 'False'
[0.273s] Level 5:colcon.colcon_core.verb:set package 'arduinobot_msgs' build argument 'cmake_clean_cache' from command line to 'False'
[0.273s] Level 5:colcon.colcon_core.verb:set package 'arduinobot_msgs' build argument 'cmake_clean_first' from command line to 'False'
[0.273s] Level 5:colcon.colcon_core.verb:set package 'arduinobot_msgs' build argument 'cmake_force_configure' from command line to 'False'
[0.273s] Level 5:colcon.colcon_core.verb:set package 'arduinobot_msgs' build argument 'ament_cmake_args' from command line to 'None'
[0.273s] Level 5:colcon.colcon_core.verb:set package 'arduinobot_msgs' build argument 'catkin_cmake_args' from command line to 'None'
[0.273s] Level 5:colcon.colcon_core.verb:set package 'arduinobot_msgs' build argument 'catkin_skip_building_tests' from command line to 'False'
[0.273s] DEBUG:colcon.colcon_core.verb:Building package 'arduinobot_msgs' with the following arguments: {'ament_cmake_args': None, 'build_base': '/home/parallels/arduinobot_ws/build/arduinobot_msgs', 'catkin_cmake_args': None, 'catkin_skip_building_tests': False, 'cmake_args': None, 'cmake_clean_cache': False, 'cmake_clean_first': False, 'cmake_force_configure': False, 'cmake_target': None, 'cmake_target_skip_unavailable': False, 'install_base': '/home/parallels/arduinobot_ws/install/arduinobot_msgs', 'merge_install': False, 'path': '/home/parallels/arduinobot_ws/src/arduinobot_msgs', 'symlink_install': False, 'test_result_base': None}
[0.273s] Level 5:colcon.colcon_core.verb:set package 'arduinobot_cpp_examples' build argument 'cmake_args' from command line to 'None'
[0.273s] Level 5:colcon.colcon_core.verb:set package 'arduinobot_cpp_examples' build argument 'cmake_target' from command line to 'None'
[0.273s] Level 5:colcon.colcon_core.verb:set package 'arduinobot_cpp_examples' build argument 'cmake_target_skip_unavailable' from command line to 'False'
[0.273s] Level 5:colcon.colcon_core.verb:set package 'arduinobot_cpp_examples' build argument 'cmake_clean_cache' from command line to 'False'
[0.273s] Level 5:colcon.colcon_core.verb:set package 'arduinobot_cpp_examples' build argument 'cmake_clean_first' from command line to 'False'
[0.273s] Level 5:colcon.colcon_core.verb:set package 'arduinobot_cpp_examples' build argument 'cmake_force_configure' from command line to 'False'
[0.273s] Level 5:colcon.colcon_core.verb:set package 'arduinobot_cpp_examples' build argument 'ament_cmake_args' from command line to 'None'
[0.273s] Level 5:colcon.colcon_core.verb:set package 'arduinobot_cpp_examples' build argument 'catkin_cmake_args' from command line to 'None'
[0.273s] Level 5:colcon.colcon_core.verb:set package 'arduinobot_cpp_examples' build argument 'catkin_skip_building_tests' from command line to 'False'
[0.273s] DEBUG:colcon.colcon_core.verb:Building package 'arduinobot_cpp_examples' with the following arguments: {'ament_cmake_args': None, 'build_base': '/home/parallels/arduinobot_ws/build/arduinobot_cpp_examples', 'catkin_cmake_args': None, 'catkin_skip_building_tests': False, 'cmake_args': None, 'cmake_clean_cache': False, 'cmake_clean_first': False, 'cmake_force_configure': False, 'cmake_target': None, 'cmake_target_skip_unavailable': False, 'install_base': '/home/parallels/arduinobot_ws/install/arduinobot_cpp_examples', 'merge_install': False, 'path': '/home/parallels/arduinobot_ws/src/arduinobot_cpp_examples', 'symlink_install': False, 'test_result_base': None}
[0.273s] Level 5:colcon.colcon_core.verb:set package 'arduinobot_py_examples' build argument 'cmake_args' from command line to 'None'
[0.273s] Level 5:colcon.colcon_core.verb:set package 'arduinobot_py_examples' build argument 'cmake_target' from command line to 'None'
[0.273s] Level 5:colcon.colcon_core.verb:set package 'arduinobot_py_examples' build argument 'cmake_target_skip_unavailable' from command line to 'False'
[0.273s] Level 5:colcon.colcon_core.verb:set package 'arduinobot_py_examples' build argument 'cmake_clean_cache' from command line to 'False'
[0.273s] Level 5:colcon.colcon_core.verb:set package 'arduinobot_py_examples' build argument 'cmake_clean_first' from command line to 'False'
[0.273s] Level 5:colcon.colcon_core.verb:set package 'arduinobot_py_examples' build argument 'cmake_force_configure' from command line to 'False'
[0.273s] Level 5:colcon.colcon_core.verb:set package 'arduinobot_py_examples' build argument 'ament_cmake_args' from command line to 'None'
[0.273s] Level 5:colcon.colcon_core.verb:set package 'arduinobot_py_examples' build argument 'catkin_cmake_args' from command line to 'None'
[0.273s] Level 5:colcon.colcon_core.verb:set package 'arduinobot_py_examples' build argument 'catkin_skip_building_tests' from command line to 'False'
[0.273s] DEBUG:colcon.colcon_core.verb:Building package 'arduinobot_py_examples' with the following arguments: {'ament_cmake_args': None, 'build_base': '/home/parallels/arduinobot_ws/build/arduinobot_py_examples', 'catkin_cmake_args': None, 'catkin_skip_building_tests': False, 'cmake_args': None, 'cmake_clean_cache': False, 'cmake_clean_first': False, 'cmake_force_configure': False, 'cmake_target': None, 'cmake_target_skip_unavailable': False, 'install_base': '/home/parallels/arduinobot_ws/install/arduinobot_py_examples', 'merge_install': False, 'path': '/home/parallels/arduinobot_ws/src/arduinobot_py_examples', 'symlink_install': False, 'test_result_base': None}
[0.274s] Level 5:colcon.colcon_core.verb:set package 'arduinobot_utils' build argument 'cmake_args' from command line to 'None'
[0.274s] Level 5:colcon.colcon_core.verb:set package 'arduinobot_utils' build argument 'cmake_target' from command line to 'None'
[0.274s] Level 5:colcon.colcon_core.verb:set package 'arduinobot_utils' build argument 'cmake_target_skip_unavailable' from command line to 'False'
[0.274s] Level 5:colcon.colcon_core.verb:set package 'arduinobot_utils' build argument 'cmake_clean_cache' from command line to 'False'
[0.274s] Level 5:colcon.colcon_core.verb:set package 'arduinobot_utils' build argument 'cmake_clean_first' from command line to 'False'
[0.274s] Level 5:colcon.colcon_core.verb:set package 'arduinobot_utils' build argument 'cmake_force_configure' from command line to 'False'
[0.274s] Level 5:colcon.colcon_core.verb:set package 'arduinobot_utils' build argument 'ament_cmake_args' from command line to 'None'
[0.274s] Level 5:colcon.colcon_core.verb:set package 'arduinobot_utils' build argument 'catkin_cmake_args' from command line to 'None'
[0.274s] Level 5:colcon.colcon_core.verb:set package 'arduinobot_utils' build argument 'catkin_skip_building_tests' from command line to 'False'
[0.274s] DEBUG:colcon.colcon_core.verb:Building package 'arduinobot_utils' with the following arguments: {'ament_cmake_args': None, 'build_base': '/home/parallels/arduinobot_ws/build/arduinobot_utils', 'catkin_cmake_args': None, 'catkin_skip_building_tests': False, 'cmake_args': None, 'cmake_clean_cache': False, 'cmake_clean_first': False, 'cmake_force_configure': False, 'cmake_target': None, 'cmake_target_skip_unavailable': False, 'install_base': '/home/parallels/arduinobot_ws/install/arduinobot_utils', 'merge_install': False, 'path': '/home/parallels/arduinobot_ws/src/arduinobot_utils', 'symlink_install': False, 'test_result_base': None}
[0.274s] INFO:colcon.colcon_core.executor:Executing jobs using 'parallel' executor
[0.274s] DEBUG:colcon.colcon_parallel_executor.executor.parallel:run_until_complete
[0.275s] INFO:colcon.colcon_ros.task.ament_cmake.build:Building ROS package in '/home/parallels/arduinobot_ws/src/arduinobot_msgs' with build type 'ament_cmake'
[0.275s] INFO:colcon.colcon_cmake.task.cmake.build:Building CMake package in '/home/parallels/arduinobot_ws/src/arduinobot_msgs'
[0.277s] INFO:colcon.colcon_core.plugin_system:Skipping extension 'colcon_core.shell.bat': Not used on non-Windows systems
[0.278s] INFO:colcon.colcon_core.shell:Skip shell extension 'powershell' for command environment: Not usable outside of PowerShell
[0.278s] DEBUG:colcon.colcon_core.shell:Skip shell extension 'dsv' for command environment
[0.282s] INFO:colcon.colcon_ros.task.ament_cmake.build:Building ROS package in '/home/parallels/arduinobot_ws/src/arduinobot_description' with build type 'ament_cmake'
[0.282s] INFO:colcon.colcon_cmake.task.cmake.build:Building CMake package in '/home/parallels/arduinobot_ws/src/arduinobot_description'
[0.282s] INFO:colcon.colcon_core.shell:Skip shell extension 'powershell' for command environment: Not usable outside of PowerShell
[0.282s] DEBUG:colcon.colcon_core.shell:Skip shell extension 'dsv' for command environment
[0.289s] DEBUG:colcon.colcon_core.event_handler.log_command:Invoking command in '/home/parallels/arduinobot_ws/build/arduinobot_msgs': CMAKE_PREFIX_PATH=${CMAKE_PREFIX_PATH}:/home/parallels/arduinobot_ws/install/arduinobot_py_examples:/home/parallels/ros2_ws/install/opencv_tests:/home/parallels/ros2_ws/install/my_robot_controller:/opt/ros/humble /usr/bin/cmake --build /home/parallels/arduinobot_ws/build/arduinobot_msgs -- -j2 -l2
[0.293s] DEBUG:colcon.colcon_core.event_handler.log_command:Invoking command in '/home/parallels/arduinobot_ws/build/arduinobot_description': CMAKE_PREFIX_PATH=${CMAKE_PREFIX_PATH}:/home/parallels/arduinobot_ws/install/arduinobot_py_examples:/home/parallels/ros2_ws/install/opencv_tests:/home/parallels/ros2_ws/install/my_robot_controller:/opt/ros/humble /usr/bin/cmake --build /home/parallels/arduinobot_ws/build/arduinobot_description -- -j2 -l2
[0.322s] DEBUG:colcon.colcon_core.event_handler.log_command:Invoked command in '/home/parallels/arduinobot_ws/build/arduinobot_description' returned '0': CMAKE_PREFIX_PATH=${CMAKE_PREFIX_PATH}:/home/parallels/arduinobot_ws/install/arduinobot_py_examples:/home/parallels/ros2_ws/install/opencv_tests:/home/parallels/ros2_ws/install/my_robot_controller:/opt/ros/humble /usr/bin/cmake --build /home/parallels/arduinobot_ws/build/arduinobot_description -- -j2 -l2
[0.367s] DEBUG:colcon.colcon_core.event_handler.log_command:Invoking command in '/home/parallels/arduinobot_ws/build/arduinobot_description': CMAKE_PREFIX_PATH=${CMAKE_PREFIX_PATH}:/home/parallels/arduinobot_ws/install/arduinobot_py_examples:/home/parallels/ros2_ws/install/opencv_tests:/home/parallels/ros2_ws/install/my_robot_controller:/opt/ros/humble /usr/bin/cmake --install /home/parallels/arduinobot_ws/build/arduinobot_description
[0.407s] Level 1:colcon.colcon_core.environment:create_environment_scripts_only(arduinobot_description)
[0.407s] DEBUG:colcon.colcon_core.event_handler.log_command:Invoked command in '/home/parallels/arduinobot_ws/build/arduinobot_description' returned '0': CMAKE_PREFIX_PATH=${CMAKE_PREFIX_PATH}:/home/parallels/arduinobot_ws/install/arduinobot_py_examples:/home/parallels/ros2_ws/install/opencv_tests:/home/parallels/ros2_ws/install/my_robot_controller:/opt/ros/humble /usr/bin/cmake --install /home/parallels/arduinobot_ws/build/arduinobot_description
[0.411s] Level 1:colcon.colcon_core.environment:checking '/home/parallels/arduinobot_ws/install/arduinobot_description' for CMake module files
[0.411s] Level 1:colcon.colcon_core.environment:checking '/home/parallels/arduinobot_ws/install/arduinobot_description' for CMake config files
[0.412s] Level 1:colcon.colcon_core.shell:create_environment_hook('arduinobot_description', 'cmake_prefix_path')
[0.412s] INFO:colcon.colcon_core.shell:Creating environment hook '/home/parallels/arduinobot_ws/install/arduinobot_description/share/arduinobot_description/hook/cmake_prefix_path.ps1'
[0.412s] INFO:colcon.colcon_core.shell:Creating environment descriptor '/home/parallels/arduinobot_ws/install/arduinobot_description/share/arduinobot_description/hook/cmake_prefix_path.dsv'
[0.413s] INFO:colcon.colcon_core.shell:Creating environment hook '/home/parallels/arduinobot_ws/install/arduinobot_description/share/arduinobot_description/hook/cmake_prefix_path.sh'
[0.413s] Level 1:colcon.colcon_core.environment:checking '/home/parallels/arduinobot_ws/install/arduinobot_description/bin'
[0.413s] Level 1:colcon.colcon_core.environment:checking '/home/parallels/arduinobot_ws/install/arduinobot_description/lib/pkgconfig/arduinobot_description.pc'
[0.414s] Level 1:colcon.colcon_core.environment:checking '/home/parallels/arduinobot_ws/install/arduinobot_description/lib/python3.10/site-packages'
[0.414s] Level 1:colcon.colcon_core.environment:checking '/home/parallels/arduinobot_ws/install/arduinobot_description/bin'
[0.414s] INFO:colcon.colcon_core.shell:Creating package script '/home/parallels/arduinobot_ws/install/arduinobot_description/share/arduinobot_description/package.ps1'
[0.414s] INFO:colcon.colcon_core.shell:Creating package descriptor '/home/parallels/arduinobot_ws/install/arduinobot_description/share/arduinobot_description/package.dsv'
[0.415s] INFO:colcon.colcon_core.shell:Creating package script '/home/parallels/arduinobot_ws/install/arduinobot_description/share/arduinobot_description/package.sh'
[0.415s] INFO:colcon.colcon_core.shell:Creating package script '/home/parallels/arduinobot_ws/install/arduinobot_description/share/arduinobot_description/package.bash'
[0.416s] INFO:colcon.colcon_core.shell:Creating package script '/home/parallels/arduinobot_ws/install/arduinobot_description/share/arduinobot_description/package.zsh'
[0.416s] Level 1:colcon.colcon_core.environment:create_file_with_runtime_dependencies(/home/parallels/arduinobot_ws/install/arduinobot_description/share/colcon-core/packages/arduinobot_description)
[0.438s] Level 1:colcon.colcon_core.environment:create_environment_scripts_only(arduinobot_description)
[0.438s] Level 1:colcon.colcon_core.environment:checking '/home/parallels/arduinobot_ws/install/arduinobot_description' for CMake module files
[0.439s] Level 1:colcon.colcon_core.environment:checking '/home/parallels/arduinobot_ws/install/arduinobot_description' for CMake config files
[0.439s] Level 1:colcon.colcon_core.shell:create_environment_hook('arduinobot_description', 'cmake_prefix_path')
[0.439s] INFO:colcon.colcon_core.shell:Creating environment hook '/home/parallels/arduinobot_ws/install/arduinobot_description/share/arduinobot_description/hook/cmake_prefix_path.ps1'
[0.440s] INFO:colcon.colcon_core.shell:Creating environment descriptor '/home/parallels/arduinobot_ws/install/arduinobot_description/share/arduinobot_description/hook/cmake_prefix_path.dsv'
[0.440s] INFO:colcon.colcon_core.shell:Creating environment hook '/home/parallels/arduinobot_ws/install/arduinobot_description/share/arduinobot_description/hook/cmake_prefix_path.sh'
[0.441s] Level 1:colcon.colcon_core.environment:checking '/home/parallels/arduinobot_ws/install/arduinobot_description/bin'
[0.441s] Level 1:colcon.colcon_core.environment:checking '/home/parallels/arduinobot_ws/install/arduinobot_description/lib/pkgconfig/arduinobot_description.pc'
[0.441s] Level 1:colcon.colcon_core.environment:checking '/home/parallels/arduinobot_ws/install/arduinobot_description/lib/python3.10/site-packages'
[0.441s] Level 1:colcon.colcon_core.environment:checking '/home/parallels/arduinobot_ws/install/arduinobot_description/bin'
[0.441s] INFO:colcon.colcon_core.shell:Creating package script '/home/parallels/arduinobot_ws/install/arduinobot_description/share/arduinobot_description/package.ps1'
[0.443s] INFO:colcon.colcon_core.shell:Creating package descriptor '/home/parallels/arduinobot_ws/install/arduinobot_description/share/arduinobot_description/package.dsv'
[0.443s] INFO:colcon.colcon_core.shell:Creating package script '/home/parallels/arduinobot_ws/install/arduinobot_description/share/arduinobot_description/package.sh'
[0.444s] INFO:colcon.colcon_core.shell:Creating package script '/home/parallels/arduinobot_ws/install/arduinobot_description/share/arduinobot_description/package.bash'
[0.444s] INFO:colcon.colcon_core.shell:Creating package script '/home/parallels/arduinobot_ws/install/arduinobot_description/share/arduinobot_description/package.zsh'
[0.444s] Level 1:colcon.colcon_core.environment:create_file_with_runtime_dependencies(/home/parallels/arduinobot_ws/install/arduinobot_description/share/colcon-core/packages/arduinobot_description)
[0.649s] DEBUG:colcon.colcon_core.event_handler.log_command:Invoked command in '/home/parallels/arduinobot_ws/build/arduinobot_msgs' returned '0': CMAKE_PREFIX_PATH=${CMAKE_PREFIX_PATH}:/home/parallels/arduinobot_ws/install/arduinobot_py_examples:/home/parallels/ros2_ws/install/opencv_tests:/home/parallels/ros2_ws/install/my_robot_controller:/opt/ros/humble /usr/bin/cmake --build /home/parallels/arduinobot_ws/build/arduinobot_msgs -- -j2 -l2
[0.735s] DEBUG:colcon.colcon_core.event_handler.log_command:Invoking command in '/home/parallels/arduinobot_ws/build/arduinobot_msgs': CMAKE_PREFIX_PATH=${CMAKE_PREFIX_PATH}:/home/parallels/arduinobot_ws/install/arduinobot_py_examples:/home/parallels/ros2_ws/install/opencv_tests:/home/parallels/ros2_ws/install/my_robot_controller:/opt/ros/humble /usr/bin/cmake --install /home/parallels/arduinobot_ws/build/arduinobot_msgs
[0.798s] Level 1:colcon.colcon_core.environment:create_environment_scripts_only(arduinobot_msgs)
[0.798s] Level 1:colcon.colcon_core.environment:checking '/home/parallels/arduinobot_ws/install/arduinobot_msgs' for CMake module files
[0.798s] Level 1:colcon.colcon_core.environment:checking '/home/parallels/arduinobot_ws/install/arduinobot_msgs' for CMake config files
[0.799s] Level 1:colcon.colcon_core.shell:create_environment_hook('arduinobot_msgs', 'cmake_prefix_path')
[0.799s] INFO:colcon.colcon_core.shell:Creating environment hook '/home/parallels/arduinobot_ws/install/arduinobot_msgs/share/arduinobot_msgs/hook/cmake_prefix_path.ps1'
[0.799s] INFO:colcon.colcon_core.shell:Creating environment descriptor '/home/parallels/arduinobot_ws/install/arduinobot_msgs/share/arduinobot_msgs/hook/cmake_prefix_path.dsv'
[0.800s] INFO:colcon.colcon_core.shell:Creating environment hook '/home/parallels/arduinobot_ws/install/arduinobot_msgs/share/arduinobot_msgs/hook/cmake_prefix_path.sh'
[0.801s] Level 1:colcon.colcon_core.environment:checking '/home/parallels/arduinobot_ws/install/arduinobot_msgs/lib'
[0.801s] Level 1:colcon.colcon_core.shell:create_environment_hook('arduinobot_msgs', 'ld_library_path_lib')
[0.801s] INFO:colcon.colcon_core.shell:Creating environment hook '/home/parallels/arduinobot_ws/install/arduinobot_msgs/share/arduinobot_msgs/hook/ld_library_path_lib.ps1'
[0.801s] INFO:colcon.colcon_core.shell:Creating environment descriptor '/home/parallels/arduinobot_ws/install/arduinobot_msgs/share/arduinobot_msgs/hook/ld_library_path_lib.dsv'
[0.801s] INFO:colcon.colcon_core.shell:Creating environment hook '/home/parallels/arduinobot_ws/install/arduinobot_msgs/share/arduinobot_msgs/hook/ld_library_path_lib.sh'
[0.802s] Level 1:colcon.colcon_core.environment:checking '/home/parallels/arduinobot_ws/install/arduinobot_msgs/bin'
[0.802s] Level 1:colcon.colcon_core.environment:checking '/home/parallels/arduinobot_ws/install/arduinobot_msgs/lib/pkgconfig/arduinobot_msgs.pc'
[0.802s] Level 1:colcon.colcon_core.environment:checking '/home/parallels/arduinobot_ws/install/arduinobot_msgs/lib/python3.10/site-packages'
[0.802s] Level 1:colcon.colcon_core.environment:checking '/home/parallels/arduinobot_ws/install/arduinobot_msgs/bin'
[0.802s] INFO:colcon.colcon_core.shell:Creating package script '/home/parallels/arduinobot_ws/install/arduinobot_msgs/share/arduinobot_msgs/package.ps1'
[0.802s] INFO:colcon.colcon_core.shell:Creating package descriptor '/home/parallels/arduinobot_ws/install/arduinobot_msgs/share/arduinobot_msgs/package.dsv'
[0.807s] INFO:colcon.colcon_core.shell:Creating package script '/home/parallels/arduinobot_ws/install/arduinobot_msgs/share/arduinobot_msgs/package.sh'
[0.813s] INFO:colcon.colcon_core.shell:Creating package script '/home/parallels/arduinobot_ws/install/arduinobot_msgs/share/arduinobot_msgs/package.bash'
[0.807s] DEBUG:colcon.colcon_core.event_handler.log_command:Invoked command in '/home/parallels/arduinobot_ws/build/arduinobot_msgs' returned '0': CMAKE_PREFIX_PATH=${CMAKE_PREFIX_PATH}:/home/parallels/arduinobot_ws/install/arduinobot_py_examples:/home/parallels/ros2_ws/install/opencv_tests:/home/parallels/ros2_ws/install/my_robot_controller:/opt/ros/humble /usr/bin/cmake --install /home/parallels/arduinobot_ws/build/arduinobot_msgs
[0.813s] INFO:colcon.colcon_core.shell:Creating package script '/home/parallels/arduinobot_ws/install/arduinobot_msgs/share/arduinobot_msgs/package.zsh'
[0.813s] Level 1:colcon.colcon_core.environment:create_file_with_runtime_dependencies(/home/parallels/arduinobot_ws/install/arduinobot_msgs/share/colcon-core/packages/arduinobot_msgs)
[0.892s] Level 1:colcon.colcon_core.environment:create_environment_scripts_only(arduinobot_msgs)
[0.892s] Level 1:colcon.colcon_core.environment:checking '/home/parallels/arduinobot_ws/install/arduinobot_msgs' for CMake module files
[0.893s] Level 1:colcon.colcon_core.environment:checking '/home/parallels/arduinobot_ws/install/arduinobot_msgs' for CMake config files
[0.893s] Level 1:colcon.colcon_core.shell:create_environment_hook('arduinobot_msgs', 'cmake_prefix_path')
[0.893s] INFO:colcon.colcon_core.shell:Creating environment hook '/home/parallels/arduinobot_ws/install/arduinobot_msgs/share/arduinobot_msgs/hook/cmake_prefix_path.ps1'
[0.894s] INFO:colcon.colcon_core.shell:Creating environment descriptor '/home/parallels/arduinobot_ws/install/arduinobot_msgs/share/arduinobot_msgs/hook/cmake_prefix_path.dsv'
[0.894s] INFO:colcon.colcon_core.shell:Creating environment hook '/home/parallels/arduinobot_ws/install/arduinobot_msgs/share/arduinobot_msgs/hook/cmake_prefix_path.sh'
[0.895s] Level 1:colcon.colcon_core.environment:checking '/home/parallels/arduinobot_ws/install/arduinobot_msgs/lib'
[0.895s] Level 1:colcon.colcon_core.shell:create_environment_hook('arduinobot_msgs', 'ld_library_path_lib')
[0.895s] INFO:colcon.colcon_core.shell:Creating environment hook '/home/parallels/arduinobot_ws/install/arduinobot_msgs/share/arduinobot_msgs/hook/ld_library_path_lib.ps1'
[0.895s] INFO:colcon.colcon_core.shell:Creating environment descriptor '/home/parallels/arduinobot_ws/install/arduinobot_msgs/share/arduinobot_msgs/hook/ld_library_path_lib.dsv'
[0.896s] INFO:colcon.colcon_core.shell:Creating environment hook '/home/parallels/arduinobot_ws/install/arduinobot_msgs/share/arduinobot_msgs/hook/ld_library_path_lib.sh'
[0.896s] Level 1:colcon.colcon_core.environment:checking '/home/parallels/arduinobot_ws/install/arduinobot_msgs/bin'
[0.896s] Level 1:colcon.colcon_core.environment:checking '/home/parallels/arduinobot_ws/install/arduinobot_msgs/lib/pkgconfig/arduinobot_msgs.pc'
[0.896s] Level 1:colcon.colcon_core.environment:checking '/home/parallels/arduinobot_ws/install/arduinobot_msgs/lib/python3.10/site-packages'
[0.896s] Level 1:colcon.colcon_core.environment:checking '/home/parallels/arduinobot_ws/install/arduinobot_msgs/bin'
[0.897s] INFO:colcon.colcon_core.shell:Creating package script '/home/parallels/arduinobot_ws/install/arduinobot_msgs/share/arduinobot_msgs/package.ps1'
[0.897s] INFO:colcon.colcon_core.shell:Creating package descriptor '/home/parallels/arduinobot_ws/install/arduinobot_msgs/share/arduinobot_msgs/package.dsv'
[0.898s] INFO:colcon.colcon_core.shell:Creating package script '/home/parallels/arduinobot_ws/install/arduinobot_msgs/share/arduinobot_msgs/package.sh'
[0.898s] INFO:colcon.colcon_core.shell:Creating package script '/home/parallels/arduinobot_ws/install/arduinobot_msgs/share/arduinobot_msgs/package.bash'
[0.898s] INFO:colcon.colcon_core.shell:Creating package script '/home/parallels/arduinobot_ws/install/arduinobot_msgs/share/arduinobot_msgs/package.zsh'
[0.899s] Level 1:colcon.colcon_core.environment:create_file_with_runtime_dependencies(/home/parallels/arduinobot_ws/install/arduinobot_msgs/share/colcon-core/packages/arduinobot_msgs)
[0.899s] INFO:colcon.colcon_ros.task.ament_cmake.build:Building ROS package in '/home/parallels/arduinobot_ws/src/arduinobot_cpp_examples' with build type 'ament_cmake'
[0.900s] INFO:colcon.colcon_cmake.task.cmake.build:Building CMake package in '/home/parallels/arduinobot_ws/src/arduinobot_cpp_examples'
[0.900s] INFO:colcon.colcon_core.shell:Skip shell extension 'powershell' for command environment: Not usable outside of PowerShell
[0.900s] DEBUG:colcon.colcon_core.shell:Skip shell extension 'dsv' for command environment
[0.907s] INFO:colcon.colcon_ros.task.ament_python.build:Building ROS package in '/home/parallels/arduinobot_ws/src/arduinobot_py_examples' with build type 'ament_python'
[0.907s] Level 1:colcon.colcon_core.shell:create_environment_hook('arduinobot_py_examples', 'ament_prefix_path')
[0.908s] INFO:colcon.colcon_core.shell:Creating environment hook '/home/parallels/arduinobot_ws/install/arduinobot_py_examples/share/arduinobot_py_examples/hook/ament_prefix_path.ps1'
[0.908s] INFO:colcon.colcon_core.shell:Creating environment descriptor '/home/parallels/arduinobot_ws/install/arduinobot_py_examples/share/arduinobot_py_examples/hook/ament_prefix_path.dsv'
[0.909s] INFO:colcon.colcon_core.shell:Creating environment hook '/home/parallels/arduinobot_ws/install/arduinobot_py_examples/share/arduinobot_py_examples/hook/ament_prefix_path.sh'
[0.909s] INFO:colcon.colcon_core.shell:Skip shell extension 'powershell' for command environment: Not usable outside of PowerShell
[0.910s] DEBUG:colcon.colcon_core.shell:Skip shell extension 'dsv' for command environment
[0.919s] DEBUG:colcon.colcon_core.event_handler.log_command:Invoking command in '/home/parallels/arduinobot_ws/build/arduinobot_cpp_examples': CMAKE_PREFIX_PATH=/home/parallels/arduinobot_ws/install/arduinobot_msgs:/home/parallels/arduinobot_ws/install/arduinobot_utils:/home/parallels/arduinobot_ws/install/arduinobot_cpp_examples:/home/parallels/arduinobot_ws/install/arduinobot_description:/home/parallels/ros2_ws/install/vision_opencv:/home/parallels/ros2_ws/install/image_geometry:/home/parallels/ros2_ws/install/cv_bridge:/home/parallels/test_ws/install/turtlesim:/home/parallels/test_ws/install/my_package:/home/parallels/arduinobot_ws/install/arduinobot_py_examples:/home/parallels/ros2_ws/install/opencv_tests:/home/parallels/ros2_ws/install/my_robot_controller:/opt/ros/humble /usr/bin/cmake --build /home/parallels/arduinobot_ws/build/arduinobot_cpp_examples -- -j2 -l2
[1.214s] INFO:colcon.colcon_core.task.python.build:Building Python package in '/home/parallels/arduinobot_ws/src/arduinobot_py_examples'
[1.215s] INFO:colcon.colcon_core.shell:Skip shell extension 'powershell' for command environment: Not usable outside of PowerShell
[1.215s] DEBUG:colcon.colcon_core.shell:Skip shell extension 'dsv' for command environment
[1.220s] DEBUG:colcon.colcon_core.event_handler.log_command:Invoked command in '/home/parallels/arduinobot_ws/build/arduinobot_cpp_examples' returned '0': CMAKE_PREFIX_PATH=/home/parallels/arduinobot_ws/install/arduinobot_msgs:/home/parallels/arduinobot_ws/install/arduinobot_utils:/home/parallels/arduinobot_ws/install/arduinobot_cpp_examples:/home/parallels/arduinobot_ws/install/arduinobot_description:/home/parallels/ros2_ws/install/vision_opencv:/home/parallels/ros2_ws/install/image_geometry:/home/parallels/ros2_ws/install/cv_bridge:/home/parallels/test_ws/install/turtlesim:/home/parallels/test_ws/install/my_package:/home/parallels/arduinobot_ws/install/arduinobot_py_examples:/home/parallels/ros2_ws/install/opencv_tests:/home/parallels/ros2_ws/install/my_robot_controller:/opt/ros/humble /usr/bin/cmake --build /home/parallels/arduinobot_ws/build/arduinobot_cpp_examples -- -j2 -l2
[1.254s] DEBUG:colcon.colcon_core.event_handler.log_command:Invoking command in '/home/parallels/arduinobot_ws/build/arduinobot_cpp_examples': CMAKE_PREFIX_PATH=/home/parallels/arduinobot_ws/install/arduinobot_msgs:/home/parallels/arduinobot_ws/install/arduinobot_utils:/home/parallels/arduinobot_ws/install/arduinobot_cpp_examples:/home/parallels/arduinobot_ws/install/arduinobot_description:/home/parallels/ros2_ws/install/vision_opencv:/home/parallels/ros2_ws/install/image_geometry:/home/parallels/ros2_ws/install/cv_bridge:/home/parallels/test_ws/install/turtlesim:/home/parallels/test_ws/install/my_package:/home/parallels/arduinobot_ws/install/arduinobot_py_examples:/home/parallels/ros2_ws/install/opencv_tests:/home/parallels/ros2_ws/install/my_robot_controller:/opt/ros/humble /usr/bin/cmake --install /home/parallels/arduinobot_ws/build/arduinobot_cpp_examples
[1.278s] Level 1:colcon.colcon_core.environment:create_environment_scripts_only(arduinobot_cpp_examples)
[1.278s] Level 1:colcon.colcon_core.environment:checking '/home/parallels/arduinobot_ws/install/arduinobot_cpp_examples' for CMake module files
[1.279s] Level 1:colcon.colcon_core.environment:checking '/home/parallels/arduinobot_ws/install/arduinobot_cpp_examples' for CMake config files
[1.279s] Level 1:colcon.colcon_core.shell:create_environment_hook('arduinobot_cpp_examples', 'cmake_prefix_path')
[1.279s] INFO:colcon.colcon_core.shell:Creating environment hook '/home/parallels/arduinobot_ws/install/arduinobot_cpp_examples/share/arduinobot_cpp_examples/hook/cmake_prefix_path.ps1'
[1.279s] INFO:colcon.colcon_core.shell:Creating environment descriptor '/home/parallels/arduinobot_ws/install/arduinobot_cpp_examples/share/arduinobot_cpp_examples/hook/cmake_prefix_path.dsv'
[1.280s] DEBUG:colcon.colcon_core.event_handler.log_command:Invoked command in '/home/parallels/arduinobot_ws/build/arduinobot_cpp_examples' returned '0': CMAKE_PREFIX_PATH=/home/parallels/arduinobot_ws/install/arduinobot_msgs:/home/parallels/arduinobot_ws/install/arduinobot_utils:/home/parallels/arduinobot_ws/install/arduinobot_cpp_examples:/home/parallels/arduinobot_ws/install/arduinobot_description:/home/parallels/ros2_ws/install/vision_opencv:/home/parallels/ros2_ws/install/image_geometry:/home/parallels/ros2_ws/install/cv_bridge:/home/parallels/test_ws/install/turtlesim:/home/parallels/test_ws/install/my_package:/home/parallels/arduinobot_ws/install/arduinobot_py_examples:/home/parallels/ros2_ws/install/opencv_tests:/home/parallels/ros2_ws/install/my_robot_controller:/opt/ros/humble /usr/bin/cmake --install /home/parallels/arduinobot_ws/build/arduinobot_cpp_examples
[1.281s] INFO:colcon.colcon_core.shell:Creating environment hook '/home/parallels/arduinobot_ws/install/arduinobot_cpp_examples/share/arduinobot_cpp_examples/hook/cmake_prefix_path.sh'
[1.281s] Level 1:colcon.colcon_core.environment:checking '/home/parallels/arduinobot_ws/install/arduinobot_cpp_examples/lib'
[1.281s] Level 1:colcon.colcon_core.environment:checking '/home/parallels/arduinobot_ws/install/arduinobot_cpp_examples/bin'
[1.282s] Level 1:colcon.colcon_core.environment:checking '/home/parallels/arduinobot_ws/install/arduinobot_cpp_examples/lib/pkgconfig/arduinobot_cpp_examples.pc'
[1.286s] Level 1:colcon.colcon_core.environment:checking '/home/parallels/arduinobot_ws/install/arduinobot_cpp_examples/lib/python3.10/site-packages'
[1.287s] Level 1:colcon.colcon_core.environment:checking '/home/parallels/arduinobot_ws/install/arduinobot_cpp_examples/bin'
[1.287s] INFO:colcon.colcon_core.shell:Creating package script '/home/parallels/arduinobot_ws/install/arduinobot_cpp_examples/share/arduinobot_cpp_examples/package.ps1'
[1.288s] INFO:colcon.colcon_core.shell:Creating package descriptor '/home/parallels/arduinobot_ws/install/arduinobot_cpp_examples/share/arduinobot_cpp_examples/package.dsv'
[1.288s] INFO:colcon.colcon_core.shell:Creating package script '/home/parallels/arduinobot_ws/install/arduinobot_cpp_examples/share/arduinobot_cpp_examples/package.sh'
[1.288s] INFO:colcon.colcon_core.shell:Creating package script '/home/parallels/arduinobot_ws/install/arduinobot_cpp_examples/share/arduinobot_cpp_examples/package.bash'
[1.289s] INFO:colcon.colcon_core.shell:Creating package script '/home/parallels/arduinobot_ws/install/arduinobot_cpp_examples/share/arduinobot_cpp_examples/package.zsh'
[1.289s] Level 1:colcon.colcon_core.environment:create_file_with_runtime_dependencies(/home/parallels/arduinobot_ws/install/arduinobot_cpp_examples/share/colcon-core/packages/arduinobot_cpp_examples)
[1.314s] Level 1:colcon.colcon_core.environment:create_environment_scripts_only(arduinobot_cpp_examples)
[1.314s] Level 1:colcon.colcon_core.environment:checking '/home/parallels/arduinobot_ws/install/arduinobot_cpp_examples' for CMake module files
[1.315s] Level 1:colcon.colcon_core.environment:checking '/home/parallels/arduinobot_ws/install/arduinobot_cpp_examples' for CMake config files
[1.315s] Level 1:colcon.colcon_core.shell:create_environment_hook('arduinobot_cpp_examples', 'cmake_prefix_path')
[1.315s] INFO:colcon.colcon_core.shell:Creating environment hook '/home/parallels/arduinobot_ws/install/arduinobot_cpp_examples/share/arduinobot_cpp_examples/hook/cmake_prefix_path.ps1'
[1.316s] INFO:colcon.colcon_core.shell:Creating environment descriptor '/home/parallels/arduinobot_ws/install/arduinobot_cpp_examples/share/arduinobot_cpp_examples/hook/cmake_prefix_path.dsv'
[1.316s] INFO:colcon.colcon_core.shell:Creating environment hook '/home/parallels/arduinobot_ws/install/arduinobot_cpp_examples/share/arduinobot_cpp_examples/hook/cmake_prefix_path.sh'
[1.317s] Level 1:colcon.colcon_core.environment:checking '/home/parallels/arduinobot_ws/install/arduinobot_cpp_examples/lib'
[1.317s] Level 1:colcon.colcon_core.environment:checking '/home/parallels/arduinobot_ws/install/arduinobot_cpp_examples/bin'
[1.317s] Level 1:colcon.colcon_core.environment:checking '/home/parallels/arduinobot_ws/install/arduinobot_cpp_examples/lib/pkgconfig/arduinobot_cpp_examples.pc'
[1.317s] Level 1:colcon.colcon_core.environment:checking '/home/parallels/arduinobot_ws/install/arduinobot_cpp_examples/lib/python3.10/site-packages'
[1.317s] Level 1:colcon.colcon_core.environment:checking '/home/parallels/arduinobot_ws/install/arduinobot_cpp_examples/bin'
[1.317s] INFO:colcon.colcon_core.shell:Creating package script '/home/parallels/arduinobot_ws/install/arduinobot_cpp_examples/share/arduinobot_cpp_examples/package.ps1'
[1.318s] INFO:colcon.colcon_core.shell:Creating package descriptor '/home/parallels/arduinobot_ws/install/arduinobot_cpp_examples/share/arduinobot_cpp_examples/package.dsv'
[1.318s] INFO:colcon.colcon_core.shell:Creating package script '/home/parallels/arduinobot_ws/install/arduinobot_cpp_examples/share/arduinobot_cpp_examples/package.sh'
[1.319s] INFO:colcon.colcon_core.shell:Creating package script '/home/parallels/arduinobot_ws/install/arduinobot_cpp_examples/share/arduinobot_cpp_examples/package.bash'
[1.319s] INFO:colcon.colcon_core.shell:Creating package script '/home/parallels/arduinobot_ws/install/arduinobot_cpp_examples/share/arduinobot_cpp_examples/package.zsh'
[1.320s] Level 1:colcon.colcon_core.environment:create_file_with_runtime_dependencies(/home/parallels/arduinobot_ws/install/arduinobot_cpp_examples/share/colcon-core/packages/arduinobot_cpp_examples)
[1.320s] INFO:colcon.colcon_ros.task.ament_cmake.build:Building ROS package in '/home/parallels/arduinobot_ws/src/arduinobot_utils' with build type 'ament_cmake'
[1.321s] INFO:colcon.colcon_cmake.task.cmake.build:Building CMake package in '/home/parallels/arduinobot_ws/src/arduinobot_utils'
[1.321s] INFO:colcon.colcon_core.shell:Skip shell extension 'powershell' for command environment: Not usable outside of PowerShell
[1.321s] DEBUG:colcon.colcon_core.shell:Skip shell extension 'dsv' for command environment
[1.332s] DEBUG:colcon.colcon_core.event_handler.log_command:Invoking command in '/home/parallels/arduinobot_ws/build/arduinobot_utils': CMAKE_PREFIX_PATH=/home/parallels/arduinobot_ws/install/arduinobot_msgs:/home/parallels/arduinobot_ws/install/arduinobot_utils:/home/parallels/arduinobot_ws/install/arduinobot_cpp_examples:/home/parallels/arduinobot_ws/install/arduinobot_description:/home/parallels/ros2_ws/install/vision_opencv:/home/parallels/ros2_ws/install/image_geometry:/home/parallels/ros2_ws/install/cv_bridge:/home/parallels/test_ws/install/turtlesim:/home/parallels/test_ws/install/my_package:/home/parallels/arduinobot_ws/install/arduinobot_py_examples:/home/parallels/ros2_ws/install/opencv_tests:/home/parallels/ros2_ws/install/my_robot_controller:/opt/ros/humble /usr/bin/cmake --build /home/parallels/arduinobot_ws/build/arduinobot_utils -- -j2 -l2
[1.847s] DEBUG:colcon.colcon_core.event_handler.log_command:Invoked command in '/home/parallels/arduinobot_ws/build/arduinobot_utils' returned '0': CMAKE_PREFIX_PATH=/home/parallels/arduinobot_ws/install/arduinobot_msgs:/home/parallels/arduinobot_ws/install/arduinobot_utils:/home/parallels/arduinobot_ws/install/arduinobot_cpp_examples:/home/parallels/arduinobot_ws/install/arduinobot_description:/home/parallels/ros2_ws/install/vision_opencv:/home/parallels/ros2_ws/install/image_geometry:/home/parallels/ros2_ws/install/cv_bridge:/home/parallels/test_ws/install/turtlesim:/home/parallels/test_ws/install/my_package:/home/parallels/arduinobot_ws/install/arduinobot_py_examples:/home/parallels/ros2_ws/install/opencv_tests:/home/parallels/ros2_ws/install/my_robot_controller:/opt/ros/humble /usr/bin/cmake --build /home/parallels/arduinobot_ws/build/arduinobot_utils -- -j2 -l2
[1.875s] DEBUG:colcon.colcon_core.event_handler.log_command:Invoking command in '/home/parallels/arduinobot_ws/src/arduinobot_py_examples': CMAKE_PREFIX_PATH=/home/parallels/arduinobot_ws/install/arduinobot_msgs:/home/parallels/arduinobot_ws/install/arduinobot_utils:/home/parallels/arduinobot_ws/install/arduinobot_cpp_examples:/home/parallels/arduinobot_ws/install/arduinobot_description:/home/parallels/ros2_ws/install/vision_opencv:/home/parallels/ros2_ws/install/image_geometry:/home/parallels/ros2_ws/install/cv_bridge:/home/parallels/test_ws/install/turtlesim:/home/parallels/test_ws/install/my_package PYTHONPATH=/home/parallels/arduinobot_ws/build/arduinobot_py_examples/prefix_override:/usr/lib/python3/dist-packages/colcon_core/task/python/colcon_distutils_commands:/home/parallels/arduinobot_ws/install/arduinobot_py_examples/lib/python3.10/site-packages:${PYTHONPATH} /usr/bin/python3 -W ignore:setup.py install is deprecated setup.py egg_info --egg-base ../../build/arduinobot_py_examples build --build-base /home/parallels/arduinobot_ws/build/arduinobot_py_examples/build install --record /home/parallels/arduinobot_ws/build/arduinobot_py_examples/install.log --single-version-externally-managed install_data
[1.937s] DEBUG:colcon.colcon_core.event_handler.log_command:Invoking command in '/home/parallels/arduinobot_ws/build/arduinobot_utils': CMAKE_PREFIX_PATH=/home/parallels/arduinobot_ws/install/arduinobot_msgs:/home/parallels/arduinobot_ws/install/arduinobot_utils:/home/parallels/arduinobot_ws/install/arduinobot_cpp_examples:/home/parallels/arduinobot_ws/install/arduinobot_description:/home/parallels/ros2_ws/install/vision_opencv:/home/parallels/ros2_ws/install/image_geometry:/home/parallels/ros2_ws/install/cv_bridge:/home/parallels/test_ws/install/turtlesim:/home/parallels/test_ws/install/my_package:/home/parallels/arduinobot_ws/install/arduinobot_py_examples:/home/parallels/ros2_ws/install/opencv_tests:/home/parallels/ros2_ws/install/my_robot_controller:/opt/ros/humble /usr/bin/cmake --install /home/parallels/arduinobot_ws/build/arduinobot_utils
[2.029s] Level 1:colcon.colcon_core.environment:create_environment_scripts_only(arduinobot_utils)
[2.029s] Level 1:colcon.colcon_core.environment:checking '/home/parallels/arduinobot_ws/install/arduinobot_utils' for CMake module files
[2.030s] DEBUG:colcon.colcon_core.event_handler.log_command:Invoked command in '/home/parallels/arduinobot_ws/build/arduinobot_utils' returned '0': CMAKE_PREFIX_PATH=/home/parallels/arduinobot_ws/install/arduinobot_msgs:/home/parallels/arduinobot_ws/install/arduinobot_utils:/home/parallels/arduinobot_ws/install/arduinobot_cpp_examples:/home/parallels/arduinobot_ws/install/arduinobot_description:/home/parallels/ros2_ws/install/vision_opencv:/home/parallels/ros2_ws/install/image_geometry:/home/parallels/ros2_ws/install/cv_bridge:/home/parallels/test_ws/install/turtlesim:/home/parallels/test_ws/install/my_package:/home/parallels/arduinobot_ws/install/arduinobot_py_examples:/home/parallels/ros2_ws/install/opencv_tests:/home/parallels/ros2_ws/install/my_robot_controller:/opt/ros/humble /usr/bin/cmake --install /home/parallels/arduinobot_ws/build/arduinobot_utils
[2.030s] Level 1:colcon.colcon_core.environment:checking '/home/parallels/arduinobot_ws/install/arduinobot_utils' for CMake config files
[2.030s] Level 1:colcon.colcon_core.shell:create_environment_hook('arduinobot_utils', 'cmake_prefix_path')
[2.030s] INFO:colcon.colcon_core.shell:Creating environment hook '/home/parallels/arduinobot_ws/install/arduinobot_utils/share/arduinobot_utils/hook/cmake_prefix_path.ps1'
[2.030s] INFO:colcon.colcon_core.shell:Creating environment descriptor '/home/parallels/arduinobot_ws/install/arduinobot_utils/share/arduinobot_utils/hook/cmake_prefix_path.dsv'
[2.031s] INFO:colcon.colcon_core.shell:Creating environment hook '/home/parallels/arduinobot_ws/install/arduinobot_utils/share/arduinobot_utils/hook/cmake_prefix_path.sh'
[2.031s] Level 1:colcon.colcon_core.environment:checking '/home/parallels/arduinobot_ws/install/arduinobot_utils/lib'
[2.031s] Level 1:colcon.colcon_core.environment:checking '/home/parallels/arduinobot_ws/install/arduinobot_utils/bin'
[2.031s] Level 1:colcon.colcon_core.environment:checking '/home/parallels/arduinobot_ws/install/arduinobot_utils/lib/pkgconfig/arduinobot_utils.pc'
[2.031s] Level 1:colcon.colcon_core.environment:checking '/home/parallels/arduinobot_ws/install/arduinobot_utils/lib/python3.10/site-packages'
[2.031s] Level 1:colcon.colcon_core.environment:checking '/home/parallels/arduinobot_ws/install/arduinobot_utils/bin'
[2.032s] INFO:colcon.colcon_core.shell:Creating package script '/home/parallels/arduinobot_ws/install/arduinobot_utils/share/arduinobot_utils/package.ps1'
[2.032s] INFO:colcon.colcon_core.shell:Creating package descriptor '/home/parallels/arduinobot_ws/install/arduinobot_utils/share/arduinobot_utils/package.dsv'
[2.032s] INFO:colcon.colcon_core.shell:Creating package script '/home/parallels/arduinobot_ws/install/arduinobot_utils/share/arduinobot_utils/package.sh'
[2.032s] INFO:colcon.colcon_core.shell:Creating package script '/home/parallels/arduinobot_ws/install/arduinobot_utils/share/arduinobot_utils/package.bash'
[2.032s] INFO:colcon.colcon_core.shell:Creating package script '/home/parallels/arduinobot_ws/install/arduinobot_utils/share/arduinobot_utils/package.zsh'
[2.032s] Level 1:colcon.colcon_core.environment:create_file_with_runtime_dependencies(/home/parallels/arduinobot_ws/install/arduinobot_utils/share/colcon-core/packages/arduinobot_utils)
[2.161s] Level 1:colcon.colcon_core.environment:create_environment_scripts_only(arduinobot_utils)
[2.161s] Level 1:colcon.colcon_core.environment:checking '/home/parallels/arduinobot_ws/install/arduinobot_utils' for CMake module files
[2.162s] Level 1:colcon.colcon_core.environment:checking '/home/parallels/arduinobot_ws/install/arduinobot_utils' for CMake config files
[2.162s] Level 1:colcon.colcon_core.shell:create_environment_hook('arduinobot_utils', 'cmake_prefix_path')
[2.162s] INFO:colcon.colcon_core.shell:Creating environment hook '/home/parallels/arduinobot_ws/install/arduinobot_utils/share/arduinobot_utils/hook/cmake_prefix_path.ps1'
[2.162s] INFO:colcon.colcon_core.shell:Creating environment descriptor '/home/parallels/arduinobot_ws/install/arduinobot_utils/share/arduinobot_utils/hook/cmake_prefix_path.dsv'
[2.163s] INFO:colcon.colcon_core.shell:Creating environment hook '/home/parallels/arduinobot_ws/install/arduinobot_utils/share/arduinobot_utils/hook/cmake_prefix_path.sh'
[2.163s] Level 1:colcon.colcon_core.environment:checking '/home/parallels/arduinobot_ws/install/arduinobot_utils/lib'
[2.164s] Level 1:colcon.colcon_core.environment:checking '/home/parallels/arduinobot_ws/install/arduinobot_utils/bin'
[2.164s] Level 1:colcon.colcon_core.environment:checking '/home/parallels/arduinobot_ws/install/arduinobot_utils/lib/pkgconfig/arduinobot_utils.pc'
[2.164s] Level 1:colcon.colcon_core.environment:checking '/home/parallels/arduinobot_ws/install/arduinobot_utils/lib/python3.10/site-packages'
[2.164s] Level 1:colcon.colcon_core.environment:checking '/home/parallels/arduinobot_ws/install/arduinobot_utils/bin'
[2.164s] INFO:colcon.colcon_core.shell:Creating package script '/home/parallels/arduinobot_ws/install/arduinobot_utils/share/arduinobot_utils/package.ps1'
[2.164s] INFO:colcon.colcon_core.shell:Creating package descriptor '/home/parallels/arduinobot_ws/install/arduinobot_utils/share/arduinobot_utils/package.dsv'
[2.165s] INFO:colcon.colcon_core.shell:Creating package script '/home/parallels/arduinobot_ws/install/arduinobot_utils/share/arduinobot_utils/package.sh'
[2.165s] INFO:colcon.colcon_core.shell:Creating package script '/home/parallels/arduinobot_ws/install/arduinobot_utils/share/arduinobot_utils/package.bash'
[2.165s] INFO:colcon.colcon_core.shell:Creating package script '/home/parallels/arduinobot_ws/install/arduinobot_utils/share/arduinobot_utils/package.zsh'
[2.165s] Level 1:colcon.colcon_core.environment:create_file_with_runtime_dependencies(/home/parallels/arduinobot_ws/install/arduinobot_utils/share/colcon-core/packages/arduinobot_utils)
[2.189s] Level 1:colcon.colcon_core.environment:checking '/home/parallels/arduinobot_ws/install/arduinobot_py_examples' for CMake module files
[2.190s] DEBUG:colcon.colcon_core.event_handler.log_command:Invoked command in '/home/parallels/arduinobot_ws/src/arduinobot_py_examples' returned '0': CMAKE_PREFIX_PATH=/home/parallels/arduinobot_ws/install/arduinobot_msgs:/home/parallels/arduinobot_ws/install/arduinobot_utils:/home/parallels/arduinobot_ws/install/arduinobot_cpp_examples:/home/parallels/arduinobot_ws/install/arduinobot_description:/home/parallels/ros2_ws/install/vision_opencv:/home/parallels/ros2_ws/install/image_geometry:/home/parallels/ros2_ws/install/cv_bridge:/home/parallels/test_ws/install/turtlesim:/home/parallels/test_ws/install/my_package PYTHONPATH=/home/parallels/arduinobot_ws/build/arduinobot_py_examples/prefix_override:/usr/lib/python3/dist-packages/colcon_core/task/python/colcon_distutils_commands:/home/parallels/arduinobot_ws/install/arduinobot_py_examples/lib/python3.10/site-packages:${PYTHONPATH} /usr/bin/python3 -W ignore:setup.py install is deprecated setup.py egg_info --egg-base ../../build/arduinobot_py_examples build --build-base /home/parallels/arduinobot_ws/build/arduinobot_py_examples/build install --record /home/parallels/arduinobot_ws/build/arduinobot_py_examples/install.log --single-version-externally-managed install_data
[2.190s] Level 1:colcon.colcon_core.environment:checking '/home/parallels/arduinobot_ws/install/arduinobot_py_examples' for CMake config files
[2.190s] Level 1:colcon.colcon_core.environment:checking '/home/parallels/arduinobot_ws/install/arduinobot_py_examples/lib'
[2.190s] Level 1:colcon.colcon_core.environment:checking '/home/parallels/arduinobot_ws/install/arduinobot_py_examples/bin'
[2.190s] Level 1:colcon.colcon_core.environment:checking '/home/parallels/arduinobot_ws/install/arduinobot_py_examples/lib/pkgconfig/arduinobot_py_examples.pc'
[2.191s] Level 1:colcon.colcon_core.environment:checking '/home/parallels/arduinobot_ws/install/arduinobot_py_examples/lib/python3.10/site-packages'
[2.191s] Level 1:colcon.colcon_core.shell:create_environment_hook('arduinobot_py_examples', 'pythonpath')
[2.191s] INFO:colcon.colcon_core.shell:Creating environment hook '/home/parallels/arduinobot_ws/install/arduinobot_py_examples/share/arduinobot_py_examples/hook/pythonpath.ps1'
[2.191s] INFO:colcon.colcon_core.shell:Creating environment descriptor '/home/parallels/arduinobot_ws/install/arduinobot_py_examples/share/arduinobot_py_examples/hook/pythonpath.dsv'
[2.191s] INFO:colcon.colcon_core.shell:Creating environment hook '/home/parallels/arduinobot_ws/install/arduinobot_py_examples/share/arduinobot_py_examples/hook/pythonpath.sh'
[2.191s] Level 1:colcon.colcon_core.environment:checking '/home/parallels/arduinobot_ws/install/arduinobot_py_examples/bin'
[2.191s] Level 1:colcon.colcon_core.environment:create_environment_scripts_only(arduinobot_py_examples)
[2.192s] INFO:colcon.colcon_core.shell:Creating package script '/home/parallels/arduinobot_ws/install/arduinobot_py_examples/share/arduinobot_py_examples/package.ps1'
[2.192s] INFO:colcon.colcon_core.shell:Creating package descriptor '/home/parallels/arduinobot_ws/install/arduinobot_py_examples/share/arduinobot_py_examples/package.dsv'
[2.192s] INFO:colcon.colcon_core.shell:Creating package script '/home/parallels/arduinobot_ws/install/arduinobot_py_examples/share/arduinobot_py_examples/package.sh'
[2.192s] INFO:colcon.colcon_core.shell:Creating package script '/home/parallels/arduinobot_ws/install/arduinobot_py_examples/share/arduinobot_py_examples/package.bash'
[2.192s] INFO:colcon.colcon_core.shell:Creating package script '/home/parallels/arduinobot_ws/install/arduinobot_py_examples/share/arduinobot_py_examples/package.zsh'
[2.193s] Level 1:colcon.colcon_core.environment:create_file_with_runtime_dependencies(/home/parallels/arduinobot_ws/install/arduinobot_py_examples/share/colcon-core/packages/arduinobot_py_examples)
[2.193s] DEBUG:colcon.colcon_parallel_executor.executor.parallel:closing loop
[2.193s] DEBUG:colcon.colcon_parallel_executor.executor.parallel:loop closed
[2.193s] DEBUG:colcon.colcon_parallel_executor.executor.parallel:run_until_complete finished with '0'
[2.193s] DEBUG:colcon.colcon_core.event_reactor:joining thread
[2.199s] INFO:colcon.colcon_core.plugin_system:Skipping extension 'colcon_notification.desktop_notification.terminal_notifier': Not used on non-Darwin systems
[2.199s] INFO:colcon.colcon_core.plugin_system:Skipping extension 'colcon_notification.desktop_notification.win32': Not used on non-Windows systems
[2.199s] INFO:colcon.colcon_notification.desktop_notification:Sending desktop notification using 'notify2'
[2.209s] DEBUG:colcon.colcon_core.event_reactor:joined thread
[2.210s] INFO:colcon.colcon_core.shell:Creating prefix script '/home/parallels/arduinobot_ws/install/local_setup.ps1'
[2.210s] INFO:colcon.colcon_core.shell:Creating prefix util module '/home/parallels/arduinobot_ws/install/_local_setup_util_ps1.py'
[2.211s] INFO:colcon.colcon_core.shell:Creating prefix chain script '/home/parallels/arduinobot_ws/install/setup.ps1'
[2.212s] INFO:colcon.colcon_core.shell:Creating prefix script '/home/parallels/arduinobot_ws/install/local_setup.sh'
[2.214s] INFO:colcon.colcon_core.shell:Creating prefix util module '/home/parallels/arduinobot_ws/install/_local_setup_util_sh.py'
[2.215s] INFO:colcon.colcon_core.shell:Creating prefix chain script '/home/parallels/arduinobot_ws/install/setup.sh'
[2.215s] INFO:colcon.colcon_core.shell:Creating prefix script '/home/parallels/arduinobot_ws/install/local_setup.bash'
[2.216s] INFO:colcon.colcon_core.shell:Creating prefix chain script '/home/parallels/arduinobot_ws/install/setup.bash'
[2.221s] INFO:colcon.colcon_core.shell:Creating prefix script '/home/parallels/arduinobot_ws/install/local_setup.zsh'
[2.221s] INFO:colcon.colcon_core.shell:Creating prefix chain script '/home/parallels/arduinobot_ws/install/setup.zsh'
