[0.020s] Invoking command in '/home/parallels/arduinobot_ws/build/arduinobot_controller': CMAKE_PREFIX_PATH=${CMAKE_PREFIX_PATH}:/home/parallels/ros2_ws/install/opencv_tests:/home/parallels/ros2_ws/install/my_robot_controller:/opt/ros/humble /usr/bin/cmake --build /home/parallels/arduinobot_ws/build/arduinobot_controller -- -j6 -l6
[0.038s] -- Found ament_cmake: 1.3.10 (/opt/ros/humble/share/ament_cmake/cmake)
[0.167s] -- Found hardware_interface: 2.42.0 (/opt/ros/humble/share/hardware_interface/cmake)
[0.213s] -- Found rosidl_generator_c: 3.1.5 (/opt/ros/humble/share/rosidl_generator_c/cmake)
[0.218s] -- Found rosidl_adapter: 3.1.5 (/opt/ros/humble/share/rosidl_adapter/cmake)
[0.227s] -- Found rosidl_generator_cpp: 3.1.5 (/opt/ros/humble/share/rosidl_generator_cpp/cmake)
[0.239s] -- Using all available rosidl_typesupport_c: rosidl_typesupport_fastrtps_c;rosidl_typesupport_introspection_c
[0.255s] -- Using all available rosidl_typesupport_cpp: rosidl_typesupport_fastrtps_cpp;rosidl_typesupport_introspection_cpp
[0.472s] -- Found rmw_implementation_cmake: 6.1.2 (/opt/ros/humble/share/rmw_implementation_cmake/cmake)
[0.472s] -- Found rmw_fastrtps_cpp: 6.2.7 (/opt/ros/humble/share/rmw_fastrtps_cpp/cmake)
[0.498s] -- Found TinyXML2 via Config file: TinyXML2_DIR-NOTFOUND
[0.532s] -- Found OpenSSL: /usr/lib/aarch64-linux-gnu/libcrypto.so (found version "3.0.2")  
[0.535s] -- Found TinyXML2 via Config file: TinyXML2_DIR-NOTFOUND
[0.548s] -- Found FastRTPS: /opt/ros/humble/include  
[0.551s] -- Found TinyXML2 via Config file: TinyXML2_DIR-NOTFOUND
[0.558s] -- Found TinyXML2 via Config file: TinyXML2_DIR-NOTFOUND
[0.567s] -- Using RMW implementation 'rmw_fastrtps_cpp' as default
[0.576s] -- Looking for pthread.h
[0.653s] -- Looking for pthread.h - found
[0.653s] -- Performing Test CMAKE_HAVE_LIBC_PTHREAD
[0.702s] -- Performing Test CMAKE_HAVE_LIBC_PTHREAD - Success
[0.703s] -- Found Threads: TRUE  
[0.755s] -- Found PkgConfig: /usr/bin/pkg-config (found version "0.29.2") 
[0.755s] -- Checking for module 'libserial'
[0.765s] --   Found libserial, version 1.0.0
[0.818s] [31mCMake Error at CMakeLists.txt:28 (ament_target_depedencies):
[0.818s]   Unknown CMake command "ament_target_depedencies".
[0.818s] 
[0.818s] [0m
[0.819s] -- Configuring incomplete, errors occurred!
[0.820s] See also "/home/parallels/arduinobot_ws/build/arduinobot_controller/CMakeFiles/CMakeOutput.log".
[0.828s] gmake: *** [Makefile:226: cmake_check_build_system] Error 1
[0.830s] Invoked command in '/home/parallels/arduinobot_ws/build/arduinobot_controller' returned '2': CMAKE_PREFIX_PATH=${CMAKE_PREFIX_PATH}:/home/parallels/ros2_ws/install/opencv_tests:/home/parallels/ros2_ws/install/my_robot_controller:/opt/ros/humble /usr/bin/cmake --build /home/parallels/arduinobot_ws/build/arduinobot_controller -- -j6 -l6
