[0.203s] Invoking command in '/home/parallels/arduinobot_ws/build/arduinobot_remote': AMENT_PREFIX_PATH=/home/parallels/arduinobot_ws/install/arduinobot_msgs:${AMENT_PREFIX_PATH} CMAKE_PREFIX_PATH=/home/parallels/arduinobot_ws/install/arduinobot_msgs:/home/parallels/ros2_ws/install/vision_opencv:/home/parallels/ros2_ws/install/image_geometry:/home/parallels/ros2_ws/install/cv_bridge:/home/parallels/test_ws/install/turtlesim:/home/parallels/test_ws/install/my_package:/home/parallels/ros2_ws/install/opencv_tests:/home/parallels/ros2_ws/install/my_robot_controller:/opt/ros/humble LD_LIBRARY_PATH=/home/parallels/arduinobot_ws/install/arduinobot_msgs/lib:${LD_LIBRARY_PATH} PYTHONPATH=/home/parallels/arduinobot_ws/install/arduinobot_msgs/local/lib/python3.10/dist-packages:${PYTHONPATH} /usr/bin/cmake --build /home/parallels/arduinobot_ws/build/arduinobot_remote -- -j6 -l6
[0.251s] [ 50%] Built target task_server_node
[0.253s] [100%] Built target task_server
[0.269s] [100%] Built target ament_cmake_python_copy_arduinobot_remote
[0.466s] running egg_info
[0.466s] writing arduinobot_remote.egg-info/PKG-INFO
[0.467s] writing dependency_links to arduinobot_remote.egg-info/dependency_links.txt
[0.467s] writing top-level names to arduinobot_remote.egg-info/top_level.txt
[0.468s] reading manifest file 'arduinobot_remote.egg-info/SOURCES.txt'
[0.469s] writing manifest file 'arduinobot_remote.egg-info/SOURCES.txt'
[0.494s] [100%] Built target ament_cmake_python_build_arduinobot_remote_egg
[0.512s] Invoked command in '/home/parallels/arduinobot_ws/build/arduinobot_remote' returned '0': AMENT_PREFIX_PATH=/home/parallels/arduinobot_ws/install/arduinobot_msgs:${AMENT_PREFIX_PATH} CMAKE_PREFIX_PATH=/home/parallels/arduinobot_ws/install/arduinobot_msgs:/home/parallels/ros2_ws/install/vision_opencv:/home/parallels/ros2_ws/install/image_geometry:/home/parallels/ros2_ws/install/cv_bridge:/home/parallels/test_ws/install/turtlesim:/home/parallels/test_ws/install/my_package:/home/parallels/ros2_ws/install/opencv_tests:/home/parallels/ros2_ws/install/my_robot_controller:/opt/ros/humble LD_LIBRARY_PATH=/home/parallels/arduinobot_ws/install/arduinobot_msgs/lib:${LD_LIBRARY_PATH} PYTHONPATH=/home/parallels/arduinobot_ws/install/arduinobot_msgs/local/lib/python3.10/dist-packages:${PYTHONPATH} /usr/bin/cmake --build /home/parallels/arduinobot_ws/build/arduinobot_remote -- -j6 -l6
[0.546s] Invoking command in '/home/parallels/arduinobot_ws/build/arduinobot_remote': AMENT_PREFIX_PATH=/home/parallels/arduinobot_ws/install/arduinobot_msgs:${AMENT_PREFIX_PATH} CMAKE_PREFIX_PATH=/home/parallels/arduinobot_ws/install/arduinobot_msgs:/home/parallels/ros2_ws/install/vision_opencv:/home/parallels/ros2_ws/install/image_geometry:/home/parallels/ros2_ws/install/cv_bridge:/home/parallels/test_ws/install/turtlesim:/home/parallels/test_ws/install/my_package:/home/parallels/ros2_ws/install/opencv_tests:/home/parallels/ros2_ws/install/my_robot_controller:/opt/ros/humble LD_LIBRARY_PATH=/home/parallels/arduinobot_ws/install/arduinobot_msgs/lib:${LD_LIBRARY_PATH} PYTHONPATH=/home/parallels/arduinobot_ws/install/arduinobot_msgs/local/lib/python3.10/dist-packages:${PYTHONPATH} /usr/bin/cmake --install /home/parallels/arduinobot_ws/build/arduinobot_remote
[0.555s] -- Install configuration: ""
[0.555s] -- Up-to-date: /home/parallels/arduinobot_ws/install/arduinobot_remote/lib/arduinobot_remote/task_server_node
[0.555s] -- Up-to-date: /home/parallels/arduinobot_ws/install/arduinobot_remote/share/arduinobot_remote/environment/pythonpath.sh
[0.555s] -- Up-to-date: /home/parallels/arduinobot_ws/install/arduinobot_remote/share/arduinobot_remote/environment/pythonpath.dsv
[0.555s] -- Up-to-date: /home/parallels/arduinobot_ws/install/arduinobot_remote/local/lib/python3.10/dist-packages/arduinobot_remote-0.0.0-py3.10.egg-info
[0.555s] -- Installing: /home/parallels/arduinobot_ws/install/arduinobot_remote/local/lib/python3.10/dist-packages/arduinobot_remote-0.0.0-py3.10.egg-info/dependency_links.txt
[0.555s] -- Installing: /home/parallels/arduinobot_ws/install/arduinobot_remote/local/lib/python3.10/dist-packages/arduinobot_remote-0.0.0-py3.10.egg-info/top_level.txt
[0.555s] -- Installing: /home/parallels/arduinobot_ws/install/arduinobot_remote/local/lib/python3.10/dist-packages/arduinobot_remote-0.0.0-py3.10.egg-info/PKG-INFO
[0.555s] -- Installing: /home/parallels/arduinobot_ws/install/arduinobot_remote/local/lib/python3.10/dist-packages/arduinobot_remote-0.0.0-py3.10.egg-info/SOURCES.txt
[0.555s] -- Up-to-date: /home/parallels/arduinobot_ws/install/arduinobot_remote/local/lib/python3.10/dist-packages/arduinobot_remote
[0.555s] -- Up-to-date: /home/parallels/arduinobot_ws/install/arduinobot_remote/local/lib/python3.10/dist-packages/arduinobot_remote/alexa_interface.py
[0.555s] -- Up-to-date: /home/parallels/arduinobot_ws/install/arduinobot_remote/local/lib/python3.10/dist-packages/arduinobot_remote/__init__.py
[0.585s] Listing '/home/parallels/arduinobot_ws/install/arduinobot_remote/local/lib/python3.10/dist-packages/arduinobot_remote'...
[0.589s] -- Up-to-date: /home/parallels/arduinobot_ws/install/arduinobot_remote/share/arduinobot_remote/launch
[0.589s] -- Up-to-date: /home/parallels/arduinobot_ws/install/arduinobot_remote/share/arduinobot_remote/launch/remote_interface.launch.py
[0.590s] -- Up-to-date: /home/parallels/arduinobot_ws/install/arduinobot_remote/lib/libtask_server.so
[0.590s] -- Up-to-date: /home/parallels/arduinobot_ws/install/arduinobot_remote/lib/arduinobot_remote/alexa_interface.py
[0.591s] -- Up-to-date: /home/parallels/arduinobot_ws/install/arduinobot_remote/share/ament_index/resource_index/package_run_dependencies/arduinobot_remote
[0.591s] -- Up-to-date: /home/parallels/arduinobot_ws/install/arduinobot_remote/share/ament_index/resource_index/parent_prefix_path/arduinobot_remote
[0.591s] -- Up-to-date: /home/parallels/arduinobot_ws/install/arduinobot_remote/share/arduinobot_remote/environment/ament_prefix_path.sh
[0.592s] -- Up-to-date: /home/parallels/arduinobot_ws/install/arduinobot_remote/share/arduinobot_remote/environment/ament_prefix_path.dsv
[0.592s] -- Up-to-date: /home/parallels/arduinobot_ws/install/arduinobot_remote/share/arduinobot_remote/environment/path.sh
[0.593s] -- Up-to-date: /home/parallels/arduinobot_ws/install/arduinobot_remote/share/arduinobot_remote/environment/path.dsv
[0.593s] -- Up-to-date: /home/parallels/arduinobot_ws/install/arduinobot_remote/share/arduinobot_remote/local_setup.bash
[0.594s] -- Up-to-date: /home/parallels/arduinobot_ws/install/arduinobot_remote/share/arduinobot_remote/local_setup.sh
[0.594s] -- Up-to-date: /home/parallels/arduinobot_ws/install/arduinobot_remote/share/arduinobot_remote/local_setup.zsh
[0.594s] -- Up-to-date: /home/parallels/arduinobot_ws/install/arduinobot_remote/share/arduinobot_remote/local_setup.dsv
[0.594s] -- Installing: /home/parallels/arduinobot_ws/install/arduinobot_remote/share/arduinobot_remote/package.dsv
[0.595s] -- Up-to-date: /home/parallels/arduinobot_ws/install/arduinobot_remote/share/ament_index/resource_index/packages/arduinobot_remote
[0.595s] -- Up-to-date: /home/parallels/arduinobot_ws/install/arduinobot_remote/share/ament_index/resource_index/rclcpp_components/arduinobot_remote
[0.595s] -- Up-to-date: /home/parallels/arduinobot_ws/install/arduinobot_remote/share/arduinobot_remote/cmake/arduinobot_remoteConfig.cmake
[0.595s] -- Up-to-date: /home/parallels/arduinobot_ws/install/arduinobot_remote/share/arduinobot_remote/cmake/arduinobot_remoteConfig-version.cmake
[0.595s] -- Up-to-date: /home/parallels/arduinobot_ws/install/arduinobot_remote/share/arduinobot_remote/package.xml
[0.601s] Invoked command in '/home/parallels/arduinobot_ws/build/arduinobot_remote' returned '0': AMENT_PREFIX_PATH=/home/parallels/arduinobot_ws/install/arduinobot_msgs:${AMENT_PREFIX_PATH} CMAKE_PREFIX_PATH=/home/parallels/arduinobot_ws/install/arduinobot_msgs:/home/parallels/ros2_ws/install/vision_opencv:/home/parallels/ros2_ws/install/image_geometry:/home/parallels/ros2_ws/install/cv_bridge:/home/parallels/test_ws/install/turtlesim:/home/parallels/test_ws/install/my_package:/home/parallels/ros2_ws/install/opencv_tests:/home/parallels/ros2_ws/install/my_robot_controller:/opt/ros/humble LD_LIBRARY_PATH=/home/parallels/arduinobot_ws/install/arduinobot_msgs/lib:${LD_LIBRARY_PATH} PYTHONPATH=/home/parallels/arduinobot_ws/install/arduinobot_msgs/local/lib/python3.10/dist-packages:${PYTHONPATH} /usr/bin/cmake --install /home/parallels/arduinobot_ws/build/arduinobot_remote
