-- Found ament_cmake: 1.3.10 (/opt/ros/humble/share/ament_cmake/cmake)
-- Found rclcpp: 16.0.10 (/opt/ros/humble/share/rclcpp/cmake)
-- Found rosidl_generator_c: 3.1.5 (/opt/ros/humble/share/rosidl_generator_c/cmake)
-- Found rosidl_adapter: 3.1.5 (/opt/ros/humble/share/rosidl_adapter/cmake)
-- Found rosidl_generator_cpp: 3.1.5 (/opt/ros/humble/share/rosidl_generator_cpp/cmake)
-- Using all available rosidl_typesupport_c: rosidl_typesupport_fastrtps_c;rosidl_typesupport_introspection_c
-- Using all available rosidl_typesupport_cpp: rosidl_typesupport_fastrtps_cpp;rosidl_typesupport_introspection_cpp
-- Found rmw_implementation_cmake: 6.1.2 (/opt/ros/humble/share/rmw_implementation_cmake/cmake)
-- Found rmw_fastrtps_cpp: 6.2.7 (/opt/ros/humble/share/rmw_fastrtps_cpp/cmake)
-- Found OpenSSL: /usr/lib/aarch64-linux-gnu/libcrypto.so (found version "3.0.2")  
-- Found FastRTPS: /opt/ros/humble/include  
-- Using RMW implementation 'rmw_fastrtps_cpp' as default
-- Looking for pthread.h
-- Looking for pthread.h - found
-- Performing Test CMAKE_HAVE_LIBC_PTHREAD
-- Performing Test CMAKE_HAVE_LIBC_PTHREAD - Success
-- Found Threads: TRUE  
-- Found rclcpp_action: 16.0.10 (/opt/ros/humble/share/rclcpp_action/cmake)
-- Found rclcpp_components: 16.0.10 (/opt/ros/humble/share/rclcpp_components/cmake)
-- Found arduinobot_msgs: 0.0.0 (/home/parallels/arduinobot_ws/install/arduinobot_msgs/share/arduinobot_msgs/cmake)
-- Found moveit_ros_planning_interface: 2.5.5 (/opt/ros/humble/share/moveit_ros_planning_interface/cmake)
-- Found Boost: /usr/lib/aarch64-linux-gnu/cmake/Boost-1.74.0/BoostConfig.cmake (found version "1.74.0") found components: date_time filesystem program_options system thread 
-- Found Boost: /usr/lib/aarch64-linux-gnu/cmake/Boost-1.74.0/BoostConfig.cmake (found version "1.74.0") found components: chrono date_time filesystem iostreams program_options regex serialization system thread 
-- Found parameter_traits: 0.3.8 (/opt/ros/humble/share/parameter_traits/cmake)
-- Found rclcpp_lifecycle: 16.0.10 (/opt/ros/humble/share/rclcpp_lifecycle/cmake)
-- Found Boost: /usr/lib/aarch64-linux-gnu/cmake/Boost-1.74.0/BoostConfig.cmake (found version "1.74.0") found components: filesystem 
-- library: /usr/lib/aarch64-linux-gnu/libcurl.so
-- Found Eigen3: TRUE (found version "3.4.0") 
-- Ensuring Eigen3 include directory is part of orocos-kdl CMake target
-- Found Boost: /usr/lib/aarch64-linux-gnu/cmake/Boost-1.74.0/BoostConfig.cmake (found version "1.74.0") found components: system filesystem date_time program_options thread chrono 
-- Found Boost: /usr/lib/aarch64-linux-gnu/cmake/Boost-1.74.0/BoostConfig.cmake (found version "1.74.0") found components: thread system filesystem regex date_time program_options 
-- Found Boost: /usr/lib/aarch64-linux-gnu/cmake/Boost-1.74.0/BoostConfig.cmake (found version "1.74.0") found components: system filesystem date_time program_options thread 
-- Found ament_lint_auto: 0.12.11 (/opt/ros/humble/share/ament_lint_auto/cmake)
-- Added test 'cppcheck' to perform static code analysis on C / C++ code
-- Configured cppcheck include dirs: $<BUILD_INTERFACE:/home/parallels/arduinobot_ws/src/arduinobot_remote/include>
-- Configured cppcheck exclude dirs and/or files: 
-- Added test 'lint_cmake' to check CMake code style
-- Added test 'uncrustify' to check C / C++ code style
-- Configured uncrustify additional arguments: 
-- Added test 'xmllint' to check XML markup files
-- Configuring done
-- Generating done
-- Build files have been written to: /home/parallels/arduinobot_ws/build/arduinobot_remote
[ 50%] [32mBuilding CXX object CMakeFiles/task_server.dir/src/task_server.cpp.o[0m
[ 50%] [32mBuilding CXX object CMakeFiles/task_server_node.dir/rclcpp_components/node_main_task_server_node.cpp.o[0m
[ 75%] [32m[1mLinking CXX executable task_server_node[0m
[ 75%] Built target task_server_node
[01m[K/home/parallels/arduinobot_ws/src/arduinobot_remote/src/task_server.cpp:[m[K In member function ‘[01m[Krclcpp_action::GoalResponse arduinobot_remote::TaskServer::goalCallback(rclcpp_action::GoalUUID, std::shared_ptr<const arduinobot_msgs::action::ArduinobotTask_Goal_<std::allocator<void> > >)[m[K’:
[01m[K/home/parallels/arduinobot_ws/src/arduinobot_remote/src/task_server.cpp:31:76:[m[K [01;35m[Kwarning: [m[Kunused parameter ‘[01m[Kuuid[m[K’ [[01;35m[K]8;;https://gcc.gnu.org/onlinedocs/gcc/Warning-Options.html#index-Wunused-parameter-Wunused-parameter]8;;[m[K]
   31 |     rclcpp_action::GoalResponse goalCallback([01;35m[Kconst rclcpp_action::GoalUUID uuid[m[K, std::shared_ptr<const arduinobot_msgs::action::ArduinobotTask::Goal> goal)
      |                                              [01;35m[K~~~~~~~~~~~~~~~~~~~~~~~~~~~~~~^~~~[m[K
[01m[K/home/parallels/arduinobot_ws/src/arduinobot_remote/src/task_server.cpp:[m[K In member function ‘[01m[Krclcpp_action::CancelResponse arduinobot_remote::TaskServer::cancelCallback(std::shared_ptr<rclcpp_action::ServerGoalHandle<arduinobot_msgs::action::ArduinobotTask> >)[m[K’:
[01m[K/home/parallels/arduinobot_ws/src/arduinobot_remote/src/task_server.cpp:104:146:[m[K [01;35m[Kwarning: [m[Kunused parameter ‘[01m[Kgoal_handle[m[K’ [[01;35m[K]8;;https://gcc.gnu.org/onlinedocs/gcc/Warning-Options.html#index-Wunused-parameter-Wunused-parameter]8;;[m[K]
  104 |     rclcpp_action::CancelResponse cancelCallback([01;35m[Kconst std::shared_ptr<rclcpp_action::ServerGoalHandle<arduinobot_msgs::action::ArduinobotTask>> goal_handle[m[K)
      |                                                  [01;35m[K~~~~~~~~~~~~~~~~~~~~~~~~~~~~~~~~~~~~~~~~~~~~~~~~~~~~~~~~~~~~~~~~~~~~~~~~~~~~~~~~~~~~~~~~~~~~~~~~^~~~~~~~~~~[m[K
[100%] [32m[1mLinking CXX shared library libtask_server.so[0m
[100%] Built target task_server
-- Install configuration: ""
-- Installing: /home/parallels/arduinobot_ws/install/arduinobot_remote/lib/arduinobot_remote/task_server_node
-- Set runtime path of "/home/parallels/arduinobot_ws/install/arduinobot_remote/lib/arduinobot_remote/task_server_node" to ""
-- Installing: /home/parallels/arduinobot_ws/install/arduinobot_remote/lib/libtask_server.so
-- Set runtime path of "/home/parallels/arduinobot_ws/install/arduinobot_remote/lib/libtask_server.so" to ""
-- Installing: /home/parallels/arduinobot_ws/install/arduinobot_remote/share/ament_index/resource_index/package_run_dependencies/arduinobot_remote
-- Installing: /home/parallels/arduinobot_ws/install/arduinobot_remote/share/ament_index/resource_index/parent_prefix_path/arduinobot_remote
-- Up-to-date: /home/parallels/arduinobot_ws/install/arduinobot_remote/share/arduinobot_remote/environment/ament_prefix_path.sh
-- Installing: /home/parallels/arduinobot_ws/install/arduinobot_remote/share/arduinobot_remote/environment/ament_prefix_path.dsv
-- Up-to-date: /home/parallels/arduinobot_ws/install/arduinobot_remote/share/arduinobot_remote/environment/path.sh
-- Installing: /home/parallels/arduinobot_ws/install/arduinobot_remote/share/arduinobot_remote/environment/path.dsv
-- Up-to-date: /home/parallels/arduinobot_ws/install/arduinobot_remote/share/arduinobot_remote/local_setup.bash
-- Up-to-date: /home/parallels/arduinobot_ws/install/arduinobot_remote/share/arduinobot_remote/local_setup.sh
-- Up-to-date: /home/parallels/arduinobot_ws/install/arduinobot_remote/share/arduinobot_remote/local_setup.zsh
-- Installing: /home/parallels/arduinobot_ws/install/arduinobot_remote/share/arduinobot_remote/local_setup.dsv
-- Installing: /home/parallels/arduinobot_ws/install/arduinobot_remote/share/arduinobot_remote/package.dsv
-- Up-to-date: /home/parallels/arduinobot_ws/install/arduinobot_remote/share/ament_index/resource_index/packages/arduinobot_remote
-- Installing: /home/parallels/arduinobot_ws/install/arduinobot_remote/share/ament_index/resource_index/rclcpp_components/arduinobot_remote
-- Up-to-date: /home/parallels/arduinobot_ws/install/arduinobot_remote/share/arduinobot_remote/cmake/arduinobot_remoteConfig.cmake
-- Up-to-date: /home/parallels/arduinobot_ws/install/arduinobot_remote/share/arduinobot_remote/cmake/arduinobot_remoteConfig-version.cmake
-- Installing: /home/parallels/arduinobot_ws/install/arduinobot_remote/share/arduinobot_remote/package.xml
