[35m[1mConsolidate compiler generated dependencies of target arduinobot_controller[0m
[ 50%] [32mBuilding CXX object CMakeFiles/arduinobot_controller.dir/src/arduinobot_interface.cpp.o[0m
[100%] [32m[1mLinking CXX shared library libarduinobot_controller.so[0m
[100%] Built target arduinobot_controller
-- Install configuration: ""
-- Installing: /home/parallels/arduinobot_ws/install/arduinobot_controller/share/arduinobot_controller/arduinobot_controller.xml
-- Up-to-date: /home/parallels/arduinobot_ws/install/arduinobot_controller/share/arduinobot_controller/config
-- Up-to-date: /home/parallels/arduinobot_ws/install/arduinobot_controller/share/arduinobot_controller/config/arduinobot_controllers.yaml
-- Up-to-date: /home/parallels/arduinobot_ws/install/arduinobot_controller/share/arduinobot_controller/launch
-- Up-to-date: /home/parallels/arduinobot_ws/install/arduinobot_controller/share/arduinobot_controller/launch/controller.launch.py
-- Installing: /home/parallels/arduinobot_ws/install/arduinobot_controller/lib/libarduinobot_controller.so
-- Set runtime path of "/home/parallels/arduinobot_ws/install/arduinobot_controller/lib/libarduinobot_controller.so" to ""
-- Installing: /home/parallels/arduinobot_ws/install/arduinobot_controller/include/include
-- Installing: /home/parallels/arduinobot_ws/install/arduinobot_controller/include/include/arduinobot_controller
-- Installing: /home/parallels/arduinobot_ws/install/arduinobot_controller/include/include/arduinobot_controller/arduinobot_interface.hpp
-- Installing: /home/parallels/arduinobot_ws/install/arduinobot_controller/share/arduinobot_controller/environment/library_path.sh
-- Installing: /home/parallels/arduinobot_ws/install/arduinobot_controller/share/arduinobot_controller/environment/library_path.dsv
-- Installing: /home/parallels/arduinobot_ws/install/arduinobot_controller/share/ament_index/resource_index/package_run_dependencies/arduinobot_controller
-- Up-to-date: /home/parallels/arduinobot_ws/install/arduinobot_controller/share/ament_index/resource_index/parent_prefix_path/arduinobot_controller
-- Up-to-date: /home/parallels/arduinobot_ws/install/arduinobot_controller/share/arduinobot_controller/environment/ament_prefix_path.sh
-- Installing: /home/parallels/arduinobot_ws/install/arduinobot_controller/share/arduinobot_controller/environment/ament_prefix_path.dsv
-- Up-to-date: /home/parallels/arduinobot_ws/install/arduinobot_controller/share/arduinobot_controller/environment/path.sh
-- Installing: /home/parallels/arduinobot_ws/install/arduinobot_controller/share/arduinobot_controller/environment/path.dsv
-- Up-to-date: /home/parallels/arduinobot_ws/install/arduinobot_controller/share/arduinobot_controller/local_setup.bash
-- Installing: /home/parallels/arduinobot_ws/install/arduinobot_controller/share/arduinobot_controller/local_setup.sh
-- Up-to-date: /home/parallels/arduinobot_ws/install/arduinobot_controller/share/arduinobot_controller/local_setup.zsh
-- Installing: /home/parallels/arduinobot_ws/install/arduinobot_controller/share/arduinobot_controller/local_setup.dsv
-- Installing: /home/parallels/arduinobot_ws/install/arduinobot_controller/share/arduinobot_controller/package.dsv
-- Up-to-date: /home/parallels/arduinobot_ws/install/arduinobot_controller/share/ament_index/resource_index/packages/arduinobot_controller
-- Installing: /home/parallels/arduinobot_ws/install/arduinobot_controller/share/ament_index/resource_index/hardware_interface__pluginlib__plugin/arduinobot_controller
-- Installing: /home/parallels/arduinobot_ws/install/arduinobot_controller/share/arduinobot_controller/cmake/ament_cmake_export_include_directories-extras.cmake
-- Installing: /home/parallels/arduinobot_ws/install/arduinobot_controller/share/arduinobot_controller/cmake/ament_cmake_export_libraries-extras.cmake
-- Installing: /home/parallels/arduinobot_ws/install/arduinobot_controller/share/arduinobot_controller/cmake/ament_cmake_export_dependencies-extras.cmake
-- Installing: /home/parallels/arduinobot_ws/install/arduinobot_controller/share/arduinobot_controller/cmake/arduinobot_controllerConfig.cmake
-- Up-to-date: /home/parallels/arduinobot_ws/install/arduinobot_controller/share/arduinobot_controller/cmake/arduinobot_controllerConfig-version.cmake
-- Installing: /home/parallels/arduinobot_ws/install/arduinobot_controller/share/arduinobot_controller/package.xml
