[0.019s] Invoking command in '/home/parallels/arduinobot_ws/build/arduinobot_description': CMAKE_PREFIX_PATH=${CMAKE_PREFIX_PATH}:/home/parallels/arduinobot_ws/install/arduinobot_py_examples:/home/parallels/ros2_ws/install/opencv_tests:/home/parallels/ros2_ws/install/my_robot_controller:/opt/ros/humble /usr/bin/cmake /home/parallels/arduinobot_ws/src/arduinobot_description -DCMAKE_INSTALL_PREFIX=/home/parallels/arduinobot_ws/install/arduinobot_description
[0.034s] -- Found ament_cmake: 1.3.9 (/opt/ros/humble/share/ament_cmake/cmake)
[0.247s] -- Override CMake install command with custom implementation using symlinks instead of copying resources
[0.270s] -- Found urdf: 2.6.0 (/opt/ros/humble/share/urdf/cmake)
[0.345s] -- Found ament_lint_auto: 0.12.11 (/opt/ros/humble/share/ament_lint_auto/cmake)
[0.411s] -- Added test 'flake8' to check Python code syntax and style conventions
[0.412s] -- Added test 'lint_cmake' to check CMake code style
[0.412s] -- Added test 'pep257' to check Python code against some of the docstring style conventions in PEP 257
[0.414s] -- Added test 'xmllint' to check XML markup files
[0.422s] -- Configuring done
[0.434s] -- Generating done
[0.437s] -- Build files have been written to: /home/parallels/arduinobot_ws/build/arduinobot_description
[0.442s] Invoked command in '/home/parallels/arduinobot_ws/build/arduinobot_description' returned '0': CMAKE_PREFIX_PATH=${CMAKE_PREFIX_PATH}:/home/parallels/arduinobot_ws/install/arduinobot_py_examples:/home/parallels/ros2_ws/install/opencv_tests:/home/parallels/ros2_ws/install/my_robot_controller:/opt/ros/humble /usr/bin/cmake /home/parallels/arduinobot_ws/src/arduinobot_description -DCMAKE_INSTALL_PREFIX=/home/parallels/arduinobot_ws/install/arduinobot_description
[0.442s] Invoking command in '/home/parallels/arduinobot_ws/build/arduinobot_description': CMAKE_PREFIX_PATH=${CMAKE_PREFIX_PATH}:/home/parallels/arduinobot_ws/install/arduinobot_py_examples:/home/parallels/ros2_ws/install/opencv_tests:/home/parallels/ros2_ws/install/my_robot_controller:/opt/ros/humble /usr/bin/cmake --build /home/parallels/arduinobot_ws/build/arduinobot_description -- -j2 -l2
[0.470s] Invoked command in '/home/parallels/arduinobot_ws/build/arduinobot_description' returned '0': CMAKE_PREFIX_PATH=${CMAKE_PREFIX_PATH}:/home/parallels/arduinobot_ws/install/arduinobot_py_examples:/home/parallels/ros2_ws/install/opencv_tests:/home/parallels/ros2_ws/install/my_robot_controller:/opt/ros/humble /usr/bin/cmake --build /home/parallels/arduinobot_ws/build/arduinobot_description -- -j2 -l2
[0.541s] Invoking command in '/home/parallels/arduinobot_ws/build/arduinobot_description': CMAKE_PREFIX_PATH=${CMAKE_PREFIX_PATH}:/home/parallels/arduinobot_ws/install/arduinobot_py_examples:/home/parallels/ros2_ws/install/opencv_tests:/home/parallels/ros2_ws/install/my_robot_controller:/opt/ros/humble /usr/bin/cmake --install /home/parallels/arduinobot_ws/build/arduinobot_description
[0.547s] -- Install configuration: ""
[0.548s] -- Execute custom install script
[0.549s] -- Up-to-date symlink: /home/parallels/arduinobot_ws/install/arduinobot_description/share/arduinobot_description/meshes/base_plate.STL
[0.550s] -- Up-to-date symlink: /home/parallels/arduinobot_ws/install/arduinobot_description/share/arduinobot_description/meshes/basement.STL
[0.551s] -- Up-to-date symlink: /home/parallels/arduinobot_ws/install/arduinobot_description/share/arduinobot_description/meshes/claw_support.STL
[0.552s] -- Up-to-date symlink: /home/parallels/arduinobot_ws/install/arduinobot_description/share/arduinobot_description/meshes/forward_drive_arm.STL
[0.552s] -- Up-to-date symlink: /home/parallels/arduinobot_ws/install/arduinobot_description/share/arduinobot_description/meshes/horizontal_arm.STL
[0.553s] -- Up-to-date symlink: /home/parallels/arduinobot_ws/install/arduinobot_description/share/arduinobot_description/meshes/left_finger.STL
[0.554s] -- Up-to-date symlink: /home/parallels/arduinobot_ws/install/arduinobot_description/share/arduinobot_description/meshes/link.STL
[0.555s] -- Up-to-date symlink: /home/parallels/arduinobot_ws/install/arduinobot_description/share/arduinobot_description/meshes/pi_camera.STL
[0.555s] -- Up-to-date symlink: /home/parallels/arduinobot_ws/install/arduinobot_description/share/arduinobot_description/meshes/plate.STL
[0.556s] -- Up-to-date symlink: /home/parallels/arduinobot_ws/install/arduinobot_description/share/arduinobot_description/meshes/right_finger.STL
[0.557s] -- Up-to-date symlink: /home/parallels/arduinobot_ws/install/arduinobot_description/share/arduinobot_description/meshes/round_plate.STL
[0.558s] -- Up-to-date symlink: /home/parallels/arduinobot_ws/install/arduinobot_description/share/arduinobot_description/meshes/servo_plate.STL
[0.558s] -- Up-to-date symlink: /home/parallels/arduinobot_ws/install/arduinobot_description/share/arduinobot_description/meshes/triangular_link.STL
[0.559s] -- Up-to-date symlink: /home/parallels/arduinobot_ws/install/arduinobot_description/share/arduinobot_description/meshes/vertical_drive_arm.STL
[0.559s] -- Symlinking: /home/parallels/arduinobot_ws/install/arduinobot_description/share/arduinobot_description/models/ground_plane/model-1_2.sdf
[0.566s] -- Symlinking: /home/parallels/arduinobot_ws/install/arduinobot_description/share/arduinobot_description/models/ground_plane/model-1_3.sdf
[0.574s] -- Symlinking: /home/parallels/arduinobot_ws/install/arduinobot_description/share/arduinobot_description/models/ground_plane/model-1_4.sdf
[0.580s] -- Symlinking: /home/parallels/arduinobot_ws/install/arduinobot_description/share/arduinobot_description/models/ground_plane/model.config
[0.588s] -- Symlinking: /home/parallels/arduinobot_ws/install/arduinobot_description/share/arduinobot_description/models/ground_plane/model.sdf
[0.594s] -- Symlinking: /home/parallels/arduinobot_ws/install/arduinobot_description/share/arduinobot_description/models/sun/model-1_2.sdf
[0.600s] -- Symlinking: /home/parallels/arduinobot_ws/install/arduinobot_description/share/arduinobot_description/models/sun/model-1_3.sdf
[0.607s] -- Symlinking: /home/parallels/arduinobot_ws/install/arduinobot_description/share/arduinobot_description/models/sun/model-1_4.sdf
[0.617s] -- Symlinking: /home/parallels/arduinobot_ws/install/arduinobot_description/share/arduinobot_description/models/sun/model.config
[0.638s] -- Symlinking: /home/parallels/arduinobot_ws/install/arduinobot_description/share/arduinobot_description/models/sun/model.sdf
[0.646s] -- Up-to-date symlink: /home/parallels/arduinobot_ws/install/arduinobot_description/share/arduinobot_description/urdf/arduinobot.urdf.xacro
[0.647s] -- Up-to-date symlink: /home/parallels/arduinobot_ws/install/arduinobot_description/share/arduinobot_description/launch/display.launch.py
[0.648s] -- Symlinking: /home/parallels/arduinobot_ws/install/arduinobot_description/share/arduinobot_description/launch/gazebo.launch.py
[0.656s] -- Up-to-date symlink: /home/parallels/arduinobot_ws/install/arduinobot_description/share/arduinobot_description/rviz/display.rviz
[0.657s] -- Up-to-date symlink: /home/parallels/arduinobot_ws/install/arduinobot_description/share/ament_index/resource_index/package_run_dependencies/arduinobot_description
[0.658s] -- Up-to-date symlink: /home/parallels/arduinobot_ws/install/arduinobot_description/share/ament_index/resource_index/parent_prefix_path/arduinobot_description
[0.659s] -- Up-to-date symlink: /home/parallels/arduinobot_ws/install/arduinobot_description/share/arduinobot_description/environment/ament_prefix_path.sh
[0.660s] -- Up-to-date symlink: /home/parallels/arduinobot_ws/install/arduinobot_description/share/arduinobot_description/environment/ament_prefix_path.dsv
[0.661s] -- Up-to-date symlink: /home/parallels/arduinobot_ws/install/arduinobot_description/share/arduinobot_description/environment/path.sh
[0.661s] -- Up-to-date symlink: /home/parallels/arduinobot_ws/install/arduinobot_description/share/arduinobot_description/environment/path.dsv
[0.662s] -- Up-to-date symlink: /home/parallels/arduinobot_ws/install/arduinobot_description/share/arduinobot_description/local_setup.bash
[0.662s] -- Up-to-date symlink: /home/parallels/arduinobot_ws/install/arduinobot_description/share/arduinobot_description/local_setup.sh
[0.663s] -- Up-to-date symlink: /home/parallels/arduinobot_ws/install/arduinobot_description/share/arduinobot_description/local_setup.zsh
[0.664s] -- Up-to-date symlink: /home/parallels/arduinobot_ws/install/arduinobot_description/share/arduinobot_description/local_setup.dsv
[0.664s] -- Symlinking: /home/parallels/arduinobot_ws/install/arduinobot_description/share/arduinobot_description/package.dsv
[0.680s] -- Up-to-date symlink: /home/parallels/arduinobot_ws/install/arduinobot_description/share/ament_index/resource_index/packages/arduinobot_description
[0.681s] -- Up-to-date symlink: /home/parallels/arduinobot_ws/install/arduinobot_description/share/arduinobot_description/cmake/arduinobot_descriptionConfig.cmake
[0.682s] -- Up-to-date symlink: /home/parallels/arduinobot_ws/install/arduinobot_description/share/arduinobot_description/cmake/arduinobot_descriptionConfig-version.cmake
[0.682s] -- Up-to-date symlink: /home/parallels/arduinobot_ws/install/arduinobot_description/share/arduinobot_description/package.xml
[0.685s] Invoked command in '/home/parallels/arduinobot_ws/build/arduinobot_description' returned '0': CMAKE_PREFIX_PATH=${CMAKE_PREFIX_PATH}:/home/parallels/arduinobot_ws/install/arduinobot_py_examples:/home/parallels/ros2_ws/install/opencv_tests:/home/parallels/ros2_ws/install/my_robot_controller:/opt/ros/humble /usr/bin/cmake --install /home/parallels/arduinobot_ws/build/arduinobot_description
