[0.013s] Invoking command in '/home/parallels/arduinobot_ws/build/arduinobot_controller': CMAKE_PREFIX_PATH=${CMAKE_PREFIX_PATH}:/home/parallels/arduinobot_ws/install/arduinobot_py_examples:/home/parallels/ros2_ws/install/opencv_tests:/home/parallels/ros2_ws/install/my_robot_controller:/opt/ros/humble /usr/bin/cmake --build /home/parallels/arduinobot_ws/build/arduinobot_controller -- -j2 -l2
[0.045s] -- Found ament_cmake: 1.3.9 (/opt/ros/humble/share/ament_cmake/cmake)
[0.189s] -- Found ament_lint_auto: 0.12.11 (/opt/ros/humble/share/ament_lint_auto/cmake)
[0.271s] -- Added test 'lint_cmake' to check CMake code style
[0.273s] -- Added test 'xmllint' to check XML markup files
[0.277s] -- Configuring done
[0.286s] -- Generating done
[0.290s] -- Build files have been written to: /home/parallels/arduinobot_ws/build/arduinobot_controller
[0.315s] Invoked command in '/home/parallels/arduinobot_ws/build/arduinobot_controller' returned '0': CMAKE_PREFIX_PATH=${CMAKE_PREFIX_PATH}:/home/parallels/arduinobot_ws/install/arduinobot_py_examples:/home/parallels/ros2_ws/install/opencv_tests:/home/parallels/ros2_ws/install/my_robot_controller:/opt/ros/humble /usr/bin/cmake --build /home/parallels/arduinobot_ws/build/arduinobot_controller -- -j2 -l2
[0.377s] Invoking command in '/home/parallels/arduinobot_ws/build/arduinobot_controller': CMAKE_PREFIX_PATH=${CMAKE_PREFIX_PATH}:/home/parallels/arduinobot_ws/install/arduinobot_py_examples:/home/parallels/ros2_ws/install/opencv_tests:/home/parallels/ros2_ws/install/my_robot_controller:/opt/ros/humble /usr/bin/cmake --install /home/parallels/arduinobot_ws/build/arduinobot_controller
[0.385s] -- Install configuration: ""
[0.385s] -- Installing: /home/parallels/arduinobot_ws/install/arduinobot_controller/share/arduinobot_controller/config
[0.386s] -- Installing: /home/parallels/arduinobot_ws/install/arduinobot_controller/share/arduinobot_controller/config/arduinobot_controllers.yaml
[0.389s] -- Up-to-date: /home/parallels/arduinobot_ws/install/arduinobot_controller/share/ament_index/resource_index/package_run_dependencies/arduinobot_controller
[0.389s] -- Up-to-date: /home/parallels/arduinobot_ws/install/arduinobot_controller/share/ament_index/resource_index/parent_prefix_path/arduinobot_controller
[0.390s] -- Up-to-date: /home/parallels/arduinobot_ws/install/arduinobot_controller/share/arduinobot_controller/environment/ament_prefix_path.sh
[0.390s] -- Installing: /home/parallels/arduinobot_ws/install/arduinobot_controller/share/arduinobot_controller/environment/ament_prefix_path.dsv
[0.391s] -- Up-to-date: /home/parallels/arduinobot_ws/install/arduinobot_controller/share/arduinobot_controller/environment/path.sh
[0.391s] -- Installing: /home/parallels/arduinobot_ws/install/arduinobot_controller/share/arduinobot_controller/environment/path.dsv
[0.392s] -- Up-to-date: /home/parallels/arduinobot_ws/install/arduinobot_controller/share/arduinobot_controller/local_setup.bash
[0.393s] -- Up-to-date: /home/parallels/arduinobot_ws/install/arduinobot_controller/share/arduinobot_controller/local_setup.sh
[0.393s] -- Up-to-date: /home/parallels/arduinobot_ws/install/arduinobot_controller/share/arduinobot_controller/local_setup.zsh
[0.394s] -- Installing: /home/parallels/arduinobot_ws/install/arduinobot_controller/share/arduinobot_controller/local_setup.dsv
[0.395s] -- Installing: /home/parallels/arduinobot_ws/install/arduinobot_controller/share/arduinobot_controller/package.dsv
[0.396s] -- Up-to-date: /home/parallels/arduinobot_ws/install/arduinobot_controller/share/ament_index/resource_index/packages/arduinobot_controller
[0.397s] -- Up-to-date: /home/parallels/arduinobot_ws/install/arduinobot_controller/share/arduinobot_controller/cmake/arduinobot_controllerConfig.cmake
[0.397s] -- Up-to-date: /home/parallels/arduinobot_ws/install/arduinobot_controller/share/arduinobot_controller/cmake/arduinobot_controllerConfig-version.cmake
[0.398s] -- Up-to-date: /home/parallels/arduinobot_ws/install/arduinobot_controller/share/arduinobot_controller/package.xml
[0.400s] Invoked command in '/home/parallels/arduinobot_ws/build/arduinobot_controller' returned '0': CMAKE_PREFIX_PATH=${CMAKE_PREFIX_PATH}:/home/parallels/arduinobot_ws/install/arduinobot_py_examples:/home/parallels/ros2_ws/install/opencv_tests:/home/parallels/ros2_ws/install/my_robot_controller:/opt/ros/humble /usr/bin/cmake --install /home/parallels/arduinobot_ws/build/arduinobot_controller
