[0.018s] Invoking command in '/home/parallels/arduinobot_ws/build/arduinobot_firmware': CMAKE_PREFIX_PATH=${CMAKE_PREFIX_PATH}:/home/parallels/ros2_ws/install/opencv_tests:/home/parallels/ros2_ws/install/my_robot_controller:/opt/ros/humble /usr/bin/cmake --build /home/parallels/arduinobot_ws/build/arduinobot_firmware -- -j6 -l6
[0.033s] -- Found ament_cmake: 1.3.10 (/opt/ros/humble/share/ament_cmake/cmake)
[0.144s] -- Found rclpy: 3.3.14 (/opt/ros/humble/share/rclpy/cmake)
[0.144s] -- Found rclcpp: 16.0.10 (/opt/ros/humble/share/rclcpp/cmake)
[0.172s] -- Found rosidl_generator_c: 3.1.5 (/opt/ros/humble/share/rosidl_generator_c/cmake)
[0.176s] -- Found rosidl_adapter: 3.1.5 (/opt/ros/humble/share/rosidl_adapter/cmake)
[0.180s] -- Found rosidl_generator_cpp: 3.1.5 (/opt/ros/humble/share/rosidl_generator_cpp/cmake)
[0.188s] -- Using all available rosidl_typesupport_c: rosidl_typesupport_fastrtps_c;rosidl_typesupport_introspection_c
[0.199s] -- Using all available rosidl_typesupport_cpp: rosidl_typesupport_fastrtps_cpp;rosidl_typesupport_introspection_cpp
[0.226s] -- Found rmw_implementation_cmake: 6.1.2 (/opt/ros/humble/share/rmw_implementation_cmake/cmake)
[0.227s] -- Found rmw_fastrtps_cpp: 6.2.7 (/opt/ros/humble/share/rmw_fastrtps_cpp/cmake)
[0.323s] -- Using RMW implementation 'rmw_fastrtps_cpp' as default
[0.418s] -- Found ament_lint_auto: 0.12.11 (/opt/ros/humble/share/ament_lint_auto/cmake)
[0.469s] -- Added test 'cppcheck' to perform static code analysis on C / C++ code
[0.469s] -- Configured cppcheck include dirs: /home/parallels/arduinobot_ws/src/arduinobot_firmware/
[0.469s] -- Configured cppcheck exclude dirs and/or files: 
[0.470s] -- Added test 'flake8' to check Python code syntax and style conventions
[0.470s] -- Added test 'lint_cmake' to check CMake code style
[0.470s] -- Added test 'pep257' to check Python code against some of the docstring style conventions in PEP 257
[0.473s] -- Added test 'uncrustify' to check C / C++ code style
[0.473s] -- Configured uncrustify additional arguments: 
[0.474s] -- Added test 'xmllint' to check XML markup files
[0.475s] -- Configuring done
[0.483s] -- Generating done
[0.485s] -- Build files have been written to: /home/parallels/arduinobot_ws/build/arduinobot_firmware
[0.507s] [ 50%] [32mBuilding CXX object CMakeFiles/simple_serial_transmitter.dir/src/simple_serial_transmitter.cpp.o[0m
[0.512s] [ 50%] Built target ament_cmake_python_copy_arduinobot_firmware
[0.681s] running egg_info
[0.682s] writing arduinobot_firmware.egg-info/PKG-INFO
[0.683s] writing dependency_links to arduinobot_firmware.egg-info/dependency_links.txt
[0.683s] writing top-level names to arduinobot_firmware.egg-info/top_level.txt
[0.686s] reading manifest file 'arduinobot_firmware.egg-info/SOURCES.txt'
[0.687s] writing manifest file 'arduinobot_firmware.egg-info/SOURCES.txt'
[0.708s] [ 50%] Built target ament_cmake_python_build_arduinobot_firmware_egg
[5.773s] [100%] [32m[1mLinking CXX executable simple_serial_transmitter[0m
[6.075s] [100%] Built target simple_serial_transmitter
[6.081s] Invoked command in '/home/parallels/arduinobot_ws/build/arduinobot_firmware' returned '0': CMAKE_PREFIX_PATH=${CMAKE_PREFIX_PATH}:/home/parallels/ros2_ws/install/opencv_tests:/home/parallels/ros2_ws/install/my_robot_controller:/opt/ros/humble /usr/bin/cmake --build /home/parallels/arduinobot_ws/build/arduinobot_firmware -- -j6 -l6
[6.098s] Invoking command in '/home/parallels/arduinobot_ws/build/arduinobot_firmware': CMAKE_PREFIX_PATH=${CMAKE_PREFIX_PATH}:/home/parallels/ros2_ws/install/opencv_tests:/home/parallels/ros2_ws/install/my_robot_controller:/opt/ros/humble /usr/bin/cmake --install /home/parallels/arduinobot_ws/build/arduinobot_firmware
[6.102s] -- Install configuration: ""
[6.102s] -- Up-to-date: /home/parallels/arduinobot_ws/install/arduinobot_firmware/share/arduinobot_firmware/environment/pythonpath.sh
[6.102s] -- Installing: /home/parallels/arduinobot_ws/install/arduinobot_firmware/share/arduinobot_firmware/environment/pythonpath.dsv
[6.102s] -- Up-to-date: /home/parallels/arduinobot_ws/install/arduinobot_firmware/local/lib/python3.10/dist-packages/arduinobot_firmware-0.0.0-py3.10.egg-info
[6.102s] -- Installing: /home/parallels/arduinobot_ws/install/arduinobot_firmware/local/lib/python3.10/dist-packages/arduinobot_firmware-0.0.0-py3.10.egg-info/dependency_links.txt
[6.103s] -- Installing: /home/parallels/arduinobot_ws/install/arduinobot_firmware/local/lib/python3.10/dist-packages/arduinobot_firmware-0.0.0-py3.10.egg-info/top_level.txt
[6.103s] -- Installing: /home/parallels/arduinobot_ws/install/arduinobot_firmware/local/lib/python3.10/dist-packages/arduinobot_firmware-0.0.0-py3.10.egg-info/PKG-INFO
[6.103s] -- Installing: /home/parallels/arduinobot_ws/install/arduinobot_firmware/local/lib/python3.10/dist-packages/arduinobot_firmware-0.0.0-py3.10.egg-info/SOURCES.txt
[6.103s] -- Up-to-date: /home/parallels/arduinobot_ws/install/arduinobot_firmware/local/lib/python3.10/dist-packages/arduinobot_firmware
[6.103s] -- Up-to-date: /home/parallels/arduinobot_ws/install/arduinobot_firmware/local/lib/python3.10/dist-packages/arduinobot_firmware/simple_serial_transmitter.py
[6.103s] -- Up-to-date: /home/parallels/arduinobot_ws/install/arduinobot_firmware/local/lib/python3.10/dist-packages/arduinobot_firmware/__init__.py
[6.125s] Listing '/home/parallels/arduinobot_ws/install/arduinobot_firmware/local/lib/python3.10/dist-packages/arduinobot_firmware'...
[6.129s] -- Installing: /home/parallels/arduinobot_ws/install/arduinobot_firmware/lib/arduinobot_firmware/simple_serial_transmitter
[6.131s] -- Set runtime path of "/home/parallels/arduinobot_ws/install/arduinobot_firmware/lib/arduinobot_firmware/simple_serial_transmitter" to ""
[6.131s] -- Up-to-date: /home/parallels/arduinobot_ws/install/arduinobot_firmware/lib/arduinobot_firmware/simple_serial_transmitter.py
[6.131s] -- Installing: /home/parallels/arduinobot_ws/install/arduinobot_firmware/share/ament_index/resource_index/package_run_dependencies/arduinobot_firmware
[6.131s] -- Up-to-date: /home/parallels/arduinobot_ws/install/arduinobot_firmware/share/ament_index/resource_index/parent_prefix_path/arduinobot_firmware
[6.131s] -- Up-to-date: /home/parallels/arduinobot_ws/install/arduinobot_firmware/share/arduinobot_firmware/environment/ament_prefix_path.sh
[6.132s] -- Installing: /home/parallels/arduinobot_ws/install/arduinobot_firmware/share/arduinobot_firmware/environment/ament_prefix_path.dsv
[6.132s] -- Up-to-date: /home/parallels/arduinobot_ws/install/arduinobot_firmware/share/arduinobot_firmware/environment/path.sh
[6.132s] -- Installing: /home/parallels/arduinobot_ws/install/arduinobot_firmware/share/arduinobot_firmware/environment/path.dsv
[6.132s] -- Up-to-date: /home/parallels/arduinobot_ws/install/arduinobot_firmware/share/arduinobot_firmware/local_setup.bash
[6.132s] -- Up-to-date: /home/parallels/arduinobot_ws/install/arduinobot_firmware/share/arduinobot_firmware/local_setup.sh
[6.132s] -- Up-to-date: /home/parallels/arduinobot_ws/install/arduinobot_firmware/share/arduinobot_firmware/local_setup.zsh
[6.132s] -- Installing: /home/parallels/arduinobot_ws/install/arduinobot_firmware/share/arduinobot_firmware/local_setup.dsv
[6.132s] -- Installing: /home/parallels/arduinobot_ws/install/arduinobot_firmware/share/arduinobot_firmware/package.dsv
[6.132s] -- Up-to-date: /home/parallels/arduinobot_ws/install/arduinobot_firmware/share/ament_index/resource_index/packages/arduinobot_firmware
[6.132s] -- Up-to-date: /home/parallels/arduinobot_ws/install/arduinobot_firmware/share/arduinobot_firmware/cmake/arduinobot_firmwareConfig.cmake
[6.132s] -- Up-to-date: /home/parallels/arduinobot_ws/install/arduinobot_firmware/share/arduinobot_firmware/cmake/arduinobot_firmwareConfig-version.cmake
[6.132s] -- Installing: /home/parallels/arduinobot_ws/install/arduinobot_firmware/share/arduinobot_firmware/package.xml
[6.134s] Invoked command in '/home/parallels/arduinobot_ws/build/arduinobot_firmware' returned '0': CMAKE_PREFIX_PATH=${CMAKE_PREFIX_PATH}:/home/parallels/ros2_ws/install/opencv_tests:/home/parallels/ros2_ws/install/my_robot_controller:/opt/ros/humble /usr/bin/cmake --install /home/parallels/arduinobot_ws/build/arduinobot_firmware
