[0.809s] Invoking command in '/home/parallels/arduinobot_ws/build/arduinobot_py_examples': PYTHONPATH=/home/parallels/arduinobot_ws/build/arduinobot_py_examples/prefix_override:/usr/lib/python3/dist-packages/colcon_core/task/python/colcon_distutils_commands:/home/parallels/arduinobot_ws/install/arduinobot_py_examples/lib/python3.10/site-packages:${PYTHONPATH} /usr/bin/python3 -W ignore:setup.py install is deprecated setup.py develop --uninstall --editable --build-directory /home/parallels/arduinobot_ws/build/arduinobot_py_examples/build
[1.000s] running develop
[1.001s] /usr/lib/python3/dist-packages/setuptools/command/easy_install.py:158: EasyInstallDeprecationWarning: easy_install command is deprecated. Use build and pip and other standards-based tools.
[1.001s]   warnings.warn(
[1.112s] Removing /home/parallels/arduinobot_ws/install/arduinobot_py_examples/lib/python3.10/site-packages/arduinobot-py-examples.egg-link (link to .)
[1.132s] Invoked command in '/home/parallels/arduinobot_ws/build/arduinobot_py_examples' returned '0': PYTHONPATH=/home/parallels/arduinobot_ws/build/arduinobot_py_examples/prefix_override:/usr/lib/python3/dist-packages/colcon_core/task/python/colcon_distutils_commands:/home/parallels/arduinobot_ws/install/arduinobot_py_examples/lib/python3.10/site-packages:${PYTHONPATH} /usr/bin/python3 -W ignore:setup.py install is deprecated setup.py develop --uninstall --editable --build-directory /home/parallels/arduinobot_ws/build/arduinobot_py_examples/build
[1.133s] Invoking command in '/home/parallels/arduinobot_ws/src/arduinobot_py_examples': PYTHONPATH=/home/parallels/arduinobot_ws/build/arduinobot_py_examples/prefix_override:/usr/lib/python3/dist-packages/colcon_core/task/python/colcon_distutils_commands:/home/parallels/arduinobot_ws/install/arduinobot_py_examples/lib/python3.10/site-packages:${PYTHONPATH} /usr/bin/python3 -W ignore:setup.py install is deprecated setup.py egg_info --egg-base ../../build/arduinobot_py_examples build --build-base /home/parallels/arduinobot_ws/build/arduinobot_py_examples/build install --record /home/parallels/arduinobot_ws/build/arduinobot_py_examples/install.log --single-version-externally-managed install_data --force
[1.324s] running egg_info
[1.325s] writing ../../build/arduinobot_py_examples/arduinobot_py_examples.egg-info/PKG-INFO
[1.325s] writing dependency_links to ../../build/arduinobot_py_examples/arduinobot_py_examples.egg-info/dependency_links.txt
[1.326s] writing entry points to ../../build/arduinobot_py_examples/arduinobot_py_examples.egg-info/entry_points.txt
[1.326s] writing requirements to ../../build/arduinobot_py_examples/arduinobot_py_examples.egg-info/requires.txt
[1.326s] writing top-level names to ../../build/arduinobot_py_examples/arduinobot_py_examples.egg-info/top_level.txt
[1.327s] reading manifest file '../../build/arduinobot_py_examples/arduinobot_py_examples.egg-info/SOURCES.txt'
[1.329s] writing manifest file '../../build/arduinobot_py_examples/arduinobot_py_examples.egg-info/SOURCES.txt'
[1.329s] running build
[1.329s] running build_py
[1.330s] running install
[1.330s] running install_lib
[1.330s] creating /home/parallels/arduinobot_ws/install/arduinobot_py_examples/lib/python3.10/site-packages/arduinobot_py_examples
[1.331s] copying /home/parallels/arduinobot_ws/build/arduinobot_py_examples/build/lib/arduinobot_py_examples/simple_subscriber.py -> /home/parallels/arduinobot_ws/install/arduinobot_py_examples/lib/python3.10/site-packages/arduinobot_py_examples
[1.331s] copying /home/parallels/arduinobot_ws/build/arduinobot_py_examples/build/lib/arduinobot_py_examples/simple_parameter.py -> /home/parallels/arduinobot_ws/install/arduinobot_py_examples/lib/python3.10/site-packages/arduinobot_py_examples
[1.331s] copying /home/parallels/arduinobot_ws/build/arduinobot_py_examples/build/lib/arduinobot_py_examples/simple_publisher.py -> /home/parallels/arduinobot_ws/install/arduinobot_py_examples/lib/python3.10/site-packages/arduinobot_py_examples
[1.332s] copying /home/parallels/arduinobot_ws/build/arduinobot_py_examples/build/lib/arduinobot_py_examples/__init__.py -> /home/parallels/arduinobot_ws/install/arduinobot_py_examples/lib/python3.10/site-packages/arduinobot_py_examples
[1.332s] byte-compiling /home/parallels/arduinobot_ws/install/arduinobot_py_examples/lib/python3.10/site-packages/arduinobot_py_examples/simple_subscriber.py to simple_subscriber.cpython-310.pyc
[1.333s] byte-compiling /home/parallels/arduinobot_ws/install/arduinobot_py_examples/lib/python3.10/site-packages/arduinobot_py_examples/simple_parameter.py to simple_parameter.cpython-310.pyc
[1.333s] byte-compiling /home/parallels/arduinobot_ws/install/arduinobot_py_examples/lib/python3.10/site-packages/arduinobot_py_examples/simple_publisher.py to simple_publisher.cpython-310.pyc
[1.334s] byte-compiling /home/parallels/arduinobot_ws/install/arduinobot_py_examples/lib/python3.10/site-packages/arduinobot_py_examples/__init__.py to __init__.cpython-310.pyc
[1.334s] running install_data
[1.334s] copying resource/arduinobot_py_examples -> /home/parallels/arduinobot_ws/install/arduinobot_py_examples/share/ament_index/resource_index/packages
[1.335s] copying package.xml -> /home/parallels/arduinobot_ws/install/arduinobot_py_examples/share/arduinobot_py_examples
[1.335s] running install_egg_info
[1.336s] Copying ../../build/arduinobot_py_examples/arduinobot_py_examples.egg-info to /home/parallels/arduinobot_ws/install/arduinobot_py_examples/lib/python3.10/site-packages/arduinobot_py_examples-0.0.0-py3.10.egg-info
[1.337s] running install_scripts
[1.356s] Installing simple_parameter script to /home/parallels/arduinobot_ws/install/arduinobot_py_examples/lib/arduinobot_py_examples
[1.357s] Installing simple_publisher script to /home/parallels/arduinobot_ws/install/arduinobot_py_examples/lib/arduinobot_py_examples
[1.357s] Installing simple_subscriber script to /home/parallels/arduinobot_ws/install/arduinobot_py_examples/lib/arduinobot_py_examples
[1.358s] writing list of installed files to '/home/parallels/arduinobot_ws/build/arduinobot_py_examples/install.log'
[1.382s] Invoked command in '/home/parallels/arduinobot_ws/src/arduinobot_py_examples' returned '0': PYTHONPATH=/home/parallels/arduinobot_ws/build/arduinobot_py_examples/prefix_override:/usr/lib/python3/dist-packages/colcon_core/task/python/colcon_distutils_commands:/home/parallels/arduinobot_ws/install/arduinobot_py_examples/lib/python3.10/site-packages:${PYTHONPATH} /usr/bin/python3 -W ignore:setup.py install is deprecated setup.py egg_info --egg-base ../../build/arduinobot_py_examples build --build-base /home/parallels/arduinobot_ws/build/arduinobot_py_examples/build install --record /home/parallels/arduinobot_ws/build/arduinobot_py_examples/install.log --single-version-externally-managed install_data --force
