[01m[K/home/parallels/arduinobot_ws/src/arduinobot_cpp_examples/src/simple_service_client.cpp:34:42:[m[K [01;31m[Kerror: [m[K‘[01m[KAddTwoints[m[K’ is not a member of ‘[01m[Karduinobot_msgs::srv[m[K’; did you mean ‘[01m[KAddTwoInts[m[K’?
   34 |     rclcpp::Client<arduinobot_msgs::srv::[01;31m[KAddTwoints[m[K>::SharedPtr client_;
      |                                          [01;31m[K^~~~~~~~~~[m[K
      |                                          [32m[KAddTwoInts[m[K
[01m[K/home/parallels/arduinobot_ws/src/arduinobot_cpp_examples/src/simple_service_client.cpp:34:52:[m[K [01;31m[Kerror: [m[Ktemplate argument 1 is invalid
   34 |     rclcpp::Client<arduinobot_msgs::srv::AddTwoints[01;31m[K>[m[K::SharedPtr client_;
      |                                                    [01;31m[K^[m[K
[01m[K/home/parallels/arduinobot_ws/src/arduinobot_cpp_examples/src/simple_service_client.cpp:34:55:[m[K [01;31m[Kerror: [m[Kexpected ‘[01m[K;[m[K’ at end of member declaration
   34 |     rclcpp::Client<arduinobot_msgs::srv::AddTwoints>::[01;31m[KSharedPtr[m[K client_;
      |                                                       [01;31m[K^~~~~~~~~[m[K
      |                                                                [32m[K;[m[K
[01m[K/home/parallels/arduinobot_ws/src/arduinobot_cpp_examples/src/simple_service_client.cpp:34:65:[m[K [01;31m[Kerror: [m[K‘[01m[Kclient_[m[K’ does not name a type
   34 |    rclcpp::Client<arduinobot_msgs::srv::AddTwoints>::SharedPtr [01;31m[Kclient_[m[K;
      |                                                                [01;31m[K^~~~~~~[m[K

[01m[K/home/parallels/arduinobot_ws/src/arduinobot_cpp_examples/src/simple_service_client.cpp:36:64:[m[K [01;31m[Kerror: [m[K‘[01m[KAddTwoints[m[K’ is not a member of ‘[01m[Karduinobot_msgs::srv[m[K’; did you mean ‘[01m[KAddTwoInts[m[K’?
   36 |  void responseCallback(rclcpp::Client<arduinobot_msgs::srv::[01;31m[KAddTwoints[m[K>::SharedFuture future)
      |                                                             [01;31m[K^~~~~~~~~~[m[K
      |                                                             [32m[KAddTwoInts[m[K
[01m[K/home/parallels/arduinobot_ws/src/arduinobot_cpp_examples/src/simple_service_client.cpp:36:74:[m[K [01;31m[Kerror: [m[Ktemplate argument 1 is invalid
   36 | onseCallback(rclcpp::Client<arduinobot_msgs::srv::AddTwoints[01;31m[K>[m[K::SharedFuture future)
      |                                                             [01;31m[K^[m[K

[01m[K/home/parallels/arduinobot_ws/src/arduinobot_cpp_examples/src/simple_service_client.cpp:36:90:[m[K [01;31m[Kerror: [m[Kexpected ‘[01m[K,[m[K’ or ‘[01m[K...[m[K’ before ‘[01m[Kfuture[m[K’
   36 | (rclcpp::Client<arduinobot_msgs::srv::AddTwoints>::SharedFuture [01;31m[Kfuture[m[K)
      |                                                                 [01;31m[K^~~~~~[m[K

[01m[K/home/parallels/arduinobot_ws/src/arduinobot_cpp_examples/src/simple_service_client.cpp:47:2:[m[K [01;31m[Kerror: [m[Kexpected ‘[01m[K;[m[K’ after class definition
   47 | }
      |  [01;31m[K^[m[K
      |  [32m[K;[m[K
[01m[K/home/parallels/arduinobot_ws/src/arduinobot_cpp_examples/src/simple_service_client.cpp:[m[K In constructor ‘[01m[KSimpleServiceClient::SimpleServiceClient(int, int)[m[K’:
[01m[K/home/parallels/arduinobot_ws/src/arduinobot_cpp_examples/src/simple_service_client.cpp:15:9:[m[K [01;31m[Kerror: [m[K‘[01m[Kclient_[m[K’ was not declared in this scope
   15 |         [01;31m[Kclient_[m[K = create_client<arduinobot_msgs::srv::AddTwoints>("add_two_ints");
      |         [01;31m[K^~~~~~~[m[K
[01m[K/home/parallels/arduinobot_ws/src/arduinobot_cpp_examples/src/simple_service_client.cpp:15:55:[m[K [01;31m[Kerror: [m[K‘[01m[KAddTwoints[m[K’ is not a member of ‘[01m[Karduinobot_msgs::srv[m[K’; did you mean ‘[01m[KAddTwoInts[m[K’?
   15 |         client_ = create_client<arduinobot_msgs::srv::[01;31m[KAddTwoints[m[K>("add_two_ints");
      |                                                       [01;31m[K^~~~~~~~~~[m[K
      |                                                       [32m[KAddTwoInts[m[K
[01m[K/home/parallels/arduinobot_ws/src/arduinobot_cpp_examples/src/simple_service_client.cpp:15:66:[m[K [01;31m[Kerror: [m[Kno matching function for call to ‘[01m[KSimpleServiceClient::create_client<<expression error> >(const char [13])[m[K’
   15 |    client_ = [01;31m[Kcreate_client<arduinobot_msgs::srv::AddTwoints>("add_two_ints")[m[K;
      |              [01;31m[K~~~~~~~~~~~~~~~~~~~~~~~~~~~~~~~~~~~~~~~~~~~~~~~^~~~~~~~~~~~~~~~[m[K

In file included from [01m[K/opt/ros/humble/include/rclcpp/rclcpp/executors/single_threaded_executor.hpp:28[m[K,
                 from [01m[K/opt/ros/humble/include/rclcpp/rclcpp/executors.hpp:22[m[K,
                 from [01m[K/opt/ros/humble/include/rclcpp/rclcpp/rclcpp.hpp:155[m[K,
                 from [01m[K/home/parallels/arduinobot_ws/src/arduinobot_cpp_examples/src/simple_service_client.cpp:1[m[K:
[01m[K/opt/ros/humble/include/rclcpp/rclcpp/node.hpp:252:3:[m[K [01;36m[Knote: [m[Kcandidate: ‘[01m[Ktemplate<class ServiceT> typename rclcpp::Client<ServiceT>::SharedPtr rclcpp::Node::create_client(const string&, const rmw_qos_profile_t&, rclcpp::CallbackGroup::SharedPtr)[m[K’
  252 |   [01;36m[Kcreate_client[m[K(
      |   [01;36m[K^~~~~~~~~~~~~[m[K
[01m[K/opt/ros/humble/include/rclcpp/rclcpp/node.hpp:252:3:[m[K [01;36m[Knote: [m[K  template argument deduction/substitution failed:
[01m[K/home/parallels/arduinobot_ws/src/arduinobot_cpp_examples/src/simple_service_client.cpp:15:66:[m[K [01;31m[Kerror: [m[Ktemplate argument 1 is invalid
   15 |    client_ = [01;31m[Kcreate_client<arduinobot_msgs::srv::AddTwoints>("add_two_ints")[m[K;
      |              [01;31m[K~~~~~~~~~~~~~~~~~~~~~~~~~~~~~~~~~~~~~~~~~~~~~~~^~~~~~~~~~~~~~~~[m[K

[01m[K/home/parallels/arduinobot_ws/src/arduinobot_cpp_examples/src/simple_service_client.cpp:16:63:[m[K [01;31m[Kerror: [m[K‘[01m[KAddTwoints[m[K’ is not a member of ‘[01m[Karduinobot_msgs::srv[m[K’; did you mean ‘[01m[KAddTwoInts[m[K’?
   16 |       auto request = std::make_shared<arduinobot_msgs::srv::[01;31m[KAddTwoints[m[K::Request>();
      |                                                             [01;31m[K^~~~~~~~~~[m[K
      |                                                             [32m[KAddTwoInts[m[K
[01m[K/home/parallels/arduinobot_ws/src/arduinobot_cpp_examples/src/simple_service_client.cpp:16:29:[m[K [01;31m[Kerror: [m[Kparse error in template argument list
   16 |         auto request = std::[01;31m[Kmake_shared<arduinobot_msgs::srv::AddTwoints::Request>[m[K();
      |                             [01;31m[K^~~~~~~~~~~~~~~~~~~~~~~~~~~~~~~~~~~~~~~~~~~~~~~~~~~~~~[m[K
[01m[K/home/parallels/arduinobot_ws/src/arduinobot_cpp_examples/src/simple_service_client.cpp:16:83:[m[K [01;31m[Kerror: [m[Kno matching function for call to ‘[01m[Kmake_shared<<expression error> >()[m[K’
   16 | equest = [01;31m[Kstd::make_shared<arduinobot_msgs::srv::AddTwoints::Request>()[m[K;
      |          [01;31m[K~~~~~~~~~~~~~~~~~~~~~~~~~~~~~~~~~~~~~~~~~~~~~~~~~~~~~~~~~~~^~[m[K

In file included from [01m[K/usr/include/c++/11/memory:77[m[K,
                 from [01m[K/opt/ros/humble/include/rclcpp/rclcpp/rclcpp.hpp:153[m[K,
                 from [01m[K/home/parallels/arduinobot_ws/src/arduinobot_cpp_examples/src/simple_service_client.cpp:1[m[K:
[01m[K/usr/include/c++/11/bits/shared_ptr.h:875:5:[m[K [01;36m[Knote: [m[Kcandidate: ‘[01m[Ktemplate<class _Tp, class ... _Args> std::shared_ptr<_Tp> std::make_shared(_Args&& ...)[m[K’
  875 |     [01;36m[Kmake_shared[m[K(_Args&&... __args)
      |     [01;36m[K^~~~~~~~~~~[m[K
[01m[K/usr/include/c++/11/bits/shared_ptr.h:875:5:[m[K [01;36m[Knote: [m[K  template argument deduction/substitution failed:
[01m[K/home/parallels/arduinobot_ws/src/arduinobot_cpp_examples/src/simple_service_client.cpp:16:83:[m[K [01;31m[Kerror: [m[Ktemplate argument 1 is invalid
   16 | equest = [01;31m[Kstd::make_shared<arduinobot_msgs::srv::AddTwoints::Request>()[m[K;
      |          [01;31m[K~~~~~~~~~~~~~~~~~~~~~~~~~~~~~~~~~~~~~~~~~~~~~~~~~~~~~~~~~~~^~[m[K

[01m[K/home/parallels/arduinobot_ws/src/arduinobot_cpp_examples/src/simple_service_client.cpp:31:5:[m[K [01;31m[Kerror: [m[Kexpected ‘[01m[K,[m[K’ or ‘[01m[K;[m[K’ before ‘[01m[K}[m[K’ token
   31 |     [01;31m[K}[m[K
      |     [01;31m[K^[m[K
[01m[K/home/parallels/arduinobot_ws/src/arduinobot_cpp_examples/src/simple_service_client.cpp:[m[K In member function ‘[01m[Kvoid SimpleServiceClient::responseCallback(int)[m[K’:
[01m[K/home/parallels/arduinobot_ws/src/arduinobot_cpp_examples/src/simple_service_client.cpp:38:12:[m[K [01;31m[Kerror: [m[K‘[01m[Kfuture[m[K’ was not declared in this scope; did you mean ‘[01m[Kstd::future[m[K’?
   38 |         if([01;31m[Kfuture[m[K.valid())
      |            [01;31m[K^~~~~~[m[K
      |            [32m[Kstd::future[m[K
In file included from [01m[K/opt/ros/humble/include/rclcpp/rclcpp/executors.hpp:18[m[K,
                 from [01m[K/opt/ros/humble/include/rclcpp/rclcpp/rclcpp.hpp:155[m[K,
                 from [01m[K/home/parallels/arduinobot_ws/src/arduinobot_cpp_examples/src/simple_service_client.cpp:1[m[K:
[01m[K/usr/include/c++/11/future:124:11:[m[K [01;36m[Knote: [m[K‘[01m[Kstd::future[m[K’ declared here
  124 |     class [01;36m[Kfuture[m[K;
      |           [01;36m[K^~~~~~[m[K
[01m[K/home/parallels/arduinobot_ws/src/arduinobot_cpp_examples/src/simple_service_client.cpp:36:77:[m[K [01;35m[Kwarning: [m[Kunused parameter ‘[01m[KSharedFuture[m[K’ [[01;35m[K]8;;https://gcc.gnu.org/onlinedocs/gcc/Warning-Options.html#index-Wunused-parameter-Wunused-parameter]8;;[m[K]
   36 | eCallback([01;35m[Krclcpp::Client<arduinobot_msgs::srv::AddTwoints>::SharedFuture[m[K future)
      |           [01;35m[K~~~~~~~~~~~~~~~~~~~~~~~~~~~~~~~~~~~~~~~~~~~~~~~~~~^~~~~~~~~~~~[m[K

gmake[2]: *** [CMakeFiles/simple_service_client.dir/build.make:76: CMakeFiles/simple_service_client.dir/src/simple_service_client.cpp.o] Error 1
gmake[1]: *** [CMakeFiles/Makefile2:249: CMakeFiles/simple_service_client.dir/all] Error 2
gmake: *** [Makefile:146: all] Error 2
