-- Found ament_cmake: 1.3.10 (/opt/ros/humble/share/ament_cmake/cmake)
-- Override CMake install command with custom implementation using symlinks instead of copying resources
-- Found rclcpp: 16.0.10 (/opt/ros/humble/share/rclcpp/cmake)
-- Found rosidl_generator_c: 3.1.5 (/opt/ros/humble/share/rosidl_generator_c/cmake)
-- Found rosidl_adapter: 3.1.5 (/opt/ros/humble/share/rosidl_adapter/cmake)
-- Found rosidl_generator_cpp: 3.1.5 (/opt/ros/humble/share/rosidl_generator_cpp/cmake)
-- Using all available rosidl_typesupport_c: rosidl_typesupport_fastrtps_c;rosidl_typesupport_introspection_c
-- Using all available rosidl_typesupport_cpp: rosidl_typesupport_fastrtps_cpp;rosidl_typesupport_introspection_cpp
-- Found rmw_implementation_cmake: 6.1.2 (/opt/ros/humble/share/rmw_implementation_cmake/cmake)
-- Found rmw_fastrtps_cpp: 6.2.7 (/opt/ros/humble/share/rmw_fastrtps_cpp/cmake)
-- Using RMW implementation 'rmw_fastrtps_cpp' as default
-- Found arduinobot_msgs: 0.0.0 (/home/parallels/arduinobot_ws/install/arduinobot_msgs/share/arduinobot_msgs/cmake)
-- Found rclcpp_components: 16.0.10 (/opt/ros/humble/share/rclcpp_components/cmake)
-- Found rclcpp_action: 16.0.10 (/opt/ros/humble/share/rclcpp_action/cmake)
-- Found ament_lint_auto: 0.12.11 (/opt/ros/humble/share/ament_lint_auto/cmake)
-- Added test 'cppcheck' to perform static code analysis on C / C++ code
-- Configured cppcheck include dirs: $<BUILD_INTERFACE:/home/parallels/arduinobot_ws/src/arduinobot_cpp_examples/include>
-- Configured cppcheck exclude dirs and/or files: 
-- Added test 'lint_cmake' to check CMake code style
-- Added test 'uncrustify' to check C / C++ code style
-- Configured uncrustify additional arguments: 
-- Added test 'xmllint' to check XML markup files
-- Configuring done
-- Generating done
-- Build files have been written to: /home/parallels/arduinobot_ws/build/arduinobot_cpp_examples
[35m[1mConsolidate compiler generated dependencies of target simple_publisher[0m
[35m[1mConsolidate compiler generated dependencies of target simple_parameter[0m
[35m[1mConsolidate compiler generated dependencies of target simple_action_server[0m
[35m[1mConsolidate compiler generated dependencies of target simple_service_client[0m
[35m[1mConsolidate compiler generated dependencies of target simple_subscriber[0m
[35m[1mConsolidate compiler generated dependencies of target simple_service_server[0m
[ 11%] Built target simple_action_server
[ 22%] Built target simple_publisher
[ 33%] Built target simple_parameter
[ 44%] Built target simple_service_client
[ 61%] Built target simple_service_server
[ 66%] Built target simple_subscriber
[35m[1mConsolidate compiler generated dependencies of target simple_action_server_node[0m
[ 72%] [32mBuilding CXX object CMakeFiles/simple_action_client.dir/src/simple_action_client.cpp.o[0m
[ 77%] [32mBuilding CXX object CMakeFiles/simple_action_client_node.dir/rclcpp_components/node_main_simple_action_client_node.cpp.o[0m
[ 88%] Built target simple_action_server_node
[01m[K/home/parallels/arduinobot_ws/src/arduinobot_cpp_examples/src/simple_action_client.cpp:[m[K In constructor ‘[01m[Karduinobot_cpp_examples::SimpleActionClient::SimpleActionClient(rclcpp::NodeOptions&)[m[K’:
[01m[K/home/parallels/arduinobot_ws/src/arduinobot_cpp_examples/src/simple_action_client.cpp:19:35:[m[K [01;31m[Kerror: [m[Kno matching function for call to ‘[01m[Karduinobot_cpp_examples::SimpleActionClient::create_wall_timer()[m[K’
   19 |         timer_ = [01;31m[Kcreate_wall_timer()[m[K
      |                  [01;31m[K~~~~~~~~~~~~~~~~~^~[m[K
In file included from [01m[K/opt/ros/humble/include/rclcpp/rclcpp/executors/single_threaded_executor.hpp:28[m[K,
                 from [01m[K/opt/ros/humble/include/rclcpp/rclcpp/executors.hpp:22[m[K,
                 from [01m[K/opt/ros/humble/include/rclcpp/rclcpp/rclcpp.hpp:155[m[K,
                 from [01m[K/home/parallels/arduinobot_ws/src/arduinobot_cpp_examples/src/simple_action_client.cpp:1[m[K:
[01m[K/opt/ros/humble/include/rclcpp/rclcpp/node.hpp:238:3:[m[K [01;36m[Knote: [m[Kcandidate: ‘[01m[Ktemplate<class DurationRepT, class DurationT, class CallbackT> typename rclcpp::WallTimer<CallbackT>::SharedPtr rclcpp::Node::create_wall_timer(std::chrono::duration<_Rep1, _Period1>, CallbackT, rclcpp::CallbackGroup::SharedPtr)[m[K’
  238 |   [01;36m[Kcreate_wall_timer[m[K(
      |   [01;36m[K^~~~~~~~~~~~~~~~~[m[K
[01m[K/opt/ros/humble/include/rclcpp/rclcpp/node.hpp:238:3:[m[K [01;36m[Knote: [m[K  template argument deduction/substitution failed:
[01m[K/home/parallels/arduinobot_ws/src/arduinobot_cpp_examples/src/simple_action_client.cpp:19:35:[m[K [01;36m[Knote: [m[K  candidate expects 3 arguments, 0 provided
   19 |         timer_ = [01;36m[Kcreate_wall_timer()[m[K
      |                  [01;36m[K~~~~~~~~~~~~~~~~~^~[m[K
[01m[K/home/parallels/arduinobot_ws/src/arduinobot_cpp_examples/src/simple_action_client.cpp:[m[K In member function ‘[01m[Kvoid arduinobot_cpp_examples::SimpleActionClient::timerCallback()[m[K’:
[01m[K/home/parallels/arduinobot_ws/src/arduinobot_cpp_examples/src/simple_action_client.cpp:32:13:[m[K [01;31m[Kerror: [m[Kexpected ‘[01m[K;[m[K’ before ‘[01m[Krclcpp[m[K’
   32 |             [01;31m[Krclcpp[m[K::shutdown();
      |             [01;31m[K^~~~~~[m[K
[01m[K/home/parallels/arduinobot_ws/src/arduinobot_cpp_examples/src/simple_action_client.cpp:41:78:[m[K [01;31m[Kerror: [m[K‘[01m[KfeedbackCallback[m[K’ is not a member of ‘[01m[Karduinobot_cpp_examples::SimpleActionClient[m[K’
   41 |         send_goal_options.feedback_callback = std::bind(&SimpleActionClient::[01;31m[KfeedbackCallback[m[K, this, _1, _2);
      |                                                                              [01;31m[K^~~~~~~~~~~~~~~~[m[K
[01m[K/home/parallels/arduinobot_ws/src/arduinobot_cpp_examples/src/simple_action_client.cpp:42:76:[m[K [01;31m[Kerror: [m[K‘[01m[KresultCallback[m[K’ is not a member of ‘[01m[Karduinobot_cpp_examples::SimpleActionClient[m[K’
   42 |         send_goal_options.result_callback = std::bind(&SimpleActionClient::[01;31m[KresultCallback[m[K, this, _1);
      |                                                                            [01;31m[K^~~~~~~~~~~~~~[m[K
[01m[K/home/parallels/arduinobot_ws/src/arduinobot_cpp_examples/src/simple_action_client.cpp:44:44:[m[K [01;31m[Kerror: [m[K‘[01m[Kend_goal_options[m[K’ was not declared in this scope; did you mean ‘[01m[Ksend_goal_options[m[K’?
   44 |         client_->async_send_goal(goal_msg, [01;31m[Kend_goal_options[m[K);
      |                                            [01;31m[K^~~~~~~~~~~~~~~~[m[K
      |                                            [32m[Ksend_goal_options[m[K
[01m[K/home/parallels/arduinobot_ws/src/arduinobot_cpp_examples/src/simple_action_client.cpp:[m[K In member function ‘[01m[Kvoid arduinobot_cpp_examples::SimpleActionClient::feedback_callback(const SharedPtr&)[m[K’:
[01m[K/home/parallels/arduinobot_ws/src/arduinobot_cpp_examples/src/simple_action_client.cpp:72:23:[m[K [01;31m[Kerror: [m[K‘[01m[Kconst SharedPtr[m[K’ {aka ‘[01m[Kconst class std::shared_ptr<rclcpp_action::ClientGoalHandle<arduinobot_msgs::action::Fibonacci> >[m[K’} has no member named ‘[01m[Kcode[m[K’
   72 |         swtich(result.[01;31m[Kcode[m[K)
      |                       [01;31m[K^~~~[m[K
[01m[K/home/parallels/arduinobot_ws/src/arduinobot_cpp_examples/src/simple_action_client.cpp:72:9:[m[K [01;31m[Kerror: [m[K‘[01m[Kswtich[m[K’ was not declared in this scope
   72 |         [01;31m[Kswtich[m[K(result.code)
      |         [01;31m[K^~~~~~[m[K
[01m[K/home/parallels/arduinobot_ws/src/arduinobot_cpp_examples/src/simple_action_client.cpp:88:35:[m[K [01;31m[Kerror: [m[K‘[01m[Kusing element_type = class rclcpp_action::ClientGoalHandle<arduinobot_msgs::action::Fibonacci>[m[K’ {aka ‘[01m[Kclass rclcpp_action::ClientGoalHandle<arduinobot_msgs::action::Fibonacci>[m[K’} has no member named ‘[01m[Ksequence[m[K’
   88 |         for (auto number: result->[01;31m[Ksequence[m[K)
      |                                   [01;31m[K^~~~~~~~[m[K
In file included from [01m[K/usr/include/aarch64-linux-gnu/c++/11/bits/c++allocator.h:33[m[K,
                 from [01m[K/usr/include/c++/11/bits/allocator.h:46[m[K,
                 from [01m[K/usr/include/c++/11/memory:64[m[K,
                 from [01m[K/opt/ros/humble/include/rclcpp/rclcpp/rclcpp.hpp:153[m[K,
                 from [01m[K/home/parallels/arduinobot_ws/src/arduinobot_cpp_examples/src/simple_action_client.cpp:1[m[K:
/usr/include/c++/11/ext/new_allocator.h: In instantiation of ‘[01m[Kvoid __gnu_cxx::new_allocator<_Tp>::construct(_Up*, _Args&& ...) [with _Up = arduinobot_cpp_examples::SimpleActionClient; _Args = {const rclcpp::NodeOptions&}; _Tp = arduinobot_cpp_examples::SimpleActionClient][m[K’:
[01m[K/usr/include/c++/11/bits/alloc_traits.h:516:17:[m[K   required from ‘[01m[Kstatic void std::allocator_traits<std::allocator<_Tp1> >::construct(std::allocator_traits<std::allocator<_Tp1> >::allocator_type&, _Up*, _Args&& ...) [with _Up = arduinobot_cpp_examples::SimpleActionClient; _Args = {const rclcpp::NodeOptions&}; _Tp = arduinobot_cpp_examples::SimpleActionClient; std::allocator_traits<std::allocator<_Tp1> >::allocator_type = std::allocator<arduinobot_cpp_examples::SimpleActionClient>][m[K’
[01m[K/usr/include/c++/11/bits/shared_ptr_base.h:519:39:[m[K   required from ‘[01m[Kstd::_Sp_counted_ptr_inplace<_Tp, _Alloc, _Lp>::_Sp_counted_ptr_inplace(_Alloc, _Args&& ...) [with _Args = {const rclcpp::NodeOptions&}; _Tp = arduinobot_cpp_examples::SimpleActionClient; _Alloc = std::allocator<arduinobot_cpp_examples::SimpleActionClient>; __gnu_cxx::_Lock_policy _Lp = __gnu_cxx::_S_atomic][m[K’
[01m[K/usr/include/c++/11/bits/shared_ptr_base.h:650:16:[m[K   required from ‘[01m[Kstd::__shared_count<_Lp>::__shared_count(_Tp*&, std::_Sp_alloc_shared_tag<_Alloc>, _Args&& ...) [with _Tp = arduinobot_cpp_examples::SimpleActionClient; _Alloc = std::allocator<arduinobot_cpp_examples::SimpleActionClient>; _Args = {const rclcpp::NodeOptions&}; __gnu_cxx::_Lock_policy _Lp = __gnu_cxx::_S_atomic][m[K’
[01m[K/usr/include/c++/11/bits/shared_ptr_base.h:1342:14:[m[K   required from ‘[01m[Kstd::__shared_ptr<_Tp, _Lp>::__shared_ptr(std::_Sp_alloc_shared_tag<_Tp>, _Args&& ...) [with _Alloc = std::allocator<arduinobot_cpp_examples::SimpleActionClient>; _Args = {const rclcpp::NodeOptions&}; _Tp = arduinobot_cpp_examples::SimpleActionClient; __gnu_cxx::_Lock_policy _Lp = __gnu_cxx::_S_atomic][m[K’
[01m[K/usr/include/c++/11/bits/shared_ptr.h:409:59:[m[K   required from ‘[01m[Kstd::shared_ptr<_Tp>::shared_ptr(std::_Sp_alloc_shared_tag<_Tp>, _Args&& ...) [with _Alloc = std::allocator<arduinobot_cpp_examples::SimpleActionClient>; _Args = {const rclcpp::NodeOptions&}; _Tp = arduinobot_cpp_examples::SimpleActionClient][m[K’
[01m[K/usr/include/c++/11/bits/shared_ptr.h:862:14:[m[K   required from ‘[01m[Kstd::shared_ptr<_Tp> std::allocate_shared(const _Alloc&, _Args&& ...) [with _Tp = arduinobot_cpp_examples::SimpleActionClient; _Alloc = std::allocator<arduinobot_cpp_examples::SimpleActionClient>; _Args = {const rclcpp::NodeOptions&}][m[K’
[01m[K/usr/include/c++/11/bits/shared_ptr.h:878:39:[m[K   required from ‘[01m[Kstd::shared_ptr<_Tp> std::make_shared(_Args&& ...) [with _Tp = arduinobot_cpp_examples::SimpleActionClient; _Args = {const rclcpp::NodeOptions&}][m[K’
[01m[K/opt/ros/humble/include/rclcpp_components/rclcpp_components/node_factory_template.hpp:45:40:[m[K   required from ‘[01m[Krclcpp_components::NodeInstanceWrapper rclcpp_components::NodeFactoryTemplate<NodeT>::create_node_instance(const rclcpp::NodeOptions&) [with NodeT = arduinobot_cpp_examples::SimpleActionClient][m[K’
[01m[K/opt/ros/humble/include/rclcpp_components/rclcpp_components/node_factory_template.hpp:43:3:[m[K   required from here
[01m[K/usr/include/c++/11/ext/new_allocator.h:162:11:[m[K [01;31m[Kerror: [m[Kbinding reference of type ‘[01m[Krclcpp::NodeOptions&[m[K’ to ‘[01m[Kconst rclcpp::NodeOptions[m[K’ discards qualifiers
  162 |         { [01;31m[K::new((void *)__p) _Up(std::forward<_Args>(__args)...)[m[K; }
      |           [01;31m[K^~~~~~~~~~~~~~~~~~~~~~~~~~~~~~~~~~~~~~~~~~~~~~~~~~~~~~[m[K
[01m[K/home/parallels/arduinobot_ws/src/arduinobot_cpp_examples/src/simple_action_client.cpp:16:54:[m[K [01;36m[Knote: [m[K  initializing argument 1 of ‘[01m[Karduinobot_cpp_examples::SimpleActionClient::SimpleActionClient(rclcpp::NodeOptions&)[m[K’
   16 |     explicit SimpleActionClient([01;36m[Krclcpp::NodeOptions& options[m[K) : Node("simple_action_client", options)
      |                                 [01;36m[K~~~~~~~~~~~~~~~~~~~~~^~~~~~~[m[K
gmake[2]: *** [CMakeFiles/simple_action_client.dir/build.make:76: CMakeFiles/simple_action_client.dir/src/simple_action_client.cpp.o] Error 1
gmake[1]: *** [CMakeFiles/Makefile2:335: CMakeFiles/simple_action_client.dir/all] Error 2
gmake[1]: *** Waiting for unfinished jobs....
[ 94%] [32m[1mLinking CXX executable simple_action_client_node[0m
[ 94%] Built target simple_action_client_node
gmake: *** [Makefile:146: all] Error 2
