[0.109s] DEBUG:colcon:Command line arguments: ['/usr/bin/colcon', 'build']
[0.109s] DEBUG:colcon:Parsed command line arguments: Namespace(log_base=None, log_level=None, verb_name='build', build_base='build', install_base='install', merge_install=False, symlink_install=False, test_result_base=None, continue_on_error=False, executor='parallel', parallel_workers=2, event_handlers=None, ignore_user_meta=False, metas=['./colcon.meta'], base_paths=['.'], packages_ignore=None, packages_ignore_regex=None, paths=None, packages_up_to=None, packages_up_to_regex=None, packages_above=None, packages_above_and_dependencies=None, packages_above_depth=None, packages_select_by_dep=None, packages_skip_by_dep=None, packages_skip_up_to=None, packages_select_build_failed=False, packages_skip_build_finished=False, packages_select_test_failures=False, packages_skip_test_passed=False, packages_select=None, packages_skip=None, packages_select_regex=None, packages_skip_regex=None, packages_start=None, packages_end=None, allow_overriding=[], cmake_args=None, cmake_target=None, cmake_target_skip_unavailable=False, cmake_clean_cache=False, cmake_clean_first=False, cmake_force_configure=False, ament_cmake_args=None, catkin_cmake_args=None, catkin_skip_building_tests=False, mixin_files=None, mixin=None, verb_parser=<colcon_mixin.mixin.mixin_argument.MixinArgumentDecorator object at 0xffff8854fbb0>, verb_extension=<colcon_core.verb.build.BuildVerb object at 0xffff8854f5b0>, main=<bound method BuildVerb.main of <colcon_core.verb.build.BuildVerb object at 0xffff8854f5b0>>, mixin_verb=('build',))
[0.335s] Level 1:colcon.colcon_core.package_discovery:discover_packages(colcon_meta) check parameters
[0.336s] Level 1:colcon.colcon_core.package_discovery:discover_packages(recursive) check parameters
[0.336s] Level 1:colcon.colcon_core.package_discovery:discover_packages(ignore) check parameters
[0.336s] Level 1:colcon.colcon_core.package_discovery:discover_packages(path) check parameters
[0.336s] Level 1:colcon.colcon_core.package_discovery:discover_packages(colcon_meta) discover
[0.336s] Level 1:colcon.colcon_core.package_discovery:discover_packages(recursive) discover
[0.336s] INFO:colcon.colcon_core.package_discovery:Crawling recursively for packages in '/home/parallels/arduinobot_ws'
[0.336s] Level 1:colcon.colcon_core.package_identification:_identify(.) by extensions ['ignore', 'ignore_ament_install']
[0.336s] Level 1:colcon.colcon_core.package_identification:_identify(.) by extension 'ignore'
[0.336s] Level 1:colcon.colcon_core.package_identification:_identify(.) by extension 'ignore_ament_install'
[0.336s] Level 1:colcon.colcon_core.package_identification:_identify(.) by extensions ['colcon_pkg']
[0.336s] Level 1:colcon.colcon_core.package_identification:_identify(.) by extension 'colcon_pkg'
[0.336s] Level 1:colcon.colcon_core.package_identification:_identify(.) by extensions ['colcon_meta']
[0.336s] Level 1:colcon.colcon_core.package_identification:_identify(.) by extension 'colcon_meta'
[0.336s] Level 1:colcon.colcon_core.package_identification:_identify(.) by extensions ['ros']
[0.336s] Level 1:colcon.colcon_core.package_identification:_identify(.) by extension 'ros'
[0.344s] Level 1:colcon.colcon_core.package_identification:_identify(.) by extensions ['cmake', 'python']
[0.344s] Level 1:colcon.colcon_core.package_identification:_identify(.) by extension 'cmake'
[0.344s] Level 1:colcon.colcon_core.package_identification:_identify(.) by extension 'python'
[0.344s] Level 1:colcon.colcon_core.package_identification:_identify(.) by extensions ['python_setup_py']
[0.344s] Level 1:colcon.colcon_core.package_identification:_identify(.) by extension 'python_setup_py'
[0.344s] Level 1:colcon.colcon_core.package_identification:_identify(build) by extensions ['ignore', 'ignore_ament_install']
[0.345s] Level 1:colcon.colcon_core.package_identification:_identify(build) by extension 'ignore'
[0.345s] Level 1:colcon.colcon_core.package_identification:_identify(build) ignored
[0.345s] Level 1:colcon.colcon_core.package_identification:_identify(install) by extensions ['ignore', 'ignore_ament_install']
[0.345s] Level 1:colcon.colcon_core.package_identification:_identify(install) by extension 'ignore'
[0.345s] Level 1:colcon.colcon_core.package_identification:_identify(install) ignored
[0.345s] Level 1:colcon.colcon_core.package_identification:_identify(log) by extensions ['ignore', 'ignore_ament_install']
[0.345s] Level 1:colcon.colcon_core.package_identification:_identify(log) by extension 'ignore'
[0.345s] Level 1:colcon.colcon_core.package_identification:_identify(log) ignored
[0.345s] Level 1:colcon.colcon_core.package_identification:_identify(src) by extensions ['ignore', 'ignore_ament_install']
[0.345s] Level 1:colcon.colcon_core.package_identification:_identify(src) by extension 'ignore'
[0.345s] Level 1:colcon.colcon_core.package_identification:_identify(src) by extension 'ignore_ament_install'
[0.345s] Level 1:colcon.colcon_core.package_identification:_identify(src) by extensions ['colcon_pkg']
[0.345s] Level 1:colcon.colcon_core.package_identification:_identify(src) by extension 'colcon_pkg'
[0.345s] Level 1:colcon.colcon_core.package_identification:_identify(src) by extensions ['colcon_meta']
[0.345s] Level 1:colcon.colcon_core.package_identification:_identify(src) by extension 'colcon_meta'
[0.345s] Level 1:colcon.colcon_core.package_identification:_identify(src) by extensions ['ros']
[0.345s] Level 1:colcon.colcon_core.package_identification:_identify(src) by extension 'ros'
[0.345s] Level 1:colcon.colcon_core.package_identification:_identify(src) by extensions ['cmake', 'python']
[0.345s] Level 1:colcon.colcon_core.package_identification:_identify(src) by extension 'cmake'
[0.345s] Level 1:colcon.colcon_core.package_identification:_identify(src) by extension 'python'
[0.345s] Level 1:colcon.colcon_core.package_identification:_identify(src) by extensions ['python_setup_py']
[0.345s] Level 1:colcon.colcon_core.package_identification:_identify(src) by extension 'python_setup_py'
[0.346s] Level 1:colcon.colcon_core.package_identification:_identify(src/arduinobot_cpp_examples) by extensions ['ignore', 'ignore_ament_install']
[0.346s] Level 1:colcon.colcon_core.package_identification:_identify(src/arduinobot_cpp_examples) by extension 'ignore'
[0.346s] Level 1:colcon.colcon_core.package_identification:_identify(src/arduinobot_cpp_examples) by extension 'ignore_ament_install'
[0.346s] Level 1:colcon.colcon_core.package_identification:_identify(src/arduinobot_cpp_examples) by extensions ['colcon_pkg']
[0.346s] Level 1:colcon.colcon_core.package_identification:_identify(src/arduinobot_cpp_examples) by extension 'colcon_pkg'
[0.346s] Level 1:colcon.colcon_core.package_identification:_identify(src/arduinobot_cpp_examples) by extensions ['colcon_meta']
[0.346s] Level 1:colcon.colcon_core.package_identification:_identify(src/arduinobot_cpp_examples) by extension 'colcon_meta'
[0.346s] Level 1:colcon.colcon_core.package_identification:_identify(src/arduinobot_cpp_examples) by extensions ['ros']
[0.346s] Level 1:colcon.colcon_core.package_identification:_identify(src/arduinobot_cpp_examples) by extension 'ros'
[0.348s] DEBUG:colcon.colcon_core.package_identification:Package 'src/arduinobot_cpp_examples' with type 'ros.ament_cmake' and name 'arduinobot_cpp_examples'
[0.349s] Level 1:colcon.colcon_core.package_identification:_identify(src/arduinobot_description) by extensions ['ignore', 'ignore_ament_install']
[0.349s] Level 1:colcon.colcon_core.package_identification:_identify(src/arduinobot_description) by extension 'ignore'
[0.349s] Level 1:colcon.colcon_core.package_identification:_identify(src/arduinobot_description) by extension 'ignore_ament_install'
[0.349s] Level 1:colcon.colcon_core.package_identification:_identify(src/arduinobot_description) by extensions ['colcon_pkg']
[0.349s] Level 1:colcon.colcon_core.package_identification:_identify(src/arduinobot_description) by extension 'colcon_pkg'
[0.349s] Level 1:colcon.colcon_core.package_identification:_identify(src/arduinobot_description) by extensions ['colcon_meta']
[0.349s] Level 1:colcon.colcon_core.package_identification:_identify(src/arduinobot_description) by extension 'colcon_meta'
[0.349s] Level 1:colcon.colcon_core.package_identification:_identify(src/arduinobot_description) by extensions ['ros']
[0.349s] Level 1:colcon.colcon_core.package_identification:_identify(src/arduinobot_description) by extension 'ros'
[0.350s] DEBUG:colcon.colcon_core.package_identification:Package 'src/arduinobot_description' with type 'ros.ament_cmake' and name 'arduinobot_description'
[0.350s] Level 1:colcon.colcon_core.package_identification:_identify(src/arduinobot_moveit) by extensions ['ignore', 'ignore_ament_install']
[0.350s] Level 1:colcon.colcon_core.package_identification:_identify(src/arduinobot_moveit) by extension 'ignore'
[0.350s] Level 1:colcon.colcon_core.package_identification:_identify(src/arduinobot_moveit) by extension 'ignore_ament_install'
[0.350s] Level 1:colcon.colcon_core.package_identification:_identify(src/arduinobot_moveit) by extensions ['colcon_pkg']
[0.350s] Level 1:colcon.colcon_core.package_identification:_identify(src/arduinobot_moveit) by extension 'colcon_pkg'
[0.350s] Level 1:colcon.colcon_core.package_identification:_identify(src/arduinobot_moveit) by extensions ['colcon_meta']
[0.350s] Level 1:colcon.colcon_core.package_identification:_identify(src/arduinobot_moveit) by extension 'colcon_meta'
[0.350s] Level 1:colcon.colcon_core.package_identification:_identify(src/arduinobot_moveit) by extensions ['ros']
[0.350s] Level 1:colcon.colcon_core.package_identification:_identify(src/arduinobot_moveit) by extension 'ros'
[0.351s] DEBUG:colcon.colcon_core.package_identification:Package 'src/arduinobot_moveit' with type 'ros.ament_cmake' and name 'arduinobot_moveit'
[0.351s] Level 1:colcon.colcon_core.package_identification:_identify(src/arduinobot_msgs) by extensions ['ignore', 'ignore_ament_install']
[0.351s] Level 1:colcon.colcon_core.package_identification:_identify(src/arduinobot_msgs) by extension 'ignore'
[0.351s] Level 1:colcon.colcon_core.package_identification:_identify(src/arduinobot_msgs) by extension 'ignore_ament_install'
[0.351s] Level 1:colcon.colcon_core.package_identification:_identify(src/arduinobot_msgs) by extensions ['colcon_pkg']
[0.351s] Level 1:colcon.colcon_core.package_identification:_identify(src/arduinobot_msgs) by extension 'colcon_pkg'
[0.351s] Level 1:colcon.colcon_core.package_identification:_identify(src/arduinobot_msgs) by extensions ['colcon_meta']
[0.351s] Level 1:colcon.colcon_core.package_identification:_identify(src/arduinobot_msgs) by extension 'colcon_meta'
[0.351s] Level 1:colcon.colcon_core.package_identification:_identify(src/arduinobot_msgs) by extensions ['ros']
[0.351s] Level 1:colcon.colcon_core.package_identification:_identify(src/arduinobot_msgs) by extension 'ros'
[0.352s] DEBUG:colcon.colcon_core.package_identification:Package 'src/arduinobot_msgs' with type 'ros.ament_cmake' and name 'arduinobot_msgs'
[0.352s] Level 1:colcon.colcon_core.package_identification:_identify(src/arduinobot_py_examples) by extensions ['ignore', 'ignore_ament_install']
[0.352s] Level 1:colcon.colcon_core.package_identification:_identify(src/arduinobot_py_examples) by extension 'ignore'
[0.352s] Level 1:colcon.colcon_core.package_identification:_identify(src/arduinobot_py_examples) by extension 'ignore_ament_install'
[0.352s] Level 1:colcon.colcon_core.package_identification:_identify(src/arduinobot_py_examples) by extensions ['colcon_pkg']
[0.352s] Level 1:colcon.colcon_core.package_identification:_identify(src/arduinobot_py_examples) by extension 'colcon_pkg'
[0.352s] Level 1:colcon.colcon_core.package_identification:_identify(src/arduinobot_py_examples) by extensions ['colcon_meta']
[0.352s] Level 1:colcon.colcon_core.package_identification:_identify(src/arduinobot_py_examples) by extension 'colcon_meta'
[0.352s] Level 1:colcon.colcon_core.package_identification:_identify(src/arduinobot_py_examples) by extensions ['ros']
[0.352s] Level 1:colcon.colcon_core.package_identification:_identify(src/arduinobot_py_examples) by extension 'ros'
[0.353s] DEBUG:colcon.colcon_core.package_identification:Package 'src/arduinobot_py_examples' with type 'ros.ament_python' and name 'arduinobot_py_examples'
[0.353s] Level 1:colcon.colcon_core.package_identification:_identify(src/arduinobot_utils) by extensions ['ignore', 'ignore_ament_install']
[0.353s] Level 1:colcon.colcon_core.package_identification:_identify(src/arduinobot_utils) by extension 'ignore'
[0.353s] Level 1:colcon.colcon_core.package_identification:_identify(src/arduinobot_utils) by extension 'ignore_ament_install'
[0.353s] Level 1:colcon.colcon_core.package_identification:_identify(src/arduinobot_utils) by extensions ['colcon_pkg']
[0.353s] Level 1:colcon.colcon_core.package_identification:_identify(src/arduinobot_utils) by extension 'colcon_pkg'
[0.353s] Level 1:colcon.colcon_core.package_identification:_identify(src/arduinobot_utils) by extensions ['colcon_meta']
[0.353s] Level 1:colcon.colcon_core.package_identification:_identify(src/arduinobot_utils) by extension 'colcon_meta'
[0.353s] Level 1:colcon.colcon_core.package_identification:_identify(src/arduinobot_utils) by extensions ['ros']
[0.353s] Level 1:colcon.colcon_core.package_identification:_identify(src/arduinobot_utils) by extension 'ros'
[0.354s] DEBUG:colcon.colcon_core.package_identification:Package 'src/arduinobot_utils' with type 'ros.ament_cmake' and name 'arduinobot_utils'
[0.354s] Level 1:colcon.colcon_core.package_identification:_identify(src/build) by extensions ['ignore', 'ignore_ament_install']
[0.354s] Level 1:colcon.colcon_core.package_identification:_identify(src/build) by extension 'ignore'
[0.354s] Level 1:colcon.colcon_core.package_identification:_identify(src/build) ignored
[0.354s] Level 1:colcon.colcon_core.package_identification:_identify(src/install) by extensions ['ignore', 'ignore_ament_install']
[0.354s] Level 1:colcon.colcon_core.package_identification:_identify(src/install) by extension 'ignore'
[0.354s] Level 1:colcon.colcon_core.package_identification:_identify(src/install) ignored
[0.354s] Level 1:colcon.colcon_core.package_identification:_identify(src/log) by extensions ['ignore', 'ignore_ament_install']
[0.354s] Level 1:colcon.colcon_core.package_identification:_identify(src/log) by extension 'ignore'
[0.354s] Level 1:colcon.colcon_core.package_identification:_identify(src/log) ignored
[0.354s] Level 1:colcon.colcon_core.package_discovery:discover_packages(recursive) using defaults
[0.354s] Level 1:colcon.colcon_core.package_discovery:discover_packages(ignore) discover
[0.354s] Level 1:colcon.colcon_core.package_discovery:discover_packages(ignore) using defaults
[0.354s] Level 1:colcon.colcon_core.package_discovery:discover_packages(path) discover
[0.354s] Level 1:colcon.colcon_core.package_discovery:discover_packages(path) using defaults
[0.383s] Level 1:colcon.colcon_core.package_discovery:discover_packages(prefix_path) check parameters
[0.383s] Level 1:colcon.colcon_core.package_discovery:discover_packages(prefix_path) discover
[0.387s] DEBUG:colcon.colcon_installed_package_information.package_discovery:Found 7 installed packages in /home/parallels/arduinobot_ws/install
[0.388s] DEBUG:colcon.colcon_installed_package_information.package_discovery:Found 6 installed packages in /home/parallels/ros2_ws/install
[0.389s] DEBUG:colcon.colcon_installed_package_information.package_discovery:Found 2 installed packages in /home/parallels/test_ws/install
[0.390s] DEBUG:colcon.colcon_installed_package_information.package_discovery:Found 367 installed packages in /opt/ros/humble
[0.391s] Level 1:colcon.colcon_core.package_discovery:discover_packages(prefix_path) using defaults
[0.456s] Level 5:colcon.colcon_core.verb:set package 'arduinobot_description' build argument 'cmake_args' from command line to 'None'
[0.456s] Level 5:colcon.colcon_core.verb:set package 'arduinobot_description' build argument 'cmake_target' from command line to 'None'
[0.456s] Level 5:colcon.colcon_core.verb:set package 'arduinobot_description' build argument 'cmake_target_skip_unavailable' from command line to 'False'
[0.456s] Level 5:colcon.colcon_core.verb:set package 'arduinobot_description' build argument 'cmake_clean_cache' from command line to 'False'
[0.456s] Level 5:colcon.colcon_core.verb:set package 'arduinobot_description' build argument 'cmake_clean_first' from command line to 'False'
[0.456s] Level 5:colcon.colcon_core.verb:set package 'arduinobot_description' build argument 'cmake_force_configure' from command line to 'False'
[0.456s] Level 5:colcon.colcon_core.verb:set package 'arduinobot_description' build argument 'ament_cmake_args' from command line to 'None'
[0.456s] Level 5:colcon.colcon_core.verb:set package 'arduinobot_description' build argument 'catkin_cmake_args' from command line to 'None'
[0.456s] Level 5:colcon.colcon_core.verb:set package 'arduinobot_description' build argument 'catkin_skip_building_tests' from command line to 'False'
[0.456s] DEBUG:colcon.colcon_core.verb:Building package 'arduinobot_description' with the following arguments: {'ament_cmake_args': None, 'build_base': '/home/parallels/arduinobot_ws/build/arduinobot_description', 'catkin_cmake_args': None, 'catkin_skip_building_tests': False, 'cmake_args': None, 'cmake_clean_cache': False, 'cmake_clean_first': False, 'cmake_force_configure': False, 'cmake_target': None, 'cmake_target_skip_unavailable': False, 'install_base': '/home/parallels/arduinobot_ws/install/arduinobot_description', 'merge_install': False, 'path': '/home/parallels/arduinobot_ws/src/arduinobot_description', 'symlink_install': False, 'test_result_base': None}
[0.456s] Level 5:colcon.colcon_core.verb:set package 'arduinobot_moveit' build argument 'cmake_args' from command line to 'None'
[0.456s] Level 5:colcon.colcon_core.verb:set package 'arduinobot_moveit' build argument 'cmake_target' from command line to 'None'
[0.456s] Level 5:colcon.colcon_core.verb:set package 'arduinobot_moveit' build argument 'cmake_target_skip_unavailable' from command line to 'False'
[0.456s] Level 5:colcon.colcon_core.verb:set package 'arduinobot_moveit' build argument 'cmake_clean_cache' from command line to 'False'
[0.456s] Level 5:colcon.colcon_core.verb:set package 'arduinobot_moveit' build argument 'cmake_clean_first' from command line to 'False'
[0.456s] Level 5:colcon.colcon_core.verb:set package 'arduinobot_moveit' build argument 'cmake_force_configure' from command line to 'False'
[0.456s] Level 5:colcon.colcon_core.verb:set package 'arduinobot_moveit' build argument 'ament_cmake_args' from command line to 'None'
[0.456s] Level 5:colcon.colcon_core.verb:set package 'arduinobot_moveit' build argument 'catkin_cmake_args' from command line to 'None'
[0.456s] Level 5:colcon.colcon_core.verb:set package 'arduinobot_moveit' build argument 'catkin_skip_building_tests' from command line to 'False'
[0.456s] DEBUG:colcon.colcon_core.verb:Building package 'arduinobot_moveit' with the following arguments: {'ament_cmake_args': None, 'build_base': '/home/parallels/arduinobot_ws/build/arduinobot_moveit', 'catkin_cmake_args': None, 'catkin_skip_building_tests': False, 'cmake_args': None, 'cmake_clean_cache': False, 'cmake_clean_first': False, 'cmake_force_configure': False, 'cmake_target': None, 'cmake_target_skip_unavailable': False, 'install_base': '/home/parallels/arduinobot_ws/install/arduinobot_moveit', 'merge_install': False, 'path': '/home/parallels/arduinobot_ws/src/arduinobot_moveit', 'symlink_install': False, 'test_result_base': None}
[0.456s] Level 5:colcon.colcon_core.verb:set package 'arduinobot_msgs' build argument 'cmake_args' from command line to 'None'
[0.456s] Level 5:colcon.colcon_core.verb:set package 'arduinobot_msgs' build argument 'cmake_target' from command line to 'None'
[0.456s] Level 5:colcon.colcon_core.verb:set package 'arduinobot_msgs' build argument 'cmake_target_skip_unavailable' from command line to 'False'
[0.456s] Level 5:colcon.colcon_core.verb:set package 'arduinobot_msgs' build argument 'cmake_clean_cache' from command line to 'False'
[0.456s] Level 5:colcon.colcon_core.verb:set package 'arduinobot_msgs' build argument 'cmake_clean_first' from command line to 'False'
[0.457s] Level 5:colcon.colcon_core.verb:set package 'arduinobot_msgs' build argument 'cmake_force_configure' from command line to 'False'
[0.457s] Level 5:colcon.colcon_core.verb:set package 'arduinobot_msgs' build argument 'ament_cmake_args' from command line to 'None'
[0.457s] Level 5:colcon.colcon_core.verb:set package 'arduinobot_msgs' build argument 'catkin_cmake_args' from command line to 'None'
[0.457s] Level 5:colcon.colcon_core.verb:set package 'arduinobot_msgs' build argument 'catkin_skip_building_tests' from command line to 'False'
[0.457s] DEBUG:colcon.colcon_core.verb:Building package 'arduinobot_msgs' with the following arguments: {'ament_cmake_args': None, 'build_base': '/home/parallels/arduinobot_ws/build/arduinobot_msgs', 'catkin_cmake_args': None, 'catkin_skip_building_tests': False, 'cmake_args': None, 'cmake_clean_cache': False, 'cmake_clean_first': False, 'cmake_force_configure': False, 'cmake_target': None, 'cmake_target_skip_unavailable': False, 'install_base': '/home/parallels/arduinobot_ws/install/arduinobot_msgs', 'merge_install': False, 'path': '/home/parallels/arduinobot_ws/src/arduinobot_msgs', 'symlink_install': False, 'test_result_base': None}
[0.457s] Level 5:colcon.colcon_core.verb:set package 'arduinobot_cpp_examples' build argument 'cmake_args' from command line to 'None'
[0.457s] Level 5:colcon.colcon_core.verb:set package 'arduinobot_cpp_examples' build argument 'cmake_target' from command line to 'None'
[0.457s] Level 5:colcon.colcon_core.verb:set package 'arduinobot_cpp_examples' build argument 'cmake_target_skip_unavailable' from command line to 'False'
[0.457s] Level 5:colcon.colcon_core.verb:set package 'arduinobot_cpp_examples' build argument 'cmake_clean_cache' from command line to 'False'
[0.457s] Level 5:colcon.colcon_core.verb:set package 'arduinobot_cpp_examples' build argument 'cmake_clean_first' from command line to 'False'
[0.457s] Level 5:colcon.colcon_core.verb:set package 'arduinobot_cpp_examples' build argument 'cmake_force_configure' from command line to 'False'
[0.457s] Level 5:colcon.colcon_core.verb:set package 'arduinobot_cpp_examples' build argument 'ament_cmake_args' from command line to 'None'
[0.457s] Level 5:colcon.colcon_core.verb:set package 'arduinobot_cpp_examples' build argument 'catkin_cmake_args' from command line to 'None'
[0.457s] Level 5:colcon.colcon_core.verb:set package 'arduinobot_cpp_examples' build argument 'catkin_skip_building_tests' from command line to 'False'
[0.457s] DEBUG:colcon.colcon_core.verb:Building package 'arduinobot_cpp_examples' with the following arguments: {'ament_cmake_args': None, 'build_base': '/home/parallels/arduinobot_ws/build/arduinobot_cpp_examples', 'catkin_cmake_args': None, 'catkin_skip_building_tests': False, 'cmake_args': None, 'cmake_clean_cache': False, 'cmake_clean_first': False, 'cmake_force_configure': False, 'cmake_target': None, 'cmake_target_skip_unavailable': False, 'install_base': '/home/parallels/arduinobot_ws/install/arduinobot_cpp_examples', 'merge_install': False, 'path': '/home/parallels/arduinobot_ws/src/arduinobot_cpp_examples', 'symlink_install': False, 'test_result_base': None}
[0.457s] Level 5:colcon.colcon_core.verb:set package 'arduinobot_py_examples' build argument 'cmake_args' from command line to 'None'
[0.457s] Level 5:colcon.colcon_core.verb:set package 'arduinobot_py_examples' build argument 'cmake_target' from command line to 'None'
[0.457s] Level 5:colcon.colcon_core.verb:set package 'arduinobot_py_examples' build argument 'cmake_target_skip_unavailable' from command line to 'False'
[0.457s] Level 5:colcon.colcon_core.verb:set package 'arduinobot_py_examples' build argument 'cmake_clean_cache' from command line to 'False'
[0.457s] Level 5:colcon.colcon_core.verb:set package 'arduinobot_py_examples' build argument 'cmake_clean_first' from command line to 'False'
[0.457s] Level 5:colcon.colcon_core.verb:set package 'arduinobot_py_examples' build argument 'cmake_force_configure' from command line to 'False'
[0.457s] Level 5:colcon.colcon_core.verb:set package 'arduinobot_py_examples' build argument 'ament_cmake_args' from command line to 'None'
[0.457s] Level 5:colcon.colcon_core.verb:set package 'arduinobot_py_examples' build argument 'catkin_cmake_args' from command line to 'None'
[0.457s] Level 5:colcon.colcon_core.verb:set package 'arduinobot_py_examples' build argument 'catkin_skip_building_tests' from command line to 'False'
[0.457s] DEBUG:colcon.colcon_core.verb:Building package 'arduinobot_py_examples' with the following arguments: {'ament_cmake_args': None, 'build_base': '/home/parallels/arduinobot_ws/build/arduinobot_py_examples', 'catkin_cmake_args': None, 'catkin_skip_building_tests': False, 'cmake_args': None, 'cmake_clean_cache': False, 'cmake_clean_first': False, 'cmake_force_configure': False, 'cmake_target': None, 'cmake_target_skip_unavailable': False, 'install_base': '/home/parallels/arduinobot_ws/install/arduinobot_py_examples', 'merge_install': False, 'path': '/home/parallels/arduinobot_ws/src/arduinobot_py_examples', 'symlink_install': False, 'test_result_base': None}
[0.457s] Level 5:colcon.colcon_core.verb:set package 'arduinobot_utils' build argument 'cmake_args' from command line to 'None'
[0.457s] Level 5:colcon.colcon_core.verb:set package 'arduinobot_utils' build argument 'cmake_target' from command line to 'None'
[0.458s] Level 5:colcon.colcon_core.verb:set package 'arduinobot_utils' build argument 'cmake_target_skip_unavailable' from command line to 'False'
[0.458s] Level 5:colcon.colcon_core.verb:set package 'arduinobot_utils' build argument 'cmake_clean_cache' from command line to 'False'
[0.458s] Level 5:colcon.colcon_core.verb:set package 'arduinobot_utils' build argument 'cmake_clean_first' from command line to 'False'
[0.458s] Level 5:colcon.colcon_core.verb:set package 'arduinobot_utils' build argument 'cmake_force_configure' from command line to 'False'
[0.458s] Level 5:colcon.colcon_core.verb:set package 'arduinobot_utils' build argument 'ament_cmake_args' from command line to 'None'
[0.458s] Level 5:colcon.colcon_core.verb:set package 'arduinobot_utils' build argument 'catkin_cmake_args' from command line to 'None'
[0.458s] Level 5:colcon.colcon_core.verb:set package 'arduinobot_utils' build argument 'catkin_skip_building_tests' from command line to 'False'
[0.458s] DEBUG:colcon.colcon_core.verb:Building package 'arduinobot_utils' with the following arguments: {'ament_cmake_args': None, 'build_base': '/home/parallels/arduinobot_ws/build/arduinobot_utils', 'catkin_cmake_args': None, 'catkin_skip_building_tests': False, 'cmake_args': None, 'cmake_clean_cache': False, 'cmake_clean_first': False, 'cmake_force_configure': False, 'cmake_target': None, 'cmake_target_skip_unavailable': False, 'install_base': '/home/parallels/arduinobot_ws/install/arduinobot_utils', 'merge_install': False, 'path': '/home/parallels/arduinobot_ws/src/arduinobot_utils', 'symlink_install': False, 'test_result_base': None}
[0.458s] INFO:colcon.colcon_core.executor:Executing jobs using 'parallel' executor
[0.458s] DEBUG:colcon.colcon_parallel_executor.executor.parallel:run_until_complete
[0.459s] INFO:colcon.colcon_ros.task.ament_cmake.build:Building ROS package in '/home/parallels/arduinobot_ws/src/arduinobot_msgs' with build type 'ament_cmake'
[0.459s] INFO:colcon.colcon_cmake.task.cmake.build:Building CMake package in '/home/parallels/arduinobot_ws/src/arduinobot_msgs'
[0.463s] INFO:colcon.colcon_core.plugin_system:Skipping extension 'colcon_core.shell.bat': Not used on non-Windows systems
[0.463s] INFO:colcon.colcon_core.shell:Skip shell extension 'powershell' for command environment: Not usable outside of PowerShell
[0.463s] DEBUG:colcon.colcon_core.shell:Skip shell extension 'dsv' for command environment
[0.467s] INFO:colcon.colcon_ros.task.ament_cmake.build:Building ROS package in '/home/parallels/arduinobot_ws/src/arduinobot_description' with build type 'ament_cmake'
[0.468s] INFO:colcon.colcon_cmake.task.cmake.build:Building CMake package in '/home/parallels/arduinobot_ws/src/arduinobot_description'
[0.468s] INFO:colcon.colcon_core.shell:Skip shell extension 'powershell' for command environment: Not usable outside of PowerShell
[0.468s] DEBUG:colcon.colcon_core.shell:Skip shell extension 'dsv' for command environment
[0.476s] DEBUG:colcon.colcon_core.event_handler.log_command:Invoking command in '/home/parallels/arduinobot_ws/build/arduinobot_msgs': CMAKE_PREFIX_PATH=${CMAKE_PREFIX_PATH}:/home/parallels/arduinobot_ws/install/arduinobot_py_examples:/home/parallels/ros2_ws/install/opencv_tests:/home/parallels/ros2_ws/install/my_robot_controller:/opt/ros/humble /usr/bin/cmake --build /home/parallels/arduinobot_ws/build/arduinobot_msgs -- -j2 -l2
[0.484s] DEBUG:colcon.colcon_core.event_handler.log_command:Invoking command in '/home/parallels/arduinobot_ws/build/arduinobot_description': CMAKE_PREFIX_PATH=${CMAKE_PREFIX_PATH}:/home/parallels/arduinobot_ws/install/arduinobot_py_examples:/home/parallels/ros2_ws/install/opencv_tests:/home/parallels/ros2_ws/install/my_robot_controller:/opt/ros/humble /usr/bin/cmake --build /home/parallels/arduinobot_ws/build/arduinobot_description -- -j2 -l2
[0.549s] DEBUG:colcon.colcon_core.event_handler.log_command:Invoked command in '/home/parallels/arduinobot_ws/build/arduinobot_description' returned '0': CMAKE_PREFIX_PATH=${CMAKE_PREFIX_PATH}:/home/parallels/arduinobot_ws/install/arduinobot_py_examples:/home/parallels/ros2_ws/install/opencv_tests:/home/parallels/ros2_ws/install/my_robot_controller:/opt/ros/humble /usr/bin/cmake --build /home/parallels/arduinobot_ws/build/arduinobot_description -- -j2 -l2
[0.575s] DEBUG:colcon.colcon_core.event_handler.log_command:Invoking command in '/home/parallels/arduinobot_ws/build/arduinobot_description': CMAKE_PREFIX_PATH=${CMAKE_PREFIX_PATH}:/home/parallels/arduinobot_ws/install/arduinobot_py_examples:/home/parallels/ros2_ws/install/opencv_tests:/home/parallels/ros2_ws/install/my_robot_controller:/opt/ros/humble /usr/bin/cmake --install /home/parallels/arduinobot_ws/build/arduinobot_description
[0.628s] Level 1:colcon.colcon_core.environment:create_environment_scripts_only(arduinobot_description)
[0.629s] DEBUG:colcon.colcon_core.event_handler.log_command:Invoked command in '/home/parallels/arduinobot_ws/build/arduinobot_description' returned '0': CMAKE_PREFIX_PATH=${CMAKE_PREFIX_PATH}:/home/parallels/arduinobot_ws/install/arduinobot_py_examples:/home/parallels/ros2_ws/install/opencv_tests:/home/parallels/ros2_ws/install/my_robot_controller:/opt/ros/humble /usr/bin/cmake --install /home/parallels/arduinobot_ws/build/arduinobot_description
[0.632s] Level 1:colcon.colcon_core.environment:checking '/home/parallels/arduinobot_ws/install/arduinobot_description' for CMake module files
[0.633s] Level 1:colcon.colcon_core.environment:checking '/home/parallels/arduinobot_ws/install/arduinobot_description' for CMake config files
[0.633s] Level 1:colcon.colcon_core.shell:create_environment_hook('arduinobot_description', 'cmake_prefix_path')
[0.634s] INFO:colcon.colcon_core.shell:Creating environment hook '/home/parallels/arduinobot_ws/install/arduinobot_description/share/arduinobot_description/hook/cmake_prefix_path.ps1'
[0.635s] INFO:colcon.colcon_core.shell:Creating environment descriptor '/home/parallels/arduinobot_ws/install/arduinobot_description/share/arduinobot_description/hook/cmake_prefix_path.dsv'
[0.636s] INFO:colcon.colcon_core.shell:Creating environment hook '/home/parallels/arduinobot_ws/install/arduinobot_description/share/arduinobot_description/hook/cmake_prefix_path.sh'
[0.636s] Level 1:colcon.colcon_core.environment:checking '/home/parallels/arduinobot_ws/install/arduinobot_description/bin'
[0.637s] Level 1:colcon.colcon_core.environment:checking '/home/parallels/arduinobot_ws/install/arduinobot_description/lib/pkgconfig/arduinobot_description.pc'
[0.637s] Level 1:colcon.colcon_core.environment:checking '/home/parallels/arduinobot_ws/install/arduinobot_description/lib/python3.10/site-packages'
[0.637s] Level 1:colcon.colcon_core.environment:checking '/home/parallels/arduinobot_ws/install/arduinobot_description/bin'
[0.637s] INFO:colcon.colcon_core.shell:Creating package script '/home/parallels/arduinobot_ws/install/arduinobot_description/share/arduinobot_description/package.ps1'
[0.639s] INFO:colcon.colcon_core.shell:Creating package descriptor '/home/parallels/arduinobot_ws/install/arduinobot_description/share/arduinobot_description/package.dsv'
[0.640s] INFO:colcon.colcon_core.shell:Creating package script '/home/parallels/arduinobot_ws/install/arduinobot_description/share/arduinobot_description/package.sh'
[0.641s] INFO:colcon.colcon_core.shell:Creating package script '/home/parallels/arduinobot_ws/install/arduinobot_description/share/arduinobot_description/package.bash'
[0.642s] INFO:colcon.colcon_core.shell:Creating package script '/home/parallels/arduinobot_ws/install/arduinobot_description/share/arduinobot_description/package.zsh'
[0.643s] Level 1:colcon.colcon_core.environment:create_file_with_runtime_dependencies(/home/parallels/arduinobot_ws/install/arduinobot_description/share/colcon-core/packages/arduinobot_description)
[0.670s] Level 1:colcon.colcon_core.environment:create_environment_scripts_only(arduinobot_description)
[0.671s] Level 1:colcon.colcon_core.environment:checking '/home/parallels/arduinobot_ws/install/arduinobot_description' for CMake module files
[0.671s] Level 1:colcon.colcon_core.environment:checking '/home/parallels/arduinobot_ws/install/arduinobot_description' for CMake config files
[0.671s] Level 1:colcon.colcon_core.shell:create_environment_hook('arduinobot_description', 'cmake_prefix_path')
[0.672s] INFO:colcon.colcon_core.shell:Creating environment hook '/home/parallels/arduinobot_ws/install/arduinobot_description/share/arduinobot_description/hook/cmake_prefix_path.ps1'
[0.672s] INFO:colcon.colcon_core.shell:Creating environment descriptor '/home/parallels/arduinobot_ws/install/arduinobot_description/share/arduinobot_description/hook/cmake_prefix_path.dsv'
[0.672s] INFO:colcon.colcon_core.shell:Creating environment hook '/home/parallels/arduinobot_ws/install/arduinobot_description/share/arduinobot_description/hook/cmake_prefix_path.sh'
[0.673s] Level 1:colcon.colcon_core.environment:checking '/home/parallels/arduinobot_ws/install/arduinobot_description/bin'
[0.673s] Level 1:colcon.colcon_core.environment:checking '/home/parallels/arduinobot_ws/install/arduinobot_description/lib/pkgconfig/arduinobot_description.pc'
[0.673s] Level 1:colcon.colcon_core.environment:checking '/home/parallels/arduinobot_ws/install/arduinobot_description/lib/python3.10/site-packages'
[0.674s] Level 1:colcon.colcon_core.environment:checking '/home/parallels/arduinobot_ws/install/arduinobot_description/bin'
[0.674s] INFO:colcon.colcon_core.shell:Creating package script '/home/parallels/arduinobot_ws/install/arduinobot_description/share/arduinobot_description/package.ps1'
[0.674s] INFO:colcon.colcon_core.shell:Creating package descriptor '/home/parallels/arduinobot_ws/install/arduinobot_description/share/arduinobot_description/package.dsv'
[0.675s] INFO:colcon.colcon_core.shell:Creating package script '/home/parallels/arduinobot_ws/install/arduinobot_description/share/arduinobot_description/package.sh'
[0.675s] INFO:colcon.colcon_core.shell:Creating package script '/home/parallels/arduinobot_ws/install/arduinobot_description/share/arduinobot_description/package.bash'
[0.676s] INFO:colcon.colcon_core.shell:Creating package script '/home/parallels/arduinobot_ws/install/arduinobot_description/share/arduinobot_description/package.zsh'
[0.676s] Level 1:colcon.colcon_core.environment:create_file_with_runtime_dependencies(/home/parallels/arduinobot_ws/install/arduinobot_description/share/colcon-core/packages/arduinobot_description)
[0.677s] INFO:colcon.colcon_ros.task.ament_cmake.build:Building ROS package in '/home/parallels/arduinobot_ws/src/arduinobot_moveit' with build type 'ament_cmake'
[0.677s] INFO:colcon.colcon_cmake.task.cmake.build:Building CMake package in '/home/parallels/arduinobot_ws/src/arduinobot_moveit'
[0.677s] INFO:colcon.colcon_core.shell:Skip shell extension 'powershell' for command environment: Not usable outside of PowerShell
[0.678s] DEBUG:colcon.colcon_core.shell:Skip shell extension 'dsv' for command environment
[0.709s] DEBUG:colcon.colcon_core.event_handler.log_command:Invoking command in '/home/parallels/arduinobot_ws/build/arduinobot_moveit': CMAKE_PREFIX_PATH=${CMAKE_PREFIX_PATH}:/home/parallels/arduinobot_ws/install/arduinobot_py_examples:/home/parallels/ros2_ws/install/opencv_tests:/home/parallels/ros2_ws/install/my_robot_controller:/opt/ros/humble /usr/bin/cmake --build /home/parallels/arduinobot_ws/build/arduinobot_moveit -- -j2 -l2
[0.772s] DEBUG:colcon.colcon_core.event_handler.log_command:Invoked command in '/home/parallels/arduinobot_ws/build/arduinobot_moveit' returned '0': CMAKE_PREFIX_PATH=${CMAKE_PREFIX_PATH}:/home/parallels/arduinobot_ws/install/arduinobot_py_examples:/home/parallels/ros2_ws/install/opencv_tests:/home/parallels/ros2_ws/install/my_robot_controller:/opt/ros/humble /usr/bin/cmake --build /home/parallels/arduinobot_ws/build/arduinobot_moveit -- -j2 -l2
[0.798s] DEBUG:colcon.colcon_core.event_handler.log_command:Invoking command in '/home/parallels/arduinobot_ws/build/arduinobot_moveit': CMAKE_PREFIX_PATH=${CMAKE_PREFIX_PATH}:/home/parallels/arduinobot_ws/install/arduinobot_py_examples:/home/parallels/ros2_ws/install/opencv_tests:/home/parallels/ros2_ws/install/my_robot_controller:/opt/ros/humble /usr/bin/cmake --install /home/parallels/arduinobot_ws/build/arduinobot_moveit
[0.825s] Level 1:colcon.colcon_core.environment:create_environment_scripts_only(arduinobot_moveit)
[0.826s] Level 1:colcon.colcon_core.environment:checking '/home/parallels/arduinobot_ws/install/arduinobot_moveit' for CMake module files
[0.826s] Level 1:colcon.colcon_core.environment:checking '/home/parallels/arduinobot_ws/install/arduinobot_moveit' for CMake config files
[0.826s] Level 1:colcon.colcon_core.shell:create_environment_hook('arduinobot_moveit', 'cmake_prefix_path')
[0.826s] INFO:colcon.colcon_core.shell:Creating environment hook '/home/parallels/arduinobot_ws/install/arduinobot_moveit/share/arduinobot_moveit/hook/cmake_prefix_path.ps1'
[0.827s] INFO:colcon.colcon_core.shell:Creating environment descriptor '/home/parallels/arduinobot_ws/install/arduinobot_moveit/share/arduinobot_moveit/hook/cmake_prefix_path.dsv'
[0.828s] DEBUG:colcon.colcon_core.event_handler.log_command:Invoked command in '/home/parallels/arduinobot_ws/build/arduinobot_moveit' returned '0': CMAKE_PREFIX_PATH=${CMAKE_PREFIX_PATH}:/home/parallels/arduinobot_ws/install/arduinobot_py_examples:/home/parallels/ros2_ws/install/opencv_tests:/home/parallels/ros2_ws/install/my_robot_controller:/opt/ros/humble /usr/bin/cmake --install /home/parallels/arduinobot_ws/build/arduinobot_moveit
[0.829s] INFO:colcon.colcon_core.shell:Creating environment hook '/home/parallels/arduinobot_ws/install/arduinobot_moveit/share/arduinobot_moveit/hook/cmake_prefix_path.sh'
[0.829s] Level 1:colcon.colcon_core.environment:checking '/home/parallels/arduinobot_ws/install/arduinobot_moveit/bin'
[0.830s] Level 1:colcon.colcon_core.environment:checking '/home/parallels/arduinobot_ws/install/arduinobot_moveit/lib/pkgconfig/arduinobot_moveit.pc'
[0.830s] Level 1:colcon.colcon_core.environment:checking '/home/parallels/arduinobot_ws/install/arduinobot_moveit/lib/python3.10/site-packages'
[0.831s] Level 1:colcon.colcon_core.environment:checking '/home/parallels/arduinobot_ws/install/arduinobot_moveit/bin'
[0.832s] INFO:colcon.colcon_core.shell:Creating package script '/home/parallels/arduinobot_ws/install/arduinobot_moveit/share/arduinobot_moveit/package.ps1'
[0.832s] INFO:colcon.colcon_core.shell:Creating package descriptor '/home/parallels/arduinobot_ws/install/arduinobot_moveit/share/arduinobot_moveit/package.dsv'
[0.833s] INFO:colcon.colcon_core.shell:Creating package script '/home/parallels/arduinobot_ws/install/arduinobot_moveit/share/arduinobot_moveit/package.sh'
[0.833s] INFO:colcon.colcon_core.shell:Creating package script '/home/parallels/arduinobot_ws/install/arduinobot_moveit/share/arduinobot_moveit/package.bash'
[0.834s] INFO:colcon.colcon_core.shell:Creating package script '/home/parallels/arduinobot_ws/install/arduinobot_moveit/share/arduinobot_moveit/package.zsh'
[0.834s] Level 1:colcon.colcon_core.environment:create_file_with_runtime_dependencies(/home/parallels/arduinobot_ws/install/arduinobot_moveit/share/colcon-core/packages/arduinobot_moveit)
[0.872s] Level 1:colcon.colcon_core.environment:create_environment_scripts_only(arduinobot_moveit)
[0.872s] Level 1:colcon.colcon_core.environment:checking '/home/parallels/arduinobot_ws/install/arduinobot_moveit' for CMake module files
[0.873s] Level 1:colcon.colcon_core.environment:checking '/home/parallels/arduinobot_ws/install/arduinobot_moveit' for CMake config files
[0.873s] Level 1:colcon.colcon_core.shell:create_environment_hook('arduinobot_moveit', 'cmake_prefix_path')
[0.873s] INFO:colcon.colcon_core.shell:Creating environment hook '/home/parallels/arduinobot_ws/install/arduinobot_moveit/share/arduinobot_moveit/hook/cmake_prefix_path.ps1'
[0.881s] INFO:colcon.colcon_core.shell:Creating environment descriptor '/home/parallels/arduinobot_ws/install/arduinobot_moveit/share/arduinobot_moveit/hook/cmake_prefix_path.dsv'
[0.881s] INFO:colcon.colcon_core.shell:Creating environment hook '/home/parallels/arduinobot_ws/install/arduinobot_moveit/share/arduinobot_moveit/hook/cmake_prefix_path.sh'
[0.882s] Level 1:colcon.colcon_core.environment:checking '/home/parallels/arduinobot_ws/install/arduinobot_moveit/bin'
[0.882s] Level 1:colcon.colcon_core.environment:checking '/home/parallels/arduinobot_ws/install/arduinobot_moveit/lib/pkgconfig/arduinobot_moveit.pc'
[0.882s] Level 1:colcon.colcon_core.environment:checking '/home/parallels/arduinobot_ws/install/arduinobot_moveit/lib/python3.10/site-packages'
[0.882s] Level 1:colcon.colcon_core.environment:checking '/home/parallels/arduinobot_ws/install/arduinobot_moveit/bin'
[0.883s] INFO:colcon.colcon_core.shell:Creating package script '/home/parallels/arduinobot_ws/install/arduinobot_moveit/share/arduinobot_moveit/package.ps1'
[0.883s] INFO:colcon.colcon_core.shell:Creating package descriptor '/home/parallels/arduinobot_ws/install/arduinobot_moveit/share/arduinobot_moveit/package.dsv'
[0.884s] INFO:colcon.colcon_core.shell:Creating package script '/home/parallels/arduinobot_ws/install/arduinobot_moveit/share/arduinobot_moveit/package.sh'
[0.884s] INFO:colcon.colcon_core.shell:Creating package script '/home/parallels/arduinobot_ws/install/arduinobot_moveit/share/arduinobot_moveit/package.bash'
[0.885s] INFO:colcon.colcon_core.shell:Creating package script '/home/parallels/arduinobot_ws/install/arduinobot_moveit/share/arduinobot_moveit/package.zsh'
[0.885s] Level 1:colcon.colcon_core.environment:create_file_with_runtime_dependencies(/home/parallels/arduinobot_ws/install/arduinobot_moveit/share/colcon-core/packages/arduinobot_moveit)
[1.087s] DEBUG:colcon.colcon_core.event_handler.log_command:Invoked command in '/home/parallels/arduinobot_ws/build/arduinobot_msgs' returned '0': CMAKE_PREFIX_PATH=${CMAKE_PREFIX_PATH}:/home/parallels/arduinobot_ws/install/arduinobot_py_examples:/home/parallels/ros2_ws/install/opencv_tests:/home/parallels/ros2_ws/install/my_robot_controller:/opt/ros/humble /usr/bin/cmake --build /home/parallels/arduinobot_ws/build/arduinobot_msgs -- -j2 -l2
[1.172s] DEBUG:colcon.colcon_core.event_handler.log_command:Invoking command in '/home/parallels/arduinobot_ws/build/arduinobot_msgs': CMAKE_PREFIX_PATH=${CMAKE_PREFIX_PATH}:/home/parallels/arduinobot_ws/install/arduinobot_py_examples:/home/parallels/ros2_ws/install/opencv_tests:/home/parallels/ros2_ws/install/my_robot_controller:/opt/ros/humble /usr/bin/cmake --install /home/parallels/arduinobot_ws/build/arduinobot_msgs
[1.243s] Level 1:colcon.colcon_core.environment:create_environment_scripts_only(arduinobot_msgs)
[1.244s] Level 1:colcon.colcon_core.environment:checking '/home/parallels/arduinobot_ws/install/arduinobot_msgs' for CMake module files
[1.244s] Level 1:colcon.colcon_core.environment:checking '/home/parallels/arduinobot_ws/install/arduinobot_msgs' for CMake config files
[1.244s] Level 1:colcon.colcon_core.shell:create_environment_hook('arduinobot_msgs', 'cmake_prefix_path')
[1.245s] INFO:colcon.colcon_core.shell:Creating environment hook '/home/parallels/arduinobot_ws/install/arduinobot_msgs/share/arduinobot_msgs/hook/cmake_prefix_path.ps1'
[1.245s] INFO:colcon.colcon_core.shell:Creating environment descriptor '/home/parallels/arduinobot_ws/install/arduinobot_msgs/share/arduinobot_msgs/hook/cmake_prefix_path.dsv'
[1.245s] INFO:colcon.colcon_core.shell:Creating environment hook '/home/parallels/arduinobot_ws/install/arduinobot_msgs/share/arduinobot_msgs/hook/cmake_prefix_path.sh'
[1.246s] Level 1:colcon.colcon_core.environment:checking '/home/parallels/arduinobot_ws/install/arduinobot_msgs/lib'
[1.246s] Level 1:colcon.colcon_core.shell:create_environment_hook('arduinobot_msgs', 'ld_library_path_lib')
[1.246s] INFO:colcon.colcon_core.shell:Creating environment hook '/home/parallels/arduinobot_ws/install/arduinobot_msgs/share/arduinobot_msgs/hook/ld_library_path_lib.ps1'
[1.246s] INFO:colcon.colcon_core.shell:Creating environment descriptor '/home/parallels/arduinobot_ws/install/arduinobot_msgs/share/arduinobot_msgs/hook/ld_library_path_lib.dsv'
[1.246s] INFO:colcon.colcon_core.shell:Creating environment hook '/home/parallels/arduinobot_ws/install/arduinobot_msgs/share/arduinobot_msgs/hook/ld_library_path_lib.sh'
[1.246s] Level 1:colcon.colcon_core.environment:checking '/home/parallels/arduinobot_ws/install/arduinobot_msgs/bin'
[1.246s] Level 1:colcon.colcon_core.environment:checking '/home/parallels/arduinobot_ws/install/arduinobot_msgs/lib/pkgconfig/arduinobot_msgs.pc'
[1.247s] Level 1:colcon.colcon_core.environment:checking '/home/parallels/arduinobot_ws/install/arduinobot_msgs/lib/python3.10/site-packages'
[1.247s] Level 1:colcon.colcon_core.environment:checking '/home/parallels/arduinobot_ws/install/arduinobot_msgs/bin'
[1.247s] INFO:colcon.colcon_core.shell:Creating package script '/home/parallels/arduinobot_ws/install/arduinobot_msgs/share/arduinobot_msgs/package.ps1'
[1.247s] INFO:colcon.colcon_core.shell:Creating package descriptor '/home/parallels/arduinobot_ws/install/arduinobot_msgs/share/arduinobot_msgs/package.dsv'
[1.248s] INFO:colcon.colcon_core.shell:Creating package script '/home/parallels/arduinobot_ws/install/arduinobot_msgs/share/arduinobot_msgs/package.sh'
[1.248s] INFO:colcon.colcon_core.shell:Creating package script '/home/parallels/arduinobot_ws/install/arduinobot_msgs/share/arduinobot_msgs/package.bash'
[1.248s] DEBUG:colcon.colcon_core.event_handler.log_command:Invoked command in '/home/parallels/arduinobot_ws/build/arduinobot_msgs' returned '0': CMAKE_PREFIX_PATH=${CMAKE_PREFIX_PATH}:/home/parallels/arduinobot_ws/install/arduinobot_py_examples:/home/parallels/ros2_ws/install/opencv_tests:/home/parallels/ros2_ws/install/my_robot_controller:/opt/ros/humble /usr/bin/cmake --install /home/parallels/arduinobot_ws/build/arduinobot_msgs
[1.248s] INFO:colcon.colcon_core.shell:Creating package script '/home/parallels/arduinobot_ws/install/arduinobot_msgs/share/arduinobot_msgs/package.zsh'
[1.249s] Level 1:colcon.colcon_core.environment:create_file_with_runtime_dependencies(/home/parallels/arduinobot_ws/install/arduinobot_msgs/share/colcon-core/packages/arduinobot_msgs)
[1.314s] Level 1:colcon.colcon_core.environment:create_environment_scripts_only(arduinobot_msgs)
[1.314s] Level 1:colcon.colcon_core.environment:checking '/home/parallels/arduinobot_ws/install/arduinobot_msgs' for CMake module files
[1.314s] Level 1:colcon.colcon_core.environment:checking '/home/parallels/arduinobot_ws/install/arduinobot_msgs' for CMake config files
[1.315s] Level 1:colcon.colcon_core.shell:create_environment_hook('arduinobot_msgs', 'cmake_prefix_path')
[1.315s] INFO:colcon.colcon_core.shell:Creating environment hook '/home/parallels/arduinobot_ws/install/arduinobot_msgs/share/arduinobot_msgs/hook/cmake_prefix_path.ps1'
[1.315s] INFO:colcon.colcon_core.shell:Creating environment descriptor '/home/parallels/arduinobot_ws/install/arduinobot_msgs/share/arduinobot_msgs/hook/cmake_prefix_path.dsv'
[1.316s] INFO:colcon.colcon_core.shell:Creating environment hook '/home/parallels/arduinobot_ws/install/arduinobot_msgs/share/arduinobot_msgs/hook/cmake_prefix_path.sh'
[1.316s] Level 1:colcon.colcon_core.environment:checking '/home/parallels/arduinobot_ws/install/arduinobot_msgs/lib'
[1.316s] Level 1:colcon.colcon_core.shell:create_environment_hook('arduinobot_msgs', 'ld_library_path_lib')
[1.316s] INFO:colcon.colcon_core.shell:Creating environment hook '/home/parallels/arduinobot_ws/install/arduinobot_msgs/share/arduinobot_msgs/hook/ld_library_path_lib.ps1'
[1.316s] INFO:colcon.colcon_core.shell:Creating environment descriptor '/home/parallels/arduinobot_ws/install/arduinobot_msgs/share/arduinobot_msgs/hook/ld_library_path_lib.dsv'
[1.317s] INFO:colcon.colcon_core.shell:Creating environment hook '/home/parallels/arduinobot_ws/install/arduinobot_msgs/share/arduinobot_msgs/hook/ld_library_path_lib.sh'
[1.317s] Level 1:colcon.colcon_core.environment:checking '/home/parallels/arduinobot_ws/install/arduinobot_msgs/bin'
[1.317s] Level 1:colcon.colcon_core.environment:checking '/home/parallels/arduinobot_ws/install/arduinobot_msgs/lib/pkgconfig/arduinobot_msgs.pc'
[1.317s] Level 1:colcon.colcon_core.environment:checking '/home/parallels/arduinobot_ws/install/arduinobot_msgs/lib/python3.10/site-packages'
[1.317s] Level 1:colcon.colcon_core.environment:checking '/home/parallels/arduinobot_ws/install/arduinobot_msgs/bin'
[1.317s] INFO:colcon.colcon_core.shell:Creating package script '/home/parallels/arduinobot_ws/install/arduinobot_msgs/share/arduinobot_msgs/package.ps1'
[1.318s] INFO:colcon.colcon_core.shell:Creating package descriptor '/home/parallels/arduinobot_ws/install/arduinobot_msgs/share/arduinobot_msgs/package.dsv'
[1.318s] INFO:colcon.colcon_core.shell:Creating package script '/home/parallels/arduinobot_ws/install/arduinobot_msgs/share/arduinobot_msgs/package.sh'
[1.319s] INFO:colcon.colcon_core.shell:Creating package script '/home/parallels/arduinobot_ws/install/arduinobot_msgs/share/arduinobot_msgs/package.bash'
[1.320s] INFO:colcon.colcon_core.shell:Creating package script '/home/parallels/arduinobot_ws/install/arduinobot_msgs/share/arduinobot_msgs/package.zsh'
[1.320s] Level 1:colcon.colcon_core.environment:create_file_with_runtime_dependencies(/home/parallels/arduinobot_ws/install/arduinobot_msgs/share/colcon-core/packages/arduinobot_msgs)
[1.321s] INFO:colcon.colcon_ros.task.ament_cmake.build:Building ROS package in '/home/parallels/arduinobot_ws/src/arduinobot_cpp_examples' with build type 'ament_cmake'
[1.322s] INFO:colcon.colcon_cmake.task.cmake.build:Building CMake package in '/home/parallels/arduinobot_ws/src/arduinobot_cpp_examples'
[1.322s] INFO:colcon.colcon_core.shell:Skip shell extension 'powershell' for command environment: Not usable outside of PowerShell
[1.322s] DEBUG:colcon.colcon_core.shell:Skip shell extension 'dsv' for command environment
[1.328s] INFO:colcon.colcon_ros.task.ament_python.build:Building ROS package in '/home/parallels/arduinobot_ws/src/arduinobot_py_examples' with build type 'ament_python'
[1.329s] Level 1:colcon.colcon_core.shell:create_environment_hook('arduinobot_py_examples', 'ament_prefix_path')
[1.329s] INFO:colcon.colcon_core.shell:Creating environment hook '/home/parallels/arduinobot_ws/install/arduinobot_py_examples/share/arduinobot_py_examples/hook/ament_prefix_path.ps1'
[1.330s] INFO:colcon.colcon_core.shell:Creating environment descriptor '/home/parallels/arduinobot_ws/install/arduinobot_py_examples/share/arduinobot_py_examples/hook/ament_prefix_path.dsv'
[1.330s] INFO:colcon.colcon_core.shell:Creating environment hook '/home/parallels/arduinobot_ws/install/arduinobot_py_examples/share/arduinobot_py_examples/hook/ament_prefix_path.sh'
[1.331s] INFO:colcon.colcon_core.shell:Skip shell extension 'powershell' for command environment: Not usable outside of PowerShell
[1.331s] DEBUG:colcon.colcon_core.shell:Skip shell extension 'dsv' for command environment
[1.341s] DEBUG:colcon.colcon_core.event_handler.log_command:Invoking command in '/home/parallels/arduinobot_ws/build/arduinobot_cpp_examples': CMAKE_PREFIX_PATH=/home/parallels/arduinobot_ws/install/arduinobot_msgs:/home/parallels/arduinobot_ws/install/arduinobot_utils:/home/parallels/arduinobot_ws/install/arduinobot_cpp_examples:/home/parallels/arduinobot_ws/install/arduinobot_moveit:/home/parallels/arduinobot_ws/install/arduinobot_description:/home/parallels/ros2_ws/install/vision_opencv:/home/parallels/ros2_ws/install/image_geometry:/home/parallels/ros2_ws/install/cv_bridge:/home/parallels/test_ws/install/turtlesim:/home/parallels/test_ws/install/my_package:/home/parallels/arduinobot_ws/install/arduinobot_py_examples:/home/parallels/ros2_ws/install/opencv_tests:/home/parallels/ros2_ws/install/my_robot_controller:/opt/ros/humble /usr/bin/cmake --build /home/parallels/arduinobot_ws/build/arduinobot_cpp_examples -- -j2 -l2
[1.652s] INFO:colcon.colcon_core.task.python.build:Building Python package in '/home/parallels/arduinobot_ws/src/arduinobot_py_examples'
[1.653s] INFO:colcon.colcon_core.shell:Skip shell extension 'powershell' for command environment: Not usable outside of PowerShell
[1.653s] DEBUG:colcon.colcon_core.shell:Skip shell extension 'dsv' for command environment
[1.658s] DEBUG:colcon.colcon_core.event_handler.log_command:Invoked command in '/home/parallels/arduinobot_ws/build/arduinobot_cpp_examples' returned '0': CMAKE_PREFIX_PATH=/home/parallels/arduinobot_ws/install/arduinobot_msgs:/home/parallels/arduinobot_ws/install/arduinobot_utils:/home/parallels/arduinobot_ws/install/arduinobot_cpp_examples:/home/parallels/arduinobot_ws/install/arduinobot_moveit:/home/parallels/arduinobot_ws/install/arduinobot_description:/home/parallels/ros2_ws/install/vision_opencv:/home/parallels/ros2_ws/install/image_geometry:/home/parallels/ros2_ws/install/cv_bridge:/home/parallels/test_ws/install/turtlesim:/home/parallels/test_ws/install/my_package:/home/parallels/arduinobot_ws/install/arduinobot_py_examples:/home/parallels/ros2_ws/install/opencv_tests:/home/parallels/ros2_ws/install/my_robot_controller:/opt/ros/humble /usr/bin/cmake --build /home/parallels/arduinobot_ws/build/arduinobot_cpp_examples -- -j2 -l2
[1.808s] DEBUG:colcon.colcon_core.event_handler.log_command:Invoking command in '/home/parallels/arduinobot_ws/build/arduinobot_cpp_examples': CMAKE_PREFIX_PATH=/home/parallels/arduinobot_ws/install/arduinobot_msgs:/home/parallels/arduinobot_ws/install/arduinobot_utils:/home/parallels/arduinobot_ws/install/arduinobot_cpp_examples:/home/parallels/arduinobot_ws/install/arduinobot_moveit:/home/parallels/arduinobot_ws/install/arduinobot_description:/home/parallels/ros2_ws/install/vision_opencv:/home/parallels/ros2_ws/install/image_geometry:/home/parallels/ros2_ws/install/cv_bridge:/home/parallels/test_ws/install/turtlesim:/home/parallels/test_ws/install/my_package:/home/parallels/arduinobot_ws/install/arduinobot_py_examples:/home/parallels/ros2_ws/install/opencv_tests:/home/parallels/ros2_ws/install/my_robot_controller:/opt/ros/humble /usr/bin/cmake --install /home/parallels/arduinobot_ws/build/arduinobot_cpp_examples
[1.866s] Level 1:colcon.colcon_core.environment:create_environment_scripts_only(arduinobot_cpp_examples)
[1.866s] Level 1:colcon.colcon_core.environment:checking '/home/parallels/arduinobot_ws/install/arduinobot_cpp_examples' for CMake module files
[1.867s] Level 1:colcon.colcon_core.environment:checking '/home/parallels/arduinobot_ws/install/arduinobot_cpp_examples' for CMake config files
[1.867s] Level 1:colcon.colcon_core.shell:create_environment_hook('arduinobot_cpp_examples', 'cmake_prefix_path')
[1.867s] INFO:colcon.colcon_core.shell:Creating environment hook '/home/parallels/arduinobot_ws/install/arduinobot_cpp_examples/share/arduinobot_cpp_examples/hook/cmake_prefix_path.ps1'
[1.867s] INFO:colcon.colcon_core.shell:Creating environment descriptor '/home/parallels/arduinobot_ws/install/arduinobot_cpp_examples/share/arduinobot_cpp_examples/hook/cmake_prefix_path.dsv'
[1.868s] INFO:colcon.colcon_core.shell:Creating environment hook '/home/parallels/arduinobot_ws/install/arduinobot_cpp_examples/share/arduinobot_cpp_examples/hook/cmake_prefix_path.sh'
[1.868s] Level 1:colcon.colcon_core.environment:checking '/home/parallels/arduinobot_ws/install/arduinobot_cpp_examples/lib'
[1.868s] Level 1:colcon.colcon_core.environment:checking '/home/parallels/arduinobot_ws/install/arduinobot_cpp_examples/bin'
[1.868s] Level 1:colcon.colcon_core.environment:checking '/home/parallels/arduinobot_ws/install/arduinobot_cpp_examples/lib/pkgconfig/arduinobot_cpp_examples.pc'
[1.868s] Level 1:colcon.colcon_core.environment:checking '/home/parallels/arduinobot_ws/install/arduinobot_cpp_examples/lib/python3.10/site-packages'
[1.868s] Level 1:colcon.colcon_core.environment:checking '/home/parallels/arduinobot_ws/install/arduinobot_cpp_examples/bin'
[1.868s] INFO:colcon.colcon_core.shell:Creating package script '/home/parallels/arduinobot_ws/install/arduinobot_cpp_examples/share/arduinobot_cpp_examples/package.ps1'
[1.869s] INFO:colcon.colcon_core.shell:Creating package descriptor '/home/parallels/arduinobot_ws/install/arduinobot_cpp_examples/share/arduinobot_cpp_examples/package.dsv'
[1.869s] INFO:colcon.colcon_core.shell:Creating package script '/home/parallels/arduinobot_ws/install/arduinobot_cpp_examples/share/arduinobot_cpp_examples/package.sh'
[1.869s] INFO:colcon.colcon_core.shell:Creating package script '/home/parallels/arduinobot_ws/install/arduinobot_cpp_examples/share/arduinobot_cpp_examples/package.bash'
[1.869s] INFO:colcon.colcon_core.shell:Creating package script '/home/parallels/arduinobot_ws/install/arduinobot_cpp_examples/share/arduinobot_cpp_examples/package.zsh'
[1.869s] Level 1:colcon.colcon_core.environment:create_file_with_runtime_dependencies(/home/parallels/arduinobot_ws/install/arduinobot_cpp_examples/share/colcon-core/packages/arduinobot_cpp_examples)
[1.874s] DEBUG:colcon.colcon_core.event_handler.log_command:Invoked command in '/home/parallels/arduinobot_ws/build/arduinobot_cpp_examples' returned '0': CMAKE_PREFIX_PATH=/home/parallels/arduinobot_ws/install/arduinobot_msgs:/home/parallels/arduinobot_ws/install/arduinobot_utils:/home/parallels/arduinobot_ws/install/arduinobot_cpp_examples:/home/parallels/arduinobot_ws/install/arduinobot_moveit:/home/parallels/arduinobot_ws/install/arduinobot_description:/home/parallels/ros2_ws/install/vision_opencv:/home/parallels/ros2_ws/install/image_geometry:/home/parallels/ros2_ws/install/cv_bridge:/home/parallels/test_ws/install/turtlesim:/home/parallels/test_ws/install/my_package:/home/parallels/arduinobot_ws/install/arduinobot_py_examples:/home/parallels/ros2_ws/install/opencv_tests:/home/parallels/ros2_ws/install/my_robot_controller:/opt/ros/humble /usr/bin/cmake --install /home/parallels/arduinobot_ws/build/arduinobot_cpp_examples
[1.906s] Level 1:colcon.colcon_core.environment:create_environment_scripts_only(arduinobot_cpp_examples)
[1.907s] Level 1:colcon.colcon_core.environment:checking '/home/parallels/arduinobot_ws/install/arduinobot_cpp_examples' for CMake module files
[1.907s] Level 1:colcon.colcon_core.environment:checking '/home/parallels/arduinobot_ws/install/arduinobot_cpp_examples' for CMake config files
[1.907s] Level 1:colcon.colcon_core.shell:create_environment_hook('arduinobot_cpp_examples', 'cmake_prefix_path')
[1.908s] INFO:colcon.colcon_core.shell:Creating environment hook '/home/parallels/arduinobot_ws/install/arduinobot_cpp_examples/share/arduinobot_cpp_examples/hook/cmake_prefix_path.ps1'
[1.908s] INFO:colcon.colcon_core.shell:Creating environment descriptor '/home/parallels/arduinobot_ws/install/arduinobot_cpp_examples/share/arduinobot_cpp_examples/hook/cmake_prefix_path.dsv'
[1.909s] INFO:colcon.colcon_core.shell:Creating environment hook '/home/parallels/arduinobot_ws/install/arduinobot_cpp_examples/share/arduinobot_cpp_examples/hook/cmake_prefix_path.sh'
[1.910s] Level 1:colcon.colcon_core.environment:checking '/home/parallels/arduinobot_ws/install/arduinobot_cpp_examples/lib'
[1.912s] Level 1:colcon.colcon_core.environment:checking '/home/parallels/arduinobot_ws/install/arduinobot_cpp_examples/bin'
[1.912s] Level 1:colcon.colcon_core.environment:checking '/home/parallels/arduinobot_ws/install/arduinobot_cpp_examples/lib/pkgconfig/arduinobot_cpp_examples.pc'
[1.912s] Level 1:colcon.colcon_core.environment:checking '/home/parallels/arduinobot_ws/install/arduinobot_cpp_examples/lib/python3.10/site-packages'
[1.912s] Level 1:colcon.colcon_core.environment:checking '/home/parallels/arduinobot_ws/install/arduinobot_cpp_examples/bin'
[1.913s] INFO:colcon.colcon_core.shell:Creating package script '/home/parallels/arduinobot_ws/install/arduinobot_cpp_examples/share/arduinobot_cpp_examples/package.ps1'
[1.913s] INFO:colcon.colcon_core.shell:Creating package descriptor '/home/parallels/arduinobot_ws/install/arduinobot_cpp_examples/share/arduinobot_cpp_examples/package.dsv'
[1.914s] INFO:colcon.colcon_core.shell:Creating package script '/home/parallels/arduinobot_ws/install/arduinobot_cpp_examples/share/arduinobot_cpp_examples/package.sh'
[1.914s] INFO:colcon.colcon_core.shell:Creating package script '/home/parallels/arduinobot_ws/install/arduinobot_cpp_examples/share/arduinobot_cpp_examples/package.bash'
[1.915s] INFO:colcon.colcon_core.shell:Creating package script '/home/parallels/arduinobot_ws/install/arduinobot_cpp_examples/share/arduinobot_cpp_examples/package.zsh'
[1.915s] Level 1:colcon.colcon_core.environment:create_file_with_runtime_dependencies(/home/parallels/arduinobot_ws/install/arduinobot_cpp_examples/share/colcon-core/packages/arduinobot_cpp_examples)
[1.916s] INFO:colcon.colcon_ros.task.ament_cmake.build:Building ROS package in '/home/parallels/arduinobot_ws/src/arduinobot_utils' with build type 'ament_cmake'
[1.917s] INFO:colcon.colcon_cmake.task.cmake.build:Building CMake package in '/home/parallels/arduinobot_ws/src/arduinobot_utils'
[1.917s] INFO:colcon.colcon_core.shell:Skip shell extension 'powershell' for command environment: Not usable outside of PowerShell
[1.917s] DEBUG:colcon.colcon_core.shell:Skip shell extension 'dsv' for command environment
[1.926s] DEBUG:colcon.colcon_core.event_handler.log_command:Invoking command in '/home/parallels/arduinobot_ws/build/arduinobot_utils': CMAKE_PREFIX_PATH=/home/parallels/arduinobot_ws/install/arduinobot_msgs:/home/parallels/arduinobot_ws/install/arduinobot_utils:/home/parallels/arduinobot_ws/install/arduinobot_cpp_examples:/home/parallels/arduinobot_ws/install/arduinobot_moveit:/home/parallels/arduinobot_ws/install/arduinobot_description:/home/parallels/ros2_ws/install/vision_opencv:/home/parallels/ros2_ws/install/image_geometry:/home/parallels/ros2_ws/install/cv_bridge:/home/parallels/test_ws/install/turtlesim:/home/parallels/test_ws/install/my_package:/home/parallels/arduinobot_ws/install/arduinobot_py_examples:/home/parallels/ros2_ws/install/opencv_tests:/home/parallels/ros2_ws/install/my_robot_controller:/opt/ros/humble /usr/bin/cmake --build /home/parallels/arduinobot_ws/build/arduinobot_utils -- -j2 -l2
[2.351s] DEBUG:colcon.colcon_core.event_handler.log_command:Invoked command in '/home/parallels/arduinobot_ws/build/arduinobot_utils' returned '0': CMAKE_PREFIX_PATH=/home/parallels/arduinobot_ws/install/arduinobot_msgs:/home/parallels/arduinobot_ws/install/arduinobot_utils:/home/parallels/arduinobot_ws/install/arduinobot_cpp_examples:/home/parallels/arduinobot_ws/install/arduinobot_moveit:/home/parallels/arduinobot_ws/install/arduinobot_description:/home/parallels/ros2_ws/install/vision_opencv:/home/parallels/ros2_ws/install/image_geometry:/home/parallels/ros2_ws/install/cv_bridge:/home/parallels/test_ws/install/turtlesim:/home/parallels/test_ws/install/my_package:/home/parallels/arduinobot_ws/install/arduinobot_py_examples:/home/parallels/ros2_ws/install/opencv_tests:/home/parallels/ros2_ws/install/my_robot_controller:/opt/ros/humble /usr/bin/cmake --build /home/parallels/arduinobot_ws/build/arduinobot_utils -- -j2 -l2
[2.421s] DEBUG:colcon.colcon_core.event_handler.log_command:Invoking command in '/home/parallels/arduinobot_ws/build/arduinobot_utils': CMAKE_PREFIX_PATH=/home/parallels/arduinobot_ws/install/arduinobot_msgs:/home/parallels/arduinobot_ws/install/arduinobot_utils:/home/parallels/arduinobot_ws/install/arduinobot_cpp_examples:/home/parallels/arduinobot_ws/install/arduinobot_moveit:/home/parallels/arduinobot_ws/install/arduinobot_description:/home/parallels/ros2_ws/install/vision_opencv:/home/parallels/ros2_ws/install/image_geometry:/home/parallels/ros2_ws/install/cv_bridge:/home/parallels/test_ws/install/turtlesim:/home/parallels/test_ws/install/my_package:/home/parallels/arduinobot_ws/install/arduinobot_py_examples:/home/parallels/ros2_ws/install/opencv_tests:/home/parallels/ros2_ws/install/my_robot_controller:/opt/ros/humble /usr/bin/cmake --install /home/parallels/arduinobot_ws/build/arduinobot_utils
[2.468s] DEBUG:colcon.colcon_core.event_handler.log_command:Invoking command in '/home/parallels/arduinobot_ws/src/arduinobot_py_examples': CMAKE_PREFIX_PATH=/home/parallels/arduinobot_ws/install/arduinobot_msgs:/home/parallels/arduinobot_ws/install/arduinobot_utils:/home/parallels/arduinobot_ws/install/arduinobot_cpp_examples:/home/parallels/arduinobot_ws/install/arduinobot_moveit:/home/parallels/arduinobot_ws/install/arduinobot_description:/home/parallels/ros2_ws/install/vision_opencv:/home/parallels/ros2_ws/install/image_geometry:/home/parallels/ros2_ws/install/cv_bridge:/home/parallels/test_ws/install/turtlesim:/home/parallels/test_ws/install/my_package PYTHONPATH=/home/parallels/arduinobot_ws/build/arduinobot_py_examples/prefix_override:/usr/lib/python3/dist-packages/colcon_core/task/python/colcon_distutils_commands:/home/parallels/arduinobot_ws/install/arduinobot_py_examples/lib/python3.10/site-packages:${PYTHONPATH} /usr/bin/python3 -W ignore:setup.py install is deprecated setup.py egg_info --egg-base ../../build/arduinobot_py_examples build --build-base /home/parallels/arduinobot_ws/build/arduinobot_py_examples/build install --record /home/parallels/arduinobot_ws/build/arduinobot_py_examples/install.log --single-version-externally-managed install_data
[2.536s] Level 1:colcon.colcon_core.environment:create_environment_scripts_only(arduinobot_utils)
[2.537s] Level 1:colcon.colcon_core.environment:checking '/home/parallels/arduinobot_ws/install/arduinobot_utils' for CMake module files
[2.538s] DEBUG:colcon.colcon_core.event_handler.log_command:Invoked command in '/home/parallels/arduinobot_ws/build/arduinobot_utils' returned '0': CMAKE_PREFIX_PATH=/home/parallels/arduinobot_ws/install/arduinobot_msgs:/home/parallels/arduinobot_ws/install/arduinobot_utils:/home/parallels/arduinobot_ws/install/arduinobot_cpp_examples:/home/parallels/arduinobot_ws/install/arduinobot_moveit:/home/parallels/arduinobot_ws/install/arduinobot_description:/home/parallels/ros2_ws/install/vision_opencv:/home/parallels/ros2_ws/install/image_geometry:/home/parallels/ros2_ws/install/cv_bridge:/home/parallels/test_ws/install/turtlesim:/home/parallels/test_ws/install/my_package:/home/parallels/arduinobot_ws/install/arduinobot_py_examples:/home/parallels/ros2_ws/install/opencv_tests:/home/parallels/ros2_ws/install/my_robot_controller:/opt/ros/humble /usr/bin/cmake --install /home/parallels/arduinobot_ws/build/arduinobot_utils
[2.538s] Level 1:colcon.colcon_core.environment:checking '/home/parallels/arduinobot_ws/install/arduinobot_utils' for CMake config files
[2.538s] Level 1:colcon.colcon_core.shell:create_environment_hook('arduinobot_utils', 'cmake_prefix_path')
[2.538s] INFO:colcon.colcon_core.shell:Creating environment hook '/home/parallels/arduinobot_ws/install/arduinobot_utils/share/arduinobot_utils/hook/cmake_prefix_path.ps1'
[2.538s] INFO:colcon.colcon_core.shell:Creating environment descriptor '/home/parallels/arduinobot_ws/install/arduinobot_utils/share/arduinobot_utils/hook/cmake_prefix_path.dsv'
[2.539s] INFO:colcon.colcon_core.shell:Creating environment hook '/home/parallels/arduinobot_ws/install/arduinobot_utils/share/arduinobot_utils/hook/cmake_prefix_path.sh'
[2.539s] Level 1:colcon.colcon_core.environment:checking '/home/parallels/arduinobot_ws/install/arduinobot_utils/lib'
[2.540s] Level 1:colcon.colcon_core.environment:checking '/home/parallels/arduinobot_ws/install/arduinobot_utils/bin'
[2.540s] Level 1:colcon.colcon_core.environment:checking '/home/parallels/arduinobot_ws/install/arduinobot_utils/lib/pkgconfig/arduinobot_utils.pc'
[2.540s] Level 1:colcon.colcon_core.environment:checking '/home/parallels/arduinobot_ws/install/arduinobot_utils/lib/python3.10/site-packages'
[2.540s] Level 1:colcon.colcon_core.environment:checking '/home/parallels/arduinobot_ws/install/arduinobot_utils/bin'
[2.540s] INFO:colcon.colcon_core.shell:Creating package script '/home/parallels/arduinobot_ws/install/arduinobot_utils/share/arduinobot_utils/package.ps1'
[2.541s] INFO:colcon.colcon_core.shell:Creating package descriptor '/home/parallels/arduinobot_ws/install/arduinobot_utils/share/arduinobot_utils/package.dsv'
[2.541s] INFO:colcon.colcon_core.shell:Creating package script '/home/parallels/arduinobot_ws/install/arduinobot_utils/share/arduinobot_utils/package.sh'
[2.542s] INFO:colcon.colcon_core.shell:Creating package script '/home/parallels/arduinobot_ws/install/arduinobot_utils/share/arduinobot_utils/package.bash'
[2.542s] INFO:colcon.colcon_core.shell:Creating package script '/home/parallels/arduinobot_ws/install/arduinobot_utils/share/arduinobot_utils/package.zsh'
[2.542s] Level 1:colcon.colcon_core.environment:create_file_with_runtime_dependencies(/home/parallels/arduinobot_ws/install/arduinobot_utils/share/colcon-core/packages/arduinobot_utils)
[2.623s] Level 1:colcon.colcon_core.environment:create_environment_scripts_only(arduinobot_utils)
[2.623s] Level 1:colcon.colcon_core.environment:checking '/home/parallels/arduinobot_ws/install/arduinobot_utils' for CMake module files
[2.623s] Level 1:colcon.colcon_core.environment:checking '/home/parallels/arduinobot_ws/install/arduinobot_utils' for CMake config files
[2.623s] Level 1:colcon.colcon_core.shell:create_environment_hook('arduinobot_utils', 'cmake_prefix_path')
[2.624s] INFO:colcon.colcon_core.shell:Creating environment hook '/home/parallels/arduinobot_ws/install/arduinobot_utils/share/arduinobot_utils/hook/cmake_prefix_path.ps1'
[2.624s] INFO:colcon.colcon_core.shell:Creating environment descriptor '/home/parallels/arduinobot_ws/install/arduinobot_utils/share/arduinobot_utils/hook/cmake_prefix_path.dsv'
[2.624s] INFO:colcon.colcon_core.shell:Creating environment hook '/home/parallels/arduinobot_ws/install/arduinobot_utils/share/arduinobot_utils/hook/cmake_prefix_path.sh'
[2.625s] Level 1:colcon.colcon_core.environment:checking '/home/parallels/arduinobot_ws/install/arduinobot_utils/lib'
[2.625s] Level 1:colcon.colcon_core.environment:checking '/home/parallels/arduinobot_ws/install/arduinobot_utils/bin'
[2.625s] Level 1:colcon.colcon_core.environment:checking '/home/parallels/arduinobot_ws/install/arduinobot_utils/lib/pkgconfig/arduinobot_utils.pc'
[2.625s] Level 1:colcon.colcon_core.environment:checking '/home/parallels/arduinobot_ws/install/arduinobot_utils/lib/python3.10/site-packages'
[2.625s] Level 1:colcon.colcon_core.environment:checking '/home/parallels/arduinobot_ws/install/arduinobot_utils/bin'
[2.625s] INFO:colcon.colcon_core.shell:Creating package script '/home/parallels/arduinobot_ws/install/arduinobot_utils/share/arduinobot_utils/package.ps1'
[2.626s] INFO:colcon.colcon_core.shell:Creating package descriptor '/home/parallels/arduinobot_ws/install/arduinobot_utils/share/arduinobot_utils/package.dsv'
[2.626s] INFO:colcon.colcon_core.shell:Creating package script '/home/parallels/arduinobot_ws/install/arduinobot_utils/share/arduinobot_utils/package.sh'
[2.628s] INFO:colcon.colcon_core.shell:Creating package script '/home/parallels/arduinobot_ws/install/arduinobot_utils/share/arduinobot_utils/package.bash'
[2.628s] INFO:colcon.colcon_core.shell:Creating package script '/home/parallels/arduinobot_ws/install/arduinobot_utils/share/arduinobot_utils/package.zsh'
[2.628s] Level 1:colcon.colcon_core.environment:create_file_with_runtime_dependencies(/home/parallels/arduinobot_ws/install/arduinobot_utils/share/colcon-core/packages/arduinobot_utils)
[2.821s] Level 1:colcon.colcon_core.environment:checking '/home/parallels/arduinobot_ws/install/arduinobot_py_examples' for CMake module files
[2.821s] Level 1:colcon.colcon_core.environment:checking '/home/parallels/arduinobot_ws/install/arduinobot_py_examples' for CMake config files
[2.822s] Level 1:colcon.colcon_core.environment:checking '/home/parallels/arduinobot_ws/install/arduinobot_py_examples/lib'
[2.822s] Level 1:colcon.colcon_core.environment:checking '/home/parallels/arduinobot_ws/install/arduinobot_py_examples/bin'
[2.822s] Level 1:colcon.colcon_core.environment:checking '/home/parallels/arduinobot_ws/install/arduinobot_py_examples/lib/pkgconfig/arduinobot_py_examples.pc'
[2.822s] Level 1:colcon.colcon_core.environment:checking '/home/parallels/arduinobot_ws/install/arduinobot_py_examples/lib/python3.10/site-packages'
[2.822s] Level 1:colcon.colcon_core.shell:create_environment_hook('arduinobot_py_examples', 'pythonpath')
[2.822s] INFO:colcon.colcon_core.shell:Creating environment hook '/home/parallels/arduinobot_ws/install/arduinobot_py_examples/share/arduinobot_py_examples/hook/pythonpath.ps1'
[2.823s] INFO:colcon.colcon_core.shell:Creating environment descriptor '/home/parallels/arduinobot_ws/install/arduinobot_py_examples/share/arduinobot_py_examples/hook/pythonpath.dsv'
[2.823s] INFO:colcon.colcon_core.shell:Creating environment hook '/home/parallels/arduinobot_ws/install/arduinobot_py_examples/share/arduinobot_py_examples/hook/pythonpath.sh'
[2.823s] Level 1:colcon.colcon_core.environment:checking '/home/parallels/arduinobot_ws/install/arduinobot_py_examples/bin'
[2.823s] Level 1:colcon.colcon_core.environment:create_environment_scripts_only(arduinobot_py_examples)
[2.823s] INFO:colcon.colcon_core.shell:Creating package script '/home/parallels/arduinobot_ws/install/arduinobot_py_examples/share/arduinobot_py_examples/package.ps1'
[2.824s] DEBUG:colcon.colcon_core.event_handler.log_command:Invoked command in '/home/parallels/arduinobot_ws/src/arduinobot_py_examples' returned '0': CMAKE_PREFIX_PATH=/home/parallels/arduinobot_ws/install/arduinobot_msgs:/home/parallels/arduinobot_ws/install/arduinobot_utils:/home/parallels/arduinobot_ws/install/arduinobot_cpp_examples:/home/parallels/arduinobot_ws/install/arduinobot_moveit:/home/parallels/arduinobot_ws/install/arduinobot_description:/home/parallels/ros2_ws/install/vision_opencv:/home/parallels/ros2_ws/install/image_geometry:/home/parallels/ros2_ws/install/cv_bridge:/home/parallels/test_ws/install/turtlesim:/home/parallels/test_ws/install/my_package PYTHONPATH=/home/parallels/arduinobot_ws/build/arduinobot_py_examples/prefix_override:/usr/lib/python3/dist-packages/colcon_core/task/python/colcon_distutils_commands:/home/parallels/arduinobot_ws/install/arduinobot_py_examples/lib/python3.10/site-packages:${PYTHONPATH} /usr/bin/python3 -W ignore:setup.py install is deprecated setup.py egg_info --egg-base ../../build/arduinobot_py_examples build --build-base /home/parallels/arduinobot_ws/build/arduinobot_py_examples/build install --record /home/parallels/arduinobot_ws/build/arduinobot_py_examples/install.log --single-version-externally-managed install_data
[2.824s] INFO:colcon.colcon_core.shell:Creating package descriptor '/home/parallels/arduinobot_ws/install/arduinobot_py_examples/share/arduinobot_py_examples/package.dsv'
[2.824s] INFO:colcon.colcon_core.shell:Creating package script '/home/parallels/arduinobot_ws/install/arduinobot_py_examples/share/arduinobot_py_examples/package.sh'
[2.824s] INFO:colcon.colcon_core.shell:Creating package script '/home/parallels/arduinobot_ws/install/arduinobot_py_examples/share/arduinobot_py_examples/package.bash'
[2.825s] INFO:colcon.colcon_core.shell:Creating package script '/home/parallels/arduinobot_ws/install/arduinobot_py_examples/share/arduinobot_py_examples/package.zsh'
[2.825s] Level 1:colcon.colcon_core.environment:create_file_with_runtime_dependencies(/home/parallels/arduinobot_ws/install/arduinobot_py_examples/share/colcon-core/packages/arduinobot_py_examples)
[2.825s] DEBUG:colcon.colcon_parallel_executor.executor.parallel:closing loop
[2.825s] DEBUG:colcon.colcon_parallel_executor.executor.parallel:loop closed
[2.825s] DEBUG:colcon.colcon_parallel_executor.executor.parallel:run_until_complete finished with '0'
[2.825s] DEBUG:colcon.colcon_core.event_reactor:joining thread
[2.833s] INFO:colcon.colcon_core.plugin_system:Skipping extension 'colcon_notification.desktop_notification.terminal_notifier': Not used on non-Darwin systems
[2.833s] INFO:colcon.colcon_core.plugin_system:Skipping extension 'colcon_notification.desktop_notification.win32': Not used on non-Windows systems
[2.833s] INFO:colcon.colcon_notification.desktop_notification:Sending desktop notification using 'notify2'
[2.850s] DEBUG:colcon.colcon_core.event_reactor:joined thread
[2.850s] INFO:colcon.colcon_core.shell:Creating prefix script '/home/parallels/arduinobot_ws/install/local_setup.ps1'
[2.851s] INFO:colcon.colcon_core.shell:Creating prefix util module '/home/parallels/arduinobot_ws/install/_local_setup_util_ps1.py'
[2.852s] INFO:colcon.colcon_core.shell:Creating prefix chain script '/home/parallels/arduinobot_ws/install/setup.ps1'
[2.854s] INFO:colcon.colcon_core.shell:Creating prefix script '/home/parallels/arduinobot_ws/install/local_setup.sh'
[2.854s] INFO:colcon.colcon_core.shell:Creating prefix util module '/home/parallels/arduinobot_ws/install/_local_setup_util_sh.py'
[2.854s] INFO:colcon.colcon_core.shell:Creating prefix chain script '/home/parallels/arduinobot_ws/install/setup.sh'
[2.856s] INFO:colcon.colcon_core.shell:Creating prefix script '/home/parallels/arduinobot_ws/install/local_setup.bash'
[2.856s] INFO:colcon.colcon_core.shell:Creating prefix chain script '/home/parallels/arduinobot_ws/install/setup.bash'
[2.858s] INFO:colcon.colcon_core.shell:Creating prefix script '/home/parallels/arduinobot_ws/install/local_setup.zsh'
[2.859s] INFO:colcon.colcon_core.shell:Creating prefix chain script '/home/parallels/arduinobot_ws/install/setup.zsh'
