[0.012s] Invoking command in '/home/parallels/arduinobot_ws/build/arduinobot_description': CMAKE_PREFIX_PATH=${CMAKE_PREFIX_PATH}:/home/parallels/ros2_ws/install/opencv_tests:/home/parallels/ros2_ws/install/my_robot_controller:/opt/ros/humble /usr/bin/cmake --build /home/parallels/arduinobot_ws/build/arduinobot_description -- -j2 -l2
[0.067s] -- Found ament_cmake: 1.3.9 (/opt/ros/humble/share/ament_cmake/cmake)
[0.340s] -- Found ament_lint_auto: 0.12.11 (/opt/ros/humble/share/ament_lint_auto/cmake)
[0.424s] -- Added test 'lint_cmake' to check CMake code style
[0.425s] -- Added test 'xmllint' to check XML markup files
[0.428s] -- Configuring done
[0.439s] -- Generating done
[0.442s] -- Build files have been written to: /home/parallels/arduinobot_ws/build/arduinobot_description
[0.687s] Invoked command in '/home/parallels/arduinobot_ws/build/arduinobot_description' returned '0': CMAKE_PREFIX_PATH=${CMAKE_PREFIX_PATH}:/home/parallels/ros2_ws/install/opencv_tests:/home/parallels/ros2_ws/install/my_robot_controller:/opt/ros/humble /usr/bin/cmake --build /home/parallels/arduinobot_ws/build/arduinobot_description -- -j2 -l2
[0.709s] Invoking command in '/home/parallels/arduinobot_ws/build/arduinobot_description': CMAKE_PREFIX_PATH=${CMAKE_PREFIX_PATH}:/home/parallels/ros2_ws/install/opencv_tests:/home/parallels/ros2_ws/install/my_robot_controller:/opt/ros/humble /usr/bin/cmake --install /home/parallels/arduinobot_ws/build/arduinobot_description
[0.714s] -- Install configuration: ""
[0.715s] -- Installing: /home/parallels/arduinobot_ws/install/arduinobot_description/share/arduinobot_description/meshes
[0.715s] -- Installing: /home/parallels/arduinobot_ws/install/arduinobot_description/share/arduinobot_description/meshes/forward_drive_arm.STL
[0.727s] -- Installing: /home/parallels/arduinobot_ws/install/arduinobot_description/share/arduinobot_description/meshes/vertical_drive_arm.STL
[0.727s] -- Installing: /home/parallels/arduinobot_ws/install/arduinobot_description/share/arduinobot_description/meshes/plate.STL
[0.727s] -- Installing: /home/parallels/arduinobot_ws/install/arduinobot_description/share/arduinobot_description/meshes/link.STL
[0.729s] -- Installing: /home/parallels/arduinobot_ws/install/arduinobot_description/share/arduinobot_description/meshes/base_plate.STL
[0.734s] -- Installing: /home/parallels/arduinobot_ws/install/arduinobot_description/share/arduinobot_description/meshes/triangular_link.STL
[0.736s] -- Installing: /home/parallels/arduinobot_ws/install/arduinobot_description/share/arduinobot_description/meshes/basement.STL
[0.736s] -- Installing: /home/parallels/arduinobot_ws/install/arduinobot_description/share/arduinobot_description/meshes/round_plate.STL
[0.736s] -- Installing: /home/parallels/arduinobot_ws/install/arduinobot_description/share/arduinobot_description/meshes/servo_plate.STL
[0.736s] -- Installing: /home/parallels/arduinobot_ws/install/arduinobot_description/share/arduinobot_description/meshes/left_finger.STL
[0.736s] -- Installing: /home/parallels/arduinobot_ws/install/arduinobot_description/share/arduinobot_description/meshes/right_finger.STL
[0.736s] -- Installing: /home/parallels/arduinobot_ws/install/arduinobot_description/share/arduinobot_description/meshes/claw_support.STL
[0.736s] -- Installing: /home/parallels/arduinobot_ws/install/arduinobot_description/share/arduinobot_description/meshes/horizontal_arm.STL
[0.746s] -- Installing: /home/parallels/arduinobot_ws/install/arduinobot_description/share/arduinobot_description/urdf
[0.746s] -- Installing: /home/parallels/arduinobot_ws/install/arduinobot_description/share/arduinobot_description/urdf/arduinobot.urdf.xacro
[0.746s] -- Up-to-date: /home/parallels/arduinobot_ws/install/arduinobot_description/share/ament_index/resource_index/package_run_dependencies/arduinobot_description
[0.746s] -- Up-to-date: /home/parallels/arduinobot_ws/install/arduinobot_description/share/ament_index/resource_index/parent_prefix_path/arduinobot_description
[0.746s] -- Up-to-date: /home/parallels/arduinobot_ws/install/arduinobot_description/share/arduinobot_description/environment/ament_prefix_path.sh
[0.746s] -- Installing: /home/parallels/arduinobot_ws/install/arduinobot_description/share/arduinobot_description/environment/ament_prefix_path.dsv
[0.746s] -- Up-to-date: /home/parallels/arduinobot_ws/install/arduinobot_description/share/arduinobot_description/environment/path.sh
[0.746s] -- Installing: /home/parallels/arduinobot_ws/install/arduinobot_description/share/arduinobot_description/environment/path.dsv
[0.746s] -- Up-to-date: /home/parallels/arduinobot_ws/install/arduinobot_description/share/arduinobot_description/local_setup.bash
[0.746s] -- Up-to-date: /home/parallels/arduinobot_ws/install/arduinobot_description/share/arduinobot_description/local_setup.sh
[0.746s] -- Up-to-date: /home/parallels/arduinobot_ws/install/arduinobot_description/share/arduinobot_description/local_setup.zsh
[0.746s] -- Installing: /home/parallels/arduinobot_ws/install/arduinobot_description/share/arduinobot_description/local_setup.dsv
[0.746s] -- Installing: /home/parallels/arduinobot_ws/install/arduinobot_description/share/arduinobot_description/package.dsv
[0.746s] -- Up-to-date: /home/parallels/arduinobot_ws/install/arduinobot_description/share/ament_index/resource_index/packages/arduinobot_description
[0.746s] -- Up-to-date: /home/parallels/arduinobot_ws/install/arduinobot_description/share/arduinobot_description/cmake/arduinobot_descriptionConfig.cmake
[0.746s] -- Up-to-date: /home/parallels/arduinobot_ws/install/arduinobot_description/share/arduinobot_description/cmake/arduinobot_descriptionConfig-version.cmake
[0.746s] -- Up-to-date: /home/parallels/arduinobot_ws/install/arduinobot_description/share/arduinobot_description/package.xml
[0.748s] Invoked command in '/home/parallels/arduinobot_ws/build/arduinobot_description' returned '0': CMAKE_PREFIX_PATH=${CMAKE_PREFIX_PATH}:/home/parallels/ros2_ws/install/opencv_tests:/home/parallels/ros2_ws/install/my_robot_controller:/opt/ros/humble /usr/bin/cmake --install /home/parallels/arduinobot_ws/build/arduinobot_description
