[0.017s] Invoking command in '/home/parallels/arduinobot_ws/build/arduinobot_description': CMAKE_PREFIX_PATH=${CMAKE_PREFIX_PATH}:/home/parallels/ros2_ws/install/opencv_tests:/home/parallels/ros2_ws/install/my_robot_controller:/opt/ros/humble /usr/bin/cmake /home/parallels/arduinobot_ws/src/arduinobot_description -DCMAKE_INSTALL_PREFIX=/home/parallels/arduinobot_ws/install/arduinobot_description
[0.071s] -- The C compiler identification is GNU 11.4.0
[0.122s] -- The CXX compiler identification is GNU 11.4.0
[0.135s] -- Detecting C compiler ABI info
[0.194s] -- Detecting C compiler ABI info - done
[0.201s] -- Check for working C compiler: /usr/bin/cc - skipped
[0.201s] -- Detecting C compile features
[0.201s] -- Detecting C compile features - done
[0.207s] -- Detecting CXX compiler ABI info
[0.299s] -- Detecting CXX compiler ABI info - done
[0.306s] -- Check for working CXX compiler: /usr/bin/c++ - skipped
[0.306s] -- Detecting CXX compile features
[0.307s] -- Detecting CXX compile features - done
[0.310s] -- Found ament_cmake: 1.3.10 (/opt/ros/humble/share/ament_cmake/cmake)
[0.431s] -- Found Python3: /usr/bin/python3 (found version "3.10.12") found components: Interpreter 
[0.596s] -- Found urdf: 2.6.0 (/opt/ros/humble/share/urdf/cmake)
[0.666s] -- Found ament_lint_auto: 0.12.11 (/opt/ros/humble/share/ament_lint_auto/cmake)
[0.767s] -- Added test 'flake8' to check Python code syntax and style conventions
[0.767s] -- Added test 'lint_cmake' to check CMake code style
[0.768s] -- Added test 'pep257' to check Python code against some of the docstring style conventions in PEP 257
[0.770s] -- Added test 'xmllint' to check XML markup files
[0.771s] -- Configuring done
[0.773s] -- Generating done
[0.774s] -- Build files have been written to: /home/parallels/arduinobot_ws/build/arduinobot_description
[0.779s] Invoked command in '/home/parallels/arduinobot_ws/build/arduinobot_description' returned '0': CMAKE_PREFIX_PATH=${CMAKE_PREFIX_PATH}:/home/parallels/ros2_ws/install/opencv_tests:/home/parallels/ros2_ws/install/my_robot_controller:/opt/ros/humble /usr/bin/cmake /home/parallels/arduinobot_ws/src/arduinobot_description -DCMAKE_INSTALL_PREFIX=/home/parallels/arduinobot_ws/install/arduinobot_description
[0.780s] Invoking command in '/home/parallels/arduinobot_ws/build/arduinobot_description': CMAKE_PREFIX_PATH=${CMAKE_PREFIX_PATH}:/home/parallels/ros2_ws/install/opencv_tests:/home/parallels/ros2_ws/install/my_robot_controller:/opt/ros/humble /usr/bin/cmake --build /home/parallels/arduinobot_ws/build/arduinobot_description -- -j6 -l6
[0.805s] Invoked command in '/home/parallels/arduinobot_ws/build/arduinobot_description' returned '0': CMAKE_PREFIX_PATH=${CMAKE_PREFIX_PATH}:/home/parallels/ros2_ws/install/opencv_tests:/home/parallels/ros2_ws/install/my_robot_controller:/opt/ros/humble /usr/bin/cmake --build /home/parallels/arduinobot_ws/build/arduinobot_description -- -j6 -l6
[0.819s] Invoking command in '/home/parallels/arduinobot_ws/build/arduinobot_description': CMAKE_PREFIX_PATH=${CMAKE_PREFIX_PATH}:/home/parallels/ros2_ws/install/opencv_tests:/home/parallels/ros2_ws/install/my_robot_controller:/opt/ros/humble /usr/bin/cmake --install /home/parallels/arduinobot_ws/build/arduinobot_description
[0.826s] -- Install configuration: ""
[0.826s] -- Up-to-date: /home/parallels/arduinobot_ws/install/arduinobot_description/share/arduinobot_description/meshes
[0.826s] -- Up-to-date: /home/parallels/arduinobot_ws/install/arduinobot_description/share/arduinobot_description/models
[0.827s] -- Up-to-date: /home/parallels/arduinobot_ws/install/arduinobot_description/share/arduinobot_description/models/sun
[0.827s] -- Up-to-date: /home/parallels/arduinobot_ws/install/arduinobot_description/share/arduinobot_description/models/ground_plane
[0.827s] -- Up-to-date: /home/parallels/arduinobot_ws/install/arduinobot_description/share/arduinobot_description/urdf
[0.827s] -- Up-to-date: /home/parallels/arduinobot_ws/install/arduinobot_description/share/arduinobot_description/launch
[0.827s] -- Up-to-date: /home/parallels/arduinobot_ws/install/arduinobot_description/share/arduinobot_description/rviz
[0.827s] -- Installing: /home/parallels/arduinobot_ws/install/arduinobot_description/share/arduinobot_description/package.dsv
[0.827s] Invoked command in '/home/parallels/arduinobot_ws/build/arduinobot_description' returned '0': CMAKE_PREFIX_PATH=${CMAKE_PREFIX_PATH}:/home/parallels/ros2_ws/install/opencv_tests:/home/parallels/ros2_ws/install/my_robot_controller:/opt/ros/humble /usr/bin/cmake --install /home/parallels/arduinobot_ws/build/arduinobot_description
