[0.027s] Invoking command in '/home/parallels/arduinobot_ws/build/arduinobot_utils': CMAKE_PREFIX_PATH=/home/parallels/arduinobot_ws/install/arduinobot_msgs:/home/parallels/arduinobot_ws/install/arduinobot_utils:/home/parallels/arduinobot_ws/install/arduinobot_cpp_examples:/home/parallels/arduinobot_ws/install/arduinobot_description:/home/parallels/ros2_ws/install/vision_opencv:/home/parallels/ros2_ws/install/image_geometry:/home/parallels/ros2_ws/install/cv_bridge:/home/parallels/test_ws/install/turtlesim:/home/parallels/test_ws/install/my_package:/home/parallels/arduinobot_ws/install/arduinobot_py_examples:/home/parallels/ros2_ws/install/opencv_tests:/home/parallels/ros2_ws/install/my_robot_controller:/opt/ros/humble /usr/bin/cmake --build /home/parallels/arduinobot_ws/build/arduinobot_utils -- -j2 -l2
[0.140s] [35m[1mConsolidate compiler generated dependencies of target angle_conversion[0m
[0.155s] [  0%] Built target ament_cmake_python_copy_arduinobot_utils
[0.203s] [ 50%] [32mBuilding CXX object CMakeFiles/angle_conversion.dir/src/angle_conversion.cpp.o[0m
[0.645s] running egg_info
[0.649s] writing arduinobot_utils.egg-info/PKG-INFO
[0.649s] writing dependency_links to arduinobot_utils.egg-info/dependency_links.txt
[0.649s] writing top-level names to arduinobot_utils.egg-info/top_level.txt
[0.651s] reading manifest file 'arduinobot_utils.egg-info/SOURCES.txt'
[0.651s] writing manifest file 'arduinobot_utils.egg-info/SOURCES.txt'
[0.696s] [ 50%] Built target ament_cmake_python_build_arduinobot_utils_egg
[4.397s] [100%] [32m[1mLinking CXX executable angle_conversion[0m
[4.615s] [100%] Built target angle_conversion
[4.632s] Invoked command in '/home/parallels/arduinobot_ws/build/arduinobot_utils' returned '0': CMAKE_PREFIX_PATH=/home/parallels/arduinobot_ws/install/arduinobot_msgs:/home/parallels/arduinobot_ws/install/arduinobot_utils:/home/parallels/arduinobot_ws/install/arduinobot_cpp_examples:/home/parallels/arduinobot_ws/install/arduinobot_description:/home/parallels/ros2_ws/install/vision_opencv:/home/parallels/ros2_ws/install/image_geometry:/home/parallels/ros2_ws/install/cv_bridge:/home/parallels/test_ws/install/turtlesim:/home/parallels/test_ws/install/my_package:/home/parallels/arduinobot_ws/install/arduinobot_py_examples:/home/parallels/ros2_ws/install/opencv_tests:/home/parallels/ros2_ws/install/my_robot_controller:/opt/ros/humble /usr/bin/cmake --build /home/parallels/arduinobot_ws/build/arduinobot_utils -- -j2 -l2
[4.654s] Invoking command in '/home/parallels/arduinobot_ws/build/arduinobot_utils': CMAKE_PREFIX_PATH=/home/parallels/arduinobot_ws/install/arduinobot_msgs:/home/parallels/arduinobot_ws/install/arduinobot_utils:/home/parallels/arduinobot_ws/install/arduinobot_cpp_examples:/home/parallels/arduinobot_ws/install/arduinobot_description:/home/parallels/ros2_ws/install/vision_opencv:/home/parallels/ros2_ws/install/image_geometry:/home/parallels/ros2_ws/install/cv_bridge:/home/parallels/test_ws/install/turtlesim:/home/parallels/test_ws/install/my_package:/home/parallels/arduinobot_ws/install/arduinobot_py_examples:/home/parallels/ros2_ws/install/opencv_tests:/home/parallels/ros2_ws/install/my_robot_controller:/opt/ros/humble /usr/bin/cmake --install /home/parallels/arduinobot_ws/build/arduinobot_utils
[4.660s] -- Install configuration: ""
[4.662s] -- Up-to-date: /home/parallels/arduinobot_ws/install/arduinobot_utils/share/arduinobot_utils/environment/pythonpath.sh
[4.662s] -- Up-to-date: /home/parallels/arduinobot_ws/install/arduinobot_utils/share/arduinobot_utils/environment/pythonpath.dsv
[4.663s] -- Up-to-date: /home/parallels/arduinobot_ws/install/arduinobot_utils/local/lib/python3.10/dist-packages/arduinobot_utils-0.0.0-py3.10.egg-info
[4.663s] -- Installing: /home/parallels/arduinobot_ws/install/arduinobot_utils/local/lib/python3.10/dist-packages/arduinobot_utils-0.0.0-py3.10.egg-info/dependency_links.txt
[4.664s] -- Installing: /home/parallels/arduinobot_ws/install/arduinobot_utils/local/lib/python3.10/dist-packages/arduinobot_utils-0.0.0-py3.10.egg-info/top_level.txt
[4.665s] -- Installing: /home/parallels/arduinobot_ws/install/arduinobot_utils/local/lib/python3.10/dist-packages/arduinobot_utils-0.0.0-py3.10.egg-info/PKG-INFO
[4.666s] -- Installing: /home/parallels/arduinobot_ws/install/arduinobot_utils/local/lib/python3.10/dist-packages/arduinobot_utils-0.0.0-py3.10.egg-info/SOURCES.txt
[4.667s] -- Up-to-date: /home/parallels/arduinobot_ws/install/arduinobot_utils/local/lib/python3.10/dist-packages/arduinobot_utils
[4.667s] -- Up-to-date: /home/parallels/arduinobot_ws/install/arduinobot_utils/local/lib/python3.10/dist-packages/arduinobot_utils/angle_conversion.py
[4.667s] -- Up-to-date: /home/parallels/arduinobot_ws/install/arduinobot_utils/local/lib/python3.10/dist-packages/arduinobot_utils/__init__.py
[4.728s] Listing '/home/parallels/arduinobot_ws/install/arduinobot_utils/local/lib/python3.10/dist-packages/arduinobot_utils'...
[4.732s] -- Installing: /home/parallels/arduinobot_ws/install/arduinobot_utils/lib/arduinobot_utils/angle_conversion
[4.735s] -- Set runtime path of "/home/parallels/arduinobot_ws/install/arduinobot_utils/lib/arduinobot_utils/angle_conversion" to ""
[4.735s] -- Up-to-date: /home/parallels/arduinobot_ws/install/arduinobot_utils/lib/arduinobot_utils/angle_conversion.py
[4.736s] -- Up-to-date: /home/parallels/arduinobot_ws/install/arduinobot_utils/share/ament_index/resource_index/package_run_dependencies/arduinobot_utils
[4.737s] -- Up-to-date: /home/parallels/arduinobot_ws/install/arduinobot_utils/share/ament_index/resource_index/parent_prefix_path/arduinobot_utils
[4.738s] -- Up-to-date: /home/parallels/arduinobot_ws/install/arduinobot_utils/share/arduinobot_utils/environment/ament_prefix_path.sh
[4.738s] -- Up-to-date: /home/parallels/arduinobot_ws/install/arduinobot_utils/share/arduinobot_utils/environment/ament_prefix_path.dsv
[4.739s] -- Up-to-date: /home/parallels/arduinobot_ws/install/arduinobot_utils/share/arduinobot_utils/environment/path.sh
[4.739s] -- Up-to-date: /home/parallels/arduinobot_ws/install/arduinobot_utils/share/arduinobot_utils/environment/path.dsv
[4.739s] -- Up-to-date: /home/parallels/arduinobot_ws/install/arduinobot_utils/share/arduinobot_utils/local_setup.bash
[4.740s] -- Up-to-date: /home/parallels/arduinobot_ws/install/arduinobot_utils/share/arduinobot_utils/local_setup.sh
[4.740s] -- Up-to-date: /home/parallels/arduinobot_ws/install/arduinobot_utils/share/arduinobot_utils/local_setup.zsh
[4.741s] -- Up-to-date: /home/parallels/arduinobot_ws/install/arduinobot_utils/share/arduinobot_utils/local_setup.dsv
[4.741s] -- Installing: /home/parallels/arduinobot_ws/install/arduinobot_utils/share/arduinobot_utils/package.dsv
[4.742s] -- Up-to-date: /home/parallels/arduinobot_ws/install/arduinobot_utils/share/ament_index/resource_index/packages/arduinobot_utils
[4.742s] -- Up-to-date: /home/parallels/arduinobot_ws/install/arduinobot_utils/share/arduinobot_utils/cmake/arduinobot_utilsConfig.cmake
[4.742s] -- Up-to-date: /home/parallels/arduinobot_ws/install/arduinobot_utils/share/arduinobot_utils/cmake/arduinobot_utilsConfig-version.cmake
[4.743s] -- Up-to-date: /home/parallels/arduinobot_ws/install/arduinobot_utils/share/arduinobot_utils/package.xml
[4.745s] Invoked command in '/home/parallels/arduinobot_ws/build/arduinobot_utils' returned '0': CMAKE_PREFIX_PATH=/home/parallels/arduinobot_ws/install/arduinobot_msgs:/home/parallels/arduinobot_ws/install/arduinobot_utils:/home/parallels/arduinobot_ws/install/arduinobot_cpp_examples:/home/parallels/arduinobot_ws/install/arduinobot_description:/home/parallels/ros2_ws/install/vision_opencv:/home/parallels/ros2_ws/install/image_geometry:/home/parallels/ros2_ws/install/cv_bridge:/home/parallels/test_ws/install/turtlesim:/home/parallels/test_ws/install/my_package:/home/parallels/arduinobot_ws/install/arduinobot_py_examples:/home/parallels/ros2_ws/install/opencv_tests:/home/parallels/ros2_ws/install/my_robot_controller:/opt/ros/humble /usr/bin/cmake --install /home/parallels/arduinobot_ws/build/arduinobot_utils
