[0.005s] Invoking command in '/home/parallels/arduinobot_ws/build/arduinobot_utils': CMAKE_PREFIX_PATH=${CMAKE_PREFIX_PATH}:/home/parallels/ros2_ws/install/opencv_tests:/home/parallels/ros2_ws/install/my_robot_controller:/opt/ros/humble /usr/bin/cmake /home/parallels/arduinobot_ws/src/arduinobot_utils -DCMAKE_INSTALL_PREFIX=/home/parallels/arduinobot_ws/install/arduinobot_utils
[0.147s] -- The C compiler identification is GNU 11.4.0
[0.259s] -- The CXX compiler identification is GNU 11.4.0
[0.266s] -- Detecting C compiler ABI info
[0.350s] -- Detecting C compiler ABI info - done
[0.360s] -- Check for working C compiler: /usr/bin/cc - skipped
[0.361s] -- Detecting C compile features
[0.362s] -- Detecting C compile features - done
[0.366s] -- Detecting CXX compiler ABI info
[0.439s] -- Detecting CXX compiler ABI info - done
[0.444s] -- Check for working CXX compiler: /usr/bin/c++ - skipped
[0.444s] -- Detecting CXX compile features
[0.445s] -- Detecting CXX compile features - done
[0.448s] -- Found ament_cmake: 1.3.9 (/opt/ros/humble/share/ament_cmake/cmake)
[0.564s] -- Found Python3: /usr/bin/python3 (found version "3.10.12") found components: Interpreter 
[0.640s] -- Found ament_lint_auto: 0.12.11 (/opt/ros/humble/share/ament_lint_auto/cmake)
[0.712s] -- Added test 'flake8' to check Python code syntax and style conventions
[0.713s] -- Added test 'lint_cmake' to check CMake code style
[0.714s] -- Added test 'pep257' to check Python code against some of the docstring style conventions in PEP 257
[0.715s] -- Added test 'xmllint' to check XML markup files
[0.718s] -- Configuring done
[0.720s] -- Generating done
[0.721s] -- Build files have been written to: /home/parallels/arduinobot_ws/build/arduinobot_utils
[0.731s] Invoked command in '/home/parallels/arduinobot_ws/build/arduinobot_utils' returned '0': CMAKE_PREFIX_PATH=${CMAKE_PREFIX_PATH}:/home/parallels/ros2_ws/install/opencv_tests:/home/parallels/ros2_ws/install/my_robot_controller:/opt/ros/humble /usr/bin/cmake /home/parallels/arduinobot_ws/src/arduinobot_utils -DCMAKE_INSTALL_PREFIX=/home/parallels/arduinobot_ws/install/arduinobot_utils
[0.731s] Invoking command in '/home/parallels/arduinobot_ws/build/arduinobot_utils': CMAKE_PREFIX_PATH=${CMAKE_PREFIX_PATH}:/home/parallels/ros2_ws/install/opencv_tests:/home/parallels/ros2_ws/install/my_robot_controller:/opt/ros/humble /usr/bin/cmake --build /home/parallels/arduinobot_ws/build/arduinobot_utils -- -j2 -l2
[0.781s] Invoked command in '/home/parallels/arduinobot_ws/build/arduinobot_utils' returned '0': CMAKE_PREFIX_PATH=${CMAKE_PREFIX_PATH}:/home/parallels/ros2_ws/install/opencv_tests:/home/parallels/ros2_ws/install/my_robot_controller:/opt/ros/humble /usr/bin/cmake --build /home/parallels/arduinobot_ws/build/arduinobot_utils -- -j2 -l2
[0.827s] Invoking command in '/home/parallels/arduinobot_ws/build/arduinobot_utils': CMAKE_PREFIX_PATH=${CMAKE_PREFIX_PATH}:/home/parallels/ros2_ws/install/opencv_tests:/home/parallels/ros2_ws/install/my_robot_controller:/opt/ros/humble /usr/bin/cmake --install /home/parallels/arduinobot_ws/build/arduinobot_utils
[0.834s] -- Install configuration: ""
[0.834s] -- Installing: /home/parallels/arduinobot_ws/install/arduinobot_utils/share/ament_index/resource_index/package_run_dependencies/arduinobot_utils
[0.834s] -- Installing: /home/parallels/arduinobot_ws/install/arduinobot_utils/share/ament_index/resource_index/parent_prefix_path/arduinobot_utils
[0.836s] -- Installing: /home/parallels/arduinobot_ws/install/arduinobot_utils/share/arduinobot_utils/environment/ament_prefix_path.sh
[0.836s] -- Installing: /home/parallels/arduinobot_ws/install/arduinobot_utils/share/arduinobot_utils/environment/ament_prefix_path.dsv
[0.836s] -- Installing: /home/parallels/arduinobot_ws/install/arduinobot_utils/share/arduinobot_utils/environment/path.sh
[0.836s] -- Installing: /home/parallels/arduinobot_ws/install/arduinobot_utils/share/arduinobot_utils/environment/path.dsv
[0.836s] -- Installing: /home/parallels/arduinobot_ws/install/arduinobot_utils/share/arduinobot_utils/local_setup.bash
[0.836s] -- Installing: /home/parallels/arduinobot_ws/install/arduinobot_utils/share/arduinobot_utils/local_setup.sh
[0.836s] -- Installing: /home/parallels/arduinobot_ws/install/arduinobot_utils/share/arduinobot_utils/local_setup.zsh
[0.836s] -- Installing: /home/parallels/arduinobot_ws/install/arduinobot_utils/share/arduinobot_utils/local_setup.dsv
[0.837s] -- Installing: /home/parallels/arduinobot_ws/install/arduinobot_utils/share/arduinobot_utils/package.dsv
[0.837s] -- Installing: /home/parallels/arduinobot_ws/install/arduinobot_utils/share/ament_index/resource_index/packages/arduinobot_utils
[0.837s] -- Installing: /home/parallels/arduinobot_ws/install/arduinobot_utils/share/arduinobot_utils/cmake/arduinobot_utilsConfig.cmake
[0.837s] -- Installing: /home/parallels/arduinobot_ws/install/arduinobot_utils/share/arduinobot_utils/cmake/arduinobot_utilsConfig-version.cmake
[0.837s] -- Installing: /home/parallels/arduinobot_ws/install/arduinobot_utils/share/arduinobot_utils/package.xml
[0.840s] Invoked command in '/home/parallels/arduinobot_ws/build/arduinobot_utils' returned '0': CMAKE_PREFIX_PATH=${CMAKE_PREFIX_PATH}:/home/parallels/ros2_ws/install/opencv_tests:/home/parallels/ros2_ws/install/my_robot_controller:/opt/ros/humble /usr/bin/cmake --install /home/parallels/arduinobot_ws/build/arduinobot_utils
